<?xml version="1.0" encoding="UTF-8"?>
<testsuite xmlns:xsi="http://www.w3.org/2001/XMLSchema-instance" xsi:noNamespaceSchemaLocation="https://maven.apache.org/surefire/maven-surefire-plugin/xsd/surefire-test-report-3.0.xsd" version="3.0" name="com.senac.Projeto_Java_Gerenciamento_Loja_de_Informatica.ProjetoJavaGerenciamentoLojaDeInformaticaApplicationTests" time="9.227" tests="1" errors="0" skipped="0" failures="0">
  <properties>
    <property name="java.specification.version" value="17"/>
    <property name="sun.cpu.isalist" value="amd64"/>
    <property name="sun.jnu.encoding" value="Cp1252"/>
    <property name="java.class.path" value="C:\Users\acer\Documents\TDS\Projetos\lojaInfo\projeto java\Projeto-Java-Gerenciamento-Loja-de-Informatica\target\test-classes;C:\Users\acer\Documents\TDS\Projetos\lojaInfo\projeto java\Projeto-Java-Gerenciamento-Loja-de-Informatica\target\classes;C:\Users\acer\.m2\repository\org\springframework\boot\spring-boot-starter-data-jpa\3.3.5\spring-boot-starter-data-jpa-3.3.5.jar;C:\Users\acer\.m2\repository\org\springframework\boot\spring-boot-starter-aop\3.3.5\spring-boot-starter-aop-3.3.5.jar;C:\Users\acer\.m2\repository\org\springframework\spring-aop\6.1.14\spring-aop-6.1.14.jar;C:\Users\acer\.m2\repository\org\aspectj\aspectjweaver\1.9.22.1\aspectjweaver-1.9.22.1.jar;C:\Users\acer\.m2\repository\org\springframework\boot\spring-boot-starter-jdbc\3.3.5\spring-boot-starter-jdbc-3.3.5.jar;C:\Users\acer\.m2\repository\com\zaxxer\HikariCP\5.1.0\HikariCP-5.1.0.jar;C:\Users\acer\.m2\repository\org\springframework\spring-jdbc\6.1.14\spring-jdbc-6.1.14.jar;C:\Users\acer\.m2\repository\org\hibernate\orm\hibernate-core\6.5.3.Final\hibernate-core-6.5.3.Final.jar;C:\Users\acer\.m2\repository\jakarta\persistence\jakarta.persistence-api\3.1.0\jakarta.persistence-api-3.1.0.jar;C:\Users\acer\.m2\repository\jakarta\transaction\jakarta.transaction-api\2.0.1\jakarta.transaction-api-2.0.1.jar;C:\Users\acer\.m2\repository\org\jboss\logging\jboss-logging\3.5.3.Final\jboss-logging-3.5.3.Final.jar;C:\Users\acer\.m2\repository\org\hibernate\common\hibernate-commons-annotations\6.0.6.Final\hibernate-commons-annotations-6.0.6.Final.jar;C:\Users\acer\.m2\repository\io\smallrye\jandex\3.1.2\jandex-3.1.2.jar;C:\Users\acer\.m2\repository\com\fasterxml\classmate\1.7.0\classmate-1.7.0.jar;C:\Users\acer\.m2\repository\net\bytebuddy\byte-buddy\1.14.19\byte-buddy-1.14.19.jar;C:\Users\acer\.m2\repository\org\glassfish\jaxb\jaxb-runtime\4.0.5\jaxb-runtime-4.0.5.jar;C:\Users\acer\.m2\repository\org\glassfish\jaxb\jaxb-core\4.0.5\jaxb-core-4.0.5.jar;C:\Users\acer\.m2\repository\org\eclipse\angus\angus-activation\2.0.2\angus-activation-2.0.2.jar;C:\Users\acer\.m2\repository\org\glassfish\jaxb\txw2\4.0.5\txw2-4.0.5.jar;C:\Users\acer\.m2\repository\com\sun\istack\istack-commons-runtime\4.1.2\istack-commons-runtime-4.1.2.jar;C:\Users\acer\.m2\repository\jakarta\inject\jakarta.inject-api\2.0.1\jakarta.inject-api-2.0.1.jar;C:\Users\acer\.m2\repository\org\antlr\antlr4-runtime\4.13.0\antlr4-runtime-4.13.0.jar;C:\Users\acer\.m2\repository\org\springframework\data\spring-data-jpa\3.3.5\spring-data-jpa-3.3.5.jar;C:\Users\acer\.m2\repository\org\springframework\data\spring-data-commons\3.3.5\spring-data-commons-3.3.5.jar;C:\Users\acer\.m2\repository\org\springframework\spring-orm\6.1.14\spring-orm-6.1.14.jar;C:\Users\acer\.m2\repository\org\springframework\spring-context\6.1.14\spring-context-6.1.14.jar;C:\Users\acer\.m2\repository\org\springframework\spring-tx\6.1.14\spring-tx-6.1.14.jar;C:\Users\acer\.m2\repository\org\springframework\spring-beans\6.1.14\spring-beans-6.1.14.jar;C:\Users\acer\.m2\repository\jakarta\annotation\jakarta.annotation-api\2.1.1\jakarta.annotation-api-2.1.1.jar;C:\Users\acer\.m2\repository\org\slf4j\slf4j-api\2.0.16\slf4j-api-2.0.16.jar;C:\Users\acer\.m2\repository\org\springframework\spring-aspects\6.1.14\spring-aspects-6.1.14.jar;C:\Users\acer\.m2\repository\org\springframework\boot\spring-boot-starter-thymeleaf\3.3.5\spring-boot-starter-thymeleaf-3.3.5.jar;C:\Users\acer\.m2\repository\org\springframework\boot\spring-boot-starter\3.3.5\spring-boot-starter-3.3.5.jar;C:\Users\acer\.m2\repository\org\springframework\boot\spring-boot\3.3.5\spring-boot-3.3.5.jar;C:\Users\acer\.m2\repository\org\springframework\boot\spring-boot-autoconfigure\3.3.5\spring-boot-autoconfigure-3.3.5.jar;C:\Users\acer\.m2\repository\org\springframework\boot\spring-boot-starter-logging\3.3.5\spring-boot-starter-logging-3.3.5.jar;C:\Users\acer\.m2\repository\ch\qos\logback\logback-classic\1.5.11\logback-classic-1.5.11.jar;C:\Users\acer\.m2\repository\ch\qos\logback\logback-core\1.5.11\logback-core-1.5.11.jar;C:\Users\acer\.m2\repository\org\apache\logging\log4j\log4j-to-slf4j\2.23.1\log4j-to-slf4j-2.23.1.jar;C:\Users\acer\.m2\repository\org\apache\logging\log4j\log4j-api\2.23.1\log4j-api-2.23.1.jar;C:\Users\acer\.m2\repository\org\slf4j\jul-to-slf4j\2.0.16\jul-to-slf4j-2.0.16.jar;C:\Users\acer\.m2\repository\org\yaml\snakeyaml\2.2\snakeyaml-2.2.jar;C:\Users\acer\.m2\repository\org\thymeleaf\thymeleaf-spring6\3.1.2.RELEASE\thymeleaf-spring6-3.1.2.RELEASE.jar;C:\Users\acer\.m2\repository\org\thymeleaf\thymeleaf\3.1.2.RELEASE\thymeleaf-3.1.2.RELEASE.jar;C:\Users\acer\.m2\repository\org\attoparser\attoparser\2.0.7.RELEASE\attoparser-2.0.7.RELEASE.jar;C:\Users\acer\.m2\repository\org\unbescape\unbescape\1.1.6.RELEASE\unbescape-1.1.6.RELEASE.jar;C:\Users\acer\.m2\repository\org\springframework\boot\spring-boot-starter-validation\3.3.5\spring-boot-starter-validation-3.3.5.jar;C:\Users\acer\.m2\repository\org\apache\tomcat\embed\tomcat-embed-el\10.1.31\tomcat-embed-el-10.1.31.jar;C:\Users\acer\.m2\repository\org\hibernate\validator\hibernate-validator\8.0.1.Final\hibernate-validator-8.0.1.Final.jar;C:\Users\acer\.m2\repository\jakarta\validation\jakarta.validation-api\3.0.2\jakarta.validation-api-3.0.2.jar;C:\Users\acer\.m2\repository\org\springframework\boot\spring-boot-starter-web\3.3.5\spring-boot-starter-web-3.3.5.jar;C:\Users\acer\.m2\repository\org\springframework\boot\spring-boot-starter-json\3.3.5\spring-boot-starter-json-3.3.5.jar;C:\Users\acer\.m2\repository\com\fasterxml\jackson\core\jackson-databind\2.17.2\jackson-databind-2.17.2.jar;C:\Users\acer\.m2\repository\com\fasterxml\jackson\core\jackson-annotations\2.17.2\jackson-annotations-2.17.2.jar;C:\Users\acer\.m2\repository\com\fasterxml\jackson\core\jackson-core\2.17.2\jackson-core-2.17.2.jar;C:\Users\acer\.m2\repository\com\fasterxml\jackson\datatype\jackson-datatype-jdk8\2.17.2\jackson-datatype-jdk8-2.17.2.jar;C:\Users\acer\.m2\repository\com\fasterxml\jackson\datatype\jackson-datatype-jsr310\2.17.2\jackson-datatype-jsr310-2.17.2.jar;C:\Users\acer\.m2\repository\com\fasterxml\jackson\module\jackson-module-parameter-names\2.17.2\jackson-module-parameter-names-2.17.2.jar;C:\Users\acer\.m2\repository\org\springframework\boot\spring-boot-starter-tomcat\3.3.5\spring-boot-starter-tomcat-3.3.5.jar;C:\Users\acer\.m2\repository\org\apache\tomcat\embed\tomcat-embed-core\10.1.31\tomcat-embed-core-10.1.31.jar;C:\Users\acer\.m2\repository\org\apache\tomcat\embed\tomcat-embed-websocket\10.1.31\tomcat-embed-websocket-10.1.31.jar;C:\Users\acer\.m2\repository\org\springframework\spring-web\6.1.14\spring-web-6.1.14.jar;C:\Users\acer\.m2\repository\io\micrometer\micrometer-observation\1.13.6\micrometer-observation-1.13.6.jar;C:\Users\acer\.m2\repository\io\micrometer\micrometer-commons\1.13.6\micrometer-commons-1.13.6.jar;C:\Users\acer\.m2\repository\org\springframework\spring-webmvc\6.1.14\spring-webmvc-6.1.14.jar;C:\Users\acer\.m2\repository\org\springframework\spring-expression\6.1.14\spring-expression-6.1.14.jar;C:\Users\acer\.m2\repository\com\mysql\mysql-connector-j\8.3.0\mysql-connector-j-8.3.0.jar;C:\Users\acer\.m2\repository\org\projectlombok\lombok\1.18.34\lombok-1.18.34.jar;C:\Users\acer\.m2\repository\org\springframework\boot\spring-boot-starter-test\3.3.5\spring-boot-starter-test-3.3.5.jar;C:\Users\acer\.m2\repository\org\springframework\boot\spring-boot-test\3.3.5\spring-boot-test-3.3.5.jar;C:\Users\acer\.m2\repository\org\springframework\boot\spring-boot-test-autoconfigure\3.3.5\spring-boot-test-autoconfigure-3.3.5.jar;C:\Users\acer\.m2\repository\com\jayway\jsonpath\json-path\2.9.0\json-path-2.9.0.jar;C:\Users\acer\.m2\repository\jakarta\xml\bind\jakarta.xml.bind-api\4.0.2\jakarta.xml.bind-api-4.0.2.jar;C:\Users\acer\.m2\repository\jakarta\activation\jakarta.activation-api\2.1.3\jakarta.activation-api-2.1.3.jar;C:\Users\acer\.m2\repository\net\minidev\json-smart\2.5.1\json-smart-2.5.1.jar;C:\Users\acer\.m2\repository\net\minidev\accessors-smart\2.5.1\accessors-smart-2.5.1.jar;C:\Users\acer\.m2\repository\org\ow2\asm\asm\9.6\asm-9.6.jar;C:\Users\acer\.m2\repository\org\assertj\assertj-core\3.25.3\assertj-core-3.25.3.jar;C:\Users\acer\.m2\repository\org\awaitility\awaitility\4.2.2\awaitility-4.2.2.jar;C:\Users\acer\.m2\repository\org\hamcrest\hamcrest\2.2\hamcrest-2.2.jar;C:\Users\acer\.m2\repository\org\junit\jupiter\junit-jupiter\5.10.5\junit-jupiter-5.10.5.jar;C:\Users\acer\.m2\repository\org\junit\jupiter\junit-jupiter-api\5.10.5\junit-jupiter-api-5.10.5.jar;C:\Users\acer\.m2\repository\org\opentest4j\opentest4j\1.3.0\opentest4j-1.3.0.jar;C:\Users\acer\.m2\repository\org\junit\platform\junit-platform-commons\1.10.5\junit-platform-commons-1.10.5.jar;C:\Users\acer\.m2\repository\org\apiguardian\apiguardian-api\1.1.2\apiguardian-api-1.1.2.jar;C:\Users\acer\.m2\repository\org\junit\jupiter\junit-jupiter-params\5.10.5\junit-jupiter-params-5.10.5.jar;C:\Users\acer\.m2\repository\org\junit\jupiter\junit-jupiter-engine\5.10.5\junit-jupiter-engine-5.10.5.jar;C:\Users\acer\.m2\repository\org\junit\platform\junit-platform-engine\1.10.5\junit-platform-engine-1.10.5.jar;C:\Users\acer\.m2\repository\org\mockito\mockito-core\5.11.0\mockito-core-5.11.0.jar;C:\Users\acer\.m2\repository\net\bytebuddy\byte-buddy-agent\1.14.19\byte-buddy-agent-1.14.19.jar;C:\Users\acer\.m2\repository\org\objenesis\objenesis\3.3\objenesis-3.3.jar;C:\Users\acer\.m2\repository\org\mockito\mockito-junit-jupiter\5.11.0\mockito-junit-jupiter-5.11.0.jar;C:\Users\acer\.m2\repository\org\skyscreamer\jsonassert\1.5.3\jsonassert-1.5.3.jar;C:\Users\acer\.m2\repository\com\vaadin\external\google\android-json\0.0.20131108.vaadin1\android-json-0.0.20131108.vaadin1.jar;C:\Users\acer\.m2\repository\org\springframework\spring-core\6.1.14\spring-core-6.1.14.jar;C:\Users\acer\.m2\repository\org\springframework\spring-jcl\6.1.14\spring-jcl-6.1.14.jar;C:\Users\acer\.m2\repository\org\springframework\spring-test\6.1.14\spring-test-6.1.14.jar;C:\Users\acer\.m2\repository\org\xmlunit\xmlunit-core\2.9.1\xmlunit-core-2.9.1.jar;"/>
    <property name="java.vm.vendor" value="Oracle Corporation"/>
    <property name="sun.arch.data.model" value="64"/>
    <property name="user.variant" value=""/>
    <property name="java.vendor.url" value="https://java.oracle.com/"/>
    <property name="user.timezone" value="America/Sao_Paulo"/>
    <property name="org.jboss.logging.provider" value="slf4j"/>
    <property name="os.name" value="Windows 11"/>
    <property name="java.vm.specification.version" value="17"/>
    <property name="user.country" value="BR"/>
    <property name="sun.java.launcher" value="SUN_STANDARD"/>
    <property name="sun.boot.library.path" value="C:\Program Files\Java\jdk-17\bin"/>
    <property name="sun.java.command" value="C:\Users\acer\AppData\Local\Temp\surefire9552591592168326195\surefirebooter-20250410162754299_3.jar C:\Users\acer\AppData\Local\Temp\surefire9552591592168326195 2025-04-10T16-27-53_944-jvmRun1 surefire-20250410162754299_1tmp surefire_0-20250410162754299_2tmp"/>
    <property name="jdk.debug" value="release"/>
    <property name="surefire.test.class.path" value="C:\Users\acer\Documents\TDS\Projetos\lojaInfo\projeto java\Projeto-Java-Gerenciamento-Loja-de-Informatica\target\test-classes;C:\Users\acer\Documents\TDS\Projetos\lojaInfo\projeto java\Projeto-Java-Gerenciamento-Loja-de-Informatica\target\classes;C:\Users\acer\.m2\repository\org\springframework\boot\spring-boot-starter-data-jpa\3.3.5\spring-boot-starter-data-jpa-3.3.5.jar;C:\Users\acer\.m2\repository\org\springframework\boot\spring-boot-starter-aop\3.3.5\spring-boot-starter-aop-3.3.5.jar;C:\Users\acer\.m2\repository\org\springframework\spring-aop\6.1.14\spring-aop-6.1.14.jar;C:\Users\acer\.m2\repository\org\aspectj\aspectjweaver\1.9.22.1\aspectjweaver-1.9.22.1.jar;C:\Users\acer\.m2\repository\org\springframework\boot\spring-boot-starter-jdbc\3.3.5\spring-boot-starter-jdbc-3.3.5.jar;C:\Users\acer\.m2\repository\com\zaxxer\HikariCP\5.1.0\HikariCP-5.1.0.jar;C:\Users\acer\.m2\repository\org\springframework\spring-jdbc\6.1.14\spring-jdbc-6.1.14.jar;C:\Users\acer\.m2\repository\org\hibernate\orm\hibernate-core\6.5.3.Final\hibernate-core-6.5.3.Final.jar;C:\Users\acer\.m2\repository\jakarta\persistence\jakarta.persistence-api\3.1.0\jakarta.persistence-api-3.1.0.jar;C:\Users\acer\.m2\repository\jakarta\transaction\jakarta.transaction-api\2.0.1\jakarta.transaction-api-2.0.1.jar;C:\Users\acer\.m2\repository\org\jboss\logging\jboss-logging\3.5.3.Final\jboss-logging-3.5.3.Final.jar;C:\Users\acer\.m2\repository\org\hibernate\common\hibernate-commons-annotations\6.0.6.Final\hibernate-commons-annotations-6.0.6.Final.jar;C:\Users\acer\.m2\repository\io\smallrye\jandex\3.1.2\jandex-3.1.2.jar;C:\Users\acer\.m2\repository\com\fasterxml\classmate\1.7.0\classmate-1.7.0.jar;C:\Users\acer\.m2\repository\net\bytebuddy\byte-buddy\1.14.19\byte-buddy-1.14.19.jar;C:\Users\acer\.m2\repository\org\glassfish\jaxb\jaxb-runtime\4.0.5\jaxb-runtime-4.0.5.jar;C:\Users\acer\.m2\repository\org\glassfish\jaxb\jaxb-core\4.0.5\jaxb-core-4.0.5.jar;C:\Users\acer\.m2\repository\org\eclipse\angus\angus-activation\2.0.2\angus-activation-2.0.2.jar;C:\Users\acer\.m2\repository\org\glassfish\jaxb\txw2\4.0.5\txw2-4.0.5.jar;C:\Users\acer\.m2\repository\com\sun\istack\istack-commons-runtime\4.1.2\istack-commons-runtime-4.1.2.jar;C:\Users\acer\.m2\repository\jakarta\inject\jakarta.inject-api\2.0.1\jakarta.inject-api-2.0.1.jar;C:\Users\acer\.m2\repository\org\antlr\antlr4-runtime\4.13.0\antlr4-runtime-4.13.0.jar;C:\Users\acer\.m2\repository\org\springframework\data\spring-data-jpa\3.3.5\spring-data-jpa-3.3.5.jar;C:\Users\acer\.m2\repository\org\springframework\data\spring-data-commons\3.3.5\spring-data-commons-3.3.5.jar;C:\Users\acer\.m2\repository\org\springframework\spring-orm\6.1.14\spring-orm-6.1.14.jar;C:\Users\acer\.m2\repository\org\springframework\spring-context\6.1.14\spring-context-6.1.14.jar;C:\Users\acer\.m2\repository\org\springframework\spring-tx\6.1.14\spring-tx-6.1.14.jar;C:\Users\acer\.m2\repository\org\springframework\spring-beans\6.1.14\spring-beans-6.1.14.jar;C:\Users\acer\.m2\repository\jakarta\annotation\jakarta.annotation-api\2.1.1\jakarta.annotation-api-2.1.1.jar;C:\Users\acer\.m2\repository\org\slf4j\slf4j-api\2.0.16\slf4j-api-2.0.16.jar;C:\Users\acer\.m2\repository\org\springframework\spring-aspects\6.1.14\spring-aspects-6.1.14.jar;C:\Users\acer\.m2\repository\org\springframework\boot\spring-boot-starter-thymeleaf\3.3.5\spring-boot-starter-thymeleaf-3.3.5.jar;C:\Users\acer\.m2\repository\org\springframework\boot\spring-boot-starter\3.3.5\spring-boot-starter-3.3.5.jar;C:\Users\acer\.m2\repository\org\springframework\boot\spring-boot\3.3.5\spring-boot-3.3.5.jar;C:\Users\acer\.m2\repository\org\springframework\boot\spring-boot-autoconfigure\3.3.5\spring-boot-autoconfigure-3.3.5.jar;C:\Users\acer\.m2\repository\org\springframework\boot\spring-boot-starter-logging\3.3.5\spring-boot-starter-logging-3.3.5.jar;C:\Users\acer\.m2\repository\ch\qos\logback\logback-classic\1.5.11\logback-classic-1.5.11.jar;C:\Users\acer\.m2\repository\ch\qos\logback\logback-core\1.5.11\logback-core-1.5.11.jar;C:\Users\acer\.m2\repository\org\apache\logging\log4j\log4j-to-slf4j\2.23.1\log4j-to-slf4j-2.23.1.jar;C:\Users\acer\.m2\repository\org\apache\logging\log4j\log4j-api\2.23.1\log4j-api-2.23.1.jar;C:\Users\acer\.m2\repository\org\slf4j\jul-to-slf4j\2.0.16\jul-to-slf4j-2.0.16.jar;C:\Users\acer\.m2\repository\org\yaml\snakeyaml\2.2\snakeyaml-2.2.jar;C:\Users\acer\.m2\repository\org\thymeleaf\thymeleaf-spring6\3.1.2.RELEASE\thymeleaf-spring6-3.1.2.RELEASE.jar;C:\Users\acer\.m2\repository\org\thymeleaf\thymeleaf\3.1.2.RELEASE\thymeleaf-3.1.2.RELEASE.jar;C:\Users\acer\.m2\repository\org\attoparser\attoparser\2.0.7.RELEASE\attoparser-2.0.7.RELEASE.jar;C:\Users\acer\.m2\repository\org\unbescape\unbescape\1.1.6.RELEASE\unbescape-1.1.6.RELEASE.jar;C:\Users\acer\.m2\repository\org\springframework\boot\spring-boot-starter-validation\3.3.5\spring-boot-starter-validation-3.3.5.jar;C:\Users\acer\.m2\repository\org\apache\tomcat\embed\tomcat-embed-el\10.1.31\tomcat-embed-el-10.1.31.jar;C:\Users\acer\.m2\repository\org\hibernate\validator\hibernate-validator\8.0.1.Final\hibernate-validator-8.0.1.Final.jar;C:\Users\acer\.m2\repository\jakarta\validation\jakarta.validation-api\3.0.2\jakarta.validation-api-3.0.2.jar;C:\Users\acer\.m2\repository\org\springframework\boot\spring-boot-starter-web\3.3.5\spring-boot-starter-web-3.3.5.jar;C:\Users\acer\.m2\repository\org\springframework\boot\spring-boot-starter-json\3.3.5\spring-boot-starter-json-3.3.5.jar;C:\Users\acer\.m2\repository\com\fasterxml\jackson\core\jackson-databind\2.17.2\jackson-databind-2.17.2.jar;C:\Users\acer\.m2\repository\com\fasterxml\jackson\core\jackson-annotations\2.17.2\jackson-annotations-2.17.2.jar;C:\Users\acer\.m2\repository\com\fasterxml\jackson\core\jackson-core\2.17.2\jackson-core-2.17.2.jar;C:\Users\acer\.m2\repository\com\fasterxml\jackson\datatype\jackson-datatype-jdk8\2.17.2\jackson-datatype-jdk8-2.17.2.jar;C:\Users\acer\.m2\repository\com\fasterxml\jackson\datatype\jackson-datatype-jsr310\2.17.2\jackson-datatype-jsr310-2.17.2.jar;C:\Users\acer\.m2\repository\com\fasterxml\jackson\module\jackson-module-parameter-names\2.17.2\jackson-module-parameter-names-2.17.2.jar;C:\Users\acer\.m2\repository\org\springframework\boot\spring-boot-starter-tomcat\3.3.5\spring-boot-starter-tomcat-3.3.5.jar;C:\Users\acer\.m2\repository\org\apache\tomcat\embed\tomcat-embed-core\10.1.31\tomcat-embed-core-10.1.31.jar;C:\Users\acer\.m2\repository\org\apache\tomcat\embed\tomcat-embed-websocket\10.1.31\tomcat-embed-websocket-10.1.31.jar;C:\Users\acer\.m2\repository\org\springframework\spring-web\6.1.14\spring-web-6.1.14.jar;C:\Users\acer\.m2\repository\io\micrometer\micrometer-observation\1.13.6\micrometer-observation-1.13.6.jar;C:\Users\acer\.m2\repository\io\micrometer\micrometer-commons\1.13.6\micrometer-commons-1.13.6.jar;C:\Users\acer\.m2\repository\org\springframework\spring-webmvc\6.1.14\spring-webmvc-6.1.14.jar;C:\Users\acer\.m2\repository\org\springframework\spring-expression\6.1.14\spring-expression-6.1.14.jar;C:\Users\acer\.m2\repository\com\mysql\mysql-connector-j\8.3.0\mysql-connector-j-8.3.0.jar;C:\Users\acer\.m2\repository\org\projectlombok\lombok\1.18.34\lombok-1.18.34.jar;C:\Users\acer\.m2\repository\org\springframework\boot\spring-boot-starter-test\3.3.5\spring-boot-starter-test-3.3.5.jar;C:\Users\acer\.m2\repository\org\springframework\boot\spring-boot-test\3.3.5\spring-boot-test-3.3.5.jar;C:\Users\acer\.m2\repository\org\springframework\boot\spring-boot-test-autoconfigure\3.3.5\spring-boot-test-autoconfigure-3.3.5.jar;C:\Users\acer\.m2\repository\com\jayway\jsonpath\json-path\2.9.0\json-path-2.9.0.jar;C:\Users\acer\.m2\repository\jakarta\xml\bind\jakarta.xml.bind-api\4.0.2\jakarta.xml.bind-api-4.0.2.jar;C:\Users\acer\.m2\repository\jakarta\activation\jakarta.activation-api\2.1.3\jakarta.activation-api-2.1.3.jar;C:\Users\acer\.m2\repository\net\minidev\json-smart\2.5.1\json-smart-2.5.1.jar;C:\Users\acer\.m2\repository\net\minidev\accessors-smart\2.5.1\accessors-smart-2.5.1.jar;C:\Users\acer\.m2\repository\org\ow2\asm\asm\9.6\asm-9.6.jar;C:\Users\acer\.m2\repository\org\assertj\assertj-core\3.25.3\assertj-core-3.25.3.jar;C:\Users\acer\.m2\repository\org\awaitility\awaitility\4.2.2\awaitility-4.2.2.jar;C:\Users\acer\.m2\repository\org\hamcrest\hamcrest\2.2\hamcrest-2.2.jar;C:\Users\acer\.m2\repository\org\junit\jupiter\junit-jupiter\5.10.5\junit-jupiter-5.10.5.jar;C:\Users\acer\.m2\repository\org\junit\jupiter\junit-jupiter-api\5.10.5\junit-jupiter-api-5.10.5.jar;C:\Users\acer\.m2\repository\org\opentest4j\opentest4j\1.3.0\opentest4j-1.3.0.jar;C:\Users\acer\.m2\repository\org\junit\platform\junit-platform-commons\1.10.5\junit-platform-commons-1.10.5.jar;C:\Users\acer\.m2\repository\org\apiguardian\apiguardian-api\1.1.2\apiguardian-api-1.1.2.jar;C:\Users\acer\.m2\repository\org\junit\jupiter\junit-jupiter-params\5.10.5\junit-jupiter-params-5.10.5.jar;C:\Users\acer\.m2\repository\org\junit\jupiter\junit-jupiter-engine\5.10.5\junit-jupiter-engine-5.10.5.jar;C:\Users\acer\.m2\repository\org\junit\platform\junit-platform-engine\1.10.5\junit-platform-engine-1.10.5.jar;C:\Users\acer\.m2\repository\org\mockito\mockito-core\5.11.0\mockito-core-5.11.0.jar;C:\Users\acer\.m2\repository\net\bytebuddy\byte-buddy-agent\1.14.19\byte-buddy-agent-1.14.19.jar;C:\Users\acer\.m2\repository\org\objenesis\objenesis\3.3\objenesis-3.3.jar;C:\Users\acer\.m2\repository\org\mockito\mockito-junit-jupiter\5.11.0\mockito-junit-jupiter-5.11.0.jar;C:\Users\acer\.m2\repository\org\skyscreamer\jsonassert\1.5.3\jsonassert-1.5.3.jar;C:\Users\acer\.m2\repository\com\vaadin\external\google\android-json\0.0.20131108.vaadin1\android-json-0.0.20131108.vaadin1.jar;C:\Users\acer\.m2\repository\org\springframework\spring-core\6.1.14\spring-core-6.1.14.jar;C:\Users\acer\.m2\repository\org\springframework\spring-jcl\6.1.14\spring-jcl-6.1.14.jar;C:\Users\acer\.m2\repository\org\springframework\spring-test\6.1.14\spring-test-6.1.14.jar;C:\Users\acer\.m2\repository\org\xmlunit\xmlunit-core\2.9.1\xmlunit-core-2.9.1.jar;"/>
    <property name="sun.cpu.endian" value="little"/>
    <property name="user.home" value="C:\Users\acer"/>
    <property name="user.language" value="pt"/>
    <property name="java.specification.vendor" value="Oracle Corporation"/>
    <property name="java.version.date" value="2023-10-17"/>
    <property name="java.home" value="C:\Program Files\Java\jdk-17"/>
    <property name="file.separator" value="\"/>
    <property name="basedir" value="C:\Users\acer\Documents\TDS\Projetos\lojaInfo\projeto java\Projeto-Java-Gerenciamento-Loja-de-Informatica"/>
    <property name="java.vm.compressedOopsMode" value="32-bit"/>
    <property name="line.separator" value="&#10;"/>
    <property name="java.vm.specification.vendor" value="Oracle Corporation"/>
    <property name="java.specification.name" value="Java Platform API Specification"/>
    <property name="FILE_LOG_CHARSET" value="windows-1252"/>
    <property name="java.awt.headless" value="true"/>
    <property name="surefire.real.class.path" value="C:\Users\acer\AppData\Local\Temp\surefire9552591592168326195\surefirebooter-20250410162754299_3.jar"/>
    <property name="user.script" value=""/>
    <property name="sun.management.compiler" value="HotSpot 64-Bit Tiered Compilers"/>
    <property name="java.runtime.version" value="17.0.9+11-LTS-201"/>
    <property name="user.name" value="acer"/>
    <property name="path.separator" value=";"/>
    <property name="os.version" value="10.0"/>
    <property name="java.runtime.name" value="Java(TM) SE Runtime Environment"/>
    <property name="file.encoding" value="UTF-8"/>
    <property name="java.vm.name" value="Java HotSpot(TM) 64-Bit Server VM"/>
    <property name="maven.ext.class.path" value="C:\Program Files\NetBeans-13\netbeans\java\maven-nblib\netbeans-eventspy.jar"/>
    <property name="localRepository" value="C:\Users\acer\.m2\repository"/>
    <property name="java.vendor.url.bug" value="https://bugreport.java.com/bugreport/"/>
    <property name="java.io.tmpdir" value="C:\Users\acer\AppData\Local\Temp\"/>
    <property name="com.zaxxer.hikari.pool_number" value="1"/>
    <property name="java.version" value="17.0.9"/>
    <property name="user.dir" value="C:\Users\acer\Documents\TDS\Projetos\lojaInfo\projeto java\Projeto-Java-Gerenciamento-Loja-de-Informatica"/>
    <property name="os.arch" value="amd64"/>
    <property name="java.vm.specification.name" value="Java Virtual Machine Specification"/>
    <property name="PID" value="4852"/>
    <property name="sun.os.patch.level" value=""/>
    <property name="CONSOLE_LOG_CHARSET" value="windows-1252"/>
    <property name="native.encoding" value="Cp1252"/>
    <property name="java.library.path" value="C:\Program Files\Java\jdk-17\bin;C:\WINDOWS\Sun\Java\bin;C:\WINDOWS\system32;C:\WINDOWS;C:\Program Files\Common Files\Oracle\Java\javapath;C:\WINDOWS\system32;C:\WINDOWS;C:\WINDOWS\System32\Wbem;C:\WINDOWS\System32\WindowsPowerShell\v1.0\;C:\WINDOWS\System32\OpenSSH\;C:\Program Files\Microsoft SQL Server\130\Tools\Binn\;C:\ProgramData\UNIVALI\Portugol Studio;C:\Program Files\Git\cmd;C:\Program Files\nodejs\;C:\Users\acer\AppData\Local\Microsoft\WindowsApps;C:\Users\acer\AppData\Local\Programs\Microsoft VS Code\bin;C:\Users\acer\AppData\Roaming\npm;;."/>
    <property name="java.vm.info" value="mixed mode, sharing"/>
    <property name="java.vendor" value="Oracle Corporation"/>
    <property name="java.vm.version" value="17.0.9+11-LTS-201"/>
    <property name="sun.io.unicode.encoding" value="UnicodeLittle"/>
    <property name="java.class.version" value="61.0"/>
    <property name="LOGGED_APPLICATION_NAME" value="[lojainfo] "/>
  </properties>
  <testcase name="contextLoads" classname="com.senac.Projeto_Java_Gerenciamento_Loja_de_Informatica.ProjetoJavaGerenciamentoLojaDeInformaticaApplicationTests" time="0.698">
    <system-out><![CDATA[16:27:55.741 [main] INFO org.springframework.test.context.support.AnnotationConfigContextLoaderUtils -- Could not detect default configuration classes for test class [com.senac.Projeto_Java_Gerenciamento_Loja_de_Informatica.ProjetoJavaGerenciamentoLojaDeInformaticaApplicationTests]: ProjetoJavaGerenciamentoLojaDeInformaticaApplicationTests does not declare any static, non-private, non-final, nested classes annotated with @Configuration.
16:27:55.943 [main] INFO org.springframework.boot.test.context.SpringBootTestContextBootstrapper -- Found @SpringBootConfiguration com.senac.Projeto_Java_Gerenciamento_Loja_de_Informatica.ProjetoJavaGerenciamentoLojaDeInformaticaApplication for test class com.senac.Projeto_Java_Gerenciamento_Loja_de_Informatica.ProjetoJavaGerenciamentoLojaDeInformaticaApplicationTests

  .   ____          _            __ _ _
 /\\ / ___'_ __ _ _(_)_ __  __ _ \ \ \ \
( ( )\___ | '_ | '_| | '_ \/ _` | \ \ \ \
 \\/  ___)| |_)| | | | | || (_| |  ) ) ) )
  '  |____| .__|_| |_|_| |_\__, | / / / /
 =========|_|==============|___/=/_/_/_/

 :: Spring Boot ::                (v3.3.5)

2025-04-10T16:27:56.690-03:00 DEBUG 4852 --- [lojainfo] [kground-preinit] o.h.v.i.xml.config.ValidationXmlParser   : Trying to load META-INF/validation.xml for XML based Validator configuration.
2025-04-10T16:27:56.693-03:00 DEBUG 4852 --- [lojainfo] [kground-preinit] o.h.v.i.xml.config.ResourceLoaderHelper  : Trying to load META-INF/validation.xml via TCCL
2025-04-10T16:27:56.694-03:00 DEBUG 4852 --- [lojainfo] [kground-preinit] o.h.v.i.xml.config.ResourceLoaderHelper  : Trying to load META-INF/validation.xml via Hibernate Validator's class loader
2025-04-10T16:27:56.695-03:00 DEBUG 4852 --- [lojainfo] [kground-preinit] o.h.v.i.xml.config.ValidationXmlParser   : No META-INF/validation.xml found. Using annotation based configuration only.
2025-04-10T16:27:56.705-03:00 DEBUG 4852 --- [lojainfo] [kground-preinit] o.h.v.i.e.resolver.TraversableResolvers  : Found jakarta.persistence.Persistence on classpath containing 'getPersistenceUtil'. Assuming JPA 2 environment. Trying to instantiate JPA aware TraversableResolver
2025-04-10T16:27:56.706-03:00 DEBUG 4852 --- [lojainfo] [kground-preinit] o.h.v.i.e.resolver.TraversableResolvers  : Instantiated JPA aware TraversableResolver of type org.hibernate.validator.internal.engine.resolver.JPATraversableResolver.
2025-04-10T16:27:56.747-03:00  INFO 4852 --- [lojainfo] [           main] iamentoLojaDeInformaticaApplicationTests : Starting ProjetoJavaGerenciamentoLojaDeInformaticaApplicationTests using Java 17.0.9 with PID 4852 (started by acer in C:\Users\acer\Documents\TDS\Projetos\lojaInfo\projeto java\Projeto-Java-Gerenciamento-Loja-de-Informatica)
2025-04-10T16:27:56.749-03:00  INFO 4852 --- [lojainfo] [           main] iamentoLojaDeInformaticaApplicationTests : No active profile set, falling back to 1 default profile: "default"
2025-04-10T16:27:56.749-03:00 DEBUG 4852 --- [lojainfo] [           main] o.s.boot.SpringApplication               : Loading source class com.senac.Projeto_Java_Gerenciamento_Loja_de_Informatica.ProjetoJavaGerenciamentoLojaDeInformaticaApplication
2025-04-10T16:27:56.764-03:00 DEBUG 4852 --- [lojainfo] [kground-preinit] .h.v.m.ResourceBundleMessageInterpolator : Loaded expression factory via original TCCL
2025-04-10T16:27:56.808-03:00 DEBUG 4852 --- [lojainfo] [           main] o.s.w.c.s.GenericWebApplicationContext   : Refreshing org.springframework.web.context.support.GenericWebApplicationContext@77b7ffa4
2025-04-10T16:27:56.839-03:00 DEBUG 4852 --- [lojainfo] [           main] o.s.b.f.s.DefaultListableBeanFactory     : Creating shared instance of singleton bean 'org.springframework.context.annotation.internalConfigurationAnnotationProcessor'
2025-04-10T16:27:56.868-03:00 DEBUG 4852 --- [lojainfo] [           main] o.s.b.f.s.DefaultListableBeanFactory     : Creating shared instance of singleton bean 'org.springframework.boot.autoconfigure.internalCachingMetadataReaderFactory'
2025-04-10T16:27:56.955-03:00 DEBUG 4852 --- [lojainfo] [           main] o.s.c.a.ClassPathBeanDefinitionScanner   : Identified candidate component class: file [C:\Users\acer\Documents\TDS\Projetos\lojaInfo\projeto java\Projeto-Java-Gerenciamento-Loja-de-Informatica\target\classes\com\senac\Projeto_Java_Gerenciamento_Loja_de_Informatica\Controller\ControllerAPICargo.class]
2025-04-10T16:27:56.957-03:00 DEBUG 4852 --- [lojainfo] [           main] o.s.c.a.ClassPathBeanDefinitionScanner   : Identified candidate component class: file [C:\Users\acer\Documents\TDS\Projetos\lojaInfo\projeto java\Projeto-Java-Gerenciamento-Loja-de-Informatica\target\classes\com\senac\Projeto_Java_Gerenciamento_Loja_de_Informatica\Controller\ControllerAPICategoria.class]
2025-04-10T16:27:56.959-03:00 DEBUG 4852 --- [lojainfo] [           main] o.s.c.a.ClassPathBeanDefinitionScanner   : Identified candidate component class: file [C:\Users\acer\Documents\TDS\Projetos\lojaInfo\projeto java\Projeto-Java-Gerenciamento-Loja-de-Informatica\target\classes\com\senac\Projeto_Java_Gerenciamento_Loja_de_Informatica\Controller\ControllerAPICliente.class]
2025-04-10T16:27:56.962-03:00 DEBUG 4852 --- [lojainfo] [           main] o.s.c.a.ClassPathBeanDefinitionScanner   : Identified candidate component class: file [C:\Users\acer\Documents\TDS\Projetos\lojaInfo\projeto java\Projeto-Java-Gerenciamento-Loja-de-Informatica\target\classes\com\senac\Projeto_Java_Gerenciamento_Loja_de_Informatica\Controller\ControllerAPIDevolucao.class]
2025-04-10T16:27:56.964-03:00 DEBUG 4852 --- [lojainfo] [           main] o.s.c.a.ClassPathBeanDefinitionScanner   : Identified candidate component class: file [C:\Users\acer\Documents\TDS\Projetos\lojaInfo\projeto java\Projeto-Java-Gerenciamento-Loja-de-Informatica\target\classes\com\senac\Projeto_Java_Gerenciamento_Loja_de_Informatica\Controller\ControllerAPIFuncionario.class]
2025-04-10T16:27:56.965-03:00 DEBUG 4852 --- [lojainfo] [           main] o.s.c.a.ClassPathBeanDefinitionScanner   : Identified candidate component class: file [C:\Users\acer\Documents\TDS\Projetos\lojaInfo\projeto java\Projeto-Java-Gerenciamento-Loja-de-Informatica\target\classes\com\senac\Projeto_Java_Gerenciamento_Loja_de_Informatica\Controller\ControllerAPIIntesVenda.class]
2025-04-10T16:27:56.965-03:00 DEBUG 4852 --- [lojainfo] [kground-preinit] .i.e.ValidatorFactoryConfigurationHelper : HV000252: Using org.hibernate.validator.internal.engine.DefaultPropertyNodeNameProvider as property node name provider.
2025-04-10T16:27:56.967-03:00 DEBUG 4852 --- [lojainfo] [           main] o.s.c.a.ClassPathBeanDefinitionScanner   : Identified candidate component class: file [C:\Users\acer\Documents\TDS\Projetos\lojaInfo\projeto java\Projeto-Java-Gerenciamento-Loja-de-Informatica\target\classes\com\senac\Projeto_Java_Gerenciamento_Loja_de_Informatica\Controller\ControllerAPILocalArmazenamento.class]
2025-04-10T16:27:56.968-03:00 DEBUG 4852 --- [lojainfo] [           main] o.s.c.a.ClassPathBeanDefinitionScanner   : Identified candidate component class: file [C:\Users\acer\Documents\TDS\Projetos\lojaInfo\projeto java\Projeto-Java-Gerenciamento-Loja-de-Informatica\target\classes\com\senac\Projeto_Java_Gerenciamento_Loja_de_Informatica\Controller\ControllerAPIProduto.class]
2025-04-10T16:27:56.970-03:00 DEBUG 4852 --- [lojainfo] [           main] o.s.c.a.ClassPathBeanDefinitionScanner   : Identified candidate component class: file [C:\Users\acer\Documents\TDS\Projetos\lojaInfo\projeto java\Projeto-Java-Gerenciamento-Loja-de-Informatica\target\classes\com\senac\Projeto_Java_Gerenciamento_Loja_de_Informatica\Controller\ControllerAPITroca.class]
2025-04-10T16:27:56.972-03:00 DEBUG 4852 --- [lojainfo] [           main] o.s.c.a.ClassPathBeanDefinitionScanner   : Identified candidate component class: file [C:\Users\acer\Documents\TDS\Projetos\lojaInfo\projeto java\Projeto-Java-Gerenciamento-Loja-de-Informatica\target\classes\com\senac\Projeto_Java_Gerenciamento_Loja_de_Informatica\Controller\ControllerAPIUsuario.class]
2025-04-10T16:27:56.973-03:00 DEBUG 4852 --- [lojainfo] [           main] o.s.c.a.ClassPathBeanDefinitionScanner   : Identified candidate component class: file [C:\Users\acer\Documents\TDS\Projetos\lojaInfo\projeto java\Projeto-Java-Gerenciamento-Loja-de-Informatica\target\classes\com\senac\Projeto_Java_Gerenciamento_Loja_de_Informatica\Controller\ControllerAPIVenda.class]
2025-04-10T16:27:56.975-03:00 DEBUG 4852 --- [lojainfo] [           main] o.s.c.a.ClassPathBeanDefinitionScanner   : Identified candidate component class: file [C:\Users\acer\Documents\TDS\Projetos\lojaInfo\projeto java\Projeto-Java-Gerenciamento-Loja-de-Informatica\target\classes\com\senac\Projeto_Java_Gerenciamento_Loja_de_Informatica\Controller\ControllerAutenticacao.class]
2025-04-10T16:27:56.975-03:00 DEBUG 4852 --- [lojainfo] [kground-preinit] .i.e.ValidatorFactoryConfigurationHelper : HV000234: Using org.hibernate.validator.messageinterpolation.ResourceBundleMessageInterpolator as ValidatorFactory-scoped message interpolator.
2025-04-10T16:27:56.976-03:00 DEBUG 4852 --- [lojainfo] [kground-preinit] .i.e.ValidatorFactoryConfigurationHelper : HV000234: Using org.hibernate.validator.internal.engine.resolver.JPATraversableResolver as ValidatorFactory-scoped traversable resolver.
2025-04-10T16:27:56.976-03:00 DEBUG 4852 --- [lojainfo] [kground-preinit] .i.e.ValidatorFactoryConfigurationHelper : HV000234: Using org.hibernate.validator.internal.util.ExecutableParameterNameProvider as ValidatorFactory-scoped parameter name provider.
2025-04-10T16:27:56.976-03:00 DEBUG 4852 --- [lojainfo] [kground-preinit] .i.e.ValidatorFactoryConfigurationHelper : HV000234: Using org.hibernate.validator.internal.engine.DefaultClockProvider as ValidatorFactory-scoped clock provider.
2025-04-10T16:27:56.976-03:00 DEBUG 4852 --- [lojainfo] [kground-preinit] .i.e.ValidatorFactoryConfigurationHelper : HV000234: Using org.hibernate.validator.internal.engine.scripting.DefaultScriptEvaluatorFactory as ValidatorFactory-scoped script evaluator factory.
2025-04-10T16:27:56.977-03:00 DEBUG 4852 --- [lojainfo] [           main] o.s.c.a.ClassPathBeanDefinitionScanner   : Identified candidate component class: file [C:\Users\acer\Documents\TDS\Projetos\lojaInfo\projeto java\Projeto-Java-Gerenciamento-Loja-de-Informatica\target\classes\com\senac\Projeto_Java_Gerenciamento_Loja_de_Informatica\Controller\ControllerCliente.class]
2025-04-10T16:27:56.979-03:00 DEBUG 4852 --- [lojainfo] [           main] o.s.c.a.ClassPathBeanDefinitionScanner   : Identified candidate component class: file [C:\Users\acer\Documents\TDS\Projetos\lojaInfo\projeto java\Projeto-Java-Gerenciamento-Loja-de-Informatica\target\classes\com\senac\Projeto_Java_Gerenciamento_Loja_de_Informatica\Controller\ControllerDevolucao.class]
2025-04-10T16:27:56.980-03:00 DEBUG 4852 --- [lojainfo] [           main] o.s.c.a.ClassPathBeanDefinitionScanner   : Identified candidate component class: file [C:\Users\acer\Documents\TDS\Projetos\lojaInfo\projeto java\Projeto-Java-Gerenciamento-Loja-de-Informatica\target\classes\com\senac\Projeto_Java_Gerenciamento_Loja_de_Informatica\Controller\ControllerFuncionario.class]
2025-04-10T16:27:56.982-03:00 DEBUG 4852 --- [lojainfo] [           main] o.s.c.a.ClassPathBeanDefinitionScanner   : Identified candidate component class: file [C:\Users\acer\Documents\TDS\Projetos\lojaInfo\projeto java\Projeto-Java-Gerenciamento-Loja-de-Informatica\target\classes\com\senac\Projeto_Java_Gerenciamento_Loja_de_Informatica\Controller\ControllerItensVenda.class]
2025-04-10T16:27:56.984-03:00 DEBUG 4852 --- [lojainfo] [           main] o.s.c.a.ClassPathBeanDefinitionScanner   : Identified candidate component class: file [C:\Users\acer\Documents\TDS\Projetos\lojaInfo\projeto java\Projeto-Java-Gerenciamento-Loja-de-Informatica\target\classes\com\senac\Projeto_Java_Gerenciamento_Loja_de_Informatica\Controller\ControllerProduto.class]
2025-04-10T16:27:56.986-03:00 DEBUG 4852 --- [lojainfo] [           main] o.s.c.a.ClassPathBeanDefinitionScanner   : Identified candidate component class: file [C:\Users\acer\Documents\TDS\Projetos\lojaInfo\projeto java\Projeto-Java-Gerenciamento-Loja-de-Informatica\target\classes\com\senac\Projeto_Java_Gerenciamento_Loja_de_Informatica\Controller\ControllerTroca.class]
2025-04-10T16:27:56.988-03:00 DEBUG 4852 --- [lojainfo] [           main] o.s.c.a.ClassPathBeanDefinitionScanner   : Identified candidate component class: file [C:\Users\acer\Documents\TDS\Projetos\lojaInfo\projeto java\Projeto-Java-Gerenciamento-Loja-de-Informatica\target\classes\com\senac\Projeto_Java_Gerenciamento_Loja_de_Informatica\Controller\ControllerUsuario.class]
2025-04-10T16:27:56.989-03:00 DEBUG 4852 --- [lojainfo] [           main] o.s.c.a.ClassPathBeanDefinitionScanner   : Identified candidate component class: file [C:\Users\acer\Documents\TDS\Projetos\lojaInfo\projeto java\Projeto-Java-Gerenciamento-Loja-de-Informatica\target\classes\com\senac\Projeto_Java_Gerenciamento_Loja_de_Informatica\Controller\ControllerVenda.class]
2025-04-10T16:27:57.018-03:00 DEBUG 4852 --- [lojainfo] [           main] o.s.c.a.ClassPathBeanDefinitionScanner   : Ignored because not a concrete top-level class: file [C:\Users\acer\Documents\TDS\Projetos\lojaInfo\projeto java\Projeto-Java-Gerenciamento-Loja-de-Informatica\target\classes\com\senac\Projeto_Java_Gerenciamento_Loja_de_Informatica\Repository\RepositoryCargo.class]
2025-04-10T16:27:57.019-03:00 DEBUG 4852 --- [lojainfo] [           main] o.s.c.a.ClassPathBeanDefinitionScanner   : Ignored because not a concrete top-level class: file [C:\Users\acer\Documents\TDS\Projetos\lojaInfo\projeto java\Projeto-Java-Gerenciamento-Loja-de-Informatica\target\classes\com\senac\Projeto_Java_Gerenciamento_Loja_de_Informatica\Repository\RepositoryCategoria.class]
2025-04-10T16:27:57.020-03:00 DEBUG 4852 --- [lojainfo] [           main] o.s.c.a.ClassPathBeanDefinitionScanner   : Ignored because not a concrete top-level class: file [C:\Users\acer\Documents\TDS\Projetos\lojaInfo\projeto java\Projeto-Java-Gerenciamento-Loja-de-Informatica\target\classes\com\senac\Projeto_Java_Gerenciamento_Loja_de_Informatica\Repository\RepositoryCliente.class]
2025-04-10T16:27:57.043-03:00 DEBUG 4852 --- [lojainfo] [           main] o.s.c.a.ClassPathBeanDefinitionScanner   : Ignored because not a concrete top-level class: file [C:\Users\acer\Documents\TDS\Projetos\lojaInfo\projeto java\Projeto-Java-Gerenciamento-Loja-de-Informatica\target\classes\com\senac\Projeto_Java_Gerenciamento_Loja_de_Informatica\Repository\RepositoryDevolucao.class]
2025-04-10T16:27:57.043-03:00 DEBUG 4852 --- [lojainfo] [           main] o.s.c.a.ClassPathBeanDefinitionScanner   : Ignored because not a concrete top-level class: file [C:\Users\acer\Documents\TDS\Projetos\lojaInfo\projeto java\Projeto-Java-Gerenciamento-Loja-de-Informatica\target\classes\com\senac\Projeto_Java_Gerenciamento_Loja_de_Informatica\Repository\RepositoryFuncionario.class]
2025-04-10T16:27:57.045-03:00 DEBUG 4852 --- [lojainfo] [           main] o.s.c.a.ClassPathBeanDefinitionScanner   : Ignored because not a concrete top-level class: file [C:\Users\acer\Documents\TDS\Projetos\lojaInfo\projeto java\Projeto-Java-Gerenciamento-Loja-de-Informatica\target\classes\com\senac\Projeto_Java_Gerenciamento_Loja_de_Informatica\Repository\RepositoryItensVenda.class]
2025-04-10T16:27:57.045-03:00 DEBUG 4852 --- [lojainfo] [           main] o.s.c.a.ClassPathBeanDefinitionScanner   : Ignored because not a concrete top-level class: file [C:\Users\acer\Documents\TDS\Projetos\lojaInfo\projeto java\Projeto-Java-Gerenciamento-Loja-de-Informatica\target\classes\com\senac\Projeto_Java_Gerenciamento_Loja_de_Informatica\Repository\RepositoryLocalArmazenamento.class]
2025-04-10T16:27:57.048-03:00 DEBUG 4852 --- [lojainfo] [           main] o.s.c.a.ClassPathBeanDefinitionScanner   : Ignored because not a concrete top-level class: file [C:\Users\acer\Documents\TDS\Projetos\lojaInfo\projeto java\Projeto-Java-Gerenciamento-Loja-de-Informatica\target\classes\com\senac\Projeto_Java_Gerenciamento_Loja_de_Informatica\Repository\RepositoryProduto.class]
2025-04-10T16:27:57.049-03:00 DEBUG 4852 --- [lojainfo] [           main] o.s.c.a.ClassPathBeanDefinitionScanner   : Ignored because not a concrete top-level class: file [C:\Users\acer\Documents\TDS\Projetos\lojaInfo\projeto java\Projeto-Java-Gerenciamento-Loja-de-Informatica\target\classes\com\senac\Projeto_Java_Gerenciamento_Loja_de_Informatica\Repository\RepositoryTroca.class]
2025-04-10T16:27:57.049-03:00 DEBUG 4852 --- [lojainfo] [           main] o.s.c.a.ClassPathBeanDefinitionScanner   : Ignored because not a concrete top-level class: file [C:\Users\acer\Documents\TDS\Projetos\lojaInfo\projeto java\Projeto-Java-Gerenciamento-Loja-de-Informatica\target\classes\com\senac\Projeto_Java_Gerenciamento_Loja_de_Informatica\Repository\RepositoryUsuario.class]
2025-04-10T16:27:57.051-03:00 DEBUG 4852 --- [lojainfo] [           main] o.s.c.a.ClassPathBeanDefinitionScanner   : Ignored because not a concrete top-level class: file [C:\Users\acer\Documents\TDS\Projetos\lojaInfo\projeto java\Projeto-Java-Gerenciamento-Loja-de-Informatica\target\classes\com\senac\Projeto_Java_Gerenciamento_Loja_de_Informatica\Repository\RepositoryVenda.class]
2025-04-10T16:27:57.053-03:00 DEBUG 4852 --- [lojainfo] [           main] o.s.c.a.ClassPathBeanDefinitionScanner   : Identified candidate component class: file [C:\Users\acer\Documents\TDS\Projetos\lojaInfo\projeto java\Projeto-Java-Gerenciamento-Loja-de-Informatica\target\classes\com\senac\Projeto_Java_Gerenciamento_Loja_de_Informatica\Service\ServiceCargo.class]
2025-04-10T16:27:57.056-03:00 DEBUG 4852 --- [lojainfo] [           main] o.s.c.a.ClassPathBeanDefinitionScanner   : Identified candidate component class: file [C:\Users\acer\Documents\TDS\Projetos\lojaInfo\projeto java\Projeto-Java-Gerenciamento-Loja-de-Informatica\target\classes\com\senac\Projeto_Java_Gerenciamento_Loja_de_Informatica\Service\ServiceCategoria.class]
2025-04-10T16:27:57.056-03:00 DEBUG 4852 --- [lojainfo] [           main] o.s.c.a.ClassPathBeanDefinitionScanner   : Identified candidate component class: file [C:\Users\acer\Documents\TDS\Projetos\lojaInfo\projeto java\Projeto-Java-Gerenciamento-Loja-de-Informatica\target\classes\com\senac\Projeto_Java_Gerenciamento_Loja_de_Informatica\Service\ServiceCliente.class]
2025-04-10T16:27:57.057-03:00 DEBUG 4852 --- [lojainfo] [           main] o.s.c.a.ClassPathBeanDefinitionScanner   : Identified candidate component class: file [C:\Users\acer\Documents\TDS\Projetos\lojaInfo\projeto java\Projeto-Java-Gerenciamento-Loja-de-Informatica\target\classes\com\senac\Projeto_Java_Gerenciamento_Loja_de_Informatica\Service\ServiceDevolucao.class]
2025-04-10T16:27:57.059-03:00 DEBUG 4852 --- [lojainfo] [           main] o.s.c.a.ClassPathBeanDefinitionScanner   : Identified candidate component class: file [C:\Users\acer\Documents\TDS\Projetos\lojaInfo\projeto java\Projeto-Java-Gerenciamento-Loja-de-Informatica\target\classes\com\senac\Projeto_Java_Gerenciamento_Loja_de_Informatica\Service\ServiceFuncionario.class]
2025-04-10T16:27:57.060-03:00 DEBUG 4852 --- [lojainfo] [           main] o.s.c.a.ClassPathBeanDefinitionScanner   : Identified candidate component class: file [C:\Users\acer\Documents\TDS\Projetos\lojaInfo\projeto java\Projeto-Java-Gerenciamento-Loja-de-Informatica\target\classes\com\senac\Projeto_Java_Gerenciamento_Loja_de_Informatica\Service\ServiceItensVenda.class]
2025-04-10T16:27:57.061-03:00 DEBUG 4852 --- [lojainfo] [           main] o.s.c.a.ClassPathBeanDefinitionScanner   : Identified candidate component class: file [C:\Users\acer\Documents\TDS\Projetos\lojaInfo\projeto java\Projeto-Java-Gerenciamento-Loja-de-Informatica\target\classes\com\senac\Projeto_Java_Gerenciamento_Loja_de_Informatica\Service\ServiceLocalArmazenamento.class]
2025-04-10T16:27:57.062-03:00 DEBUG 4852 --- [lojainfo] [           main] o.s.c.a.ClassPathBeanDefinitionScanner   : Identified candidate component class: file [C:\Users\acer\Documents\TDS\Projetos\lojaInfo\projeto java\Projeto-Java-Gerenciamento-Loja-de-Informatica\target\classes\com\senac\Projeto_Java_Gerenciamento_Loja_de_Informatica\Service\ServiceProduto.class]
2025-04-10T16:27:57.063-03:00 DEBUG 4852 --- [lojainfo] [           main] o.s.c.a.ClassPathBeanDefinitionScanner   : Identified candidate component class: file [C:\Users\acer\Documents\TDS\Projetos\lojaInfo\projeto java\Projeto-Java-Gerenciamento-Loja-de-Informatica\target\classes\com\senac\Projeto_Java_Gerenciamento_Loja_de_Informatica\Service\ServiceTroca.class]
2025-04-10T16:27:57.065-03:00 DEBUG 4852 --- [lojainfo] [           main] o.s.c.a.ClassPathBeanDefinitionScanner   : Identified candidate component class: file [C:\Users\acer\Documents\TDS\Projetos\lojaInfo\projeto java\Projeto-Java-Gerenciamento-Loja-de-Informatica\target\classes\com\senac\Projeto_Java_Gerenciamento_Loja_de_Informatica\Service\ServiceUsuario.class]
2025-04-10T16:27:57.067-03:00 DEBUG 4852 --- [lojainfo] [           main] o.s.c.a.ClassPathBeanDefinitionScanner   : Identified candidate component class: file [C:\Users\acer\Documents\TDS\Projetos\lojaInfo\projeto java\Projeto-Java-Gerenciamento-Loja-de-Informatica\target\classes\com\senac\Projeto_Java_Gerenciamento_Loja_de_Informatica\Service\ServiceVenda.class]
2025-04-10T16:27:57.962-03:00  INFO 4852 --- [lojainfo] [           main] .s.d.r.c.RepositoryConfigurationDelegate : Bootstrapping Spring Data JPA repositories in DEFAULT mode.
2025-04-10T16:27:57.975-03:00 DEBUG 4852 --- [lojainfo] [           main] o.s.b.f.s.DefaultListableBeanFactory     : Creating shared instance of singleton bean 'org.springframework.boot.autoconfigure.AutoConfigurationPackages'
2025-04-10T16:27:57.986-03:00 DEBUG 4852 --- [lojainfo] [           main] o.s.b.a.AutoConfigurationPackages        : @EnableAutoConfiguration was declared on a class in the package 'com.senac.Projeto_Java_Gerenciamento_Loja_de_Informatica'. Automatic @Repository and @Entity scanning is enabled.
2025-04-10T16:27:57.988-03:00 DEBUG 4852 --- [lojainfo] [           main] .s.d.r.c.RepositoryConfigurationDelegate : Scanning for JPA repositories in packages com.senac.Projeto_Java_Gerenciamento_Loja_de_Informatica.
2025-04-10T16:27:58.005-03:00 DEBUG 4852 --- [lojainfo] [           main] o.s.d.r.c.RepositoryComponentProvider    : Identified candidate component class: file [C:\Users\acer\Documents\TDS\Projetos\lojaInfo\projeto java\Projeto-Java-Gerenciamento-Loja-de-Informatica\target\classes\com\senac\Projeto_Java_Gerenciamento_Loja_de_Informatica\Repository\RepositoryCargo.class]
2025-04-10T16:27:58.005-03:00 DEBUG 4852 --- [lojainfo] [           main] o.s.d.r.c.RepositoryComponentProvider    : Identified candidate component class: file [C:\Users\acer\Documents\TDS\Projetos\lojaInfo\projeto java\Projeto-Java-Gerenciamento-Loja-de-Informatica\target\classes\com\senac\Projeto_Java_Gerenciamento_Loja_de_Informatica\Repository\RepositoryCategoria.class]
2025-04-10T16:27:58.007-03:00 DEBUG 4852 --- [lojainfo] [           main] o.s.d.r.c.RepositoryComponentProvider    : Identified candidate component class: file [C:\Users\acer\Documents\TDS\Projetos\lojaInfo\projeto java\Projeto-Java-Gerenciamento-Loja-de-Informatica\target\classes\com\senac\Projeto_Java_Gerenciamento_Loja_de_Informatica\Repository\RepositoryCliente.class]
2025-04-10T16:27:58.008-03:00 DEBUG 4852 --- [lojainfo] [           main] o.s.d.r.c.RepositoryComponentProvider    : Identified candidate component class: file [C:\Users\acer\Documents\TDS\Projetos\lojaInfo\projeto java\Projeto-Java-Gerenciamento-Loja-de-Informatica\target\classes\com\senac\Projeto_Java_Gerenciamento_Loja_de_Informatica\Repository\RepositoryDevolucao.class]
2025-04-10T16:27:58.008-03:00 DEBUG 4852 --- [lojainfo] [           main] o.s.d.r.c.RepositoryComponentProvider    : Identified candidate component class: file [C:\Users\acer\Documents\TDS\Projetos\lojaInfo\projeto java\Projeto-Java-Gerenciamento-Loja-de-Informatica\target\classes\com\senac\Projeto_Java_Gerenciamento_Loja_de_Informatica\Repository\RepositoryFuncionario.class]
2025-04-10T16:27:58.008-03:00 DEBUG 4852 --- [lojainfo] [           main] o.s.d.r.c.RepositoryComponentProvider    : Identified candidate component class: file [C:\Users\acer\Documents\TDS\Projetos\lojaInfo\projeto java\Projeto-Java-Gerenciamento-Loja-de-Informatica\target\classes\com\senac\Projeto_Java_Gerenciamento_Loja_de_Informatica\Repository\RepositoryItensVenda.class]
2025-04-10T16:27:58.008-03:00 DEBUG 4852 --- [lojainfo] [           main] o.s.d.r.c.RepositoryComponentProvider    : Identified candidate component class: file [C:\Users\acer\Documents\TDS\Projetos\lojaInfo\projeto java\Projeto-Java-Gerenciamento-Loja-de-Informatica\target\classes\com\senac\Projeto_Java_Gerenciamento_Loja_de_Informatica\Repository\RepositoryLocalArmazenamento.class]
2025-04-10T16:27:58.008-03:00 DEBUG 4852 --- [lojainfo] [           main] o.s.d.r.c.RepositoryComponentProvider    : Identified candidate component class: file [C:\Users\acer\Documents\TDS\Projetos\lojaInfo\projeto java\Projeto-Java-Gerenciamento-Loja-de-Informatica\target\classes\com\senac\Projeto_Java_Gerenciamento_Loja_de_Informatica\Repository\RepositoryProduto.class]
2025-04-10T16:27:58.009-03:00 DEBUG 4852 --- [lojainfo] [           main] o.s.d.r.c.RepositoryComponentProvider    : Identified candidate component class: file [C:\Users\acer\Documents\TDS\Projetos\lojaInfo\projeto java\Projeto-Java-Gerenciamento-Loja-de-Informatica\target\classes\com\senac\Projeto_Java_Gerenciamento_Loja_de_Informatica\Repository\RepositoryTroca.class]
2025-04-10T16:27:58.009-03:00 DEBUG 4852 --- [lojainfo] [           main] o.s.d.r.c.RepositoryComponentProvider    : Identified candidate component class: file [C:\Users\acer\Documents\TDS\Projetos\lojaInfo\projeto java\Projeto-Java-Gerenciamento-Loja-de-Informatica\target\classes\com\senac\Projeto_Java_Gerenciamento_Loja_de_Informatica\Repository\RepositoryUsuario.class]
2025-04-10T16:27:58.009-03:00 DEBUG 4852 --- [lojainfo] [           main] o.s.d.r.c.RepositoryComponentProvider    : Identified candidate component class: file [C:\Users\acer\Documents\TDS\Projetos\lojaInfo\projeto java\Projeto-Java-Gerenciamento-Loja-de-Informatica\target\classes\com\senac\Projeto_Java_Gerenciamento_Loja_de_Informatica\Repository\RepositoryVenda.class]
2025-04-10T16:27:58.116-03:00  INFO 4852 --- [lojainfo] [           main] .s.d.r.c.RepositoryConfigurationDelegate : Finished Spring Data repository scanning in 126 ms. Found 11 JPA repository interfaces.
2025-04-10T16:27:58.455-03:00 DEBUG 4852 --- [lojainfo] [           main] o.s.b.f.s.DefaultListableBeanFactory     : Creating shared instance of singleton bean 'propertySourcesPlaceholderConfigurer'
2025-04-10T16:27:58.466-03:00 DEBUG 4852 --- [lojainfo] [           main] o.s.b.f.s.DefaultListableBeanFactory     : Creating shared instance of singleton bean 'org.springframework.boot.test.mock.mockito.MockitoPostProcessor'
2025-04-10T16:27:58.470-03:00 DEBUG 4852 --- [lojainfo] [           main] o.s.b.f.s.DefaultListableBeanFactory     : Creating shared instance of singleton bean 'emBeanDefinitionRegistrarPostProcessor'
2025-04-10T16:27:58.470-03:00 DEBUG 4852 --- [lojainfo] [           main] o.s.b.f.s.DefaultListableBeanFactory     : Creating shared instance of singleton bean 'org.springframework.boot.sql.init.dependency.DatabaseInitializationDependencyConfigurer$DependsOnDatabaseInitializationPostProcessor'
2025-04-10T16:27:58.566-03:00 DEBUG 4852 --- [lojainfo] [           main] o.s.b.f.s.DefaultListableBeanFactory     : Creating shared instance of singleton bean 'org.springframework.context.event.internalEventListenerProcessor'
2025-04-10T16:27:58.568-03:00 DEBUG 4852 --- [lojainfo] [           main] o.s.b.f.s.DefaultListableBeanFactory     : Creating shared instance of singleton bean 'preserveErrorControllerTargetClassPostProcessor'
2025-04-10T16:27:58.569-03:00 DEBUG 4852 --- [lojainfo] [           main] o.s.b.f.s.DefaultListableBeanFactory     : Creating shared instance of singleton bean 'org.springframework.context.event.internalEventListenerFactory'
2025-04-10T16:27:58.570-03:00 DEBUG 4852 --- [lojainfo] [           main] o.s.b.f.s.DefaultListableBeanFactory     : Creating shared instance of singleton bean 'org.springframework.transaction.config.internalTransactionalEventListenerFactory'
2025-04-10T16:27:58.585-03:00 DEBUG 4852 --- [lojainfo] [           main] o.s.b.f.s.DefaultListableBeanFactory     : Creating shared instance of singleton bean 'org.springframework.boot.test.mock.mockito.MockitoPostProcessor$SpyPostProcessor'
2025-04-10T16:27:58.588-03:00 DEBUG 4852 --- [lojainfo] [           main] o.s.b.f.s.DefaultListableBeanFactory     : Creating shared instance of singleton bean 'org.springframework.context.annotation.internalAutowiredAnnotationProcessor'
2025-04-10T16:27:58.590-03:00 DEBUG 4852 --- [lojainfo] [           main] o.s.b.f.s.DefaultListableBeanFactory     : Creating shared instance of singleton bean 'org.springframework.context.annotation.internalCommonAnnotationProcessor'
2025-04-10T16:27:58.594-03:00 DEBUG 4852 --- [lojainfo] [           main] o.s.b.f.s.DefaultListableBeanFactory     : Creating shared instance of singleton bean 'org.springframework.context.annotation.internalPersistenceAnnotationProcessor'
2025-04-10T16:27:58.594-03:00 DEBUG 4852 --- [lojainfo] [           main] o.s.b.f.s.DefaultListableBeanFactory     : Creating shared instance of singleton bean 'org.springframework.boot.context.properties.ConfigurationPropertiesBindingPostProcessor'
2025-04-10T16:27:58.595-03:00 DEBUG 4852 --- [lojainfo] [           main] o.s.b.f.s.DefaultListableBeanFactory     : Creating shared instance of singleton bean 'org.springframework.boot.context.internalConfigurationPropertiesBinder'
2025-04-10T16:27:58.599-03:00 DEBUG 4852 --- [lojainfo] [           main] o.s.b.f.s.DefaultListableBeanFactory     : Creating shared instance of singleton bean 'jdbcConnectionDetailsHikariBeanPostProcessor'
2025-04-10T16:27:58.602-03:00 DEBUG 4852 --- [lojainfo] [           main] o.s.b.f.s.DefaultListableBeanFactory     : Creating shared instance of singleton bean 'methodValidationPostProcessor'
2025-04-10T16:27:58.624-03:00 DEBUG 4852 --- [lojainfo] [           main] o.s.b.f.s.DefaultListableBeanFactory     : Autowiring by type from bean name 'methodValidationPostProcessor' via factory method to bean named 'environment'
2025-04-10T16:27:58.630-03:00 DEBUG 4852 --- [lojainfo] [           main] o.s.b.f.s.DefaultListableBeanFactory     : Creating shared instance of singleton bean 'org.springframework.boot.context.properties.EnableConfigurationPropertiesRegistrar.methodValidationExcludeFilter'
2025-04-10T16:27:58.661-03:00 DEBUG 4852 --- [lojainfo] [           main] o.s.b.f.s.DefaultListableBeanFactory     : Creating shared instance of singleton bean 'org.springframework.aop.config.internalAutoProxyCreator'
2025-04-10T16:27:58.684-03:00 DEBUG 4852 --- [lojainfo] [           main] o.s.b.f.s.DefaultListableBeanFactory     : Creating shared instance of singleton bean 'persistenceExceptionTranslationPostProcessor'
2025-04-10T16:27:58.686-03:00 DEBUG 4852 --- [lojainfo] [           main] o.s.b.f.s.DefaultListableBeanFactory     : Autowiring by type from bean name 'persistenceExceptionTranslationPostProcessor' via factory method to bean named 'environment'
2025-04-10T16:27:58.688-03:00 DEBUG 4852 --- [lojainfo] [           main] o.s.b.f.s.DefaultListableBeanFactory     : Creating shared instance of singleton bean 'webServerFactoryCustomizerBeanPostProcessor'
2025-04-10T16:27:58.688-03:00 DEBUG 4852 --- [lojainfo] [           main] o.s.b.f.s.DefaultListableBeanFactory     : Creating shared instance of singleton bean 'errorPageRegistrarBeanPostProcessor'
2025-04-10T16:27:58.688-03:00 DEBUG 4852 --- [lojainfo] [           main] o.s.b.f.s.DefaultListableBeanFactory     : Creating shared instance of singleton bean 'projectingArgumentResolverBeanPostProcessor'
2025-04-10T16:27:58.688-03:00 DEBUG 4852 --- [lojainfo] [           main] o.s.b.f.s.DefaultListableBeanFactory     : Creating shared instance of singleton bean 'org.springframework.transaction.config.internalTransactionAdvisor'
2025-04-10T16:27:58.688-03:00 DEBUG 4852 --- [lojainfo] [           main] o.s.b.f.s.DefaultListableBeanFactory     : Creating shared instance of singleton bean 'org.springframework.transaction.annotation.ProxyTransactionManagementConfiguration'
2025-04-10T16:27:58.703-03:00 DEBUG 4852 --- [lojainfo] [           main] o.s.b.f.s.DefaultListableBeanFactory     : Creating shared instance of singleton bean 'transactionAttributeSource'
2025-04-10T16:27:58.705-03:00 DEBUG 4852 --- [lojainfo] [           main] o.s.b.f.s.DefaultListableBeanFactory     : Creating shared instance of singleton bean 'transactionInterceptor'
2025-04-10T16:27:58.706-03:00 DEBUG 4852 --- [lojainfo] [           main] o.s.b.f.s.DefaultListableBeanFactory     : Autowiring by type from bean name 'transactionInterceptor' via factory method to bean named 'transactionAttributeSource'
2025-04-10T16:27:58.712-03:00 DEBUG 4852 --- [lojainfo] [           main] o.s.b.f.s.DefaultListableBeanFactory     : Autowiring by type from bean name 'org.springframework.transaction.config.internalTransactionAdvisor' via factory method to bean named 'transactionAttributeSource'
2025-04-10T16:27:58.714-03:00 DEBUG 4852 --- [lojainfo] [           main] o.s.b.f.s.DefaultListableBeanFactory     : Autowiring by type from bean name 'org.springframework.transaction.config.internalTransactionAdvisor' via factory method to bean named 'transactionInterceptor'
2025-04-10T16:27:58.738-03:00 DEBUG 4852 --- [lojainfo] [           main] o.s.u.c.s.UiApplicationContextUtils      : Unable to locate ThemeSource with name 'themeSource': using default [org.springframework.ui.context.support.ResourceBundleThemeSource@7327a447]
2025-04-10T16:27:58.739-03:00 DEBUG 4852 --- [lojainfo] [           main] o.s.b.f.s.DefaultListableBeanFactory     : Creating shared instance of singleton bean 'dataSourceScriptDatabaseInitializer'
2025-04-10T16:27:58.739-03:00 DEBUG 4852 --- [lojainfo] [           main] o.s.b.f.s.DefaultListableBeanFactory     : Creating shared instance of singleton bean 'org.springframework.boot.autoconfigure.sql.init.DataSourceInitializationConfiguration'
2025-04-10T16:27:58.741-03:00 DEBUG 4852 --- [lojainfo] [           main] o.s.b.f.s.DefaultListableBeanFactory     : Creating shared instance of singleton bean 'dataSource'
2025-04-10T16:27:58.742-03:00 DEBUG 4852 --- [lojainfo] [           main] o.s.b.f.s.DefaultListableBeanFactory     : Creating shared instance of singleton bean 'org.springframework.boot.autoconfigure.jdbc.DataSourceConfiguration$Hikari'
2025-04-10T16:27:58.743-03:00 DEBUG 4852 --- [lojainfo] [           main] o.s.b.f.s.DefaultListableBeanFactory     : Creating shared instance of singleton bean 'spring.datasource-org.springframework.boot.autoconfigure.jdbc.DataSourceProperties'
2025-04-10T16:27:58.744-03:00 DEBUG 4852 --- [lojainfo] [           main] o.s.b.f.s.DefaultListableBeanFactory     : Creating shared instance of singleton bean 'org.springframework.boot.context.properties.BoundConfigurationProperties'
2025-04-10T16:27:58.771-03:00 DEBUG 4852 --- [lojainfo] [           main] o.s.b.f.s.DefaultListableBeanFactory     : Creating shared instance of singleton bean 'jdbcConnectionDetails'
2025-04-10T16:27:58.772-03:00 DEBUG 4852 --- [lojainfo] [           main] o.s.b.f.s.DefaultListableBeanFactory     : Creating shared instance of singleton bean 'org.springframework.boot.autoconfigure.jdbc.DataSourceAutoConfiguration$PooledDataSourceConfiguration'
2025-04-10T16:27:58.773-03:00 DEBUG 4852 --- [lojainfo] [           main] o.s.b.f.s.DefaultListableBeanFactory     : Autowiring by type from bean name 'jdbcConnectionDetails' via factory method to bean named 'spring.datasource-org.springframework.boot.autoconfigure.jdbc.DataSourceProperties'
2025-04-10T16:27:58.774-03:00 DEBUG 4852 --- [lojainfo] [           main] o.s.b.f.s.DefaultListableBeanFactory     : Autowiring by type from bean name 'dataSource' via factory method to bean named 'spring.datasource-org.springframework.boot.autoconfigure.jdbc.DataSourceProperties'
2025-04-10T16:27:58.775-03:00 DEBUG 4852 --- [lojainfo] [           main] o.s.b.f.s.DefaultListableBeanFactory     : Autowiring by type from bean name 'dataSource' via factory method to bean named 'jdbcConnectionDetails'
2025-04-10T16:27:58.816-03:00 DEBUG 4852 --- [lojainfo] [           main] o.s.b.f.s.DefaultListableBeanFactory     : Creating shared instance of singleton bean 'spring.sql.init-org.springframework.boot.autoconfigure.sql.init.SqlInitializationProperties'
2025-04-10T16:27:58.821-03:00 DEBUG 4852 --- [lojainfo] [           main] o.s.b.f.s.DefaultListableBeanFactory     : Autowiring by type from bean name 'dataSourceScriptDatabaseInitializer' via factory method to bean named 'dataSource'
2025-04-10T16:27:58.821-03:00 DEBUG 4852 --- [lojainfo] [           main] o.s.b.f.s.DefaultListableBeanFactory     : Autowiring by type from bean name 'dataSourceScriptDatabaseInitializer' via factory method to bean named 'spring.sql.init-org.springframework.boot.autoconfigure.sql.init.SqlInitializationProperties'
2025-04-10T16:27:58.829-03:00 DEBUG 4852 --- [lojainfo] [           main] o.s.b.f.s.DefaultListableBeanFactory     : Creating shared instance of singleton bean 'entityManagerFactory'
2025-04-10T16:27:58.829-03:00 DEBUG 4852 --- [lojainfo] [           main] o.s.b.f.s.DefaultListableBeanFactory     : Creating shared instance of singleton bean 'org.springframework.boot.autoconfigure.orm.jpa.HibernateJpaConfiguration'
2025-04-10T16:27:58.831-03:00 DEBUG 4852 --- [lojainfo] [           main] o.s.b.f.s.DefaultListableBeanFactory     : Creating shared instance of singleton bean 'spring.jpa-org.springframework.boot.autoconfigure.orm.jpa.JpaProperties'
2025-04-10T16:27:58.838-03:00 DEBUG 4852 --- [lojainfo] [           main] o.s.b.f.s.DefaultListableBeanFactory     : Creating shared instance of singleton bean 'spring.jpa.hibernate-org.springframework.boot.autoconfigure.orm.jpa.HibernateProperties'
2025-04-10T16:27:58.841-03:00 DEBUG 4852 --- [lojainfo] [           main] o.s.b.f.s.DefaultListableBeanFactory     : Autowiring by type from bean name 'org.springframework.boot.autoconfigure.orm.jpa.HibernateJpaConfiguration' via constructor to bean named 'dataSource'
2025-04-10T16:27:58.842-03:00 DEBUG 4852 --- [lojainfo] [           main] o.s.b.f.s.DefaultListableBeanFactory     : Autowiring by type from bean name 'org.springframework.boot.autoconfigure.orm.jpa.HibernateJpaConfiguration' via constructor to bean named 'spring.jpa-org.springframework.boot.autoconfigure.orm.jpa.JpaProperties'
2025-04-10T16:27:58.842-03:00 DEBUG 4852 --- [lojainfo] [           main] o.s.b.f.s.DefaultListableBeanFactory     : Autowiring by type from bean name 'org.springframework.boot.autoconfigure.orm.jpa.HibernateJpaConfiguration' via constructor to bean named 'org.springframework.beans.factory.support.DefaultListableBeanFactory@680362a'
2025-04-10T16:27:58.842-03:00 DEBUG 4852 --- [lojainfo] [           main] o.s.b.f.s.DefaultListableBeanFactory     : Autowiring by type from bean name 'org.springframework.boot.autoconfigure.orm.jpa.HibernateJpaConfiguration' via constructor to bean named 'spring.jpa.hibernate-org.springframework.boot.autoconfigure.orm.jpa.HibernateProperties'
2025-04-10T16:27:58.845-03:00 DEBUG 4852 --- [lojainfo] [           main] o.s.b.f.s.DefaultListableBeanFactory     : Creating shared instance of singleton bean 'hikariPoolDataSourceMetadataProvider'
2025-04-10T16:27:58.845-03:00 DEBUG 4852 --- [lojainfo] [           main] o.s.b.f.s.DefaultListableBeanFactory     : Creating shared instance of singleton bean 'org.springframework.boot.autoconfigure.jdbc.metadata.DataSourcePoolMetadataProvidersConfiguration$HikariPoolDataSourceMetadataProviderConfiguration'
2025-04-10T16:27:58.852-03:00 DEBUG 4852 --- [lojainfo] [           main] o.s.b.f.s.DefaultListableBeanFactory     : Creating shared instance of singleton bean 'entityManagerFactoryBuilder'
2025-04-10T16:27:58.854-03:00 DEBUG 4852 --- [lojainfo] [           main] o.s.b.f.s.DefaultListableBeanFactory     : Creating shared instance of singleton bean 'jpaVendorAdapter'
2025-04-10T16:27:58.874-03:00 DEBUG 4852 --- [lojainfo] [           main] o.s.b.f.s.DefaultListableBeanFactory     : Autowiring by type from bean name 'entityManagerFactoryBuilder' via factory method to bean named 'jpaVendorAdapter'
2025-04-10T16:27:58.877-03:00 DEBUG 4852 --- [lojainfo] [           main] o.s.b.f.s.DefaultListableBeanFactory     : Creating shared instance of singleton bean 'persistenceManagedTypes'
2025-04-10T16:27:58.879-03:00 DEBUG 4852 --- [lojainfo] [           main] o.s.b.f.s.DefaultListableBeanFactory     : Autowiring by type from bean name 'persistenceManagedTypes' via factory method to bean named 'org.springframework.beans.factory.support.DefaultListableBeanFactory@680362a'
2025-04-10T16:27:58.879-03:00 DEBUG 4852 --- [lojainfo] [           main] o.s.b.f.s.DefaultListableBeanFactory     : Autowiring by type from bean name 'persistenceManagedTypes' via factory method to bean named 'org.springframework.web.context.support.GenericWebApplicationContext@77b7ffa4'
2025-04-10T16:27:58.895-03:00 DEBUG 4852 --- [lojainfo] [           main] o.s.b.f.s.DefaultListableBeanFactory     : Autowiring by type from bean name 'entityManagerFactory' via factory method to bean named 'entityManagerFactoryBuilder'
2025-04-10T16:27:58.895-03:00 DEBUG 4852 --- [lojainfo] [           main] o.s.b.f.s.DefaultListableBeanFactory     : Autowiring by type from bean name 'entityManagerFactory' via factory method to bean named 'persistenceManagedTypes'
2025-04-10T16:27:58.921-03:00 DEBUG 4852 --- [lojainfo] [           main] j.LocalContainerEntityManagerFactoryBean : Building JPA container EntityManagerFactory for persistence unit 'default'
2025-04-10T16:27:58.952-03:00 DEBUG 4852 --- [lojainfo] [           main] o.hibernate.jpa.internal.util.LogHelper  : PersistenceUnitInfo [
	name: default
	persistence provider classname: null
	classloader: jdk.internal.loader.ClassLoaders$AppClassLoader@73d16e93
	excludeUnlistedClasses: true
	JTA datasource: null
	Non JTA datasource: HikariDataSource (null)
	Transaction type: RESOURCE_LOCAL
	PU root URL: file:/C:/Users/acer/Documents/TDS/Projetos/lojaInfo/projeto%20java/Projeto-Java-Gerenciamento-Loja-de-Informatica/target/test-classes/
	Shared Cache Mode: UNSPECIFIED
	Validation Mode: AUTO
	Jar files URLs []
	Managed classes names [
		com.senac.Projeto_Java_Gerenciamento_Loja_de_Informatica.Model.Cargo
		com.senac.Projeto_Java_Gerenciamento_Loja_de_Informatica.Model.Categoria
		com.senac.Projeto_Java_Gerenciamento_Loja_de_Informatica.Model.Cliente
		com.senac.Projeto_Java_Gerenciamento_Loja_de_Informatica.Model.Devolucao
		com.senac.Projeto_Java_Gerenciamento_Loja_de_Informatica.Model.Funcionario
		com.senac.Projeto_Java_Gerenciamento_Loja_de_Informatica.Model.Itens_venda
		com.senac.Projeto_Java_Gerenciamento_Loja_de_Informatica.Model.Local_armazenamento
		com.senac.Projeto_Java_Gerenciamento_Loja_de_Informatica.Model.Produto
		com.senac.Projeto_Java_Gerenciamento_Loja_de_Informatica.Model.Troca
		com.senac.Projeto_Java_Gerenciamento_Loja_de_Informatica.Model.Usuario
		com.senac.Projeto_Java_Gerenciamento_Loja_de_Informatica.Model.Venda]
	Mapping files names []
	Properties []
2025-04-10T16:27:58.973-03:00 DEBUG 4852 --- [lojainfo] [           main] o.h.i.internal.IntegratorServiceImpl     : Adding Integrator [org.hibernate.boot.beanvalidation.BeanValidationIntegrator].
2025-04-10T16:27:58.973-03:00 DEBUG 4852 --- [lojainfo] [           main] o.h.i.internal.IntegratorServiceImpl     : Adding Integrator [org.hibernate.cache.internal.CollectionCacheInvalidator].
2025-04-10T16:27:59.097-03:00  INFO 4852 --- [lojainfo] [           main] org.hibernate.Version                    : HHH000412: Hibernate ORM core version 6.5.3.Final
2025-04-10T16:27:59.099-03:00 DEBUG 4852 --- [lojainfo] [           main] org.hibernate.cfg.Environment            : HHH000206: 'hibernate.properties' not found
2025-04-10T16:27:59.147-03:00 DEBUG 4852 --- [lojainfo] [           main] org.hibernate.orm.idgen.factory          : Registering IdentifierGenerator strategy [uuid2] -> [org.hibernate.id.UUIDGenerator]
2025-04-10T16:27:59.148-03:00 DEBUG 4852 --- [lojainfo] [           main] org.hibernate.orm.idgen.factory          : Registering IdentifierGenerator strategy [guid] -> [org.hibernate.id.GUIDGenerator]
2025-04-10T16:27:59.151-03:00 DEBUG 4852 --- [lojainfo] [           main] org.hibernate.orm.idgen.factory          : Registering IdentifierGenerator strategy [uuid] -> [org.hibernate.id.UUIDHexGenerator]
2025-04-10T16:27:59.152-03:00 DEBUG 4852 --- [lojainfo] [           main] org.hibernate.orm.idgen.factory          : Registering IdentifierGenerator strategy [uuid.hex] -> [org.hibernate.id.UUIDHexGenerator]
2025-04-10T16:27:59.153-03:00 DEBUG 4852 --- [lojainfo] [           main] org.hibernate.orm.idgen.factory          : Registering IdentifierGenerator strategy [assigned] -> [org.hibernate.id.Assigned]
2025-04-10T16:27:59.155-03:00 DEBUG 4852 --- [lojainfo] [           main] org.hibernate.orm.idgen.factory          : Registering IdentifierGenerator strategy [identity] -> [org.hibernate.id.IdentityGenerator]
2025-04-10T16:27:59.158-03:00 DEBUG 4852 --- [lojainfo] [           main] org.hibernate.orm.idgen.factory          : Registering IdentifierGenerator strategy [select] -> [org.hibernate.id.SelectGenerator]
2025-04-10T16:27:59.159-03:00 DEBUG 4852 --- [lojainfo] [           main] org.hibernate.orm.idgen.factory          : Registering IdentifierGenerator strategy [sequence] -> [org.hibernate.id.enhanced.SequenceStyleGenerator]
2025-04-10T16:27:59.162-03:00 DEBUG 4852 --- [lojainfo] [           main] org.hibernate.orm.idgen.factory          : Registering IdentifierGenerator strategy [increment] -> [org.hibernate.id.IncrementGenerator]
2025-04-10T16:27:59.162-03:00 DEBUG 4852 --- [lojainfo] [           main] org.hibernate.orm.idgen.factory          : Registering IdentifierGenerator strategy [foreign] -> [org.hibernate.id.ForeignGenerator]
2025-04-10T16:27:59.163-03:00 DEBUG 4852 --- [lojainfo] [           main] org.hibernate.orm.idgen.factory          : Registering IdentifierGenerator strategy [enhanced-sequence] -> [org.hibernate.id.enhanced.SequenceStyleGenerator]
2025-04-10T16:27:59.167-03:00 DEBUG 4852 --- [lojainfo] [           main] org.hibernate.orm.idgen.factory          : Registering IdentifierGenerator strategy [enhanced-table] -> [org.hibernate.id.enhanced.TableGenerator]
2025-04-10T16:27:59.185-03:00 DEBUG 4852 --- [lojainfo] [           main] o.h.c.internal.RegionFactoryInitiator    : Cannot default RegionFactory based on registered strategies as `[]` RegionFactory strategies were registered
2025-04-10T16:27:59.186-03:00  INFO 4852 --- [lojainfo] [           main] o.h.c.internal.RegionFactoryInitiator    : HHH000026: Second-level cache disabled
2025-04-10T16:27:59.465-03:00 DEBUG 4852 --- [lojainfo] [           main] org.hibernate.type.BasicTypeRegistry     : Adding type registration boolean -> org.hibernate.type.BasicTypeReference@15e1f8fe
2025-04-10T16:27:59.465-03:00 DEBUG 4852 --- [lojainfo] [           main] org.hibernate.type.BasicTypeRegistry     : Adding type registration boolean -> org.hibernate.type.BasicTypeReference@15e1f8fe
2025-04-10T16:27:59.466-03:00 DEBUG 4852 --- [lojainfo] [           main] org.hibernate.type.BasicTypeRegistry     : Adding type registration java.lang.Boolean -> org.hibernate.type.BasicTypeReference@15e1f8fe
2025-04-10T16:27:59.466-03:00 DEBUG 4852 --- [lojainfo] [           main] org.hibernate.type.BasicTypeRegistry     : Adding type registration numeric_boolean -> org.hibernate.type.BasicTypeReference@110b7837
2025-04-10T16:27:59.466-03:00 DEBUG 4852 --- [lojainfo] [           main] org.hibernate.type.BasicTypeRegistry     : Adding type registration org.hibernate.type.NumericBooleanConverter -> org.hibernate.type.BasicTypeReference@110b7837
2025-04-10T16:27:59.466-03:00 DEBUG 4852 --- [lojainfo] [           main] org.hibernate.type.BasicTypeRegistry     : Adding type registration true_false -> org.hibernate.type.BasicTypeReference@6ee88e21
2025-04-10T16:27:59.466-03:00 DEBUG 4852 --- [lojainfo] [           main] org.hibernate.type.BasicTypeRegistry     : Adding type registration org.hibernate.type.TrueFalseConverter -> org.hibernate.type.BasicTypeReference@6ee88e21
2025-04-10T16:27:59.466-03:00 DEBUG 4852 --- [lojainfo] [           main] org.hibernate.type.BasicTypeRegistry     : Adding type registration yes_no -> org.hibernate.type.BasicTypeReference@78d23d6a
2025-04-10T16:27:59.466-03:00 DEBUG 4852 --- [lojainfo] [           main] org.hibernate.type.BasicTypeRegistry     : Adding type registration org.hibernate.type.YesNoConverter -> org.hibernate.type.BasicTypeReference@78d23d6a
2025-04-10T16:27:59.466-03:00 DEBUG 4852 --- [lojainfo] [           main] org.hibernate.type.BasicTypeRegistry     : Adding type registration byte -> org.hibernate.type.BasicTypeReference@626e0c86
2025-04-10T16:27:59.466-03:00 DEBUG 4852 --- [lojainfo] [           main] org.hibernate.type.BasicTypeRegistry     : Adding type registration byte -> org.hibernate.type.BasicTypeReference@626e0c86
2025-04-10T16:27:59.466-03:00 DEBUG 4852 --- [lojainfo] [           main] org.hibernate.type.BasicTypeRegistry     : Adding type registration java.lang.Byte -> org.hibernate.type.BasicTypeReference@626e0c86
2025-04-10T16:27:59.466-03:00 DEBUG 4852 --- [lojainfo] [           main] org.hibernate.type.BasicTypeRegistry     : Adding type registration binary -> org.hibernate.type.BasicTypeReference@28ee0a3c
2025-04-10T16:27:59.467-03:00 DEBUG 4852 --- [lojainfo] [           main] org.hibernate.type.BasicTypeRegistry     : Adding type registration byte[] -> org.hibernate.type.BasicTypeReference@28ee0a3c
2025-04-10T16:27:59.467-03:00 DEBUG 4852 --- [lojainfo] [           main] org.hibernate.type.BasicTypeRegistry     : Adding type registration [B -> org.hibernate.type.BasicTypeReference@28ee0a3c
2025-04-10T16:27:59.467-03:00 DEBUG 4852 --- [lojainfo] [           main] org.hibernate.type.BasicTypeRegistry     : Adding type registration binary_wrapper -> org.hibernate.type.BasicTypeReference@2dd1086
2025-04-10T16:27:59.467-03:00 DEBUG 4852 --- [lojainfo] [           main] org.hibernate.type.BasicTypeRegistry     : Adding type registration wrapper-binary -> org.hibernate.type.BasicTypeReference@2dd1086
2025-04-10T16:27:59.467-03:00 DEBUG 4852 --- [lojainfo] [           main] org.hibernate.type.BasicTypeRegistry     : Adding type registration image -> org.hibernate.type.BasicTypeReference@6b8d54da
2025-04-10T16:27:59.467-03:00 DEBUG 4852 --- [lojainfo] [           main] org.hibernate.type.BasicTypeRegistry     : Adding type registration blob -> org.hibernate.type.BasicTypeReference@79957f11
2025-04-10T16:27:59.467-03:00 DEBUG 4852 --- [lojainfo] [           main] org.hibernate.type.BasicTypeRegistry     : Adding type registration java.sql.Blob -> org.hibernate.type.BasicTypeReference@79957f11
2025-04-10T16:27:59.467-03:00 DEBUG 4852 --- [lojainfo] [           main] org.hibernate.type.BasicTypeRegistry     : Adding type registration materialized_blob -> org.hibernate.type.BasicTypeReference@217235f5
2025-04-10T16:27:59.467-03:00 DEBUG 4852 --- [lojainfo] [           main] org.hibernate.type.BasicTypeRegistry     : Adding type registration materialized_blob_wrapper -> org.hibernate.type.BasicTypeReference@4b41587d
2025-04-10T16:27:59.467-03:00 DEBUG 4852 --- [lojainfo] [           main] org.hibernate.type.BasicTypeRegistry     : Adding type registration short -> org.hibernate.type.BasicTypeReference@4aebee4b
2025-04-10T16:27:59.468-03:00 DEBUG 4852 --- [lojainfo] [           main] org.hibernate.type.BasicTypeRegistry     : Adding type registration short -> org.hibernate.type.BasicTypeReference@4aebee4b
2025-04-10T16:27:59.468-03:00 DEBUG 4852 --- [lojainfo] [           main] org.hibernate.type.BasicTypeRegistry     : Adding type registration java.lang.Short -> org.hibernate.type.BasicTypeReference@4aebee4b
2025-04-10T16:27:59.468-03:00 DEBUG 4852 --- [lojainfo] [           main] org.hibernate.type.BasicTypeRegistry     : Adding type registration integer -> org.hibernate.type.BasicTypeReference@18d47df0
2025-04-10T16:27:59.468-03:00 DEBUG 4852 --- [lojainfo] [           main] org.hibernate.type.BasicTypeRegistry     : Adding type registration int -> org.hibernate.type.BasicTypeReference@18d47df0
2025-04-10T16:27:59.468-03:00 DEBUG 4852 --- [lojainfo] [           main] org.hibernate.type.BasicTypeRegistry     : Adding type registration java.lang.Integer -> org.hibernate.type.BasicTypeReference@18d47df0
2025-04-10T16:27:59.469-03:00 DEBUG 4852 --- [lojainfo] [           main] org.hibernate.type.BasicTypeRegistry     : Adding type registration long -> org.hibernate.type.BasicTypeReference@28393e82
2025-04-10T16:27:59.470-03:00 DEBUG 4852 --- [lojainfo] [           main] org.hibernate.type.BasicTypeRegistry     : Adding type registration long -> org.hibernate.type.BasicTypeReference@28393e82
2025-04-10T16:27:59.470-03:00 DEBUG 4852 --- [lojainfo] [           main] org.hibernate.type.BasicTypeRegistry     : Adding type registration java.lang.Long -> org.hibernate.type.BasicTypeReference@28393e82
2025-04-10T16:27:59.471-03:00 DEBUG 4852 --- [lojainfo] [           main] org.hibernate.type.BasicTypeRegistry     : Adding type registration float -> org.hibernate.type.BasicTypeReference@697a0948
2025-04-10T16:27:59.471-03:00 DEBUG 4852 --- [lojainfo] [           main] org.hibernate.type.BasicTypeRegistry     : Adding type registration float -> org.hibernate.type.BasicTypeReference@697a0948
2025-04-10T16:27:59.471-03:00 DEBUG 4852 --- [lojainfo] [           main] org.hibernate.type.BasicTypeRegistry     : Adding type registration java.lang.Float -> org.hibernate.type.BasicTypeReference@697a0948
2025-04-10T16:27:59.471-03:00 DEBUG 4852 --- [lojainfo] [           main] org.hibernate.type.BasicTypeRegistry     : Adding type registration double -> org.hibernate.type.BasicTypeReference@7cf63b9a
2025-04-10T16:27:59.471-03:00 DEBUG 4852 --- [lojainfo] [           main] org.hibernate.type.BasicTypeRegistry     : Adding type registration double -> org.hibernate.type.BasicTypeReference@7cf63b9a
2025-04-10T16:27:59.472-03:00 DEBUG 4852 --- [lojainfo] [           main] org.hibernate.type.BasicTypeRegistry     : Adding type registration java.lang.Double -> org.hibernate.type.BasicTypeReference@7cf63b9a
2025-04-10T16:27:59.472-03:00 DEBUG 4852 --- [lojainfo] [           main] org.hibernate.type.BasicTypeRegistry     : Adding type registration big_integer -> org.hibernate.type.BasicTypeReference@4776e209
2025-04-10T16:27:59.472-03:00 DEBUG 4852 --- [lojainfo] [           main] org.hibernate.type.BasicTypeRegistry     : Adding type registration java.math.BigInteger -> org.hibernate.type.BasicTypeReference@4776e209
2025-04-10T16:27:59.472-03:00 DEBUG 4852 --- [lojainfo] [           main] org.hibernate.type.BasicTypeRegistry     : Adding type registration big_decimal -> org.hibernate.type.BasicTypeReference@265a094b
2025-04-10T16:27:59.472-03:00 DEBUG 4852 --- [lojainfo] [           main] org.hibernate.type.BasicTypeRegistry     : Adding type registration java.math.BigDecimal -> org.hibernate.type.BasicTypeReference@265a094b
2025-04-10T16:27:59.473-03:00 DEBUG 4852 --- [lojainfo] [           main] org.hibernate.type.BasicTypeRegistry     : Adding type registration character -> org.hibernate.type.BasicTypeReference@1f536481
2025-04-10T16:27:59.473-03:00 DEBUG 4852 --- [lojainfo] [           main] org.hibernate.type.BasicTypeRegistry     : Adding type registration char -> org.hibernate.type.BasicTypeReference@1f536481
2025-04-10T16:27:59.473-03:00 DEBUG 4852 --- [lojainfo] [           main] org.hibernate.type.BasicTypeRegistry     : Adding type registration java.lang.Character -> org.hibernate.type.BasicTypeReference@1f536481
2025-04-10T16:27:59.473-03:00 DEBUG 4852 --- [lojainfo] [           main] org.hibernate.type.BasicTypeRegistry     : Adding type registration character_nchar -> org.hibernate.type.BasicTypeReference@5234b61a
2025-04-10T16:27:59.474-03:00 DEBUG 4852 --- [lojainfo] [           main] org.hibernate.type.BasicTypeRegistry     : Adding type registration string -> org.hibernate.type.BasicTypeReference@22a260ff
2025-04-10T16:27:59.474-03:00 DEBUG 4852 --- [lojainfo] [           main] org.hibernate.type.BasicTypeRegistry     : Adding type registration java.lang.String -> org.hibernate.type.BasicTypeReference@22a260ff
2025-04-10T16:27:59.475-03:00 DEBUG 4852 --- [lojainfo] [           main] org.hibernate.type.BasicTypeRegistry     : Adding type registration nstring -> org.hibernate.type.BasicTypeReference@54c425b1
2025-04-10T16:27:59.475-03:00 DEBUG 4852 --- [lojainfo] [           main] org.hibernate.type.BasicTypeRegistry     : Adding type registration characters -> org.hibernate.type.BasicTypeReference@50b734c4
2025-04-10T16:27:59.475-03:00 DEBUG 4852 --- [lojainfo] [           main] org.hibernate.type.BasicTypeRegistry     : Adding type registration char[] -> org.hibernate.type.BasicTypeReference@50b734c4
2025-04-10T16:27:59.478-03:00 DEBUG 4852 --- [lojainfo] [           main] org.hibernate.type.BasicTypeRegistry     : Adding type registration [C -> org.hibernate.type.BasicTypeReference@50b734c4
2025-04-10T16:27:59.478-03:00 DEBUG 4852 --- [lojainfo] [           main] org.hibernate.type.BasicTypeRegistry     : Adding type registration wrapper-characters -> org.hibernate.type.BasicTypeReference@2744dcae
2025-04-10T16:27:59.478-03:00 DEBUG 4852 --- [lojainfo] [           main] org.hibernate.type.BasicTypeRegistry     : Adding type registration text -> org.hibernate.type.BasicTypeReference@16d0e521
2025-04-10T16:27:59.478-03:00 DEBUG 4852 --- [lojainfo] [           main] org.hibernate.type.BasicTypeRegistry     : Adding type registration ntext -> org.hibernate.type.BasicTypeReference@634ca3e7
2025-04-10T16:27:59.478-03:00 DEBUG 4852 --- [lojainfo] [           main] org.hibernate.type.BasicTypeRegistry     : Adding type registration clob -> org.hibernate.type.BasicTypeReference@ab4aa5e
2025-04-10T16:27:59.478-03:00 DEBUG 4852 --- [lojainfo] [           main] org.hibernate.type.BasicTypeRegistry     : Adding type registration java.sql.Clob -> org.hibernate.type.BasicTypeReference@ab4aa5e
2025-04-10T16:27:59.478-03:00 DEBUG 4852 --- [lojainfo] [           main] org.hibernate.type.BasicTypeRegistry     : Adding type registration nclob -> org.hibernate.type.BasicTypeReference@b14b60a
2025-04-10T16:27:59.478-03:00 DEBUG 4852 --- [lojainfo] [           main] org.hibernate.type.BasicTypeRegistry     : Adding type registration java.sql.NClob -> org.hibernate.type.BasicTypeReference@b14b60a
2025-04-10T16:27:59.478-03:00 DEBUG 4852 --- [lojainfo] [           main] org.hibernate.type.BasicTypeRegistry     : Adding type registration materialized_clob -> org.hibernate.type.BasicTypeReference@1a7cb3a4
2025-04-10T16:27:59.478-03:00 DEBUG 4852 --- [lojainfo] [           main] org.hibernate.type.BasicTypeRegistry     : Adding type registration materialized_clob_char_array -> org.hibernate.type.BasicTypeReference@1c297897
2025-04-10T16:27:59.478-03:00 DEBUG 4852 --- [lojainfo] [           main] org.hibernate.type.BasicTypeRegistry     : Adding type registration materialized_clob_character_array -> org.hibernate.type.BasicTypeReference@33e0c716
2025-04-10T16:27:59.478-03:00 DEBUG 4852 --- [lojainfo] [           main] org.hibernate.type.BasicTypeRegistry     : Adding type registration materialized_nclob -> org.hibernate.type.BasicTypeReference@1d6a8386
2025-04-10T16:27:59.478-03:00 DEBUG 4852 --- [lojainfo] [           main] org.hibernate.type.BasicTypeRegistry     : Adding type registration materialized_nclob_character_array -> org.hibernate.type.BasicTypeReference@6274f21c
2025-04-10T16:27:59.478-03:00 DEBUG 4852 --- [lojainfo] [           main] org.hibernate.type.BasicTypeRegistry     : Adding type registration materialized_nclob_char_array -> org.hibernate.type.BasicTypeReference@35cec305
2025-04-10T16:27:59.478-03:00 DEBUG 4852 --- [lojainfo] [           main] org.hibernate.type.BasicTypeRegistry     : Adding type registration Duration -> org.hibernate.type.BasicTypeReference@237add
2025-04-10T16:27:59.478-03:00 DEBUG 4852 --- [lojainfo] [           main] org.hibernate.type.BasicTypeRegistry     : Adding type registration java.time.Duration -> org.hibernate.type.BasicTypeReference@237add
2025-04-10T16:27:59.478-03:00 DEBUG 4852 --- [lojainfo] [           main] org.hibernate.type.BasicTypeRegistry     : Adding type registration LocalDateTime -> org.hibernate.type.BasicTypeReference@491cafec
2025-04-10T16:27:59.478-03:00 DEBUG 4852 --- [lojainfo] [           main] org.hibernate.type.BasicTypeRegistry     : Adding type registration java.time.LocalDateTime -> org.hibernate.type.BasicTypeReference@491cafec
2025-04-10T16:27:59.478-03:00 DEBUG 4852 --- [lojainfo] [           main] org.hibernate.type.BasicTypeRegistry     : Adding type registration LocalDate -> org.hibernate.type.BasicTypeReference@cbd40c1
2025-04-10T16:27:59.478-03:00 DEBUG 4852 --- [lojainfo] [           main] org.hibernate.type.BasicTypeRegistry     : Adding type registration java.time.LocalDate -> org.hibernate.type.BasicTypeReference@cbd40c1
2025-04-10T16:27:59.480-03:00 DEBUG 4852 --- [lojainfo] [           main] org.hibernate.type.BasicTypeRegistry     : Adding type registration LocalTime -> org.hibernate.type.BasicTypeReference@4fa86cb8
2025-04-10T16:27:59.480-03:00 DEBUG 4852 --- [lojainfo] [           main] org.hibernate.type.BasicTypeRegistry     : Adding type registration java.time.LocalTime -> org.hibernate.type.BasicTypeReference@4fa86cb8
2025-04-10T16:27:59.480-03:00 DEBUG 4852 --- [lojainfo] [           main] org.hibernate.type.BasicTypeRegistry     : Adding type registration OffsetDateTime -> org.hibernate.type.BasicTypeReference@54c60202
2025-04-10T16:27:59.480-03:00 DEBUG 4852 --- [lojainfo] [           main] org.hibernate.type.BasicTypeRegistry     : Adding type registration java.time.OffsetDateTime -> org.hibernate.type.BasicTypeReference@54c60202
2025-04-10T16:27:59.480-03:00 DEBUG 4852 --- [lojainfo] [           main] org.hibernate.type.BasicTypeRegistry     : Adding type registration OffsetDateTimeWithTimezone -> org.hibernate.type.BasicTypeReference@7889b4b9
2025-04-10T16:27:59.480-03:00 DEBUG 4852 --- [lojainfo] [           main] org.hibernate.type.BasicTypeRegistry     : Adding type registration OffsetDateTimeWithoutTimezone -> org.hibernate.type.BasicTypeReference@1e545821
2025-04-10T16:27:59.480-03:00 DEBUG 4852 --- [lojainfo] [           main] org.hibernate.type.BasicTypeRegistry     : Adding type registration OffsetTime -> org.hibernate.type.BasicTypeReference@12952aff
2025-04-10T16:27:59.480-03:00 DEBUG 4852 --- [lojainfo] [           main] org.hibernate.type.BasicTypeRegistry     : Adding type registration java.time.OffsetTime -> org.hibernate.type.BasicTypeReference@12952aff
2025-04-10T16:27:59.480-03:00 DEBUG 4852 --- [lojainfo] [           main] org.hibernate.type.BasicTypeRegistry     : Adding type registration OffsetTimeUtc -> org.hibernate.type.BasicTypeReference@76a7fcbd
2025-04-10T16:27:59.480-03:00 DEBUG 4852 --- [lojainfo] [           main] org.hibernate.type.BasicTypeRegistry     : Adding type registration OffsetTimeWithTimezone -> org.hibernate.type.BasicTypeReference@433ea2ac
2025-04-10T16:27:59.482-03:00 DEBUG 4852 --- [lojainfo] [           main] org.hibernate.type.BasicTypeRegistry     : Adding type registration OffsetTimeWithoutTimezone -> org.hibernate.type.BasicTypeReference@7f977fba
2025-04-10T16:27:59.482-03:00 DEBUG 4852 --- [lojainfo] [           main] org.hibernate.type.BasicTypeRegistry     : Adding type registration ZonedDateTime -> org.hibernate.type.BasicTypeReference@446e7065
2025-04-10T16:27:59.482-03:00 DEBUG 4852 --- [lojainfo] [           main] org.hibernate.type.BasicTypeRegistry     : Adding type registration java.time.ZonedDateTime -> org.hibernate.type.BasicTypeReference@446e7065
2025-04-10T16:27:59.484-03:00 DEBUG 4852 --- [lojainfo] [           main] org.hibernate.type.BasicTypeRegistry     : Adding type registration ZonedDateTimeWithTimezone -> org.hibernate.type.BasicTypeReference@d653e41
2025-04-10T16:27:59.484-03:00 DEBUG 4852 --- [lojainfo] [           main] org.hibernate.type.BasicTypeRegistry     : Adding type registration ZonedDateTimeWithoutTimezone -> org.hibernate.type.BasicTypeReference@3b78c683
2025-04-10T16:27:59.484-03:00 DEBUG 4852 --- [lojainfo] [           main] org.hibernate.type.BasicTypeRegistry     : Adding type registration date -> org.hibernate.type.BasicTypeReference@7f5614f9
2025-04-10T16:27:59.484-03:00 DEBUG 4852 --- [lojainfo] [           main] org.hibernate.type.BasicTypeRegistry     : Adding type registration java.sql.Date -> org.hibernate.type.BasicTypeReference@7f5614f9
2025-04-10T16:27:59.484-03:00 DEBUG 4852 --- [lojainfo] [           main] org.hibernate.type.BasicTypeRegistry     : Adding type registration time -> org.hibernate.type.BasicTypeReference@480cbe2e
2025-04-10T16:27:59.486-03:00 DEBUG 4852 --- [lojainfo] [           main] org.hibernate.type.BasicTypeRegistry     : Adding type registration java.sql.Time -> org.hibernate.type.BasicTypeReference@480cbe2e
2025-04-10T16:27:59.486-03:00 DEBUG 4852 --- [lojainfo] [           main] org.hibernate.type.BasicTypeRegistry     : Adding type registration timestamp -> org.hibernate.type.BasicTypeReference@6c3f1658
2025-04-10T16:27:59.486-03:00 DEBUG 4852 --- [lojainfo] [           main] org.hibernate.type.BasicTypeRegistry     : Adding type registration java.sql.Timestamp -> org.hibernate.type.BasicTypeReference@6c3f1658
2025-04-10T16:27:59.486-03:00 DEBUG 4852 --- [lojainfo] [           main] org.hibernate.type.BasicTypeRegistry     : Adding type registration java.util.Date -> org.hibernate.type.BasicTypeReference@6c3f1658
2025-04-10T16:27:59.486-03:00 DEBUG 4852 --- [lojainfo] [           main] org.hibernate.type.BasicTypeRegistry     : Adding type registration calendar -> org.hibernate.type.BasicTypeReference@110e9982
2025-04-10T16:27:59.486-03:00 DEBUG 4852 --- [lojainfo] [           main] org.hibernate.type.BasicTypeRegistry     : Adding type registration java.util.Calendar -> org.hibernate.type.BasicTypeReference@110e9982
2025-04-10T16:27:59.486-03:00 DEBUG 4852 --- [lojainfo] [           main] org.hibernate.type.BasicTypeRegistry     : Adding type registration java.util.GregorianCalendar -> org.hibernate.type.BasicTypeReference@110e9982
2025-04-10T16:27:59.486-03:00 DEBUG 4852 --- [lojainfo] [           main] org.hibernate.type.BasicTypeRegistry     : Adding type registration calendar_date -> org.hibernate.type.BasicTypeReference@5eb0a686
2025-04-10T16:27:59.486-03:00 DEBUG 4852 --- [lojainfo] [           main] org.hibernate.type.BasicTypeRegistry     : Adding type registration calendar_time -> org.hibernate.type.BasicTypeReference@73608eb0
2025-04-10T16:27:59.486-03:00 DEBUG 4852 --- [lojainfo] [           main] org.hibernate.type.BasicTypeRegistry     : Adding type registration instant -> org.hibernate.type.BasicTypeReference@67f9cb52
2025-04-10T16:27:59.486-03:00 DEBUG 4852 --- [lojainfo] [           main] org.hibernate.type.BasicTypeRegistry     : Adding type registration java.time.Instant -> org.hibernate.type.BasicTypeReference@67f9cb52
2025-04-10T16:27:59.486-03:00 DEBUG 4852 --- [lojainfo] [           main] org.hibernate.type.BasicTypeRegistry     : Adding type registration uuid -> org.hibernate.type.BasicTypeReference@2de9ca6
2025-04-10T16:27:59.486-03:00 DEBUG 4852 --- [lojainfo] [           main] org.hibernate.type.BasicTypeRegistry     : Adding type registration java.util.UUID -> org.hibernate.type.BasicTypeReference@2de9ca6
2025-04-10T16:27:59.486-03:00 DEBUG 4852 --- [lojainfo] [           main] org.hibernate.type.BasicTypeRegistry     : Adding type registration pg-uuid -> org.hibernate.type.BasicTypeReference@2de9ca6
2025-04-10T16:27:59.488-03:00 DEBUG 4852 --- [lojainfo] [           main] org.hibernate.type.BasicTypeRegistry     : Adding type registration uuid-binary -> org.hibernate.type.BasicTypeReference@59018eed
2025-04-10T16:27:59.488-03:00 DEBUG 4852 --- [lojainfo] [           main] org.hibernate.type.BasicTypeRegistry     : Adding type registration uuid-char -> org.hibernate.type.BasicTypeReference@2ee39e73
2025-04-10T16:27:59.488-03:00 DEBUG 4852 --- [lojainfo] [           main] org.hibernate.type.BasicTypeRegistry     : Adding type registration class -> org.hibernate.type.BasicTypeReference@76973a6
2025-04-10T16:27:59.488-03:00 DEBUG 4852 --- [lojainfo] [           main] org.hibernate.type.BasicTypeRegistry     : Adding type registration java.lang.Class -> org.hibernate.type.BasicTypeReference@76973a6
2025-04-10T16:27:59.488-03:00 DEBUG 4852 --- [lojainfo] [           main] org.hibernate.type.BasicTypeRegistry     : Adding type registration currency -> org.hibernate.type.BasicTypeReference@71a4f441
2025-04-10T16:27:59.488-03:00 DEBUG 4852 --- [lojainfo] [           main] org.hibernate.type.BasicTypeRegistry     : Adding type registration Currency -> org.hibernate.type.BasicTypeReference@71a4f441
2025-04-10T16:27:59.488-03:00 DEBUG 4852 --- [lojainfo] [           main] org.hibernate.type.BasicTypeRegistry     : Adding type registration java.util.Currency -> org.hibernate.type.BasicTypeReference@71a4f441
2025-04-10T16:27:59.488-03:00 DEBUG 4852 --- [lojainfo] [           main] org.hibernate.type.BasicTypeRegistry     : Adding type registration locale -> org.hibernate.type.BasicTypeReference@24876a7e
2025-04-10T16:27:59.488-03:00 DEBUG 4852 --- [lojainfo] [           main] org.hibernate.type.BasicTypeRegistry     : Adding type registration java.util.Locale -> org.hibernate.type.BasicTypeReference@24876a7e
2025-04-10T16:27:59.488-03:00 DEBUG 4852 --- [lojainfo] [           main] org.hibernate.type.BasicTypeRegistry     : Adding type registration serializable -> org.hibernate.type.BasicTypeReference@1625789b
2025-04-10T16:27:59.488-03:00 DEBUG 4852 --- [lojainfo] [           main] org.hibernate.type.BasicTypeRegistry     : Adding type registration java.io.Serializable -> org.hibernate.type.BasicTypeReference@1625789b
2025-04-10T16:27:59.488-03:00 DEBUG 4852 --- [lojainfo] [           main] org.hibernate.type.BasicTypeRegistry     : Adding type registration timezone -> org.hibernate.type.BasicTypeReference@5a1dddba
2025-04-10T16:27:59.488-03:00 DEBUG 4852 --- [lojainfo] [           main] org.hibernate.type.BasicTypeRegistry     : Adding type registration java.util.TimeZone -> org.hibernate.type.BasicTypeReference@5a1dddba
2025-04-10T16:27:59.488-03:00 DEBUG 4852 --- [lojainfo] [           main] org.hibernate.type.BasicTypeRegistry     : Adding type registration ZoneOffset -> org.hibernate.type.BasicTypeReference@c4d2c44
2025-04-10T16:27:59.488-03:00 DEBUG 4852 --- [lojainfo] [           main] org.hibernate.type.BasicTypeRegistry     : Adding type registration java.time.ZoneOffset -> org.hibernate.type.BasicTypeReference@c4d2c44
2025-04-10T16:27:59.488-03:00 DEBUG 4852 --- [lojainfo] [           main] org.hibernate.type.BasicTypeRegistry     : Adding type registration url -> org.hibernate.type.BasicTypeReference@13866329
2025-04-10T16:27:59.488-03:00 DEBUG 4852 --- [lojainfo] [           main] org.hibernate.type.BasicTypeRegistry     : Adding type registration java.net.URL -> org.hibernate.type.BasicTypeReference@13866329
2025-04-10T16:27:59.488-03:00 DEBUG 4852 --- [lojainfo] [           main] org.hibernate.type.BasicTypeRegistry     : Adding type registration vector -> org.hibernate.type.BasicTypeReference@2eda2062
2025-04-10T16:27:59.488-03:00 DEBUG 4852 --- [lojainfo] [           main] org.hibernate.type.BasicTypeRegistry     : Adding type registration row_version -> org.hibernate.type.BasicTypeReference@1a9ec80e
2025-04-10T16:27:59.496-03:00 DEBUG 4852 --- [lojainfo] [           main] org.hibernate.type.BasicTypeRegistry     : Adding type registration object -> org.hibernate.type.JavaObjectType@38a4e2b0
2025-04-10T16:27:59.496-03:00 DEBUG 4852 --- [lojainfo] [           main] org.hibernate.type.BasicTypeRegistry     : Adding type registration java.lang.Object -> org.hibernate.type.JavaObjectType@38a4e2b0
2025-04-10T16:27:59.497-03:00 DEBUG 4852 --- [lojainfo] [           main] org.hibernate.type.BasicTypeRegistry     : Adding type registration null -> org.hibernate.type.NullType@31b0f02
2025-04-10T16:27:59.498-03:00 DEBUG 4852 --- [lojainfo] [           main] org.hibernate.type.BasicTypeRegistry     : Adding type registration imm_date -> org.hibernate.type.BasicTypeReference@19ae2ee5
2025-04-10T16:27:59.498-03:00 DEBUG 4852 --- [lojainfo] [           main] org.hibernate.type.BasicTypeRegistry     : Adding type registration imm_time -> org.hibernate.type.BasicTypeReference@44b940a2
2025-04-10T16:27:59.498-03:00 DEBUG 4852 --- [lojainfo] [           main] org.hibernate.type.BasicTypeRegistry     : Adding type registration imm_timestamp -> org.hibernate.type.BasicTypeReference@34c53688
2025-04-10T16:27:59.498-03:00 DEBUG 4852 --- [lojainfo] [           main] org.hibernate.type.BasicTypeRegistry     : Adding type registration imm_calendar -> org.hibernate.type.BasicTypeReference@6ffd4c0d
2025-04-10T16:27:59.498-03:00 DEBUG 4852 --- [lojainfo] [           main] org.hibernate.type.BasicTypeRegistry     : Adding type registration imm_calendar_date -> org.hibernate.type.BasicTypeReference@74c9e11
2025-04-10T16:27:59.498-03:00 DEBUG 4852 --- [lojainfo] [           main] org.hibernate.type.BasicTypeRegistry     : Adding type registration imm_calendar_time -> org.hibernate.type.BasicTypeReference@9fe720a
2025-04-10T16:27:59.498-03:00 DEBUG 4852 --- [lojainfo] [           main] org.hibernate.type.BasicTypeRegistry     : Adding type registration imm_binary -> org.hibernate.type.BasicTypeReference@149274cb
2025-04-10T16:27:59.498-03:00 DEBUG 4852 --- [lojainfo] [           main] org.hibernate.type.BasicTypeRegistry     : Adding type registration imm_serializable -> org.hibernate.type.BasicTypeReference@118acf70
2025-04-10T16:27:59.505-03:00 DEBUG 4852 --- [lojainfo] [           main] o.h.boot.internal.BootstrapContextImpl   : Injecting JPA temp ClassLoader [org.springframework.instrument.classloading.SimpleThrowawayClassLoader@61037caf] into BootstrapContext; was [null]
2025-04-10T16:27:59.505-03:00 DEBUG 4852 --- [lojainfo] [           main] o.h.boot.internal.ClassLoaderAccessImpl  : ClassLoaderAccessImpl#injectTempClassLoader(org.springframework.instrument.classloading.SimpleThrowawayClassLoader@61037caf) [was null]
2025-04-10T16:27:59.506-03:00 DEBUG 4852 --- [lojainfo] [           main] o.h.boot.internal.BootstrapContextImpl   : Injecting ScanEnvironment [org.hibernate.jpa.boot.internal.StandardJpaScanEnvironmentImpl@7ca492d9] into BootstrapContext; was [null]
2025-04-10T16:27:59.507-03:00 DEBUG 4852 --- [lojainfo] [           main] o.h.boot.internal.BootstrapContextImpl   : Injecting ScanOptions [org.hibernate.boot.archive.scan.internal.StandardScanOptions@14fc9bd] into BootstrapContext; was [org.hibernate.boot.archive.scan.internal.StandardScanOptions@7ed49a7f]
2025-04-10T16:27:59.884-03:00  INFO 4852 --- [lojainfo] [           main] o.s.o.j.p.SpringPersistenceUnitInfo      : No LoadTimeWeaver setup: ignoring JPA class transformer
2025-04-10T16:27:59.886-03:00 DEBUG 4852 --- [lojainfo] [           main] o.h.boot.internal.BootstrapContextImpl   : Injecting JPA temp ClassLoader [null] into BootstrapContext; was [org.springframework.instrument.classloading.SimpleThrowawayClassLoader@61037caf]
2025-04-10T16:27:59.886-03:00 DEBUG 4852 --- [lojainfo] [           main] o.h.boot.internal.ClassLoaderAccessImpl  : ClassLoaderAccessImpl#injectTempClassLoader(null) [was org.springframework.instrument.classloading.SimpleThrowawayClassLoader@61037caf]
2025-04-10T16:27:59.934-03:00  INFO 4852 --- [lojainfo] [           main] com.zaxxer.hikari.HikariDataSource       : HikariPool-1 - Starting...
2025-04-10T16:28:00.362-03:00  INFO 4852 --- [lojainfo] [           main] com.zaxxer.hikari.pool.HikariPool        : HikariPool-1 - Added connection com.mysql.cj.jdbc.ConnectionImpl@5a82bc58
2025-04-10T16:28:00.365-03:00  INFO 4852 --- [lojainfo] [           main] com.zaxxer.hikari.HikariDataSource       : HikariPool-1 - Start completed.
2025-04-10T16:28:00.371-03:00 DEBUG 4852 --- [lojainfo] [           main] o.h.e.j.e.i.JdbcEnvironmentInitiator     : Database ->
	   name : MySQL
	version : 8.0.41
	  major : 8
	  minor : 0
2025-04-10T16:28:00.371-03:00 DEBUG 4852 --- [lojainfo] [           main] o.h.e.j.e.i.JdbcEnvironmentInitiator     : Driver ->
	   name : MySQL Connector/J
	version : mysql-connector-j-8.3.0 (Revision: 805f872a57875f311cb82487efcfb070411a3fa0)
	  major : 8
	  minor : 3
2025-04-10T16:28:00.372-03:00 DEBUG 4852 --- [lojainfo] [           main] o.h.e.j.e.i.JdbcEnvironmentInitiator     : JDBC version : 4.2
2025-04-10T16:28:00.436-03:00  WARN 4852 --- [lojainfo] [           main] org.hibernate.orm.deprecation            : HHH90000025: MySQLDialect does not need to be specified explicitly using 'hibernate.dialect' (remove the property setting and it will be selected by default)
2025-04-10T16:28:00.437-03:00 DEBUG 4852 --- [lojainfo] [           main] org.hibernate.orm.dialect                : HHH035001: Using dialect: org.hibernate.dialect.MySQLDialect, version: 8.0.41
2025-04-10T16:28:00.441-03:00 DEBUG 4852 --- [lojainfo] [           main] o.h.e.j.env.spi.IdentifierHelperBuilder  : JDBC driver metadata reported database stores quoted identifiers in more than one case
2025-04-10T16:28:00.443-03:00 DEBUG 4852 --- [lojainfo] [           main] o.h.e.j.env.spi.IdentifierHelperBuilder  : IdentifierCaseStrategy for both quoted and unquoted identifiers was set to the same strategy [LOWER]; that will likely lead to problems in schema update and validation if using quoted identifiers
2025-04-10T16:28:00.470-03:00 DEBUG 4852 --- [lojainfo] [           main] o.h.t.d.sql.spi.DdlTypeRegistry          : addDescriptor(12, org.hibernate.type.descriptor.sql.internal.CapacityDependentDdlType@7769d9b6) replaced previous registration(org.hibernate.type.descriptor.sql.internal.CapacityDependentDdlType@248d3a)
2025-04-10T16:28:00.471-03:00 DEBUG 4852 --- [lojainfo] [           main] o.h.t.d.sql.spi.DdlTypeRegistry          : addDescriptor(-9, org.hibernate.type.descriptor.sql.internal.CapacityDependentDdlType@3c71cf3e) replaced previous registration(org.hibernate.type.descriptor.sql.internal.CapacityDependentDdlType@636e4bf8)
2025-04-10T16:28:00.471-03:00 DEBUG 4852 --- [lojainfo] [           main] o.h.t.d.sql.spi.DdlTypeRegistry          : addDescriptor(-3, org.hibernate.type.descriptor.sql.internal.CapacityDependentDdlType@5af38a4a) replaced previous registration(org.hibernate.type.descriptor.sql.internal.CapacityDependentDdlType@7e1a9173)
2025-04-10T16:28:00.471-03:00 DEBUG 4852 --- [lojainfo] [           main] o.h.t.d.sql.spi.DdlTypeRegistry          : addDescriptor(4003, org.hibernate.type.descriptor.sql.internal.DdlTypeImpl@4ca0b9b1) replaced previous registration(org.hibernate.type.descriptor.sql.internal.DdlTypeImpl@5d800a56)
2025-04-10T16:28:00.471-03:00 DEBUG 4852 --- [lojainfo] [           main] o.h.t.d.sql.spi.DdlTypeRegistry          : addDescriptor(4001, org.hibernate.type.descriptor.sql.internal.DdlTypeImpl@1be77a76) replaced previous registration(org.hibernate.type.descriptor.sql.internal.DdlTypeImpl@315cf170)
2025-04-10T16:28:00.471-03:00 DEBUG 4852 --- [lojainfo] [           main] o.h.t.d.sql.spi.DdlTypeRegistry          : addDescriptor(4002, org.hibernate.type.descriptor.sql.internal.DdlTypeImpl@7878bbdb) replaced previous registration(org.hibernate.type.descriptor.sql.internal.DdlTypeImpl@25f7cc38)
2025-04-10T16:28:00.471-03:00 DEBUG 4852 --- [lojainfo] [           main] o.h.t.d.sql.spi.DdlTypeRegistry          : addDescriptor(2004, org.hibernate.type.descriptor.sql.internal.CapacityDependentDdlType@563263a) replaced previous registration(org.hibernate.type.descriptor.sql.internal.DdlTypeImpl@53e28097)
2025-04-10T16:28:00.472-03:00 DEBUG 4852 --- [lojainfo] [           main] o.h.t.d.sql.spi.DdlTypeRegistry          : addDescriptor(2005, org.hibernate.type.descriptor.sql.internal.CapacityDependentDdlType@6e794f53) replaced previous registration(org.hibernate.type.descriptor.sql.internal.DdlTypeImpl@75f4d8a8)
2025-04-10T16:28:00.472-03:00 DEBUG 4852 --- [lojainfo] [           main] o.h.t.d.sql.spi.DdlTypeRegistry          : addDescriptor(2011, org.hibernate.type.descriptor.sql.internal.CapacityDependentDdlType@69ba72da) replaced previous registration(org.hibernate.type.descriptor.sql.internal.DdlTypeImpl@2e1ba142)
2025-04-10T16:28:00.474-03:00 DEBUG 4852 --- [lojainfo] [           main] o.h.t.d.jdbc.spi.JdbcTypeRegistry        : addDescriptor(NCharTypeDescriptor) replaced previous registration(CharTypeDescriptor)
2025-04-10T16:28:00.475-03:00 DEBUG 4852 --- [lojainfo] [           main] o.h.t.d.jdbc.spi.JdbcTypeRegistry        : addDescriptor(NVarcharTypeDescriptor) replaced previous registration(VarcharTypeDescriptor)
2025-04-10T16:28:00.475-03:00 DEBUG 4852 --- [lojainfo] [           main] o.h.t.d.jdbc.spi.JdbcTypeRegistry        : addDescriptor(LongNVarcharTypeDescriptor) replaced previous registration(LongVarcharTypeDescriptor)
2025-04-10T16:28:00.478-03:00 DEBUG 4852 --- [lojainfo] [           main] o.h.t.d.jdbc.spi.JdbcTypeRegistry        : addDescriptor(NClobTypeDescriptor(DEFAULT)) replaced previous registration(ClobTypeDescriptor(DEFAULT))
2025-04-10T16:28:00.478-03:00 DEBUG 4852 --- [lojainfo] [           main] o.h.t.d.jdbc.spi.JdbcTypeRegistry        : addDescriptor(2005, ClobTypeDescriptor(STREAM_BINDING)) replaced previous registration(ClobTypeDescriptor(DEFAULT))
2025-04-10T16:28:00.486-03:00 DEBUG 4852 --- [lojainfo] [           main] org.hibernate.type.BasicTypeRegistry     : Adding type registration null -> org.hibernate.type.NullType@66b31d46
2025-04-10T16:28:00.486-03:00 DEBUG 4852 --- [lojainfo] [           main] org.hibernate.type.BasicTypeRegistry     : Type registration key [null] overrode previous entry : `org.hibernate.type.NullType@31b0f02`
2025-04-10T16:28:00.498-03:00 DEBUG 4852 --- [lojainfo] [           main] org.hibernate.type.BasicTypeRegistry     : Adding type registration org.hibernate.type.DurationType -> basicType@1(java.time.Duration,3015)
2025-04-10T16:28:00.498-03:00 DEBUG 4852 --- [lojainfo] [           main] org.hibernate.type.BasicTypeRegistry     : Adding type registration Duration -> basicType@1(java.time.Duration,3015)
2025-04-10T16:28:00.498-03:00 DEBUG 4852 --- [lojainfo] [           main] org.hibernate.type.BasicTypeRegistry     : Adding type registration java.time.Duration -> basicType@1(java.time.Duration,3015)
2025-04-10T16:28:00.503-03:00 DEBUG 4852 --- [lojainfo] [           main] org.hibernate.type.BasicTypeRegistry     : Adding type registration org.hibernate.type.OffsetDateTimeType -> basicType@2(java.time.OffsetDateTime,3003)
2025-04-10T16:28:00.503-03:00 DEBUG 4852 --- [lojainfo] [           main] org.hibernate.type.BasicTypeRegistry     : Adding type registration OffsetDateTime -> basicType@2(java.time.OffsetDateTime,3003)
2025-04-10T16:28:00.503-03:00 DEBUG 4852 --- [lojainfo] [           main] org.hibernate.type.BasicTypeRegistry     : Adding type registration java.time.OffsetDateTime -> basicType@2(java.time.OffsetDateTime,3003)
2025-04-10T16:28:00.503-03:00 DEBUG 4852 --- [lojainfo] [           main] org.hibernate.type.BasicTypeRegistry     : Adding type registration org.hibernate.type.ZonedDateTimeType -> basicType@3(java.time.ZonedDateTime,3003)
2025-04-10T16:28:00.503-03:00 DEBUG 4852 --- [lojainfo] [           main] org.hibernate.type.BasicTypeRegistry     : Adding type registration ZonedDateTime -> basicType@3(java.time.ZonedDateTime,3003)
2025-04-10T16:28:00.503-03:00 DEBUG 4852 --- [lojainfo] [           main] org.hibernate.type.BasicTypeRegistry     : Adding type registration java.time.ZonedDateTime -> basicType@3(java.time.ZonedDateTime,3003)
2025-04-10T16:28:00.504-03:00 DEBUG 4852 --- [lojainfo] [           main] org.hibernate.type.BasicTypeRegistry     : Adding type registration org.hibernate.type.OffsetTimeType -> basicType@4(java.time.OffsetTime,3007)
2025-04-10T16:28:00.504-03:00 DEBUG 4852 --- [lojainfo] [           main] org.hibernate.type.BasicTypeRegistry     : Adding type registration OffsetTime -> basicType@4(java.time.OffsetTime,3007)
2025-04-10T16:28:00.504-03:00 DEBUG 4852 --- [lojainfo] [           main] org.hibernate.type.BasicTypeRegistry     : Adding type registration java.time.OffsetTime -> basicType@4(java.time.OffsetTime,3007)
2025-04-10T16:28:00.506-03:00 DEBUG 4852 --- [lojainfo] [           main] o.h.type.spi.TypeConfiguration$Scope     : Scoping TypeConfiguration [org.hibernate.type.spi.TypeConfiguration@1aaf46e6] to MetadataBuildingContext [org.hibernate.boot.internal.MetadataBuildingContextRootImpl@391d28ea]
2025-04-10T16:28:00.575-03:00 DEBUG 4852 --- [lojainfo] [           main] o.h.boot.model.relational.Namespace      : Created database namespace [logicalName=Name{catalog=null, schema=null}, physicalName=Name{catalog=null, schema=null}]
2025-04-10T16:28:00.687-03:00 DEBUG 4852 --- [lojainfo] [           main] o.h.boot.model.internal.EntityBinder     : Binding entity from annotated class: com.senac.Projeto_Java_Gerenciamento_Loja_de_Informatica.Model.Cargo
2025-04-10T16:28:00.717-03:00 DEBUG 4852 --- [lojainfo] [           main] o.h.boot.model.internal.EntityBinder     : Import with entity name Cargo
2025-04-10T16:28:00.746-03:00 DEBUG 4852 --- [lojainfo] [           main] o.h.boot.model.internal.EntityBinder     : Bind entity com.senac.Projeto_Java_Gerenciamento_Loja_de_Informatica.Model.Cargo on table cargo
2025-04-10T16:28:00.759-03:00 DEBUG 4852 --- [lojainfo] [           main] o.h.boot.model.internal.AnnotatedColumn  : Binding column: AnnotatedDiscriminatorColumn(column='DTYPE')
2025-04-10T16:28:00.776-03:00 DEBUG 4852 --- [lojainfo] [           main] o.h.boot.model.internal.AnnotatedColumn  : Binding column: AnnotatedColumn()
2025-04-10T16:28:00.777-03:00 DEBUG 4852 --- [lojainfo] [           main] o.h.boot.internal.ClassLoaderAccessImpl  : Not known whether passed class name [com.senac.Projeto_Java_Gerenciamento_Loja_de_Informatica.Model.Cargo] is safe
2025-04-10T16:28:00.777-03:00 DEBUG 4852 --- [lojainfo] [           main] o.h.boot.internal.ClassLoaderAccessImpl  : No temp ClassLoader provided; using live ClassLoader for loading potentially unsafe class : com.senac.Projeto_Java_Gerenciamento_Loja_de_Informatica.Model.Cargo
2025-04-10T16:28:00.783-03:00 DEBUG 4852 --- [lojainfo] [           main] o.h.boot.model.internal.PropertyBinder   : MetadataSourceProcessor property id with lazy=false
2025-04-10T16:28:00.793-03:00 DEBUG 4852 --- [lojainfo] [           main] o.h.b.m.internal.AbstractPropertyHolder  : Attempting to locate auto-apply AttributeConverter for property [com.senac.Projeto_Java_Gerenciamento_Loja_de_Informatica.Model.Cargo:id]
2025-04-10T16:28:00.809-03:00 DEBUG 4852 --- [lojainfo] [           main] o.h.b.model.internal.BasicValueBinder    : building BasicValue for id
2025-04-10T16:28:00.812-03:00 DEBUG 4852 --- [lojainfo] [           main] org.hibernate.mapping.BasicValue         : Skipping column re-registration: cargo.id
2025-04-10T16:28:00.813-03:00 DEBUG 4852 --- [lojainfo] [           main] o.h.boot.model.internal.PropertyBinder   : Building property id
2025-04-10T16:28:00.818-03:00 DEBUG 4852 --- [lojainfo] [           main] o.h.boot.model.internal.BinderHelper     : #makeIdGenerator(BasicValue([Column(id)]), id, identity, , ...)
2025-04-10T16:28:00.819-03:00 DEBUG 4852 --- [lojainfo] [           main] o.h.boot.model.internal.AnnotatedColumn  : Binding column: AnnotatedColumn()
2025-04-10T16:28:00.819-03:00 DEBUG 4852 --- [lojainfo] [           main] o.h.boot.model.internal.PropertyBinder   : MetadataSourceProcessor property nome with lazy=false
2025-04-10T16:28:00.819-03:00 DEBUG 4852 --- [lojainfo] [           main] o.h.b.m.internal.AbstractPropertyHolder  : Attempting to locate auto-apply AttributeConverter for property [com.senac.Projeto_Java_Gerenciamento_Loja_de_Informatica.Model.Cargo:nome]
2025-04-10T16:28:00.819-03:00 DEBUG 4852 --- [lojainfo] [           main] o.h.b.model.internal.BasicValueBinder    : building BasicValue for nome
2025-04-10T16:28:00.819-03:00 DEBUG 4852 --- [lojainfo] [           main] org.hibernate.mapping.BasicValue         : Skipping column re-registration: cargo.nome
2025-04-10T16:28:00.819-03:00 DEBUG 4852 --- [lojainfo] [           main] o.h.boot.model.internal.PropertyBinder   : Building property nome
2025-04-10T16:28:00.819-03:00 DEBUG 4852 --- [lojainfo] [           main] o.h.b.r.c.i.ClassLoaderServiceImpl       : HHH000194: Package not found or no package-info.java: com.senac.Projeto_Java_Gerenciamento_Loja_de_Informatica.Model
2025-04-10T16:28:00.839-03:00 DEBUG 4852 --- [lojainfo] [           main] o.h.boot.model.internal.EntityBinder     : Binding entity from annotated class: com.senac.Projeto_Java_Gerenciamento_Loja_de_Informatica.Model.Categoria
2025-04-10T16:28:00.839-03:00 DEBUG 4852 --- [lojainfo] [           main] o.h.boot.model.internal.EntityBinder     : Import with entity name Categoria
2025-04-10T16:28:00.839-03:00 DEBUG 4852 --- [lojainfo] [           main] o.h.boot.model.internal.EntityBinder     : Bind entity com.senac.Projeto_Java_Gerenciamento_Loja_de_Informatica.Model.Categoria on table categoria
2025-04-10T16:28:00.839-03:00 DEBUG 4852 --- [lojainfo] [           main] o.h.boot.model.internal.AnnotatedColumn  : Binding column: AnnotatedDiscriminatorColumn(column='DTYPE')
2025-04-10T16:28:00.840-03:00 DEBUG 4852 --- [lojainfo] [           main] o.h.boot.model.internal.AnnotatedColumn  : Binding column: AnnotatedColumn()
2025-04-10T16:28:00.840-03:00 DEBUG 4852 --- [lojainfo] [           main] o.h.boot.internal.ClassLoaderAccessImpl  : Not known whether passed class name [com.senac.Projeto_Java_Gerenciamento_Loja_de_Informatica.Model.Categoria] is safe
2025-04-10T16:28:00.840-03:00 DEBUG 4852 --- [lojainfo] [           main] o.h.boot.internal.ClassLoaderAccessImpl  : No temp ClassLoader provided; using live ClassLoader for loading potentially unsafe class : com.senac.Projeto_Java_Gerenciamento_Loja_de_Informatica.Model.Categoria
2025-04-10T16:28:00.840-03:00 DEBUG 4852 --- [lojainfo] [           main] o.h.boot.model.internal.PropertyBinder   : MetadataSourceProcessor property id with lazy=false
2025-04-10T16:28:00.840-03:00 DEBUG 4852 --- [lojainfo] [           main] o.h.b.m.internal.AbstractPropertyHolder  : Attempting to locate auto-apply AttributeConverter for property [com.senac.Projeto_Java_Gerenciamento_Loja_de_Informatica.Model.Categoria:id]
2025-04-10T16:28:00.840-03:00 DEBUG 4852 --- [lojainfo] [           main] o.h.b.model.internal.BasicValueBinder    : building BasicValue for id
2025-04-10T16:28:00.841-03:00 DEBUG 4852 --- [lojainfo] [           main] org.hibernate.mapping.BasicValue         : Skipping column re-registration: categoria.id
2025-04-10T16:28:00.841-03:00 DEBUG 4852 --- [lojainfo] [           main] o.h.boot.model.internal.PropertyBinder   : Building property id
2025-04-10T16:28:00.841-03:00 DEBUG 4852 --- [lojainfo] [           main] o.h.boot.model.internal.BinderHelper     : #makeIdGenerator(BasicValue([Column(id)]), id, identity, , ...)
2025-04-10T16:28:00.841-03:00 DEBUG 4852 --- [lojainfo] [           main] o.h.boot.model.internal.AnnotatedColumn  : Binding column: AnnotatedColumn()
2025-04-10T16:28:00.841-03:00 DEBUG 4852 --- [lojainfo] [           main] o.h.boot.model.internal.PropertyBinder   : MetadataSourceProcessor property nome with lazy=false
2025-04-10T16:28:00.841-03:00 DEBUG 4852 --- [lojainfo] [           main] o.h.b.m.internal.AbstractPropertyHolder  : Attempting to locate auto-apply AttributeConverter for property [com.senac.Projeto_Java_Gerenciamento_Loja_de_Informatica.Model.Categoria:nome]
2025-04-10T16:28:00.841-03:00 DEBUG 4852 --- [lojainfo] [           main] o.h.b.model.internal.BasicValueBinder    : building BasicValue for nome
2025-04-10T16:28:00.841-03:00 DEBUG 4852 --- [lojainfo] [           main] org.hibernate.mapping.BasicValue         : Skipping column re-registration: categoria.nome
2025-04-10T16:28:00.841-03:00 DEBUG 4852 --- [lojainfo] [           main] o.h.boot.model.internal.PropertyBinder   : Building property nome
2025-04-10T16:28:00.842-03:00 DEBUG 4852 --- [lojainfo] [           main] o.h.b.r.c.i.ClassLoaderServiceImpl       : HHH000194: Package not found or no package-info.java: com.senac.Projeto_Java_Gerenciamento_Loja_de_Informatica.Model
2025-04-10T16:28:00.843-03:00 DEBUG 4852 --- [lojainfo] [           main] o.h.boot.model.internal.EntityBinder     : Binding entity from annotated class: com.senac.Projeto_Java_Gerenciamento_Loja_de_Informatica.Model.Cliente
2025-04-10T16:28:00.843-03:00 DEBUG 4852 --- [lojainfo] [           main] o.h.boot.model.internal.EntityBinder     : Import with entity name Cliente
2025-04-10T16:28:00.843-03:00 DEBUG 4852 --- [lojainfo] [           main] o.h.boot.model.internal.EntityBinder     : Bind entity com.senac.Projeto_Java_Gerenciamento_Loja_de_Informatica.Model.Cliente on table cliente
2025-04-10T16:28:00.843-03:00 DEBUG 4852 --- [lojainfo] [           main] o.h.boot.model.internal.AnnotatedColumn  : Binding column: AnnotatedDiscriminatorColumn(column='DTYPE')
2025-04-10T16:28:00.847-03:00 DEBUG 4852 --- [lojainfo] [           main] o.h.boot.model.internal.AnnotatedColumn  : Binding column: AnnotatedColumn()
2025-04-10T16:28:00.847-03:00 DEBUG 4852 --- [lojainfo] [           main] o.h.boot.internal.ClassLoaderAccessImpl  : Not known whether passed class name [com.senac.Projeto_Java_Gerenciamento_Loja_de_Informatica.Model.Cliente] is safe
2025-04-10T16:28:00.848-03:00 DEBUG 4852 --- [lojainfo] [           main] o.h.boot.internal.ClassLoaderAccessImpl  : No temp ClassLoader provided; using live ClassLoader for loading potentially unsafe class : com.senac.Projeto_Java_Gerenciamento_Loja_de_Informatica.Model.Cliente
2025-04-10T16:28:00.848-03:00 DEBUG 4852 --- [lojainfo] [           main] o.h.boot.model.internal.PropertyBinder   : MetadataSourceProcessor property id with lazy=false
2025-04-10T16:28:00.856-03:00 DEBUG 4852 --- [lojainfo] [           main] o.h.b.m.internal.AbstractPropertyHolder  : Attempting to locate auto-apply AttributeConverter for property [com.senac.Projeto_Java_Gerenciamento_Loja_de_Informatica.Model.Cliente:id]
2025-04-10T16:28:00.867-03:00 DEBUG 4852 --- [lojainfo] [           main] o.h.b.model.internal.BasicValueBinder    : building BasicValue for id
2025-04-10T16:28:00.867-03:00 DEBUG 4852 --- [lojainfo] [           main] org.hibernate.mapping.BasicValue         : Skipping column re-registration: cliente.id
2025-04-10T16:28:00.867-03:00 DEBUG 4852 --- [lojainfo] [           main] o.h.boot.model.internal.PropertyBinder   : Building property id
2025-04-10T16:28:00.867-03:00 DEBUG 4852 --- [lojainfo] [           main] o.h.boot.model.internal.BinderHelper     : #makeIdGenerator(BasicValue([Column(id)]), id, identity, , ...)
2025-04-10T16:28:00.871-03:00 DEBUG 4852 --- [lojainfo] [           main] o.h.boot.model.internal.AnnotatedColumn  : Binding column: AnnotatedColumn()
2025-04-10T16:28:00.871-03:00 DEBUG 4852 --- [lojainfo] [           main] o.h.boot.model.internal.PropertyBinder   : MetadataSourceProcessor property cpf with lazy=false
2025-04-10T16:28:00.871-03:00 DEBUG 4852 --- [lojainfo] [           main] o.h.b.m.internal.AbstractPropertyHolder  : Attempting to locate auto-apply AttributeConverter for property [com.senac.Projeto_Java_Gerenciamento_Loja_de_Informatica.Model.Cliente:cpf]
2025-04-10T16:28:00.871-03:00 DEBUG 4852 --- [lojainfo] [           main] o.h.b.model.internal.BasicValueBinder    : building BasicValue for cpf
2025-04-10T16:28:00.872-03:00 DEBUG 4852 --- [lojainfo] [           main] org.hibernate.mapping.BasicValue         : Skipping column re-registration: cliente.cpf
2025-04-10T16:28:00.872-03:00 DEBUG 4852 --- [lojainfo] [           main] o.h.boot.model.internal.PropertyBinder   : Building property cpf
2025-04-10T16:28:00.872-03:00 DEBUG 4852 --- [lojainfo] [           main] o.h.boot.model.internal.AnnotatedColumn  : Binding column: AnnotatedColumn()
2025-04-10T16:28:00.872-03:00 DEBUG 4852 --- [lojainfo] [           main] o.h.boot.model.internal.PropertyBinder   : MetadataSourceProcessor property email with lazy=false
2025-04-10T16:28:00.874-03:00 DEBUG 4852 --- [lojainfo] [           main] o.h.b.m.internal.AbstractPropertyHolder  : Attempting to locate auto-apply AttributeConverter for property [com.senac.Projeto_Java_Gerenciamento_Loja_de_Informatica.Model.Cliente:email]
2025-04-10T16:28:00.874-03:00 DEBUG 4852 --- [lojainfo] [           main] o.h.b.model.internal.BasicValueBinder    : building BasicValue for email
2025-04-10T16:28:00.874-03:00 DEBUG 4852 --- [lojainfo] [           main] org.hibernate.mapping.BasicValue         : Skipping column re-registration: cliente.email
2025-04-10T16:28:00.875-03:00 DEBUG 4852 --- [lojainfo] [           main] o.h.boot.model.internal.PropertyBinder   : Building property email
2025-04-10T16:28:00.876-03:00 DEBUG 4852 --- [lojainfo] [           main] o.h.boot.model.internal.AnnotatedColumn  : Binding column: AnnotatedColumn()
2025-04-10T16:28:00.890-03:00 DEBUG 4852 --- [lojainfo] [           main] o.h.boot.model.internal.PropertyBinder   : MetadataSourceProcessor property endereco with lazy=false
2025-04-10T16:28:00.890-03:00 DEBUG 4852 --- [lojainfo] [           main] o.h.b.m.internal.AbstractPropertyHolder  : Attempting to locate auto-apply AttributeConverter for property [com.senac.Projeto_Java_Gerenciamento_Loja_de_Informatica.Model.Cliente:endereco]
2025-04-10T16:28:00.890-03:00 DEBUG 4852 --- [lojainfo] [           main] o.h.b.model.internal.BasicValueBinder    : building BasicValue for endereco
2025-04-10T16:28:00.890-03:00 DEBUG 4852 --- [lojainfo] [           main] org.hibernate.mapping.BasicValue         : Skipping column re-registration: cliente.endereco
2025-04-10T16:28:00.890-03:00 DEBUG 4852 --- [lojainfo] [           main] o.h.boot.model.internal.PropertyBinder   : Building property endereco
2025-04-10T16:28:00.890-03:00 DEBUG 4852 --- [lojainfo] [           main] o.h.boot.model.internal.AnnotatedColumn  : Binding column: AnnotatedColumn()
2025-04-10T16:28:00.892-03:00 DEBUG 4852 --- [lojainfo] [           main] o.h.boot.model.internal.PropertyBinder   : MetadataSourceProcessor property nome with lazy=false
2025-04-10T16:28:00.892-03:00 DEBUG 4852 --- [lojainfo] [           main] o.h.b.m.internal.AbstractPropertyHolder  : Attempting to locate auto-apply AttributeConverter for property [com.senac.Projeto_Java_Gerenciamento_Loja_de_Informatica.Model.Cliente:nome]
2025-04-10T16:28:00.892-03:00 DEBUG 4852 --- [lojainfo] [           main] o.h.b.model.internal.BasicValueBinder    : building BasicValue for nome
2025-04-10T16:28:00.892-03:00 DEBUG 4852 --- [lojainfo] [           main] org.hibernate.mapping.BasicValue         : Skipping column re-registration: cliente.nome
2025-04-10T16:28:00.892-03:00 DEBUG 4852 --- [lojainfo] [           main] o.h.boot.model.internal.PropertyBinder   : Building property nome
2025-04-10T16:28:00.892-03:00 DEBUG 4852 --- [lojainfo] [           main] o.h.boot.model.internal.AnnotatedColumn  : Binding column: AnnotatedColumn()
2025-04-10T16:28:00.892-03:00 DEBUG 4852 --- [lojainfo] [           main] o.h.boot.model.internal.PropertyBinder   : MetadataSourceProcessor property telefone with lazy=false
2025-04-10T16:28:00.892-03:00 DEBUG 4852 --- [lojainfo] [           main] o.h.b.m.internal.AbstractPropertyHolder  : Attempting to locate auto-apply AttributeConverter for property [com.senac.Projeto_Java_Gerenciamento_Loja_de_Informatica.Model.Cliente:telefone]
2025-04-10T16:28:00.892-03:00 DEBUG 4852 --- [lojainfo] [           main] o.h.b.model.internal.BasicValueBinder    : building BasicValue for telefone
2025-04-10T16:28:00.892-03:00 DEBUG 4852 --- [lojainfo] [           main] org.hibernate.mapping.BasicValue         : Skipping column re-registration: cliente.telefone
2025-04-10T16:28:00.892-03:00 DEBUG 4852 --- [lojainfo] [           main] o.h.boot.model.internal.PropertyBinder   : Building property telefone
2025-04-10T16:28:00.892-03:00 DEBUG 4852 --- [lojainfo] [           main] o.h.boot.model.internal.AnnotatedColumn  : Binding column: AnnotatedColumn()
2025-04-10T16:28:00.894-03:00 DEBUG 4852 --- [lojainfo] [           main] o.h.boot.model.internal.PropertyBinder   : MetadataSourceProcessor property total_compras with lazy=false
2025-04-10T16:28:00.894-03:00 DEBUG 4852 --- [lojainfo] [           main] o.h.b.m.internal.AbstractPropertyHolder  : Attempting to locate auto-apply AttributeConverter for property [com.senac.Projeto_Java_Gerenciamento_Loja_de_Informatica.Model.Cliente:total_compras]
2025-04-10T16:28:00.894-03:00 DEBUG 4852 --- [lojainfo] [           main] o.h.b.model.internal.BasicValueBinder    : building BasicValue for total_compras
2025-04-10T16:28:00.894-03:00 DEBUG 4852 --- [lojainfo] [           main] org.hibernate.mapping.BasicValue         : Skipping column re-registration: cliente.total_compras
2025-04-10T16:28:00.894-03:00 DEBUG 4852 --- [lojainfo] [           main] o.h.boot.model.internal.PropertyBinder   : Building property total_compras
2025-04-10T16:28:00.894-03:00 DEBUG 4852 --- [lojainfo] [           main] o.h.b.r.c.i.ClassLoaderServiceImpl       : HHH000194: Package not found or no package-info.java: com.senac.Projeto_Java_Gerenciamento_Loja_de_Informatica.Model
2025-04-10T16:28:00.896-03:00 DEBUG 4852 --- [lojainfo] [           main] o.h.boot.model.internal.EntityBinder     : Binding entity from annotated class: com.senac.Projeto_Java_Gerenciamento_Loja_de_Informatica.Model.Devolucao
2025-04-10T16:28:00.899-03:00 DEBUG 4852 --- [lojainfo] [           main] o.h.boot.model.internal.EntityBinder     : Import with entity name Devolucao
2025-04-10T16:28:00.900-03:00 DEBUG 4852 --- [lojainfo] [           main] o.h.boot.model.internal.EntityBinder     : Bind entity com.senac.Projeto_Java_Gerenciamento_Loja_de_Informatica.Model.Devolucao on table devolucao
2025-04-10T16:28:00.900-03:00 DEBUG 4852 --- [lojainfo] [           main] o.h.boot.model.internal.AnnotatedColumn  : Binding column: AnnotatedDiscriminatorColumn(column='DTYPE')
2025-04-10T16:28:00.903-03:00 DEBUG 4852 --- [lojainfo] [           main] o.h.boot.model.internal.AnnotatedColumn  : Binding column: AnnotatedColumn()
2025-04-10T16:28:00.903-03:00 DEBUG 4852 --- [lojainfo] [           main] o.h.boot.internal.ClassLoaderAccessImpl  : Not known whether passed class name [com.senac.Projeto_Java_Gerenciamento_Loja_de_Informatica.Model.Devolucao] is safe
2025-04-10T16:28:00.903-03:00 DEBUG 4852 --- [lojainfo] [           main] o.h.boot.internal.ClassLoaderAccessImpl  : No temp ClassLoader provided; using live ClassLoader for loading potentially unsafe class : com.senac.Projeto_Java_Gerenciamento_Loja_de_Informatica.Model.Devolucao
2025-04-10T16:28:00.903-03:00 DEBUG 4852 --- [lojainfo] [           main] o.h.boot.model.internal.PropertyBinder   : MetadataSourceProcessor property id with lazy=false
2025-04-10T16:28:00.903-03:00 DEBUG 4852 --- [lojainfo] [           main] o.h.b.m.internal.AbstractPropertyHolder  : Attempting to locate auto-apply AttributeConverter for property [com.senac.Projeto_Java_Gerenciamento_Loja_de_Informatica.Model.Devolucao:id]
2025-04-10T16:28:00.903-03:00 DEBUG 4852 --- [lojainfo] [           main] o.h.b.model.internal.BasicValueBinder    : building BasicValue for id
2025-04-10T16:28:00.903-03:00 DEBUG 4852 --- [lojainfo] [           main] org.hibernate.mapping.BasicValue         : Skipping column re-registration: devolucao.id
2025-04-10T16:28:00.904-03:00 DEBUG 4852 --- [lojainfo] [           main] o.h.boot.model.internal.PropertyBinder   : Building property id
2025-04-10T16:28:00.904-03:00 DEBUG 4852 --- [lojainfo] [           main] o.h.boot.model.internal.BinderHelper     : #makeIdGenerator(BasicValue([Column(id)]), id, identity, , ...)
2025-04-10T16:28:00.904-03:00 DEBUG 4852 --- [lojainfo] [           main] o.h.boot.model.internal.AnnotatedColumn  : Binding column: AnnotatedColumn(column='codigo_produto')
2025-04-10T16:28:00.904-03:00 DEBUG 4852 --- [lojainfo] [           main] o.h.boot.model.internal.PropertyBinder   : MetadataSourceProcessor property codigoProduto with lazy=false
2025-04-10T16:28:00.904-03:00 DEBUG 4852 --- [lojainfo] [           main] o.h.b.m.internal.AbstractPropertyHolder  : Attempting to locate auto-apply AttributeConverter for property [com.senac.Projeto_Java_Gerenciamento_Loja_de_Informatica.Model.Devolucao:codigoProduto]
2025-04-10T16:28:00.906-03:00 DEBUG 4852 --- [lojainfo] [           main] o.h.b.model.internal.BasicValueBinder    : building BasicValue for codigoProduto
2025-04-10T16:28:00.906-03:00 DEBUG 4852 --- [lojainfo] [           main] org.hibernate.mapping.BasicValue         : Skipping column re-registration: devolucao.codigo_produto
2025-04-10T16:28:00.906-03:00 DEBUG 4852 --- [lojainfo] [           main] o.h.boot.model.internal.PropertyBinder   : Building property codigoProduto
2025-04-10T16:28:00.906-03:00 DEBUG 4852 --- [lojainfo] [           main] o.h.boot.model.internal.AnnotatedColumn  : Binding column: AnnotatedColumn()
2025-04-10T16:28:00.906-03:00 DEBUG 4852 --- [lojainfo] [           main] o.h.boot.model.internal.PropertyBinder   : MetadataSourceProcessor property data with lazy=false
2025-04-10T16:28:00.906-03:00 DEBUG 4852 --- [lojainfo] [           main] o.h.b.m.internal.AbstractPropertyHolder  : Attempting to locate auto-apply AttributeConverter for property [com.senac.Projeto_Java_Gerenciamento_Loja_de_Informatica.Model.Devolucao:data]
2025-04-10T16:28:00.906-03:00 DEBUG 4852 --- [lojainfo] [           main] o.h.b.model.internal.BasicValueBinder    : building BasicValue for data
2025-04-10T16:28:00.906-03:00 DEBUG 4852 --- [lojainfo] [           main] org.hibernate.mapping.BasicValue         : Skipping column re-registration: devolucao.data
2025-04-10T16:28:00.907-03:00 DEBUG 4852 --- [lojainfo] [           main] o.h.boot.model.internal.PropertyBinder   : Building property data
2025-04-10T16:28:00.907-03:00 DEBUG 4852 --- [lojainfo] [           main] o.h.boot.model.internal.AnnotatedColumn  : Binding column: AnnotatedColumn()
2025-04-10T16:28:00.907-03:00 DEBUG 4852 --- [lojainfo] [           main] o.h.boot.model.internal.PropertyBinder   : MetadataSourceProcessor property motivo with lazy=false
2025-04-10T16:28:00.908-03:00 DEBUG 4852 --- [lojainfo] [           main] o.h.b.m.internal.AbstractPropertyHolder  : Attempting to locate auto-apply AttributeConverter for property [com.senac.Projeto_Java_Gerenciamento_Loja_de_Informatica.Model.Devolucao:motivo]
2025-04-10T16:28:00.908-03:00 DEBUG 4852 --- [lojainfo] [           main] o.h.b.model.internal.BasicValueBinder    : building BasicValue for motivo
2025-04-10T16:28:00.908-03:00 DEBUG 4852 --- [lojainfo] [           main] org.hibernate.mapping.BasicValue         : Skipping column re-registration: devolucao.motivo
2025-04-10T16:28:00.908-03:00 DEBUG 4852 --- [lojainfo] [           main] o.h.boot.model.internal.PropertyBinder   : Building property motivo
2025-04-10T16:28:00.908-03:00 DEBUG 4852 --- [lojainfo] [           main] o.h.boot.model.internal.AnnotatedColumn  : Binding column: AnnotatedColumn()
2025-04-10T16:28:00.908-03:00 DEBUG 4852 --- [lojainfo] [           main] o.h.boot.model.internal.PropertyBinder   : MetadataSourceProcessor property nome_produto with lazy=false
2025-04-10T16:28:00.908-03:00 DEBUG 4852 --- [lojainfo] [           main] o.h.b.m.internal.AbstractPropertyHolder  : Attempting to locate auto-apply AttributeConverter for property [com.senac.Projeto_Java_Gerenciamento_Loja_de_Informatica.Model.Devolucao:nome_produto]
2025-04-10T16:28:00.908-03:00 DEBUG 4852 --- [lojainfo] [           main] o.h.b.model.internal.BasicValueBinder    : building BasicValue for nome_produto
2025-04-10T16:28:00.908-03:00 DEBUG 4852 --- [lojainfo] [           main] org.hibernate.mapping.BasicValue         : Skipping column re-registration: devolucao.nome_produto
2025-04-10T16:28:00.908-03:00 DEBUG 4852 --- [lojainfo] [           main] o.h.boot.model.internal.PropertyBinder   : Building property nome_produto
2025-04-10T16:28:00.908-03:00 DEBUG 4852 --- [lojainfo] [           main] o.h.boot.model.internal.AnnotatedColumn  : Binding column: AnnotatedColumn()
2025-04-10T16:28:00.908-03:00 DEBUG 4852 --- [lojainfo] [           main] o.h.boot.model.internal.PropertyBinder   : MetadataSourceProcessor property tipo with lazy=false
2025-04-10T16:28:00.908-03:00 DEBUG 4852 --- [lojainfo] [           main] o.h.b.m.internal.AbstractPropertyHolder  : Attempting to locate auto-apply AttributeConverter for property [com.senac.Projeto_Java_Gerenciamento_Loja_de_Informatica.Model.Devolucao:tipo]
2025-04-10T16:28:00.908-03:00 DEBUG 4852 --- [lojainfo] [           main] o.h.b.model.internal.BasicValueBinder    : building BasicValue for tipo
2025-04-10T16:28:00.908-03:00 DEBUG 4852 --- [lojainfo] [           main] org.hibernate.mapping.BasicValue         : Skipping column re-registration: devolucao.tipo
2025-04-10T16:28:00.909-03:00 DEBUG 4852 --- [lojainfo] [           main] o.h.boot.model.internal.PropertyBinder   : Building property tipo
2025-04-10T16:28:00.909-03:00 DEBUG 4852 --- [lojainfo] [           main] o.h.b.r.c.i.ClassLoaderServiceImpl       : HHH000194: Package not found or no package-info.java: com.senac.Projeto_Java_Gerenciamento_Loja_de_Informatica.Model
2025-04-10T16:28:00.909-03:00 DEBUG 4852 --- [lojainfo] [           main] o.h.boot.model.internal.EntityBinder     : Binding entity from annotated class: com.senac.Projeto_Java_Gerenciamento_Loja_de_Informatica.Model.Funcionario
2025-04-10T16:28:00.909-03:00 DEBUG 4852 --- [lojainfo] [           main] o.h.boot.model.internal.EntityBinder     : Import with entity name Funcionario
2025-04-10T16:28:00.909-03:00 DEBUG 4852 --- [lojainfo] [           main] o.h.boot.model.internal.EntityBinder     : Bind entity com.senac.Projeto_Java_Gerenciamento_Loja_de_Informatica.Model.Funcionario on table funcionario
2025-04-10T16:28:00.911-03:00 DEBUG 4852 --- [lojainfo] [           main] o.h.boot.model.internal.AnnotatedColumn  : Binding column: AnnotatedDiscriminatorColumn(column='DTYPE')
2025-04-10T16:28:00.915-03:00 DEBUG 4852 --- [lojainfo] [           main] o.h.boot.model.internal.AnnotatedColumn  : Binding column: AnnotatedColumn()
2025-04-10T16:28:00.916-03:00 DEBUG 4852 --- [lojainfo] [           main] o.h.boot.internal.ClassLoaderAccessImpl  : Not known whether passed class name [com.senac.Projeto_Java_Gerenciamento_Loja_de_Informatica.Model.Funcionario] is safe
2025-04-10T16:28:00.916-03:00 DEBUG 4852 --- [lojainfo] [           main] o.h.boot.internal.ClassLoaderAccessImpl  : No temp ClassLoader provided; using live ClassLoader for loading potentially unsafe class : com.senac.Projeto_Java_Gerenciamento_Loja_de_Informatica.Model.Funcionario
2025-04-10T16:28:00.916-03:00 DEBUG 4852 --- [lojainfo] [           main] o.h.boot.model.internal.PropertyBinder   : MetadataSourceProcessor property id with lazy=false
2025-04-10T16:28:00.916-03:00 DEBUG 4852 --- [lojainfo] [           main] o.h.b.m.internal.AbstractPropertyHolder  : Attempting to locate auto-apply AttributeConverter for property [com.senac.Projeto_Java_Gerenciamento_Loja_de_Informatica.Model.Funcionario:id]
2025-04-10T16:28:00.916-03:00 DEBUG 4852 --- [lojainfo] [           main] o.h.b.model.internal.BasicValueBinder    : building BasicValue for id
2025-04-10T16:28:00.916-03:00 DEBUG 4852 --- [lojainfo] [           main] org.hibernate.mapping.BasicValue         : Skipping column re-registration: funcionario.id
2025-04-10T16:28:00.916-03:00 DEBUG 4852 --- [lojainfo] [           main] o.h.boot.model.internal.PropertyBinder   : Building property id
2025-04-10T16:28:00.916-03:00 DEBUG 4852 --- [lojainfo] [           main] o.h.boot.model.internal.BinderHelper     : #makeIdGenerator(BasicValue([Column(id)]), id, identity, , ...)
2025-04-10T16:28:00.919-03:00 DEBUG 4852 --- [lojainfo] [           main] o.h.boot.model.internal.AnnotatedColumn  : Binding column: AnnotatedJoinColumn(column='cargo_id')
2025-04-10T16:28:00.919-03:00 DEBUG 4852 --- [lojainfo] [           main] o.h.boot.model.internal.AnnotatedColumn  : Binding column: AnnotatedColumn()
2025-04-10T16:28:00.919-03:00 DEBUG 4852 --- [lojainfo] [           main] o.h.boot.model.internal.PropertyBinder   : Building property cargo
2025-04-10T16:28:00.919-03:00 DEBUG 4852 --- [lojainfo] [           main] o.h.boot.model.internal.AnnotatedColumn  : Binding column: AnnotatedColumn()
2025-04-10T16:28:00.919-03:00 DEBUG 4852 --- [lojainfo] [           main] o.h.boot.model.internal.PropertyBinder   : MetadataSourceProcessor property cpf with lazy=false
2025-04-10T16:28:00.919-03:00 DEBUG 4852 --- [lojainfo] [           main] o.h.b.m.internal.AbstractPropertyHolder  : Attempting to locate auto-apply AttributeConverter for property [com.senac.Projeto_Java_Gerenciamento_Loja_de_Informatica.Model.Funcionario:cpf]
2025-04-10T16:28:00.919-03:00 DEBUG 4852 --- [lojainfo] [           main] o.h.b.model.internal.BasicValueBinder    : building BasicValue for cpf
2025-04-10T16:28:00.919-03:00 DEBUG 4852 --- [lojainfo] [           main] org.hibernate.mapping.BasicValue         : Skipping column re-registration: funcionario.cpf
2025-04-10T16:28:00.919-03:00 DEBUG 4852 --- [lojainfo] [           main] o.h.boot.model.internal.PropertyBinder   : Building property cpf
2025-04-10T16:28:00.919-03:00 DEBUG 4852 --- [lojainfo] [           main] o.h.boot.model.internal.AnnotatedColumn  : Binding column: AnnotatedColumn()
2025-04-10T16:28:00.919-03:00 DEBUG 4852 --- [lojainfo] [           main] o.h.boot.model.internal.PropertyBinder   : MetadataSourceProcessor property email with lazy=false
2025-04-10T16:28:00.919-03:00 DEBUG 4852 --- [lojainfo] [           main] o.h.b.m.internal.AbstractPropertyHolder  : Attempting to locate auto-apply AttributeConverter for property [com.senac.Projeto_Java_Gerenciamento_Loja_de_Informatica.Model.Funcionario:email]
2025-04-10T16:28:00.919-03:00 DEBUG 4852 --- [lojainfo] [           main] o.h.b.model.internal.BasicValueBinder    : building BasicValue for email
2025-04-10T16:28:00.919-03:00 DEBUG 4852 --- [lojainfo] [           main] org.hibernate.mapping.BasicValue         : Skipping column re-registration: funcionario.email
2025-04-10T16:28:00.919-03:00 DEBUG 4852 --- [lojainfo] [           main] o.h.boot.model.internal.PropertyBinder   : Building property email
2025-04-10T16:28:00.919-03:00 DEBUG 4852 --- [lojainfo] [           main] o.h.boot.model.internal.AnnotatedColumn  : Binding column: AnnotatedColumn()
2025-04-10T16:28:00.919-03:00 DEBUG 4852 --- [lojainfo] [           main] o.h.boot.model.internal.PropertyBinder   : MetadataSourceProcessor property endereco with lazy=false
2025-04-10T16:28:00.919-03:00 DEBUG 4852 --- [lojainfo] [           main] o.h.b.m.internal.AbstractPropertyHolder  : Attempting to locate auto-apply AttributeConverter for property [com.senac.Projeto_Java_Gerenciamento_Loja_de_Informatica.Model.Funcionario:endereco]
2025-04-10T16:28:00.919-03:00 DEBUG 4852 --- [lojainfo] [           main] o.h.b.model.internal.BasicValueBinder    : building BasicValue for endereco
2025-04-10T16:28:00.919-03:00 DEBUG 4852 --- [lojainfo] [           main] org.hibernate.mapping.BasicValue         : Skipping column re-registration: funcionario.endereco
2025-04-10T16:28:00.919-03:00 DEBUG 4852 --- [lojainfo] [           main] o.h.boot.model.internal.PropertyBinder   : Building property endereco
2025-04-10T16:28:00.919-03:00 DEBUG 4852 --- [lojainfo] [           main] o.h.boot.model.internal.AnnotatedColumn  : Binding column: AnnotatedColumn()
2025-04-10T16:28:00.919-03:00 DEBUG 4852 --- [lojainfo] [           main] o.h.boot.model.internal.PropertyBinder   : MetadataSourceProcessor property nome with lazy=false
2025-04-10T16:28:00.919-03:00 DEBUG 4852 --- [lojainfo] [           main] o.h.b.m.internal.AbstractPropertyHolder  : Attempting to locate auto-apply AttributeConverter for property [com.senac.Projeto_Java_Gerenciamento_Loja_de_Informatica.Model.Funcionario:nome]
2025-04-10T16:28:00.919-03:00 DEBUG 4852 --- [lojainfo] [           main] o.h.b.model.internal.BasicValueBinder    : building BasicValue for nome
2025-04-10T16:28:00.919-03:00 DEBUG 4852 --- [lojainfo] [           main] org.hibernate.mapping.BasicValue         : Skipping column re-registration: funcionario.nome
2025-04-10T16:28:00.919-03:00 DEBUG 4852 --- [lojainfo] [           main] o.h.boot.model.internal.PropertyBinder   : Building property nome
2025-04-10T16:28:00.919-03:00 DEBUG 4852 --- [lojainfo] [           main] o.h.boot.model.internal.AnnotatedColumn  : Binding column: AnnotatedColumn()
2025-04-10T16:28:00.919-03:00 DEBUG 4852 --- [lojainfo] [           main] o.h.boot.model.internal.PropertyBinder   : MetadataSourceProcessor property telefone with lazy=false
2025-04-10T16:28:00.919-03:00 DEBUG 4852 --- [lojainfo] [           main] o.h.b.m.internal.AbstractPropertyHolder  : Attempting to locate auto-apply AttributeConverter for property [com.senac.Projeto_Java_Gerenciamento_Loja_de_Informatica.Model.Funcionario:telefone]
2025-04-10T16:28:00.919-03:00 DEBUG 4852 --- [lojainfo] [           main] o.h.b.model.internal.BasicValueBinder    : building BasicValue for telefone
2025-04-10T16:28:00.919-03:00 DEBUG 4852 --- [lojainfo] [           main] org.hibernate.mapping.BasicValue         : Skipping column re-registration: funcionario.telefone
2025-04-10T16:28:00.919-03:00 DEBUG 4852 --- [lojainfo] [           main] o.h.boot.model.internal.PropertyBinder   : Building property telefone
2025-04-10T16:28:00.919-03:00 DEBUG 4852 --- [lojainfo] [           main] o.h.boot.model.internal.AnnotatedColumn  : Binding column: AnnotatedJoinColumn(column='usuario_id')
2025-04-10T16:28:00.930-03:00 DEBUG 4852 --- [lojainfo] [           main] o.h.boot.model.internal.AnnotatedColumn  : Binding column: AnnotatedColumn()
2025-04-10T16:28:00.930-03:00 DEBUG 4852 --- [lojainfo] [           main] o.h.boot.model.internal.PropertyBinder   : Building property usuario
2025-04-10T16:28:00.933-03:00 DEBUG 4852 --- [lojainfo] [           main] o.h.b.r.c.i.ClassLoaderServiceImpl       : HHH000194: Package not found or no package-info.java: com.senac.Projeto_Java_Gerenciamento_Loja_de_Informatica.Model
2025-04-10T16:28:00.935-03:00 DEBUG 4852 --- [lojainfo] [           main] o.h.boot.model.internal.EntityBinder     : Binding entity from annotated class: com.senac.Projeto_Java_Gerenciamento_Loja_de_Informatica.Model.Itens_venda
2025-04-10T16:28:00.936-03:00 DEBUG 4852 --- [lojainfo] [           main] o.h.boot.model.internal.EntityBinder     : Import with entity name Itens_venda
2025-04-10T16:28:00.936-03:00 DEBUG 4852 --- [lojainfo] [           main] o.h.boot.model.internal.EntityBinder     : Bind entity com.senac.Projeto_Java_Gerenciamento_Loja_de_Informatica.Model.Itens_venda on table itens_venda
2025-04-10T16:28:00.936-03:00 DEBUG 4852 --- [lojainfo] [           main] o.h.boot.model.internal.AnnotatedColumn  : Binding column: AnnotatedDiscriminatorColumn(column='DTYPE')
2025-04-10T16:28:00.937-03:00 DEBUG 4852 --- [lojainfo] [           main] o.h.boot.model.internal.AnnotatedColumn  : Binding column: AnnotatedColumn()
2025-04-10T16:28:00.937-03:00 DEBUG 4852 --- [lojainfo] [           main] o.h.boot.internal.ClassLoaderAccessImpl  : Not known whether passed class name [com.senac.Projeto_Java_Gerenciamento_Loja_de_Informatica.Model.Itens_venda] is safe
2025-04-10T16:28:00.937-03:00 DEBUG 4852 --- [lojainfo] [           main] o.h.boot.internal.ClassLoaderAccessImpl  : No temp ClassLoader provided; using live ClassLoader for loading potentially unsafe class : com.senac.Projeto_Java_Gerenciamento_Loja_de_Informatica.Model.Itens_venda
2025-04-10T16:28:00.937-03:00 DEBUG 4852 --- [lojainfo] [           main] o.h.boot.model.internal.PropertyBinder   : MetadataSourceProcessor property id with lazy=false
2025-04-10T16:28:00.937-03:00 DEBUG 4852 --- [lojainfo] [           main] o.h.b.m.internal.AbstractPropertyHolder  : Attempting to locate auto-apply AttributeConverter for property [com.senac.Projeto_Java_Gerenciamento_Loja_de_Informatica.Model.Itens_venda:id]
2025-04-10T16:28:00.937-03:00 DEBUG 4852 --- [lojainfo] [           main] o.h.b.model.internal.BasicValueBinder    : building BasicValue for id
2025-04-10T16:28:00.937-03:00 DEBUG 4852 --- [lojainfo] [           main] org.hibernate.mapping.BasicValue         : Skipping column re-registration: itens_venda.id
2025-04-10T16:28:00.937-03:00 DEBUG 4852 --- [lojainfo] [           main] o.h.boot.model.internal.PropertyBinder   : Building property id
2025-04-10T16:28:00.937-03:00 DEBUG 4852 --- [lojainfo] [           main] o.h.boot.model.internal.BinderHelper     : #makeIdGenerator(BasicValue([Column(id)]), id, identity, , ...)
2025-04-10T16:28:00.937-03:00 DEBUG 4852 --- [lojainfo] [           main] o.h.boot.model.internal.AnnotatedColumn  : Binding column: AnnotatedJoinColumn(column='produto_id')
2025-04-10T16:28:00.937-03:00 DEBUG 4852 --- [lojainfo] [           main] o.h.boot.model.internal.AnnotatedColumn  : Binding column: AnnotatedColumn()
2025-04-10T16:28:00.939-03:00 DEBUG 4852 --- [lojainfo] [           main] o.h.boot.model.internal.PropertyBinder   : Building property produto
2025-04-10T16:28:00.939-03:00 DEBUG 4852 --- [lojainfo] [           main] o.h.boot.model.internal.AnnotatedColumn  : Binding column: AnnotatedColumn()
2025-04-10T16:28:00.939-03:00 DEBUG 4852 --- [lojainfo] [           main] o.h.boot.model.internal.PropertyBinder   : MetadataSourceProcessor property quantidade with lazy=false
2025-04-10T16:28:00.939-03:00 DEBUG 4852 --- [lojainfo] [           main] o.h.b.m.internal.AbstractPropertyHolder  : Attempting to locate auto-apply AttributeConverter for property [com.senac.Projeto_Java_Gerenciamento_Loja_de_Informatica.Model.Itens_venda:quantidade]
2025-04-10T16:28:00.939-03:00 DEBUG 4852 --- [lojainfo] [           main] o.h.b.model.internal.BasicValueBinder    : building BasicValue for quantidade
2025-04-10T16:28:00.939-03:00 DEBUG 4852 --- [lojainfo] [           main] org.hibernate.mapping.BasicValue         : Skipping column re-registration: itens_venda.quantidade
2025-04-10T16:28:00.939-03:00 DEBUG 4852 --- [lojainfo] [           main] o.h.boot.model.internal.PropertyBinder   : Building property quantidade
2025-04-10T16:28:00.940-03:00 DEBUG 4852 --- [lojainfo] [           main] o.h.boot.model.internal.AnnotatedColumn  : Binding column: AnnotatedJoinColumn(column='venda_id')
2025-04-10T16:28:00.940-03:00 DEBUG 4852 --- [lojainfo] [           main] o.h.boot.model.internal.AnnotatedColumn  : Binding column: AnnotatedColumn()
2025-04-10T16:28:00.940-03:00 DEBUG 4852 --- [lojainfo] [           main] o.h.boot.model.internal.PropertyBinder   : Building property venda
2025-04-10T16:28:00.940-03:00 DEBUG 4852 --- [lojainfo] [           main] o.h.b.r.c.i.ClassLoaderServiceImpl       : HHH000194: Package not found or no package-info.java: com.senac.Projeto_Java_Gerenciamento_Loja_de_Informatica.Model
2025-04-10T16:28:00.942-03:00 DEBUG 4852 --- [lojainfo] [           main] o.h.boot.model.internal.EntityBinder     : Binding entity from annotated class: com.senac.Projeto_Java_Gerenciamento_Loja_de_Informatica.Model.Local_armazenamento
2025-04-10T16:28:00.942-03:00 DEBUG 4852 --- [lojainfo] [           main] o.h.boot.model.internal.EntityBinder     : Import with entity name Local_armazenamento
2025-04-10T16:28:00.942-03:00 DEBUG 4852 --- [lojainfo] [           main] o.h.boot.model.internal.EntityBinder     : Bind entity com.senac.Projeto_Java_Gerenciamento_Loja_de_Informatica.Model.Local_armazenamento on table local_armazenamento
2025-04-10T16:28:00.942-03:00 DEBUG 4852 --- [lojainfo] [           main] o.h.boot.model.internal.AnnotatedColumn  : Binding column: AnnotatedDiscriminatorColumn(column='DTYPE')
2025-04-10T16:28:00.942-03:00 DEBUG 4852 --- [lojainfo] [           main] o.h.boot.model.internal.AnnotatedColumn  : Binding column: AnnotatedColumn()
2025-04-10T16:28:00.942-03:00 DEBUG 4852 --- [lojainfo] [           main] o.h.boot.internal.ClassLoaderAccessImpl  : Not known whether passed class name [com.senac.Projeto_Java_Gerenciamento_Loja_de_Informatica.Model.Local_armazenamento] is safe
2025-04-10T16:28:00.942-03:00 DEBUG 4852 --- [lojainfo] [           main] o.h.boot.internal.ClassLoaderAccessImpl  : No temp ClassLoader provided; using live ClassLoader for loading potentially unsafe class : com.senac.Projeto_Java_Gerenciamento_Loja_de_Informatica.Model.Local_armazenamento
2025-04-10T16:28:00.942-03:00 DEBUG 4852 --- [lojainfo] [           main] o.h.boot.model.internal.PropertyBinder   : MetadataSourceProcessor property id with lazy=false
2025-04-10T16:28:00.942-03:00 DEBUG 4852 --- [lojainfo] [           main] o.h.b.m.internal.AbstractPropertyHolder  : Attempting to locate auto-apply AttributeConverter for property [com.senac.Projeto_Java_Gerenciamento_Loja_de_Informatica.Model.Local_armazenamento:id]
2025-04-10T16:28:00.942-03:00 DEBUG 4852 --- [lojainfo] [           main] o.h.b.model.internal.BasicValueBinder    : building BasicValue for id
2025-04-10T16:28:00.942-03:00 DEBUG 4852 --- [lojainfo] [           main] org.hibernate.mapping.BasicValue         : Skipping column re-registration: local_armazenamento.id
2025-04-10T16:28:00.944-03:00 DEBUG 4852 --- [lojainfo] [           main] o.h.boot.model.internal.PropertyBinder   : Building property id
2025-04-10T16:28:00.944-03:00 DEBUG 4852 --- [lojainfo] [           main] o.h.boot.model.internal.BinderHelper     : #makeIdGenerator(BasicValue([Column(id)]), id, identity, , ...)
2025-04-10T16:28:00.944-03:00 DEBUG 4852 --- [lojainfo] [           main] o.h.boot.model.internal.AnnotatedColumn  : Binding column: AnnotatedColumn(column='numero_local_prateleira')
2025-04-10T16:28:00.944-03:00 DEBUG 4852 --- [lojainfo] [           main] o.h.boot.model.internal.PropertyBinder   : MetadataSourceProcessor property numeroLocalPrateleira with lazy=false
2025-04-10T16:28:00.944-03:00 DEBUG 4852 --- [lojainfo] [           main] o.h.b.m.internal.AbstractPropertyHolder  : Attempting to locate auto-apply AttributeConverter for property [com.senac.Projeto_Java_Gerenciamento_Loja_de_Informatica.Model.Local_armazenamento:numeroLocalPrateleira]
2025-04-10T16:28:00.944-03:00 DEBUG 4852 --- [lojainfo] [           main] o.h.b.model.internal.BasicValueBinder    : building BasicValue for numeroLocalPrateleira
2025-04-10T16:28:00.944-03:00 DEBUG 4852 --- [lojainfo] [           main] org.hibernate.mapping.BasicValue         : Skipping column re-registration: local_armazenamento.numero_local_prateleira
2025-04-10T16:28:00.944-03:00 DEBUG 4852 --- [lojainfo] [           main] o.h.boot.model.internal.PropertyBinder   : Building property numeroLocalPrateleira
2025-04-10T16:28:00.944-03:00 DEBUG 4852 --- [lojainfo] [           main] o.h.boot.model.internal.AnnotatedColumn  : Binding column: AnnotatedColumn(column='numero_prateleira')
2025-04-10T16:28:00.944-03:00 DEBUG 4852 --- [lojainfo] [           main] o.h.boot.model.internal.PropertyBinder   : MetadataSourceProcessor property numeroPrateleira with lazy=false
2025-04-10T16:28:00.944-03:00 DEBUG 4852 --- [lojainfo] [           main] o.h.b.m.internal.AbstractPropertyHolder  : Attempting to locate auto-apply AttributeConverter for property [com.senac.Projeto_Java_Gerenciamento_Loja_de_Informatica.Model.Local_armazenamento:numeroPrateleira]
2025-04-10T16:28:00.944-03:00 DEBUG 4852 --- [lojainfo] [           main] o.h.b.model.internal.BasicValueBinder    : building BasicValue for numeroPrateleira
2025-04-10T16:28:00.944-03:00 DEBUG 4852 --- [lojainfo] [           main] org.hibernate.mapping.BasicValue         : Skipping column re-registration: local_armazenamento.numero_prateleira
2025-04-10T16:28:00.948-03:00 DEBUG 4852 --- [lojainfo] [           main] o.h.boot.model.internal.PropertyBinder   : Building property numeroPrateleira
2025-04-10T16:28:00.957-03:00 DEBUG 4852 --- [lojainfo] [           main] o.h.b.r.c.i.ClassLoaderServiceImpl       : HHH000194: Package not found or no package-info.java: com.senac.Projeto_Java_Gerenciamento_Loja_de_Informatica.Model
2025-04-10T16:28:00.958-03:00 DEBUG 4852 --- [lojainfo] [           main] o.h.boot.model.internal.EntityBinder     : Binding entity from annotated class: com.senac.Projeto_Java_Gerenciamento_Loja_de_Informatica.Model.Produto
2025-04-10T16:28:00.959-03:00 DEBUG 4852 --- [lojainfo] [           main] o.h.boot.model.internal.EntityBinder     : Import with entity name Produto
2025-04-10T16:28:00.959-03:00 DEBUG 4852 --- [lojainfo] [           main] o.h.boot.model.internal.EntityBinder     : Bind entity com.senac.Projeto_Java_Gerenciamento_Loja_de_Informatica.Model.Produto on table produto
2025-04-10T16:28:00.959-03:00 DEBUG 4852 --- [lojainfo] [           main] o.h.boot.model.internal.AnnotatedColumn  : Binding column: AnnotatedDiscriminatorColumn(column='DTYPE')
2025-04-10T16:28:00.960-03:00 DEBUG 4852 --- [lojainfo] [           main] o.h.boot.model.internal.AnnotatedColumn  : Binding column: AnnotatedColumn()
2025-04-10T16:28:00.960-03:00 DEBUG 4852 --- [lojainfo] [           main] o.h.boot.internal.ClassLoaderAccessImpl  : Not known whether passed class name [com.senac.Projeto_Java_Gerenciamento_Loja_de_Informatica.Model.Produto] is safe
2025-04-10T16:28:00.960-03:00 DEBUG 4852 --- [lojainfo] [           main] o.h.boot.internal.ClassLoaderAccessImpl  : No temp ClassLoader provided; using live ClassLoader for loading potentially unsafe class : com.senac.Projeto_Java_Gerenciamento_Loja_de_Informatica.Model.Produto
2025-04-10T16:28:00.961-03:00 DEBUG 4852 --- [lojainfo] [           main] o.h.boot.model.internal.PropertyBinder   : MetadataSourceProcessor property id with lazy=false
2025-04-10T16:28:00.961-03:00 DEBUG 4852 --- [lojainfo] [           main] o.h.b.m.internal.AbstractPropertyHolder  : Attempting to locate auto-apply AttributeConverter for property [com.senac.Projeto_Java_Gerenciamento_Loja_de_Informatica.Model.Produto:id]
2025-04-10T16:28:00.961-03:00 DEBUG 4852 --- [lojainfo] [           main] o.h.b.model.internal.BasicValueBinder    : building BasicValue for id
2025-04-10T16:28:00.961-03:00 DEBUG 4852 --- [lojainfo] [           main] org.hibernate.mapping.BasicValue         : Skipping column re-registration: produto.id
2025-04-10T16:28:00.962-03:00 DEBUG 4852 --- [lojainfo] [           main] o.h.boot.model.internal.PropertyBinder   : Building property id
2025-04-10T16:28:00.962-03:00 DEBUG 4852 --- [lojainfo] [           main] o.h.boot.model.internal.BinderHelper     : #makeIdGenerator(BasicValue([Column(id)]), id, identity, , ...)
2025-04-10T16:28:00.962-03:00 DEBUG 4852 --- [lojainfo] [           main] o.h.boot.model.internal.AnnotatedColumn  : Binding column: AnnotatedJoinColumn(column='categoria_id')
2025-04-10T16:28:00.962-03:00 DEBUG 4852 --- [lojainfo] [           main] o.h.boot.model.internal.AnnotatedColumn  : Binding column: AnnotatedColumn()
2025-04-10T16:28:00.962-03:00 DEBUG 4852 --- [lojainfo] [           main] o.h.boot.model.internal.PropertyBinder   : Building property categoria
2025-04-10T16:28:00.962-03:00 DEBUG 4852 --- [lojainfo] [           main] o.h.boot.model.internal.AnnotatedColumn  : Binding column: AnnotatedColumn()
2025-04-10T16:28:00.962-03:00 DEBUG 4852 --- [lojainfo] [           main] o.h.boot.model.internal.PropertyBinder   : MetadataSourceProcessor property codigoProduto with lazy=false
2025-04-10T16:28:00.962-03:00 DEBUG 4852 --- [lojainfo] [           main] o.h.b.m.internal.AbstractPropertyHolder  : Attempting to locate auto-apply AttributeConverter for property [com.senac.Projeto_Java_Gerenciamento_Loja_de_Informatica.Model.Produto:codigoProduto]
2025-04-10T16:28:00.962-03:00 DEBUG 4852 --- [lojainfo] [           main] o.h.b.model.internal.BasicValueBinder    : building BasicValue for codigoProduto
2025-04-10T16:28:00.962-03:00 DEBUG 4852 --- [lojainfo] [           main] org.hibernate.mapping.BasicValue         : Skipping column re-registration: produto.codigo_produto
2025-04-10T16:28:00.962-03:00 DEBUG 4852 --- [lojainfo] [           main] o.h.boot.model.internal.PropertyBinder   : Building property codigoProduto
2025-04-10T16:28:00.963-03:00 DEBUG 4852 --- [lojainfo] [           main] o.h.boot.model.internal.AnnotatedColumn  : Binding column: AnnotatedColumn()
2025-04-10T16:28:00.963-03:00 DEBUG 4852 --- [lojainfo] [           main] o.h.boot.model.internal.PropertyBinder   : MetadataSourceProcessor property cpf_cliente_devolucao with lazy=false
2025-04-10T16:28:00.963-03:00 DEBUG 4852 --- [lojainfo] [           main] o.h.b.m.internal.AbstractPropertyHolder  : Attempting to locate auto-apply AttributeConverter for property [com.senac.Projeto_Java_Gerenciamento_Loja_de_Informatica.Model.Produto:cpf_cliente_devolucao]
2025-04-10T16:28:00.963-03:00 DEBUG 4852 --- [lojainfo] [           main] o.h.b.model.internal.BasicValueBinder    : building BasicValue for cpf_cliente_devolucao
2025-04-10T16:28:00.963-03:00 DEBUG 4852 --- [lojainfo] [           main] org.hibernate.mapping.BasicValue         : Skipping column re-registration: produto.cpf_cliente_devolucao
2025-04-10T16:28:00.963-03:00 DEBUG 4852 --- [lojainfo] [           main] o.h.boot.model.internal.PropertyBinder   : Building property cpf_cliente_devolucao
2025-04-10T16:28:00.963-03:00 DEBUG 4852 --- [lojainfo] [           main] o.h.boot.model.internal.AnnotatedColumn  : Binding column: AnnotatedColumn(column='data_aquisicao')
2025-04-10T16:28:00.963-03:00 DEBUG 4852 --- [lojainfo] [           main] o.h.boot.model.internal.PropertyBinder   : MetadataSourceProcessor property dataAquisicao with lazy=false
2025-04-10T16:28:00.963-03:00 DEBUG 4852 --- [lojainfo] [           main] o.h.b.m.internal.AbstractPropertyHolder  : Attempting to locate auto-apply AttributeConverter for property [com.senac.Projeto_Java_Gerenciamento_Loja_de_Informatica.Model.Produto:dataAquisicao]
2025-04-10T16:28:00.963-03:00 DEBUG 4852 --- [lojainfo] [           main] o.h.b.model.internal.BasicValueBinder    : building BasicValue for dataAquisicao
2025-04-10T16:28:00.963-03:00 DEBUG 4852 --- [lojainfo] [           main] org.hibernate.mapping.BasicValue         : Skipping column re-registration: produto.data_aquisicao
2025-04-10T16:28:00.963-03:00 DEBUG 4852 --- [lojainfo] [           main] o.h.boot.model.internal.PropertyBinder   : Building property dataAquisicao
2025-04-10T16:28:00.963-03:00 DEBUG 4852 --- [lojainfo] [           main] o.h.boot.model.internal.AnnotatedColumn  : Binding column: AnnotatedColumn(column='descricao_tecnica')
2025-04-10T16:28:00.963-03:00 DEBUG 4852 --- [lojainfo] [           main] o.h.boot.model.internal.PropertyBinder   : MetadataSourceProcessor property descricaoTecnica with lazy=false
2025-04-10T16:28:00.963-03:00 DEBUG 4852 --- [lojainfo] [           main] o.h.b.m.internal.AbstractPropertyHolder  : Attempting to locate auto-apply AttributeConverter for property [com.senac.Projeto_Java_Gerenciamento_Loja_de_Informatica.Model.Produto:descricaoTecnica]
2025-04-10T16:28:00.963-03:00 DEBUG 4852 --- [lojainfo] [           main] o.h.b.model.internal.BasicValueBinder    : building BasicValue for descricaoTecnica
2025-04-10T16:28:00.963-03:00 DEBUG 4852 --- [lojainfo] [           main] org.hibernate.mapping.BasicValue         : Skipping column re-registration: produto.descricao_tecnica
2025-04-10T16:28:00.964-03:00 DEBUG 4852 --- [lojainfo] [           main] o.h.boot.model.internal.PropertyBinder   : Building property descricaoTecnica
2025-04-10T16:28:00.964-03:00 DEBUG 4852 --- [lojainfo] [           main] o.h.boot.model.internal.AnnotatedColumn  : Binding column: AnnotatedJoinColumn(column='devolucao_id')
2025-04-10T16:28:00.964-03:00 DEBUG 4852 --- [lojainfo] [           main] o.h.boot.model.internal.AnnotatedColumn  : Binding column: AnnotatedColumn()
2025-04-10T16:28:00.964-03:00 DEBUG 4852 --- [lojainfo] [           main] o.h.boot.model.internal.PropertyBinder   : Building property devolucao
2025-04-10T16:28:00.964-03:00 DEBUG 4852 --- [lojainfo] [           main] o.h.boot.model.internal.AnnotatedColumn  : Binding column: AnnotatedColumn()
2025-04-10T16:28:00.964-03:00 DEBUG 4852 --- [lojainfo] [           main] o.h.boot.model.internal.PropertyBinder   : MetadataSourceProcessor property fabricante with lazy=false
2025-04-10T16:28:00.964-03:00 DEBUG 4852 --- [lojainfo] [           main] o.h.b.m.internal.AbstractPropertyHolder  : Attempting to locate auto-apply AttributeConverter for property [com.senac.Projeto_Java_Gerenciamento_Loja_de_Informatica.Model.Produto:fabricante]
2025-04-10T16:28:00.964-03:00 DEBUG 4852 --- [lojainfo] [           main] o.h.b.model.internal.BasicValueBinder    : building BasicValue for fabricante
2025-04-10T16:28:00.964-03:00 DEBUG 4852 --- [lojainfo] [           main] org.hibernate.mapping.BasicValue         : Skipping column re-registration: produto.fabricante
2025-04-10T16:28:00.964-03:00 DEBUG 4852 --- [lojainfo] [           main] o.h.boot.model.internal.PropertyBinder   : Building property fabricante
2025-04-10T16:28:00.964-03:00 DEBUG 4852 --- [lojainfo] [           main] o.h.boot.model.internal.AnnotatedColumn  : Binding column: AnnotatedJoinColumn(column='local_de_armazenamento_id')
2025-04-10T16:28:00.964-03:00 DEBUG 4852 --- [lojainfo] [           main] o.h.boot.model.internal.AnnotatedColumn  : Binding column: AnnotatedColumn()
2025-04-10T16:28:00.964-03:00 DEBUG 4852 --- [lojainfo] [           main] o.h.boot.model.internal.PropertyBinder   : Building property localArmazenamento
2025-04-10T16:28:00.964-03:00 DEBUG 4852 --- [lojainfo] [           main] o.h.boot.model.internal.AnnotatedColumn  : Binding column: AnnotatedColumn()
2025-04-10T16:28:00.965-03:00 DEBUG 4852 --- [lojainfo] [           main] o.h.boot.model.internal.PropertyBinder   : MetadataSourceProcessor property modelo with lazy=false
2025-04-10T16:28:00.965-03:00 DEBUG 4852 --- [lojainfo] [           main] o.h.b.m.internal.AbstractPropertyHolder  : Attempting to locate auto-apply AttributeConverter for property [com.senac.Projeto_Java_Gerenciamento_Loja_de_Informatica.Model.Produto:modelo]
2025-04-10T16:28:00.965-03:00 DEBUG 4852 --- [lojainfo] [           main] o.h.b.model.internal.BasicValueBinder    : building BasicValue for modelo
2025-04-10T16:28:00.965-03:00 DEBUG 4852 --- [lojainfo] [           main] org.hibernate.mapping.BasicValue         : Skipping column re-registration: produto.modelo
2025-04-10T16:28:00.965-03:00 DEBUG 4852 --- [lojainfo] [           main] o.h.boot.model.internal.PropertyBinder   : Building property modelo
2025-04-10T16:28:00.965-03:00 DEBUG 4852 --- [lojainfo] [           main] o.h.boot.model.internal.AnnotatedColumn  : Binding column: AnnotatedColumn(column='nome_produto')
2025-04-10T16:28:00.965-03:00 DEBUG 4852 --- [lojainfo] [           main] o.h.boot.model.internal.PropertyBinder   : MetadataSourceProcessor property nomeProduto with lazy=false
2025-04-10T16:28:00.965-03:00 DEBUG 4852 --- [lojainfo] [           main] o.h.b.m.internal.AbstractPropertyHolder  : Attempting to locate auto-apply AttributeConverter for property [com.senac.Projeto_Java_Gerenciamento_Loja_de_Informatica.Model.Produto:nomeProduto]
2025-04-10T16:28:00.965-03:00 DEBUG 4852 --- [lojainfo] [           main] o.h.b.model.internal.BasicValueBinder    : building BasicValue for nomeProduto
2025-04-10T16:28:00.965-03:00 DEBUG 4852 --- [lojainfo] [           main] org.hibernate.mapping.BasicValue         : Skipping column re-registration: produto.nome_produto
2025-04-10T16:28:00.965-03:00 DEBUG 4852 --- [lojainfo] [           main] o.h.boot.model.internal.PropertyBinder   : Building property nomeProduto
2025-04-10T16:28:00.965-03:00 DEBUG 4852 --- [lojainfo] [           main] o.h.boot.model.internal.AnnotatedColumn  : Binding column: AnnotatedColumn(column='nota_fiscal')
2025-04-10T16:28:00.965-03:00 DEBUG 4852 --- [lojainfo] [           main] o.h.boot.model.internal.PropertyBinder   : MetadataSourceProcessor property notaFiscal with lazy=false
2025-04-10T16:28:00.965-03:00 DEBUG 4852 --- [lojainfo] [           main] o.h.b.m.internal.AbstractPropertyHolder  : Attempting to locate auto-apply AttributeConverter for property [com.senac.Projeto_Java_Gerenciamento_Loja_de_Informatica.Model.Produto:notaFiscal]
2025-04-10T16:28:00.967-03:00 DEBUG 4852 --- [lojainfo] [           main] o.h.b.model.internal.BasicValueBinder    : building BasicValue for notaFiscal
2025-04-10T16:28:00.967-03:00 DEBUG 4852 --- [lojainfo] [           main] org.hibernate.mapping.BasicValue         : Skipping column re-registration: produto.nota_fiscal
2025-04-10T16:28:00.967-03:00 DEBUG 4852 --- [lojainfo] [           main] o.h.boot.model.internal.PropertyBinder   : Building property notaFiscal
2025-04-10T16:28:00.967-03:00 DEBUG 4852 --- [lojainfo] [           main] o.h.boot.model.internal.AnnotatedColumn  : Binding column: AnnotatedColumn(column='quantidade_produto')
2025-04-10T16:28:00.967-03:00 DEBUG 4852 --- [lojainfo] [           main] o.h.boot.model.internal.PropertyBinder   : MetadataSourceProcessor property quantidadeProduto with lazy=false
2025-04-10T16:28:00.967-03:00 DEBUG 4852 --- [lojainfo] [           main] o.h.b.m.internal.AbstractPropertyHolder  : Attempting to locate auto-apply AttributeConverter for property [com.senac.Projeto_Java_Gerenciamento_Loja_de_Informatica.Model.Produto:quantidadeProduto]
2025-04-10T16:28:00.967-03:00 DEBUG 4852 --- [lojainfo] [           main] o.h.b.model.internal.BasicValueBinder    : building BasicValue for quantidadeProduto
2025-04-10T16:28:00.967-03:00 DEBUG 4852 --- [lojainfo] [           main] org.hibernate.mapping.BasicValue         : Skipping column re-registration: produto.quantidade_produto
2025-04-10T16:28:00.967-03:00 DEBUG 4852 --- [lojainfo] [           main] o.h.boot.model.internal.PropertyBinder   : Building property quantidadeProduto
2025-04-10T16:28:00.967-03:00 DEBUG 4852 --- [lojainfo] [           main] o.h.boot.model.internal.AnnotatedColumn  : Binding column: AnnotatedColumn(column='status_produto')
2025-04-10T16:28:00.967-03:00 DEBUG 4852 --- [lojainfo] [           main] o.h.boot.model.internal.PropertyBinder   : MetadataSourceProcessor property statusProduto with lazy=false
2025-04-10T16:28:00.967-03:00 DEBUG 4852 --- [lojainfo] [           main] o.h.b.m.internal.AbstractPropertyHolder  : Attempting to locate auto-apply AttributeConverter for property [com.senac.Projeto_Java_Gerenciamento_Loja_de_Informatica.Model.Produto:statusProduto]
2025-04-10T16:28:00.967-03:00 DEBUG 4852 --- [lojainfo] [           main] o.h.b.model.internal.BasicValueBinder    : building BasicValue for statusProduto
2025-04-10T16:28:00.967-03:00 DEBUG 4852 --- [lojainfo] [           main] org.hibernate.mapping.BasicValue         : Skipping column re-registration: produto.status_produto
2025-04-10T16:28:00.967-03:00 DEBUG 4852 --- [lojainfo] [           main] o.h.boot.model.internal.PropertyBinder   : Building property statusProduto
2025-04-10T16:28:00.975-03:00 DEBUG 4852 --- [lojainfo] [           main] o.h.boot.model.internal.AnnotatedColumn  : Binding column: AnnotatedJoinColumn(column='troca_id')
2025-04-10T16:28:00.975-03:00 DEBUG 4852 --- [lojainfo] [           main] o.h.boot.model.internal.AnnotatedColumn  : Binding column: AnnotatedColumn()
2025-04-10T16:28:00.975-03:00 DEBUG 4852 --- [lojainfo] [           main] o.h.boot.model.internal.PropertyBinder   : Building property troca
2025-04-10T16:28:00.979-03:00 DEBUG 4852 --- [lojainfo] [           main] o.h.boot.model.internal.AnnotatedColumn  : Binding column: AnnotatedColumn(column='valor_compra')
2025-04-10T16:28:00.979-03:00 DEBUG 4852 --- [lojainfo] [           main] o.h.boot.model.internal.PropertyBinder   : MetadataSourceProcessor property valorCompra with lazy=false
2025-04-10T16:28:00.979-03:00 DEBUG 4852 --- [lojainfo] [           main] o.h.b.m.internal.AbstractPropertyHolder  : Attempting to locate auto-apply AttributeConverter for property [com.senac.Projeto_Java_Gerenciamento_Loja_de_Informatica.Model.Produto:valorCompra]
2025-04-10T16:28:00.979-03:00 DEBUG 4852 --- [lojainfo] [           main] o.h.b.model.internal.BasicValueBinder    : building BasicValue for valorCompra
2025-04-10T16:28:00.979-03:00 DEBUG 4852 --- [lojainfo] [           main] org.hibernate.mapping.BasicValue         : Skipping column re-registration: produto.valor_compra
2025-04-10T16:28:00.979-03:00 DEBUG 4852 --- [lojainfo] [           main] o.h.boot.model.internal.PropertyBinder   : Building property valorCompra
2025-04-10T16:28:00.980-03:00 DEBUG 4852 --- [lojainfo] [           main] o.h.boot.model.internal.AnnotatedColumn  : Binding column: AnnotatedColumn(column='valor_venda')
2025-04-10T16:28:00.980-03:00 DEBUG 4852 --- [lojainfo] [           main] o.h.boot.model.internal.PropertyBinder   : MetadataSourceProcessor property valorVenda with lazy=false
2025-04-10T16:28:00.980-03:00 DEBUG 4852 --- [lojainfo] [           main] o.h.b.m.internal.AbstractPropertyHolder  : Attempting to locate auto-apply AttributeConverter for property [com.senac.Projeto_Java_Gerenciamento_Loja_de_Informatica.Model.Produto:valorVenda]
2025-04-10T16:28:00.980-03:00 DEBUG 4852 --- [lojainfo] [           main] o.h.b.model.internal.BasicValueBinder    : building BasicValue for valorVenda
2025-04-10T16:28:00.980-03:00 DEBUG 4852 --- [lojainfo] [           main] org.hibernate.mapping.BasicValue         : Skipping column re-registration: produto.valor_venda
2025-04-10T16:28:00.980-03:00 DEBUG 4852 --- [lojainfo] [           main] o.h.boot.model.internal.PropertyBinder   : Building property valorVenda
2025-04-10T16:28:00.981-03:00 DEBUG 4852 --- [lojainfo] [           main] o.h.b.r.c.i.ClassLoaderServiceImpl       : HHH000194: Package not found or no package-info.java: com.senac.Projeto_Java_Gerenciamento_Loja_de_Informatica.Model
2025-04-10T16:28:00.982-03:00 DEBUG 4852 --- [lojainfo] [           main] o.h.boot.model.internal.EntityBinder     : Binding entity from annotated class: com.senac.Projeto_Java_Gerenciamento_Loja_de_Informatica.Model.Troca
2025-04-10T16:28:00.982-03:00 DEBUG 4852 --- [lojainfo] [           main] o.h.boot.model.internal.EntityBinder     : Import with entity name Troca
2025-04-10T16:28:00.982-03:00 DEBUG 4852 --- [lojainfo] [           main] o.h.boot.model.internal.EntityBinder     : Bind entity com.senac.Projeto_Java_Gerenciamento_Loja_de_Informatica.Model.Troca on table troca
2025-04-10T16:28:00.983-03:00 DEBUG 4852 --- [lojainfo] [           main] o.h.boot.model.internal.AnnotatedColumn  : Binding column: AnnotatedDiscriminatorColumn(column='DTYPE')
2025-04-10T16:28:00.985-03:00 DEBUG 4852 --- [lojainfo] [           main] o.h.boot.model.internal.AnnotatedColumn  : Binding column: AnnotatedColumn()
2025-04-10T16:28:00.985-03:00 DEBUG 4852 --- [lojainfo] [           main] o.h.boot.internal.ClassLoaderAccessImpl  : Not known whether passed class name [com.senac.Projeto_Java_Gerenciamento_Loja_de_Informatica.Model.Troca] is safe
2025-04-10T16:28:00.985-03:00 DEBUG 4852 --- [lojainfo] [           main] o.h.boot.internal.ClassLoaderAccessImpl  : No temp ClassLoader provided; using live ClassLoader for loading potentially unsafe class : com.senac.Projeto_Java_Gerenciamento_Loja_de_Informatica.Model.Troca
2025-04-10T16:28:00.985-03:00 DEBUG 4852 --- [lojainfo] [           main] o.h.boot.model.internal.PropertyBinder   : MetadataSourceProcessor property id with lazy=false
2025-04-10T16:28:00.985-03:00 DEBUG 4852 --- [lojainfo] [           main] o.h.b.m.internal.AbstractPropertyHolder  : Attempting to locate auto-apply AttributeConverter for property [com.senac.Projeto_Java_Gerenciamento_Loja_de_Informatica.Model.Troca:id]
2025-04-10T16:28:00.985-03:00 DEBUG 4852 --- [lojainfo] [           main] o.h.b.model.internal.BasicValueBinder    : building BasicValue for id
2025-04-10T16:28:00.985-03:00 DEBUG 4852 --- [lojainfo] [           main] org.hibernate.mapping.BasicValue         : Skipping column re-registration: troca.id
2025-04-10T16:28:00.985-03:00 DEBUG 4852 --- [lojainfo] [           main] o.h.boot.model.internal.PropertyBinder   : Building property id
2025-04-10T16:28:00.985-03:00 DEBUG 4852 --- [lojainfo] [           main] o.h.boot.model.internal.BinderHelper     : #makeIdGenerator(BasicValue([Column(id)]), id, identity, , ...)
2025-04-10T16:28:00.985-03:00 DEBUG 4852 --- [lojainfo] [           main] o.h.boot.model.internal.AnnotatedColumn  : Binding column: AnnotatedColumn(column='codigo_produto')
2025-04-10T16:28:00.985-03:00 DEBUG 4852 --- [lojainfo] [           main] o.h.boot.model.internal.PropertyBinder   : MetadataSourceProcessor property codigoProduto with lazy=false
2025-04-10T16:28:00.985-03:00 DEBUG 4852 --- [lojainfo] [           main] o.h.b.m.internal.AbstractPropertyHolder  : Attempting to locate auto-apply AttributeConverter for property [com.senac.Projeto_Java_Gerenciamento_Loja_de_Informatica.Model.Troca:codigoProduto]
2025-04-10T16:28:00.985-03:00 DEBUG 4852 --- [lojainfo] [           main] o.h.b.model.internal.BasicValueBinder    : building BasicValue for codigoProduto
2025-04-10T16:28:00.985-03:00 DEBUG 4852 --- [lojainfo] [           main] org.hibernate.mapping.BasicValue         : Skipping column re-registration: troca.codigo_produto
2025-04-10T16:28:00.985-03:00 DEBUG 4852 --- [lojainfo] [           main] o.h.boot.model.internal.PropertyBinder   : Building property codigoProduto
2025-04-10T16:28:00.985-03:00 DEBUG 4852 --- [lojainfo] [           main] o.h.boot.model.internal.AnnotatedColumn  : Binding column: AnnotatedColumn()
2025-04-10T16:28:00.986-03:00 DEBUG 4852 --- [lojainfo] [           main] o.h.boot.model.internal.PropertyBinder   : MetadataSourceProcessor property data with lazy=false
2025-04-10T16:28:00.986-03:00 DEBUG 4852 --- [lojainfo] [           main] o.h.b.m.internal.AbstractPropertyHolder  : Attempting to locate auto-apply AttributeConverter for property [com.senac.Projeto_Java_Gerenciamento_Loja_de_Informatica.Model.Troca:data]
2025-04-10T16:28:00.986-03:00 DEBUG 4852 --- [lojainfo] [           main] o.h.b.model.internal.BasicValueBinder    : building BasicValue for data
2025-04-10T16:28:00.986-03:00 DEBUG 4852 --- [lojainfo] [           main] org.hibernate.mapping.BasicValue         : Skipping column re-registration: troca.data
2025-04-10T16:28:00.986-03:00 DEBUG 4852 --- [lojainfo] [           main] o.h.boot.model.internal.PropertyBinder   : Building property data
2025-04-10T16:28:00.987-03:00 DEBUG 4852 --- [lojainfo] [           main] o.h.boot.model.internal.AnnotatedColumn  : Binding column: AnnotatedColumn()
2025-04-10T16:28:00.987-03:00 DEBUG 4852 --- [lojainfo] [           main] o.h.boot.model.internal.PropertyBinder   : MetadataSourceProcessor property motivo with lazy=false
2025-04-10T16:28:00.987-03:00 DEBUG 4852 --- [lojainfo] [           main] o.h.b.m.internal.AbstractPropertyHolder  : Attempting to locate auto-apply AttributeConverter for property [com.senac.Projeto_Java_Gerenciamento_Loja_de_Informatica.Model.Troca:motivo]
2025-04-10T16:28:00.987-03:00 DEBUG 4852 --- [lojainfo] [           main] o.h.b.model.internal.BasicValueBinder    : building BasicValue for motivo
2025-04-10T16:28:00.987-03:00 DEBUG 4852 --- [lojainfo] [           main] org.hibernate.mapping.BasicValue         : Skipping column re-registration: troca.motivo
2025-04-10T16:28:00.987-03:00 DEBUG 4852 --- [lojainfo] [           main] o.h.boot.model.internal.PropertyBinder   : Building property motivo
2025-04-10T16:28:00.988-03:00 DEBUG 4852 --- [lojainfo] [           main] o.h.boot.model.internal.AnnotatedColumn  : Binding column: AnnotatedColumn()
2025-04-10T16:28:00.988-03:00 DEBUG 4852 --- [lojainfo] [           main] o.h.boot.model.internal.PropertyBinder   : MetadataSourceProcessor property nome_produto with lazy=false
2025-04-10T16:28:00.988-03:00 DEBUG 4852 --- [lojainfo] [           main] o.h.b.m.internal.AbstractPropertyHolder  : Attempting to locate auto-apply AttributeConverter for property [com.senac.Projeto_Java_Gerenciamento_Loja_de_Informatica.Model.Troca:nome_produto]
2025-04-10T16:28:00.988-03:00 DEBUG 4852 --- [lojainfo] [           main] o.h.b.model.internal.BasicValueBinder    : building BasicValue for nome_produto
2025-04-10T16:28:00.988-03:00 DEBUG 4852 --- [lojainfo] [           main] org.hibernate.mapping.BasicValue         : Skipping column re-registration: troca.nome_produto
2025-04-10T16:28:00.988-03:00 DEBUG 4852 --- [lojainfo] [           main] o.h.boot.model.internal.PropertyBinder   : Building property nome_produto
2025-04-10T16:28:00.988-03:00 DEBUG 4852 --- [lojainfo] [           main] o.h.boot.model.internal.AnnotatedColumn  : Binding column: AnnotatedColumn()
2025-04-10T16:28:00.989-03:00 DEBUG 4852 --- [lojainfo] [           main] o.h.boot.model.internal.PropertyBinder   : MetadataSourceProcessor property tipo with lazy=false
2025-04-10T16:28:00.989-03:00 DEBUG 4852 --- [lojainfo] [           main] o.h.b.m.internal.AbstractPropertyHolder  : Attempting to locate auto-apply AttributeConverter for property [com.senac.Projeto_Java_Gerenciamento_Loja_de_Informatica.Model.Troca:tipo]
2025-04-10T16:28:00.989-03:00 DEBUG 4852 --- [lojainfo] [           main] o.h.b.model.internal.BasicValueBinder    : building BasicValue for tipo
2025-04-10T16:28:00.989-03:00 DEBUG 4852 --- [lojainfo] [           main] org.hibernate.mapping.BasicValue         : Skipping column re-registration: troca.tipo
2025-04-10T16:28:00.990-03:00 DEBUG 4852 --- [lojainfo] [           main] o.h.boot.model.internal.PropertyBinder   : Building property tipo
2025-04-10T16:28:00.993-03:00 DEBUG 4852 --- [lojainfo] [           main] o.h.b.r.c.i.ClassLoaderServiceImpl       : HHH000194: Package not found or no package-info.java: com.senac.Projeto_Java_Gerenciamento_Loja_de_Informatica.Model
2025-04-10T16:28:00.994-03:00 DEBUG 4852 --- [lojainfo] [           main] o.h.boot.model.internal.EntityBinder     : Binding entity from annotated class: com.senac.Projeto_Java_Gerenciamento_Loja_de_Informatica.Model.Usuario
2025-04-10T16:28:00.994-03:00 DEBUG 4852 --- [lojainfo] [           main] o.h.boot.model.internal.EntityBinder     : Import with entity name Usuario
2025-04-10T16:28:00.994-03:00 DEBUG 4852 --- [lojainfo] [           main] o.h.boot.model.internal.EntityBinder     : Bind entity com.senac.Projeto_Java_Gerenciamento_Loja_de_Informatica.Model.Usuario on table usuario
2025-04-10T16:28:00.994-03:00 DEBUG 4852 --- [lojainfo] [           main] o.h.boot.model.internal.AnnotatedColumn  : Binding column: AnnotatedDiscriminatorColumn(column='DTYPE')
2025-04-10T16:28:01.000-03:00 DEBUG 4852 --- [lojainfo] [           main] o.h.boot.model.internal.AnnotatedColumn  : Binding column: AnnotatedColumn()
2025-04-10T16:28:01.000-03:00 DEBUG 4852 --- [lojainfo] [           main] o.h.boot.internal.ClassLoaderAccessImpl  : Not known whether passed class name [com.senac.Projeto_Java_Gerenciamento_Loja_de_Informatica.Model.Usuario] is safe
2025-04-10T16:28:01.000-03:00 DEBUG 4852 --- [lojainfo] [           main] o.h.boot.internal.ClassLoaderAccessImpl  : No temp ClassLoader provided; using live ClassLoader for loading potentially unsafe class : com.senac.Projeto_Java_Gerenciamento_Loja_de_Informatica.Model.Usuario
2025-04-10T16:28:01.000-03:00 DEBUG 4852 --- [lojainfo] [           main] o.h.boot.model.internal.PropertyBinder   : MetadataSourceProcessor property id with lazy=false
2025-04-10T16:28:01.000-03:00 DEBUG 4852 --- [lojainfo] [           main] o.h.b.m.internal.AbstractPropertyHolder  : Attempting to locate auto-apply AttributeConverter for property [com.senac.Projeto_Java_Gerenciamento_Loja_de_Informatica.Model.Usuario:id]
2025-04-10T16:28:01.000-03:00 DEBUG 4852 --- [lojainfo] [           main] o.h.b.model.internal.BasicValueBinder    : building BasicValue for id
2025-04-10T16:28:01.000-03:00 DEBUG 4852 --- [lojainfo] [           main] org.hibernate.mapping.BasicValue         : Skipping column re-registration: usuario.id
2025-04-10T16:28:01.001-03:00 DEBUG 4852 --- [lojainfo] [           main] o.h.boot.model.internal.PropertyBinder   : Building property id
2025-04-10T16:28:01.001-03:00 DEBUG 4852 --- [lojainfo] [           main] o.h.boot.model.internal.BinderHelper     : #makeIdGenerator(BasicValue([Column(id)]), id, identity, , ...)
2025-04-10T16:28:01.001-03:00 DEBUG 4852 --- [lojainfo] [           main] o.h.boot.model.internal.AnnotatedColumn  : Binding column: AnnotatedColumn()
2025-04-10T16:28:01.001-03:00 DEBUG 4852 --- [lojainfo] [           main] o.h.boot.model.internal.PropertyBinder   : MetadataSourceProcessor property login with lazy=false
2025-04-10T16:28:01.001-03:00 DEBUG 4852 --- [lojainfo] [           main] o.h.b.m.internal.AbstractPropertyHolder  : Attempting to locate auto-apply AttributeConverter for property [com.senac.Projeto_Java_Gerenciamento_Loja_de_Informatica.Model.Usuario:login]
2025-04-10T16:28:01.001-03:00 DEBUG 4852 --- [lojainfo] [           main] o.h.b.model.internal.BasicValueBinder    : building BasicValue for login
2025-04-10T16:28:01.003-03:00 DEBUG 4852 --- [lojainfo] [           main] org.hibernate.mapping.BasicValue         : Skipping column re-registration: usuario.login
2025-04-10T16:28:01.004-03:00 DEBUG 4852 --- [lojainfo] [           main] o.h.boot.model.internal.PropertyBinder   : Building property login
2025-04-10T16:28:01.006-03:00 DEBUG 4852 --- [lojainfo] [           main] o.h.boot.model.internal.AnnotatedColumn  : Binding column: AnnotatedColumn()
2025-04-10T16:28:01.008-03:00 DEBUG 4852 --- [lojainfo] [           main] o.h.boot.model.internal.PropertyBinder   : MetadataSourceProcessor property senha with lazy=false
2025-04-10T16:28:01.008-03:00 DEBUG 4852 --- [lojainfo] [           main] o.h.b.m.internal.AbstractPropertyHolder  : Attempting to locate auto-apply AttributeConverter for property [com.senac.Projeto_Java_Gerenciamento_Loja_de_Informatica.Model.Usuario:senha]
2025-04-10T16:28:01.008-03:00 DEBUG 4852 --- [lojainfo] [           main] o.h.b.model.internal.BasicValueBinder    : building BasicValue for senha
2025-04-10T16:28:01.008-03:00 DEBUG 4852 --- [lojainfo] [           main] org.hibernate.mapping.BasicValue         : Skipping column re-registration: usuario.senha
2025-04-10T16:28:01.008-03:00 DEBUG 4852 --- [lojainfo] [           main] o.h.boot.model.internal.PropertyBinder   : Building property senha
2025-04-10T16:28:01.008-03:00 DEBUG 4852 --- [lojainfo] [           main] o.h.boot.model.internal.AnnotatedColumn  : Binding column: AnnotatedColumn(column='tipo_usuario')
2025-04-10T16:28:01.008-03:00 DEBUG 4852 --- [lojainfo] [           main] o.h.boot.model.internal.PropertyBinder   : MetadataSourceProcessor property tipoUsuario with lazy=false
2025-04-10T16:28:01.008-03:00 DEBUG 4852 --- [lojainfo] [           main] o.h.b.m.internal.AbstractPropertyHolder  : Attempting to locate auto-apply AttributeConverter for property [com.senac.Projeto_Java_Gerenciamento_Loja_de_Informatica.Model.Usuario:tipoUsuario]
2025-04-10T16:28:01.008-03:00 DEBUG 4852 --- [lojainfo] [           main] o.h.b.model.internal.BasicValueBinder    : building BasicValue for tipoUsuario
2025-04-10T16:28:01.008-03:00 DEBUG 4852 --- [lojainfo] [           main] org.hibernate.mapping.BasicValue         : Skipping column re-registration: usuario.tipo_usuario
2025-04-10T16:28:01.008-03:00 DEBUG 4852 --- [lojainfo] [           main] o.h.boot.model.internal.PropertyBinder   : Building property tipoUsuario
2025-04-10T16:28:01.008-03:00 DEBUG 4852 --- [lojainfo] [           main] o.h.boot.model.internal.AnnotatedColumn  : Binding column: AnnotatedColumn()
2025-04-10T16:28:01.009-03:00 DEBUG 4852 --- [lojainfo] [           main] o.h.boot.model.internal.PropertyBinder   : MetadataSourceProcessor property ultimo_login with lazy=false
2025-04-10T16:28:01.009-03:00 DEBUG 4852 --- [lojainfo] [           main] o.h.b.m.internal.AbstractPropertyHolder  : Attempting to locate auto-apply AttributeConverter for property [com.senac.Projeto_Java_Gerenciamento_Loja_de_Informatica.Model.Usuario:ultimo_login]
2025-04-10T16:28:01.009-03:00 DEBUG 4852 --- [lojainfo] [           main] o.h.b.model.internal.BasicValueBinder    : building BasicValue for ultimo_login
2025-04-10T16:28:01.009-03:00 DEBUG 4852 --- [lojainfo] [           main] org.hibernate.mapping.BasicValue         : Skipping column re-registration: usuario.ultimo_login
2025-04-10T16:28:01.009-03:00 DEBUG 4852 --- [lojainfo] [           main] o.h.boot.model.internal.PropertyBinder   : Building property ultimo_login
2025-04-10T16:28:01.011-03:00 DEBUG 4852 --- [lojainfo] [           main] o.h.b.r.c.i.ClassLoaderServiceImpl       : HHH000194: Package not found or no package-info.java: com.senac.Projeto_Java_Gerenciamento_Loja_de_Informatica.Model
2025-04-10T16:28:01.015-03:00 DEBUG 4852 --- [lojainfo] [           main] o.h.boot.model.internal.EntityBinder     : Binding entity from annotated class: com.senac.Projeto_Java_Gerenciamento_Loja_de_Informatica.Model.Venda
2025-04-10T16:28:01.016-03:00 DEBUG 4852 --- [lojainfo] [           main] o.h.boot.model.internal.EntityBinder     : Import with entity name Venda
2025-04-10T16:28:01.016-03:00 DEBUG 4852 --- [lojainfo] [           main] o.h.boot.model.internal.EntityBinder     : Bind entity com.senac.Projeto_Java_Gerenciamento_Loja_de_Informatica.Model.Venda on table venda
2025-04-10T16:28:01.016-03:00 DEBUG 4852 --- [lojainfo] [           main] o.h.boot.model.internal.AnnotatedColumn  : Binding column: AnnotatedDiscriminatorColumn(column='DTYPE')
2025-04-10T16:28:01.019-03:00 DEBUG 4852 --- [lojainfo] [           main] o.h.boot.model.internal.AnnotatedColumn  : Binding column: AnnotatedColumn()
2025-04-10T16:28:01.019-03:00 DEBUG 4852 --- [lojainfo] [           main] o.h.boot.internal.ClassLoaderAccessImpl  : Not known whether passed class name [com.senac.Projeto_Java_Gerenciamento_Loja_de_Informatica.Model.Venda] is safe
2025-04-10T16:28:01.019-03:00 DEBUG 4852 --- [lojainfo] [           main] o.h.boot.internal.ClassLoaderAccessImpl  : No temp ClassLoader provided; using live ClassLoader for loading potentially unsafe class : com.senac.Projeto_Java_Gerenciamento_Loja_de_Informatica.Model.Venda
2025-04-10T16:28:01.019-03:00 DEBUG 4852 --- [lojainfo] [           main] o.h.boot.model.internal.PropertyBinder   : MetadataSourceProcessor property id with lazy=false
2025-04-10T16:28:01.019-03:00 DEBUG 4852 --- [lojainfo] [           main] o.h.b.m.internal.AbstractPropertyHolder  : Attempting to locate auto-apply AttributeConverter for property [com.senac.Projeto_Java_Gerenciamento_Loja_de_Informatica.Model.Venda:id]
2025-04-10T16:28:01.019-03:00 DEBUG 4852 --- [lojainfo] [           main] o.h.b.model.internal.BasicValueBinder    : building BasicValue for id
2025-04-10T16:28:01.019-03:00 DEBUG 4852 --- [lojainfo] [           main] org.hibernate.mapping.BasicValue         : Skipping column re-registration: venda.id
2025-04-10T16:28:01.019-03:00 DEBUG 4852 --- [lojainfo] [           main] o.h.boot.model.internal.PropertyBinder   : Building property id
2025-04-10T16:28:01.021-03:00 DEBUG 4852 --- [lojainfo] [           main] o.h.boot.model.internal.BinderHelper     : #makeIdGenerator(BasicValue([Column(id)]), id, identity, , ...)
2025-04-10T16:28:01.021-03:00 DEBUG 4852 --- [lojainfo] [           main] o.h.boot.model.internal.AnnotatedColumn  : Binding column: AnnotatedJoinColumn(column='cliente_id')
2025-04-10T16:28:01.021-03:00 DEBUG 4852 --- [lojainfo] [           main] o.h.boot.model.internal.AnnotatedColumn  : Binding column: AnnotatedColumn()
2025-04-10T16:28:01.023-03:00 DEBUG 4852 --- [lojainfo] [           main] o.h.boot.model.internal.PropertyBinder   : Building property cliente
2025-04-10T16:28:01.023-03:00 DEBUG 4852 --- [lojainfo] [           main] o.h.boot.model.internal.AnnotatedColumn  : Binding column: AnnotatedColumn(column='data_hora')
2025-04-10T16:28:01.023-03:00 DEBUG 4852 --- [lojainfo] [           main] o.h.boot.model.internal.PropertyBinder   : MetadataSourceProcessor property dataHora with lazy=false
2025-04-10T16:28:01.023-03:00 DEBUG 4852 --- [lojainfo] [           main] o.h.b.m.internal.AbstractPropertyHolder  : Attempting to locate auto-apply AttributeConverter for property [com.senac.Projeto_Java_Gerenciamento_Loja_de_Informatica.Model.Venda:dataHora]
2025-04-10T16:28:01.023-03:00 DEBUG 4852 --- [lojainfo] [           main] o.h.b.model.internal.BasicValueBinder    : building BasicValue for dataHora
2025-04-10T16:28:01.023-03:00 DEBUG 4852 --- [lojainfo] [           main] org.hibernate.mapping.BasicValue         : Skipping column re-registration: venda.data_hora
2025-04-10T16:28:01.023-03:00 DEBUG 4852 --- [lojainfo] [           main] o.h.boot.model.internal.PropertyBinder   : Building property dataHora
2025-04-10T16:28:01.023-03:00 DEBUG 4852 --- [lojainfo] [           main] o.h.boot.model.internal.AnnotatedColumn  : Binding column: AnnotatedColumn(column='metodo_pagamento')
2025-04-10T16:28:01.024-03:00 DEBUG 4852 --- [lojainfo] [           main] o.h.boot.model.internal.PropertyBinder   : MetadataSourceProcessor property metodoPagamento with lazy=false
2025-04-10T16:28:01.024-03:00 DEBUG 4852 --- [lojainfo] [           main] o.h.b.m.internal.AbstractPropertyHolder  : Attempting to locate auto-apply AttributeConverter for property [com.senac.Projeto_Java_Gerenciamento_Loja_de_Informatica.Model.Venda:metodoPagamento]
2025-04-10T16:28:01.024-03:00 DEBUG 4852 --- [lojainfo] [           main] o.h.b.model.internal.BasicValueBinder    : building BasicValue for metodoPagamento
2025-04-10T16:28:01.024-03:00 DEBUG 4852 --- [lojainfo] [           main] org.hibernate.mapping.BasicValue         : Skipping column re-registration: venda.metodo_pagamento
2025-04-10T16:28:01.024-03:00 DEBUG 4852 --- [lojainfo] [           main] o.h.boot.model.internal.PropertyBinder   : Building property metodoPagamento
2025-04-10T16:28:01.024-03:00 DEBUG 4852 --- [lojainfo] [           main] o.h.boot.model.internal.AnnotatedColumn  : Binding column: AnnotatedColumn(column='status_venda')
2025-04-10T16:28:01.024-03:00 DEBUG 4852 --- [lojainfo] [           main] o.h.boot.model.internal.PropertyBinder   : MetadataSourceProcessor property statusVenda with lazy=false
2025-04-10T16:28:01.024-03:00 DEBUG 4852 --- [lojainfo] [           main] o.h.b.m.internal.AbstractPropertyHolder  : Attempting to locate auto-apply AttributeConverter for property [com.senac.Projeto_Java_Gerenciamento_Loja_de_Informatica.Model.Venda:statusVenda]
2025-04-10T16:28:01.025-03:00 DEBUG 4852 --- [lojainfo] [           main] o.h.b.model.internal.BasicValueBinder    : building BasicValue for statusVenda
2025-04-10T16:28:01.025-03:00 DEBUG 4852 --- [lojainfo] [           main] org.hibernate.mapping.BasicValue         : Skipping column re-registration: venda.status_venda
2025-04-10T16:28:01.025-03:00 DEBUG 4852 --- [lojainfo] [           main] o.h.boot.model.internal.PropertyBinder   : Building property statusVenda
2025-04-10T16:28:01.026-03:00 DEBUG 4852 --- [lojainfo] [           main] o.h.boot.model.internal.AnnotatedColumn  : Binding column: AnnotatedJoinColumn(column='funcionario_id')
2025-04-10T16:28:01.026-03:00 DEBUG 4852 --- [lojainfo] [           main] o.h.boot.model.internal.AnnotatedColumn  : Binding column: AnnotatedColumn()
2025-04-10T16:28:01.026-03:00 DEBUG 4852 --- [lojainfo] [           main] o.h.boot.model.internal.PropertyBinder   : Building property vendedor
2025-04-10T16:28:01.031-03:00 DEBUG 4852 --- [lojainfo] [           main] o.h.b.r.c.i.ClassLoaderServiceImpl       : HHH000194: Package not found or no package-info.java: com.senac.Projeto_Java_Gerenciamento_Loja_de_Informatica.Model
2025-04-10T16:28:01.034-03:00 DEBUG 4852 --- [lojainfo] [           main] o.h.b.model.internal.BasicValueBinder    : Starting `BasicValueBinder#fillSimpleValue` for id
2025-04-10T16:28:01.036-03:00 DEBUG 4852 --- [lojainfo] [           main] o.h.b.model.internal.BasicValueBinder    : Starting `BasicValueBinder#fillSimpleValue` for nome
2025-04-10T16:28:01.036-03:00 DEBUG 4852 --- [lojainfo] [           main] o.h.b.model.internal.BasicValueBinder    : Starting `BasicValueBinder#fillSimpleValue` for id
2025-04-10T16:28:01.036-03:00 DEBUG 4852 --- [lojainfo] [           main] o.h.b.model.internal.BasicValueBinder    : Starting `BasicValueBinder#fillSimpleValue` for nome
2025-04-10T16:28:01.036-03:00 DEBUG 4852 --- [lojainfo] [           main] o.h.b.model.internal.BasicValueBinder    : Starting `BasicValueBinder#fillSimpleValue` for id
2025-04-10T16:28:01.036-03:00 DEBUG 4852 --- [lojainfo] [           main] o.h.b.model.internal.BasicValueBinder    : Starting `BasicValueBinder#fillSimpleValue` for cpf
2025-04-10T16:28:01.036-03:00 DEBUG 4852 --- [lojainfo] [           main] o.h.b.model.internal.BasicValueBinder    : Starting `BasicValueBinder#fillSimpleValue` for email
2025-04-10T16:28:01.036-03:00 DEBUG 4852 --- [lojainfo] [           main] o.h.b.model.internal.BasicValueBinder    : Starting `BasicValueBinder#fillSimpleValue` for endereco
2025-04-10T16:28:01.036-03:00 DEBUG 4852 --- [lojainfo] [           main] o.h.b.model.internal.BasicValueBinder    : Starting `BasicValueBinder#fillSimpleValue` for nome
2025-04-10T16:28:01.036-03:00 DEBUG 4852 --- [lojainfo] [           main] o.h.b.model.internal.BasicValueBinder    : Starting `BasicValueBinder#fillSimpleValue` for telefone
2025-04-10T16:28:01.036-03:00 DEBUG 4852 --- [lojainfo] [           main] o.h.b.model.internal.BasicValueBinder    : Starting `BasicValueBinder#fillSimpleValue` for total_compras
2025-04-10T16:28:01.036-03:00 DEBUG 4852 --- [lojainfo] [           main] o.h.b.model.internal.BasicValueBinder    : Starting `BasicValueBinder#fillSimpleValue` for id
2025-04-10T16:28:01.037-03:00 DEBUG 4852 --- [lojainfo] [           main] o.h.b.model.internal.BasicValueBinder    : Starting `BasicValueBinder#fillSimpleValue` for codigoProduto
2025-04-10T16:28:01.037-03:00 DEBUG 4852 --- [lojainfo] [           main] o.h.b.model.internal.BasicValueBinder    : Starting `BasicValueBinder#fillSimpleValue` for data
2025-04-10T16:28:01.037-03:00 DEBUG 4852 --- [lojainfo] [           main] o.h.b.model.internal.BasicValueBinder    : Starting `BasicValueBinder#fillSimpleValue` for motivo
2025-04-10T16:28:01.037-03:00 DEBUG 4852 --- [lojainfo] [           main] o.h.b.model.internal.BasicValueBinder    : Starting `BasicValueBinder#fillSimpleValue` for nome_produto
2025-04-10T16:28:01.037-03:00 DEBUG 4852 --- [lojainfo] [           main] o.h.b.model.internal.BasicValueBinder    : Starting `BasicValueBinder#fillSimpleValue` for tipo
2025-04-10T16:28:01.037-03:00 DEBUG 4852 --- [lojainfo] [           main] o.h.b.model.internal.BasicValueBinder    : Starting `BasicValueBinder#fillSimpleValue` for id
2025-04-10T16:28:01.037-03:00 DEBUG 4852 --- [lojainfo] [           main] o.h.b.model.internal.BasicValueBinder    : Starting `BasicValueBinder#fillSimpleValue` for cpf
2025-04-10T16:28:01.038-03:00 DEBUG 4852 --- [lojainfo] [           main] o.h.b.model.internal.BasicValueBinder    : Starting `BasicValueBinder#fillSimpleValue` for email
2025-04-10T16:28:01.038-03:00 DEBUG 4852 --- [lojainfo] [           main] o.h.b.model.internal.BasicValueBinder    : Starting `BasicValueBinder#fillSimpleValue` for endereco
2025-04-10T16:28:01.038-03:00 DEBUG 4852 --- [lojainfo] [           main] o.h.b.model.internal.BasicValueBinder    : Starting `BasicValueBinder#fillSimpleValue` for nome
2025-04-10T16:28:01.038-03:00 DEBUG 4852 --- [lojainfo] [           main] o.h.b.model.internal.BasicValueBinder    : Starting `BasicValueBinder#fillSimpleValue` for telefone
2025-04-10T16:28:01.038-03:00 DEBUG 4852 --- [lojainfo] [           main] o.h.b.model.internal.BasicValueBinder    : Starting `BasicValueBinder#fillSimpleValue` for id
2025-04-10T16:28:01.038-03:00 DEBUG 4852 --- [lojainfo] [           main] o.h.b.model.internal.BasicValueBinder    : Starting `BasicValueBinder#fillSimpleValue` for quantidade
2025-04-10T16:28:01.038-03:00 DEBUG 4852 --- [lojainfo] [           main] o.h.b.model.internal.BasicValueBinder    : Starting `BasicValueBinder#fillSimpleValue` for id
2025-04-10T16:28:01.038-03:00 DEBUG 4852 --- [lojainfo] [           main] o.h.b.model.internal.BasicValueBinder    : Starting `BasicValueBinder#fillSimpleValue` for numeroLocalPrateleira
2025-04-10T16:28:01.038-03:00 DEBUG 4852 --- [lojainfo] [           main] o.h.b.model.internal.BasicValueBinder    : Starting `BasicValueBinder#fillSimpleValue` for numeroPrateleira
2025-04-10T16:28:01.038-03:00 DEBUG 4852 --- [lojainfo] [           main] o.h.b.model.internal.BasicValueBinder    : Starting `BasicValueBinder#fillSimpleValue` for id
2025-04-10T16:28:01.038-03:00 DEBUG 4852 --- [lojainfo] [           main] o.h.b.model.internal.BasicValueBinder    : Starting `BasicValueBinder#fillSimpleValue` for codigoProduto
2025-04-10T16:28:01.038-03:00 DEBUG 4852 --- [lojainfo] [           main] o.h.b.model.internal.BasicValueBinder    : Starting `BasicValueBinder#fillSimpleValue` for cpf_cliente_devolucao
2025-04-10T16:28:01.038-03:00 DEBUG 4852 --- [lojainfo] [           main] o.h.b.model.internal.BasicValueBinder    : Starting `BasicValueBinder#fillSimpleValue` for dataAquisicao
2025-04-10T16:28:01.038-03:00 DEBUG 4852 --- [lojainfo] [           main] o.h.b.model.internal.BasicValueBinder    : Starting `BasicValueBinder#fillSimpleValue` for descricaoTecnica
2025-04-10T16:28:01.038-03:00 DEBUG 4852 --- [lojainfo] [           main] o.h.b.model.internal.BasicValueBinder    : Starting `BasicValueBinder#fillSimpleValue` for fabricante
2025-04-10T16:28:01.038-03:00 DEBUG 4852 --- [lojainfo] [           main] o.h.b.model.internal.BasicValueBinder    : Starting `BasicValueBinder#fillSimpleValue` for modelo
2025-04-10T16:28:01.038-03:00 DEBUG 4852 --- [lojainfo] [           main] o.h.b.model.internal.BasicValueBinder    : Starting `BasicValueBinder#fillSimpleValue` for nomeProduto
2025-04-10T16:28:01.038-03:00 DEBUG 4852 --- [lojainfo] [           main] o.h.b.model.internal.BasicValueBinder    : Starting `BasicValueBinder#fillSimpleValue` for notaFiscal
2025-04-10T16:28:01.038-03:00 DEBUG 4852 --- [lojainfo] [           main] o.h.b.model.internal.BasicValueBinder    : Starting `BasicValueBinder#fillSimpleValue` for quantidadeProduto
2025-04-10T16:28:01.038-03:00 DEBUG 4852 --- [lojainfo] [           main] o.h.b.model.internal.BasicValueBinder    : Starting `BasicValueBinder#fillSimpleValue` for statusProduto
2025-04-10T16:28:01.038-03:00 DEBUG 4852 --- [lojainfo] [           main] o.h.b.model.internal.BasicValueBinder    : Starting `BasicValueBinder#fillSimpleValue` for valorCompra
2025-04-10T16:28:01.038-03:00 DEBUG 4852 --- [lojainfo] [           main] o.h.b.model.internal.BasicValueBinder    : Starting `BasicValueBinder#fillSimpleValue` for valorVenda
2025-04-10T16:28:01.038-03:00 DEBUG 4852 --- [lojainfo] [           main] o.h.b.model.internal.BasicValueBinder    : Starting `BasicValueBinder#fillSimpleValue` for id
2025-04-10T16:28:01.038-03:00 DEBUG 4852 --- [lojainfo] [           main] o.h.b.model.internal.BasicValueBinder    : Starting `BasicValueBinder#fillSimpleValue` for codigoProduto
2025-04-10T16:28:01.038-03:00 DEBUG 4852 --- [lojainfo] [           main] o.h.b.model.internal.BasicValueBinder    : Starting `BasicValueBinder#fillSimpleValue` for data
2025-04-10T16:28:01.038-03:00 DEBUG 4852 --- [lojainfo] [           main] o.h.b.model.internal.BasicValueBinder    : Starting `BasicValueBinder#fillSimpleValue` for motivo
2025-04-10T16:28:01.039-03:00 DEBUG 4852 --- [lojainfo] [           main] o.h.b.model.internal.BasicValueBinder    : Starting `BasicValueBinder#fillSimpleValue` for nome_produto
2025-04-10T16:28:01.039-03:00 DEBUG 4852 --- [lojainfo] [           main] o.h.b.model.internal.BasicValueBinder    : Starting `BasicValueBinder#fillSimpleValue` for tipo
2025-04-10T16:28:01.039-03:00 DEBUG 4852 --- [lojainfo] [           main] o.h.b.model.internal.BasicValueBinder    : Starting `BasicValueBinder#fillSimpleValue` for id
2025-04-10T16:28:01.039-03:00 DEBUG 4852 --- [lojainfo] [           main] o.h.b.model.internal.BasicValueBinder    : Starting `BasicValueBinder#fillSimpleValue` for login
2025-04-10T16:28:01.039-03:00 DEBUG 4852 --- [lojainfo] [           main] o.h.b.model.internal.BasicValueBinder    : Starting `BasicValueBinder#fillSimpleValue` for senha
2025-04-10T16:28:01.039-03:00 DEBUG 4852 --- [lojainfo] [           main] o.h.b.model.internal.BasicValueBinder    : Starting `BasicValueBinder#fillSimpleValue` for tipoUsuario
2025-04-10T16:28:01.039-03:00 DEBUG 4852 --- [lojainfo] [           main] o.h.b.model.internal.BasicValueBinder    : Starting `BasicValueBinder#fillSimpleValue` for ultimo_login
2025-04-10T16:28:01.039-03:00 DEBUG 4852 --- [lojainfo] [           main] o.h.b.model.internal.BasicValueBinder    : Starting `BasicValueBinder#fillSimpleValue` for id
2025-04-10T16:28:01.039-03:00 DEBUG 4852 --- [lojainfo] [           main] o.h.b.model.internal.BasicValueBinder    : Starting `BasicValueBinder#fillSimpleValue` for dataHora
2025-04-10T16:28:01.039-03:00 DEBUG 4852 --- [lojainfo] [           main] o.h.b.model.internal.BasicValueBinder    : Starting `BasicValueBinder#fillSimpleValue` for metodoPagamento
2025-04-10T16:28:01.039-03:00 DEBUG 4852 --- [lojainfo] [           main] o.h.b.model.internal.BasicValueBinder    : Starting `BasicValueBinder#fillSimpleValue` for statusVenda
2025-04-10T16:28:01.046-03:00 DEBUG 4852 --- [lojainfo] [           main] org.hibernate.mapping.PrimaryKey         : Forcing column [id] to be non-null as it is part of the primary key for table [cargo]
2025-04-10T16:28:01.046-03:00 DEBUG 4852 --- [lojainfo] [           main] org.hibernate.mapping.PrimaryKey         : Forcing column [id] to be non-null as it is part of the primary key for table [categoria]
2025-04-10T16:28:01.046-03:00 DEBUG 4852 --- [lojainfo] [           main] org.hibernate.mapping.PrimaryKey         : Forcing column [id] to be non-null as it is part of the primary key for table [cliente]
2025-04-10T16:28:01.046-03:00 DEBUG 4852 --- [lojainfo] [           main] org.hibernate.mapping.PrimaryKey         : Forcing column [id] to be non-null as it is part of the primary key for table [devolucao]
2025-04-10T16:28:01.046-03:00 DEBUG 4852 --- [lojainfo] [           main] org.hibernate.mapping.PrimaryKey         : Forcing column [id] to be non-null as it is part of the primary key for table [funcionario]
2025-04-10T16:28:01.046-03:00 DEBUG 4852 --- [lojainfo] [           main] org.hibernate.mapping.PrimaryKey         : Forcing column [id] to be non-null as it is part of the primary key for table [itens_venda]
2025-04-10T16:28:01.046-03:00 DEBUG 4852 --- [lojainfo] [           main] org.hibernate.mapping.PrimaryKey         : Forcing column [id] to be non-null as it is part of the primary key for table [local_armazenamento]
2025-04-10T16:28:01.046-03:00 DEBUG 4852 --- [lojainfo] [           main] org.hibernate.mapping.PrimaryKey         : Forcing column [id] to be non-null as it is part of the primary key for table [produto]
2025-04-10T16:28:01.046-03:00 DEBUG 4852 --- [lojainfo] [           main] org.hibernate.mapping.PrimaryKey         : Forcing column [id] to be non-null as it is part of the primary key for table [troca]
2025-04-10T16:28:01.046-03:00 DEBUG 4852 --- [lojainfo] [           main] org.hibernate.mapping.PrimaryKey         : Forcing column [id] to be non-null as it is part of the primary key for table [usuario]
2025-04-10T16:28:01.046-03:00 DEBUG 4852 --- [lojainfo] [           main] org.hibernate.mapping.PrimaryKey         : Forcing column [id] to be non-null as it is part of the primary key for table [venda]
2025-04-10T16:28:01.165-03:00 DEBUG 4852 --- [lojainfo] [           main] o.hibernate.internal.SessionFactoryImpl  : Building session factory
2025-04-10T16:28:01.219-03:00 DEBUG 4852 --- [lojainfo] [           main] .h.s.i.SessionFactoryServiceRegistryImpl : EventListenerRegistry access via ServiceRegistry is deprecated.  Use `sessionFactory.getEventEngine().getListenerRegistry()` instead
2025-04-10T16:28:01.219-03:00 DEBUG 4852 --- [lojainfo] [           main] o.hibernate.internal.SessionFactoryImpl  : Instantiating SessionFactory with settings: {java.specification.version=17, sun.cpu.isalist=amd64, hibernate.resource.beans.container=org.springframework.orm.hibernate5.SpringBeanContainer@55746340, hibernate.connection.handling_mode=DELAYED_ACQUISITION_AND_HOLD, sun.jnu.encoding=Cp1252, hibernate.dialect=org.hibernate.dialect.MySQLDialect, hibernate.implicit_naming_strategy=org.springframework.boot.orm.jpa.hibernate.SpringImplicitNamingStrategy, java.class.path=C:\Users\acer\Documents\TDS\Projetos\lojaInfo\projeto java\Projeto-Java-Gerenciamento-Loja-de-Informatica\target\test-classes;C:\Users\acer\Documents\TDS\Projetos\lojaInfo\projeto java\Projeto-Java-Gerenciamento-Loja-de-Informatica\target\classes;C:\Users\acer\.m2\repository\org\springframework\boot\spring-boot-starter-data-jpa\3.3.5\spring-boot-starter-data-jpa-3.3.5.jar;C:\Users\acer\.m2\repository\org\springframework\boot\spring-boot-starter-aop\3.3.5\spring-boot-starter-aop-3.3.5.jar;C:\Users\acer\.m2\repository\org\springframework\spring-aop\6.1.14\spring-aop-6.1.14.jar;C:\Users\acer\.m2\repository\org\aspectj\aspectjweaver\1.9.22.1\aspectjweaver-1.9.22.1.jar;C:\Users\acer\.m2\repository\org\springframework\boot\spring-boot-starter-jdbc\3.3.5\spring-boot-starter-jdbc-3.3.5.jar;C:\Users\acer\.m2\repository\com\zaxxer\HikariCP\5.1.0\HikariCP-5.1.0.jar;C:\Users\acer\.m2\repository\org\springframework\spring-jdbc\6.1.14\spring-jdbc-6.1.14.jar;C:\Users\acer\.m2\repository\org\hibernate\orm\hibernate-core\6.5.3.Final\hibernate-core-6.5.3.Final.jar;C:\Users\acer\.m2\repository\jakarta\persistence\jakarta.persistence-api\3.1.0\jakarta.persistence-api-3.1.0.jar;C:\Users\acer\.m2\repository\jakarta\transaction\jakarta.transaction-api\2.0.1\jakarta.transaction-api-2.0.1.jar;C:\Users\acer\.m2\repository\org\jboss\logging\jboss-logging\3.5.3.Final\jboss-logging-3.5.3.Final.jar;C:\Users\acer\.m2\repository\org\hibernate\common\hibernate-commons-annotations\6.0.6.Final\hibernate-commons-annotations-6.0.6.Final.jar;C:\Users\acer\.m2\repository\io\smallrye\jandex\3.1.2\jandex-3.1.2.jar;C:\Users\acer\.m2\repository\com\fasterxml\classmate\1.7.0\classmate-1.7.0.jar;C:\Users\acer\.m2\repository\net\bytebuddy\byte-buddy\1.14.19\byte-buddy-1.14.19.jar;C:\Users\acer\.m2\repository\org\glassfish\jaxb\jaxb-runtime\4.0.5\jaxb-runtime-4.0.5.jar;C:\Users\acer\.m2\repository\org\glassfish\jaxb\jaxb-core\4.0.5\jaxb-core-4.0.5.jar;C:\Users\acer\.m2\repository\org\eclipse\angus\angus-activation\2.0.2\angus-activation-2.0.2.jar;C:\Users\acer\.m2\repository\org\glassfish\jaxb\txw2\4.0.5\txw2-4.0.5.jar;C:\Users\acer\.m2\repository\com\sun\istack\istack-commons-runtime\4.1.2\istack-commons-runtime-4.1.2.jar;C:\Users\acer\.m2\repository\jakarta\inject\jakarta.inject-api\2.0.1\jakarta.inject-api-2.0.1.jar;C:\Users\acer\.m2\repository\org\antlr\antlr4-runtime\4.13.0\antlr4-runtime-4.13.0.jar;C:\Users\acer\.m2\repository\org\springframework\data\spring-data-jpa\3.3.5\spring-data-jpa-3.3.5.jar;C:\Users\acer\.m2\repository\org\springframework\data\spring-data-commons\3.3.5\spring-data-commons-3.3.5.jar;C:\Users\acer\.m2\repository\org\springframework\spring-orm\6.1.14\spring-orm-6.1.14.jar;C:\Users\acer\.m2\repository\org\springframework\spring-context\6.1.14\spring-context-6.1.14.jar;C:\Users\acer\.m2\repository\org\springframework\spring-tx\6.1.14\spring-tx-6.1.14.jar;C:\Users\acer\.m2\repository\org\springframework\spring-beans\6.1.14\spring-beans-6.1.14.jar;C:\Users\acer\.m2\repository\jakarta\annotation\jakarta.annotation-api\2.1.1\jakarta.annotation-api-2.1.1.jar;C:\Users\acer\.m2\repository\org\slf4j\slf4j-api\2.0.16\slf4j-api-2.0.16.jar;C:\Users\acer\.m2\repository\org\springframework\spring-aspects\6.1.14\spring-aspects-6.1.14.jar;C:\Users\acer\.m2\repository\org\springframework\boot\spring-boot-starter-thymeleaf\3.3.5\spring-boot-starter-thymeleaf-3.3.5.jar;C:\Users\acer\.m2\repository\org\springframework\boot\spring-boot-starter\3.3.5\spring-boot-starter-3.3.5.jar;C:\Users\acer\.m2\repository\org\springframework\boot\spring-boot\3.3.5\spring-boot-3.3.5.jar;C:\Users\acer\.m2\repository\org\springframework\boot\spring-boot-autoconfigure\3.3.5\spring-boot-autoconfigure-3.3.5.jar;C:\Users\acer\.m2\repository\org\springframework\boot\spring-boot-starter-logging\3.3.5\spring-boot-starter-logging-3.3.5.jar;C:\Users\acer\.m2\repository\ch\qos\logback\logback-classic\1.5.11\logback-classic-1.5.11.jar;C:\Users\acer\.m2\repository\ch\qos\logback\logback-core\1.5.11\logback-core-1.5.11.jar;C:\Users\acer\.m2\repository\org\apache\logging\log4j\log4j-to-slf4j\2.23.1\log4j-to-slf4j-2.23.1.jar;C:\Users\acer\.m2\repository\org\apache\logging\log4j\log4j-api\2.23.1\log4j-api-2.23.1.jar;C:\Users\acer\.m2\repository\org\slf4j\jul-to-slf4j\2.0.16\jul-to-slf4j-2.0.16.jar;C:\Users\acer\.m2\repository\org\yaml\snakeyaml\2.2\snakeyaml-2.2.jar;C:\Users\acer\.m2\repository\org\thymeleaf\thymeleaf-spring6\3.1.2.RELEASE\thymeleaf-spring6-3.1.2.RELEASE.jar;C:\Users\acer\.m2\repository\org\thymeleaf\thymeleaf\3.1.2.RELEASE\thymeleaf-3.1.2.RELEASE.jar;C:\Users\acer\.m2\repository\org\attoparser\attoparser\2.0.7.RELEASE\attoparser-2.0.7.RELEASE.jar;C:\Users\acer\.m2\repository\org\unbescape\unbescape\1.1.6.RELEASE\unbescape-1.1.6.RELEASE.jar;C:\Users\acer\.m2\repository\org\springframework\boot\spring-boot-starter-validation\3.3.5\spring-boot-starter-validation-3.3.5.jar;C:\Users\acer\.m2\repository\org\apache\tomcat\embed\tomcat-embed-el\10.1.31\tomcat-embed-el-10.1.31.jar;C:\Users\acer\.m2\repository\org\hibernate\validator\hibernate-validator\8.0.1.Final\hibernate-validator-8.0.1.Final.jar;C:\Users\acer\.m2\repository\jakarta\validation\jakarta.validation-api\3.0.2\jakarta.validation-api-3.0.2.jar;C:\Users\acer\.m2\repository\org\springframework\boot\spring-boot-starter-web\3.3.5\spring-boot-starter-web-3.3.5.jar;C:\Users\acer\.m2\repository\org\springframework\boot\spring-boot-starter-json\3.3.5\spring-boot-starter-json-3.3.5.jar;C:\Users\acer\.m2\repository\com\fasterxml\jackson\core\jackson-databind\2.17.2\jackson-databind-2.17.2.jar;C:\Users\acer\.m2\repository\com\fasterxml\jackson\core\jackson-annotations\2.17.2\jackson-annotations-2.17.2.jar;C:\Users\acer\.m2\repository\com\fasterxml\jackson\core\jackson-core\2.17.2\jackson-core-2.17.2.jar;C:\Users\acer\.m2\repository\com\fasterxml\jackson\datatype\jackson-datatype-jdk8\2.17.2\jackson-datatype-jdk8-2.17.2.jar;C:\Users\acer\.m2\repository\com\fasterxml\jackson\datatype\jackson-datatype-jsr310\2.17.2\jackson-datatype-jsr310-2.17.2.jar;C:\Users\acer\.m2\repository\com\fasterxml\jackson\module\jackson-module-parameter-names\2.17.2\jackson-module-parameter-names-2.17.2.jar;C:\Users\acer\.m2\repository\org\springframework\boot\spring-boot-starter-tomcat\3.3.5\spring-boot-starter-tomcat-3.3.5.jar;C:\Users\acer\.m2\repository\org\apache\tomcat\embed\tomcat-embed-core\10.1.31\tomcat-embed-core-10.1.31.jar;C:\Users\acer\.m2\repository\org\apache\tomcat\embed\tomcat-embed-websocket\10.1.31\tomcat-embed-websocket-10.1.31.jar;C:\Users\acer\.m2\repository\org\springframework\spring-web\6.1.14\spring-web-6.1.14.jar;C:\Users\acer\.m2\repository\io\micrometer\micrometer-observation\1.13.6\micrometer-observation-1.13.6.jar;C:\Users\acer\.m2\repository\io\micrometer\micrometer-commons\1.13.6\micrometer-commons-1.13.6.jar;C:\Users\acer\.m2\repository\org\springframework\spring-webmvc\6.1.14\spring-webmvc-6.1.14.jar;C:\Users\acer\.m2\repository\org\springframework\spring-expression\6.1.14\spring-expression-6.1.14.jar;C:\Users\acer\.m2\repository\com\mysql\mysql-connector-j\8.3.0\mysql-connector-j-8.3.0.jar;C:\Users\acer\.m2\repository\org\projectlombok\lombok\1.18.34\lombok-1.18.34.jar;C:\Users\acer\.m2\repository\org\springframework\boot\spring-boot-starter-test\3.3.5\spring-boot-starter-test-3.3.5.jar;C:\Users\acer\.m2\repository\org\springframework\boot\spring-boot-test\3.3.5\spring-boot-test-3.3.5.jar;C:\Users\acer\.m2\repository\org\springframework\boot\spring-boot-test-autoconfigure\3.3.5\spring-boot-test-autoconfigure-3.3.5.jar;C:\Users\acer\.m2\repository\com\jayway\jsonpath\json-path\2.9.0\json-path-2.9.0.jar;C:\Users\acer\.m2\repository\jakarta\xml\bind\jakarta.xml.bind-api\4.0.2\jakarta.xml.bind-api-4.0.2.jar;C:\Users\acer\.m2\repository\jakarta\activation\jakarta.activation-api\2.1.3\jakarta.activation-api-2.1.3.jar;C:\Users\acer\.m2\repository\net\minidev\json-smart\2.5.1\json-smart-2.5.1.jar;C:\Users\acer\.m2\repository\net\minidev\accessors-smart\2.5.1\accessors-smart-2.5.1.jar;C:\Users\acer\.m2\repository\org\ow2\asm\asm\9.6\asm-9.6.jar;C:\Users\acer\.m2\repository\org\assertj\assertj-core\3.25.3\assertj-core-3.25.3.jar;C:\Users\acer\.m2\repository\org\awaitility\awaitility\4.2.2\awaitility-4.2.2.jar;C:\Users\acer\.m2\repository\org\hamcrest\hamcrest\2.2\hamcrest-2.2.jar;C:\Users\acer\.m2\repository\org\junit\jupiter\junit-jupiter\5.10.5\junit-jupiter-5.10.5.jar;C:\Users\acer\.m2\repository\org\junit\jupiter\junit-jupiter-api\5.10.5\junit-jupiter-api-5.10.5.jar;C:\Users\acer\.m2\repository\org\opentest4j\opentest4j\1.3.0\opentest4j-1.3.0.jar;C:\Users\acer\.m2\repository\org\junit\platform\junit-platform-commons\1.10.5\junit-platform-commons-1.10.5.jar;C:\Users\acer\.m2\repository\org\apiguardian\apiguardian-api\1.1.2\apiguardian-api-1.1.2.jar;C:\Users\acer\.m2\repository\org\junit\jupiter\junit-jupiter-params\5.10.5\junit-jupiter-params-5.10.5.jar;C:\Users\acer\.m2\repository\org\junit\jupiter\junit-jupiter-engine\5.10.5\junit-jupiter-engine-5.10.5.jar;C:\Users\acer\.m2\repository\org\junit\platform\junit-platform-engine\1.10.5\junit-platform-engine-1.10.5.jar;C:\Users\acer\.m2\repository\org\mockito\mockito-core\5.11.0\mockito-core-5.11.0.jar;C:\Users\acer\.m2\repository\net\bytebuddy\byte-buddy-agent\1.14.19\byte-buddy-agent-1.14.19.jar;C:\Users\acer\.m2\repository\org\objenesis\objenesis\3.3\objenesis-3.3.jar;C:\Users\acer\.m2\repository\org\mockito\mockito-junit-jupiter\5.11.0\mockito-junit-jupiter-5.11.0.jar;C:\Users\acer\.m2\repository\org\skyscreamer\jsonassert\1.5.3\jsonassert-1.5.3.jar;C:\Users\acer\.m2\repository\com\vaadin\external\google\android-json\0.0.20131108.vaadin1\android-json-0.0.20131108.vaadin1.jar;C:\Users\acer\.m2\repository\org\springframework\spring-core\6.1.14\spring-core-6.1.14.jar;C:\Users\acer\.m2\repository\org\springframework\spring-jcl\6.1.14\spring-jcl-6.1.14.jar;C:\Users\acer\.m2\repository\org\springframework\spring-test\6.1.14\spring-test-6.1.14.jar;C:\Users\acer\.m2\repository\org\xmlunit\xmlunit-core\2.9.1\xmlunit-core-2.9.1.jar;, java.vm.vendor=Oracle Corporation, sun.arch.data.model=64, user.variant=, java.vendor.url=https://java.oracle.com/, user.timezone=America/Sao_Paulo, jakarta.persistence.sharedCache.mode=UNSPECIFIED, org.jboss.logging.provider=slf4j, java.vm.specification.version=17, os.name=Windows 11, jakarta.persistence.nonJtaDataSource=HikariDataSource (HikariPool-1), sun.java.launcher=SUN_STANDARD, user.country=BR, sun.boot.library.path=C:\Program Files\Java\jdk-17\bin, sun.java.command=C:\Users\acer\AppData\Local\Temp\surefire9552591592168326195\surefirebooter-20250410162754299_3.jar C:\Users\acer\AppData\Local\Temp\surefire9552591592168326195 2025-04-10T16-27-53_944-jvmRun1 surefire-20250410162754299_1tmp surefire_0-20250410162754299_2tmp, javax.persistence.nonJtaDataSource=HikariDataSource (HikariPool-1), hibernate.transaction.jta.platform=org.hibernate.engine.transaction.jta.platform.internal.NoJtaPlatform@6a0c7af6, jdk.debug=release, surefire.test.class.path=C:\Users\acer\Documents\TDS\Projetos\lojaInfo\projeto java\Projeto-Java-Gerenciamento-Loja-de-Informatica\target\test-classes;C:\Users\acer\Documents\TDS\Projetos\lojaInfo\projeto java\Projeto-Java-Gerenciamento-Loja-de-Informatica\target\classes;C:\Users\acer\.m2\repository\org\springframework\boot\spring-boot-starter-data-jpa\3.3.5\spring-boot-starter-data-jpa-3.3.5.jar;C:\Users\acer\.m2\repository\org\springframework\boot\spring-boot-starter-aop\3.3.5\spring-boot-starter-aop-3.3.5.jar;C:\Users\acer\.m2\repository\org\springframework\spring-aop\6.1.14\spring-aop-6.1.14.jar;C:\Users\acer\.m2\repository\org\aspectj\aspectjweaver\1.9.22.1\aspectjweaver-1.9.22.1.jar;C:\Users\acer\.m2\repository\org\springframework\boot\spring-boot-starter-jdbc\3.3.5\spring-boot-starter-jdbc-3.3.5.jar;C:\Users\acer\.m2\repository\com\zaxxer\HikariCP\5.1.0\HikariCP-5.1.0.jar;C:\Users\acer\.m2\repository\org\springframework\spring-jdbc\6.1.14\spring-jdbc-6.1.14.jar;C:\Users\acer\.m2\repository\org\hibernate\orm\hibernate-core\6.5.3.Final\hibernate-core-6.5.3.Final.jar;C:\Users\acer\.m2\repository\jakarta\persistence\jakarta.persistence-api\3.1.0\jakarta.persistence-api-3.1.0.jar;C:\Users\acer\.m2\repository\jakarta\transaction\jakarta.transaction-api\2.0.1\jakarta.transaction-api-2.0.1.jar;C:\Users\acer\.m2\repository\org\jboss\logging\jboss-logging\3.5.3.Final\jboss-logging-3.5.3.Final.jar;C:\Users\acer\.m2\repository\org\hibernate\common\hibernate-commons-annotations\6.0.6.Final\hibernate-commons-annotations-6.0.6.Final.jar;C:\Users\acer\.m2\repository\io\smallrye\jandex\3.1.2\jandex-3.1.2.jar;C:\Users\acer\.m2\repository\com\fasterxml\classmate\1.7.0\classmate-1.7.0.jar;C:\Users\acer\.m2\repository\net\bytebuddy\byte-buddy\1.14.19\byte-buddy-1.14.19.jar;C:\Users\acer\.m2\repository\org\glassfish\jaxb\jaxb-runtime\4.0.5\jaxb-runtime-4.0.5.jar;C:\Users\acer\.m2\repository\org\glassfish\jaxb\jaxb-core\4.0.5\jaxb-core-4.0.5.jar;C:\Users\acer\.m2\repository\org\eclipse\angus\angus-activation\2.0.2\angus-activation-2.0.2.jar;C:\Users\acer\.m2\repository\org\glassfish\jaxb\txw2\4.0.5\txw2-4.0.5.jar;C:\Users\acer\.m2\repository\com\sun\istack\istack-commons-runtime\4.1.2\istack-commons-runtime-4.1.2.jar;C:\Users\acer\.m2\repository\jakarta\inject\jakarta.inject-api\2.0.1\jakarta.inject-api-2.0.1.jar;C:\Users\acer\.m2\repository\org\antlr\antlr4-runtime\4.13.0\antlr4-runtime-4.13.0.jar;C:\Users\acer\.m2\repository\org\springframework\data\spring-data-jpa\3.3.5\spring-data-jpa-3.3.5.jar;C:\Users\acer\.m2\repository\org\springframework\data\spring-data-commons\3.3.5\spring-data-commons-3.3.5.jar;C:\Users\acer\.m2\repository\org\springframework\spring-orm\6.1.14\spring-orm-6.1.14.jar;C:\Users\acer\.m2\repository\org\springframework\spring-context\6.1.14\spring-context-6.1.14.jar;C:\Users\acer\.m2\repository\org\springframework\spring-tx\6.1.14\spring-tx-6.1.14.jar;C:\Users\acer\.m2\repository\org\springframework\spring-beans\6.1.14\spring-beans-6.1.14.jar;C:\Users\acer\.m2\repository\jakarta\annotation\jakarta.annotation-api\2.1.1\jakarta.annotation-api-2.1.1.jar;C:\Users\acer\.m2\repository\org\slf4j\slf4j-api\2.0.16\slf4j-api-2.0.16.jar;C:\Users\acer\.m2\repository\org\springframework\spring-aspects\6.1.14\spring-aspects-6.1.14.jar;C:\Users\acer\.m2\repository\org\springframework\boot\spring-boot-starter-thymeleaf\3.3.5\spring-boot-starter-thymeleaf-3.3.5.jar;C:\Users\acer\.m2\repository\org\springframework\boot\spring-boot-starter\3.3.5\spring-boot-starter-3.3.5.jar;C:\Users\acer\.m2\repository\org\springframework\boot\spring-boot\3.3.5\spring-boot-3.3.5.jar;C:\Users\acer\.m2\repository\org\springframework\boot\spring-boot-autoconfigure\3.3.5\spring-boot-autoconfigure-3.3.5.jar;C:\Users\acer\.m2\repository\org\springframework\boot\spring-boot-starter-logging\3.3.5\spring-boot-starter-logging-3.3.5.jar;C:\Users\acer\.m2\repository\ch\qos\logback\logback-classic\1.5.11\logback-classic-1.5.11.jar;C:\Users\acer\.m2\repository\ch\qos\logback\logback-core\1.5.11\logback-core-1.5.11.jar;C:\Users\acer\.m2\repository\org\apache\logging\log4j\log4j-to-slf4j\2.23.1\log4j-to-slf4j-2.23.1.jar;C:\Users\acer\.m2\repository\org\apache\logging\log4j\log4j-api\2.23.1\log4j-api-2.23.1.jar;C:\Users\acer\.m2\repository\org\slf4j\jul-to-slf4j\2.0.16\jul-to-slf4j-2.0.16.jar;C:\Users\acer\.m2\repository\org\yaml\snakeyaml\2.2\snakeyaml-2.2.jar;C:\Users\acer\.m2\repository\org\thymeleaf\thymeleaf-spring6\3.1.2.RELEASE\thymeleaf-spring6-3.1.2.RELEASE.jar;C:\Users\acer\.m2\repository\org\thymeleaf\thymeleaf\3.1.2.RELEASE\thymeleaf-3.1.2.RELEASE.jar;C:\Users\acer\.m2\repository\org\attoparser\attoparser\2.0.7.RELEASE\attoparser-2.0.7.RELEASE.jar;C:\Users\acer\.m2\repository\org\unbescape\unbescape\1.1.6.RELEASE\unbescape-1.1.6.RELEASE.jar;C:\Users\acer\.m2\repository\org\springframework\boot\spring-boot-starter-validation\3.3.5\spring-boot-starter-validation-3.3.5.jar;C:\Users\acer\.m2\repository\org\apache\tomcat\embed\tomcat-embed-el\10.1.31\tomcat-embed-el-10.1.31.jar;C:\Users\acer\.m2\repository\org\hibernate\validator\hibernate-validator\8.0.1.Final\hibernate-validator-8.0.1.Final.jar;C:\Users\acer\.m2\repository\jakarta\validation\jakarta.validation-api\3.0.2\jakarta.validation-api-3.0.2.jar;C:\Users\acer\.m2\repository\org\springframework\boot\spring-boot-starter-web\3.3.5\spring-boot-starter-web-3.3.5.jar;C:\Users\acer\.m2\repository\org\springframework\boot\spring-boot-starter-json\3.3.5\spring-boot-starter-json-3.3.5.jar;C:\Users\acer\.m2\repository\com\fasterxml\jackson\core\jackson-databind\2.17.2\jackson-databind-2.17.2.jar;C:\Users\acer\.m2\repository\com\fasterxml\jackson\core\jackson-annotations\2.17.2\jackson-annotations-2.17.2.jar;C:\Users\acer\.m2\repository\com\fasterxml\jackson\core\jackson-core\2.17.2\jackson-core-2.17.2.jar;C:\Users\acer\.m2\repository\com\fasterxml\jackson\datatype\jackson-datatype-jdk8\2.17.2\jackson-datatype-jdk8-2.17.2.jar;C:\Users\acer\.m2\repository\com\fasterxml\jackson\datatype\jackson-datatype-jsr310\2.17.2\jackson-datatype-jsr310-2.17.2.jar;C:\Users\acer\.m2\repository\com\fasterxml\jackson\module\jackson-module-parameter-names\2.17.2\jackson-module-parameter-names-2.17.2.jar;C:\Users\acer\.m2\repository\org\springframework\boot\spring-boot-starter-tomcat\3.3.5\spring-boot-starter-tomcat-3.3.5.jar;C:\Users\acer\.m2\repository\org\apache\tomcat\embed\tomcat-embed-core\10.1.31\tomcat-embed-core-10.1.31.jar;C:\Users\acer\.m2\repository\org\apache\tomcat\embed\tomcat-embed-websocket\10.1.31\tomcat-embed-websocket-10.1.31.jar;C:\Users\acer\.m2\repository\org\springframework\spring-web\6.1.14\spring-web-6.1.14.jar;C:\Users\acer\.m2\repository\io\micrometer\micrometer-observation\1.13.6\micrometer-observation-1.13.6.jar;C:\Users\acer\.m2\repository\io\micrometer\micrometer-commons\1.13.6\micrometer-commons-1.13.6.jar;C:\Users\acer\.m2\repository\org\springframework\spring-webmvc\6.1.14\spring-webmvc-6.1.14.jar;C:\Users\acer\.m2\repository\org\springframework\spring-expression\6.1.14\spring-expression-6.1.14.jar;C:\Users\acer\.m2\repository\com\mysql\mysql-connector-j\8.3.0\mysql-connector-j-8.3.0.jar;C:\Users\acer\.m2\repository\org\projectlombok\lombok\1.18.34\lombok-1.18.34.jar;C:\Users\acer\.m2\repository\org\springframework\boot\spring-boot-starter-test\3.3.5\spring-boot-starter-test-3.3.5.jar;C:\Users\acer\.m2\repository\org\springframework\boot\spring-boot-test\3.3.5\spring-boot-test-3.3.5.jar;C:\Users\acer\.m2\repository\org\springframework\boot\spring-boot-test-autoconfigure\3.3.5\spring-boot-test-autoconfigure-3.3.5.jar;C:\Users\acer\.m2\repository\com\jayway\jsonpath\json-path\2.9.0\json-path-2.9.0.jar;C:\Users\acer\.m2\repository\jakarta\xml\bind\jakarta.xml.bind-api\4.0.2\jakarta.xml.bind-api-4.0.2.jar;C:\Users\acer\.m2\repository\jakarta\activation\jakarta.activation-api\2.1.3\jakarta.activation-api-2.1.3.jar;C:\Users\acer\.m2\repository\net\minidev\json-smart\2.5.1\json-smart-2.5.1.jar;C:\Users\acer\.m2\repository\net\minidev\accessors-smart\2.5.1\accessors-smart-2.5.1.jar;C:\Users\acer\.m2\repository\org\ow2\asm\asm\9.6\asm-9.6.jar;C:\Users\acer\.m2\repository\org\assertj\assertj-core\3.25.3\assertj-core-3.25.3.jar;C:\Users\acer\.m2\repository\org\awaitility\awaitility\4.2.2\awaitility-4.2.2.jar;C:\Users\acer\.m2\repository\org\hamcrest\hamcrest\2.2\hamcrest-2.2.jar;C:\Users\acer\.m2\repository\org\junit\jupiter\junit-jupiter\5.10.5\junit-jupiter-5.10.5.jar;C:\Users\acer\.m2\repository\org\junit\jupiter\junit-jupiter-api\5.10.5\junit-jupiter-api-5.10.5.jar;C:\Users\acer\.m2\repository\org\opentest4j\opentest4j\1.3.0\opentest4j-1.3.0.jar;C:\Users\acer\.m2\repository\org\junit\platform\junit-platform-commons\1.10.5\junit-platform-commons-1.10.5.jar;C:\Users\acer\.m2\repository\org\apiguardian\apiguardian-api\1.1.2\apiguardian-api-1.1.2.jar;C:\Users\acer\.m2\repository\org\junit\jupiter\junit-jupiter-params\5.10.5\junit-jupiter-params-5.10.5.jar;C:\Users\acer\.m2\repository\org\junit\jupiter\junit-jupiter-engine\5.10.5\junit-jupiter-engine-5.10.5.jar;C:\Users\acer\.m2\repository\org\junit\platform\junit-platform-engine\1.10.5\junit-platform-engine-1.10.5.jar;C:\Users\acer\.m2\repository\org\mockito\mockito-core\5.11.0\mockito-core-5.11.0.jar;C:\Users\acer\.m2\repository\net\bytebuddy\byte-buddy-agent\1.14.19\byte-buddy-agent-1.14.19.jar;C:\Users\acer\.m2\repository\org\objenesis\objenesis\3.3\objenesis-3.3.jar;C:\Users\acer\.m2\repository\org\mockito\mockito-junit-jupiter\5.11.0\mockito-junit-jupiter-5.11.0.jar;C:\Users\acer\.m2\repository\org\skyscreamer\jsonassert\1.5.3\jsonassert-1.5.3.jar;C:\Users\acer\.m2\repository\com\vaadin\external\google\android-json\0.0.20131108.vaadin1\android-json-0.0.20131108.vaadin1.jar;C:\Users\acer\.m2\repository\org\springframework\spring-core\6.1.14\spring-core-6.1.14.jar;C:\Users\acer\.m2\repository\org\springframework\spring-jcl\6.1.14\spring-jcl-6.1.14.jar;C:\Users\acer\.m2\repository\org\springframework\spring-test\6.1.14\spring-test-6.1.14.jar;C:\Users\acer\.m2\repository\org\xmlunit\xmlunit-core\2.9.1\xmlunit-core-2.9.1.jar;, sun.cpu.endian=little, hibernate.cdi.extensions=true, user.home=C:\Users\acer, user.language=pt, java.specification.vendor=Oracle Corporation, java.version.date=2023-10-17, java.home=C:\Program Files\Java\jdk-17, file.separator=\, basedir=C:\Users\acer\Documents\TDS\Projetos\lojaInfo\projeto java\Projeto-Java-Gerenciamento-Loja-de-Informatica, java.vm.compressedOopsMode=32-bit, line.separator=
, hibernate.persistenceUnitName=default, java.vm.specification.vendor=Oracle Corporation, java.specification.name=Java Platform API Specification, FILE_LOG_CHARSET=windows-1252, hibernate.transaction.coordinator_class=class org.hibernate.resource.transaction.backend.jdbc.internal.JdbcResourceLocalTransactionCoordinatorBuilderImpl, java.awt.headless=true, surefire.real.class.path=C:\Users\acer\AppData\Local\Temp\surefire9552591592168326195\surefirebooter-20250410162754299_3.jar, jakarta.persistence.validation.mode=AUTO, hibernate.hbm2ddl.auto=update, user.script=, sun.management.compiler=HotSpot 64-Bit Tiered Compilers, java.runtime.version=17.0.9+11-LTS-201, user.name=acer, path.separator=;, os.version=10.0, java.runtime.name=Java(TM) SE Runtime Environment, file.encoding=UTF-8, java.vm.name=Java HotSpot(TM) 64-Bit Server VM, maven.ext.class.path=C:\Program Files\NetBeans-13\netbeans\java\maven-nblib\netbeans-eventspy.jar, localRepository=C:\Users\acer\.m2\repository, java.vendor.url.bug=https://bugreport.java.com/bugreport/, java.io.tmpdir=C:\Users\acer\AppData\Local\Temp\, java.version=17.0.9, hibernate.physical_naming_strategy=org.hibernate.boot.model.naming.CamelCaseToUnderscoresNamingStrategy, user.dir=C:\Users\acer\Documents\TDS\Projetos\lojaInfo\projeto java\Projeto-Java-Gerenciamento-Loja-de-Informatica, os.arch=amd64, java.vm.specification.name=Java Virtual Machine Specification, PID=4852, sun.os.patch.level=, CONSOLE_LOG_CHARSET=windows-1252, hibernate.boot.CfgXmlAccessService.key=org.hibernate.boot.registry.StandardServiceRegistryBuilder$1@7f1ad846, native.encoding=Cp1252, java.library.path=C:\Program Files\Java\jdk-17\bin;C:\WINDOWS\Sun\Java\bin;C:\WINDOWS\system32;C:\WINDOWS;C:\Program Files\Common Files\Oracle\Java\javapath;C:\WINDOWS\system32;C:\WINDOWS;C:\WINDOWS\System32\Wbem;C:\WINDOWS\System32\WindowsPowerShell\v1.0\;C:\WINDOWS\System32\OpenSSH\;C:\Program Files\Microsoft SQL Server\130\Tools\Binn\;C:\ProgramData\UNIVALI\Portugol Studio;C:\Program Files\Git\cmd;C:\Program Files\nodejs\;C:\Users\acer\AppData\Local\Microsoft\WindowsApps;C:\Users\acer\AppData\Local\Programs\Microsoft VS Code\bin;C:\Users\acer\AppData\Roaming\npm;;., java.vendor=Oracle Corporation, java.vm.info=mixed mode, sharing, java.vm.version=17.0.9+11-LTS-201, sun.io.unicode.encoding=UnicodeLittle, hibernate.archive.scanner=org.hibernate.boot.archive.scan.internal.DisabledScanner, hibernate.connection.datasource=HikariDataSource (HikariPool-1), java.class.version=61.0, LOGGED_APPLICATION_NAME=[lojainfo] }
2025-04-10T16:28:01.219-03:00 DEBUG 4852 --- [lojainfo] [           main] o.hibernate.internal.SessionFactoryImpl  : Session factory constructed with filter configurations : {}
2025-04-10T16:28:01.219-03:00 DEBUG 4852 --- [lojainfo] [           main] o.h.v.i.xml.config.ValidationXmlParser   : Trying to load META-INF/validation.xml for XML based Validator configuration.
2025-04-10T16:28:01.219-03:00 DEBUG 4852 --- [lojainfo] [           main] o.h.v.i.xml.config.ResourceLoaderHelper  : Trying to load META-INF/validation.xml via TCCL
2025-04-10T16:28:01.219-03:00 DEBUG 4852 --- [lojainfo] [           main] o.h.v.i.xml.config.ResourceLoaderHelper  : Trying to load META-INF/validation.xml via Hibernate Validator's class loader
2025-04-10T16:28:01.219-03:00 DEBUG 4852 --- [lojainfo] [           main] o.h.v.i.xml.config.ValidationXmlParser   : No META-INF/validation.xml found. Using annotation based configuration only.
2025-04-10T16:28:01.219-03:00 DEBUG 4852 --- [lojainfo] [           main] o.h.v.i.e.resolver.TraversableResolvers  : Found jakarta.persistence.Persistence on classpath containing 'getPersistenceUtil'. Assuming JPA 2 environment. Trying to instantiate JPA aware TraversableResolver
2025-04-10T16:28:01.219-03:00 DEBUG 4852 --- [lojainfo] [           main] o.h.v.i.e.resolver.TraversableResolvers  : Instantiated JPA aware TraversableResolver of type org.hibernate.validator.internal.engine.resolver.JPATraversableResolver.
2025-04-10T16:28:01.219-03:00 DEBUG 4852 --- [lojainfo] [           main] .h.v.m.ResourceBundleMessageInterpolator : Loaded expression factory via original TCCL
2025-04-10T16:28:01.219-03:00 DEBUG 4852 --- [lojainfo] [           main] .i.e.ValidatorFactoryConfigurationHelper : HV000252: Using org.hibernate.validator.internal.engine.DefaultPropertyNodeNameProvider as property node name provider.
2025-04-10T16:28:01.219-03:00 DEBUG 4852 --- [lojainfo] [           main] .i.e.ValidatorFactoryConfigurationHelper : HV000234: Using org.hibernate.validator.messageinterpolation.ResourceBundleMessageInterpolator as ValidatorFactory-scoped message interpolator.
2025-04-10T16:28:01.219-03:00 DEBUG 4852 --- [lojainfo] [           main] .i.e.ValidatorFactoryConfigurationHelper : HV000234: Using org.hibernate.validator.internal.engine.resolver.JPATraversableResolver as ValidatorFactory-scoped traversable resolver.
2025-04-10T16:28:01.219-03:00 DEBUG 4852 --- [lojainfo] [           main] .i.e.ValidatorFactoryConfigurationHelper : HV000234: Using org.hibernate.validator.internal.util.ExecutableParameterNameProvider as ValidatorFactory-scoped parameter name provider.
2025-04-10T16:28:01.219-03:00 DEBUG 4852 --- [lojainfo] [           main] .i.e.ValidatorFactoryConfigurationHelper : HV000234: Using org.hibernate.validator.internal.engine.DefaultClockProvider as ValidatorFactory-scoped clock provider.
2025-04-10T16:28:01.219-03:00 DEBUG 4852 --- [lojainfo] [           main] .i.e.ValidatorFactoryConfigurationHelper : HV000234: Using org.hibernate.validator.internal.engine.scripting.DefaultScriptEvaluatorFactory as ValidatorFactory-scoped script evaluator factory.
2025-04-10T16:28:01.219-03:00 DEBUG 4852 --- [lojainfo] [           main] o.h.boot.internal.ClassLoaderAccessImpl  : Not known whether passed class name [com.senac.Projeto_Java_Gerenciamento_Loja_de_Informatica.Model.Devolucao] is safe
2025-04-10T16:28:01.233-03:00 DEBUG 4852 --- [lojainfo] [           main] o.h.boot.internal.ClassLoaderAccessImpl  : No temp ClassLoader provided; using live ClassLoader for loading potentially unsafe class : com.senac.Projeto_Java_Gerenciamento_Loja_de_Informatica.Model.Devolucao
2025-04-10T16:28:01.253-03:00 DEBUG 4852 --- [lojainfo] [           main] o.h.boot.internal.ClassLoaderAccessImpl  : Not known whether passed class name [com.senac.Projeto_Java_Gerenciamento_Loja_de_Informatica.Model.Funcionario] is safe
2025-04-10T16:28:01.253-03:00 DEBUG 4852 --- [lojainfo] [           main] o.h.boot.internal.ClassLoaderAccessImpl  : No temp ClassLoader provided; using live ClassLoader for loading potentially unsafe class : com.senac.Projeto_Java_Gerenciamento_Loja_de_Informatica.Model.Funcionario
2025-04-10T16:28:01.260-03:00 DEBUG 4852 --- [lojainfo] [           main] o.h.boot.internal.ClassLoaderAccessImpl  : Not known whether passed class name [com.senac.Projeto_Java_Gerenciamento_Loja_de_Informatica.Model.Local_armazenamento] is safe
2025-04-10T16:28:01.260-03:00 DEBUG 4852 --- [lojainfo] [           main] o.h.boot.internal.ClassLoaderAccessImpl  : No temp ClassLoader provided; using live ClassLoader for loading potentially unsafe class : com.senac.Projeto_Java_Gerenciamento_Loja_de_Informatica.Model.Local_armazenamento
2025-04-10T16:28:01.262-03:00 DEBUG 4852 --- [lojainfo] [           main] o.h.boot.internal.ClassLoaderAccessImpl  : Not known whether passed class name [com.senac.Projeto_Java_Gerenciamento_Loja_de_Informatica.Model.Troca] is safe
2025-04-10T16:28:01.262-03:00 DEBUG 4852 --- [lojainfo] [           main] o.h.boot.internal.ClassLoaderAccessImpl  : No temp ClassLoader provided; using live ClassLoader for loading potentially unsafe class : com.senac.Projeto_Java_Gerenciamento_Loja_de_Informatica.Model.Troca
2025-04-10T16:28:01.266-03:00 DEBUG 4852 --- [lojainfo] [           main] o.h.boot.internal.ClassLoaderAccessImpl  : Not known whether passed class name [com.senac.Projeto_Java_Gerenciamento_Loja_de_Informatica.Model.Usuario] is safe
2025-04-10T16:28:01.266-03:00 DEBUG 4852 --- [lojainfo] [           main] o.h.boot.internal.ClassLoaderAccessImpl  : No temp ClassLoader provided; using live ClassLoader for loading potentially unsafe class : com.senac.Projeto_Java_Gerenciamento_Loja_de_Informatica.Model.Usuario
2025-04-10T16:28:01.268-03:00 DEBUG 4852 --- [lojainfo] [           main] o.h.boot.internal.ClassLoaderAccessImpl  : Not known whether passed class name [com.senac.Projeto_Java_Gerenciamento_Loja_de_Informatica.Model.Categoria] is safe
2025-04-10T16:28:01.268-03:00 DEBUG 4852 --- [lojainfo] [           main] o.h.boot.internal.ClassLoaderAccessImpl  : No temp ClassLoader provided; using live ClassLoader for loading potentially unsafe class : com.senac.Projeto_Java_Gerenciamento_Loja_de_Informatica.Model.Categoria
2025-04-10T16:28:01.270-03:00 DEBUG 4852 --- [lojainfo] [           main] o.h.boot.internal.ClassLoaderAccessImpl  : Not known whether passed class name [com.senac.Projeto_Java_Gerenciamento_Loja_de_Informatica.Model.Itens_venda] is safe
2025-04-10T16:28:01.270-03:00 DEBUG 4852 --- [lojainfo] [           main] o.h.boot.internal.ClassLoaderAccessImpl  : No temp ClassLoader provided; using live ClassLoader for loading potentially unsafe class : com.senac.Projeto_Java_Gerenciamento_Loja_de_Informatica.Model.Itens_venda
2025-04-10T16:28:01.272-03:00 DEBUG 4852 --- [lojainfo] [           main] o.h.boot.internal.ClassLoaderAccessImpl  : Not known whether passed class name [com.senac.Projeto_Java_Gerenciamento_Loja_de_Informatica.Model.Cargo] is safe
2025-04-10T16:28:01.272-03:00 DEBUG 4852 --- [lojainfo] [           main] o.h.boot.internal.ClassLoaderAccessImpl  : No temp ClassLoader provided; using live ClassLoader for loading potentially unsafe class : com.senac.Projeto_Java_Gerenciamento_Loja_de_Informatica.Model.Cargo
2025-04-10T16:28:01.273-03:00 DEBUG 4852 --- [lojainfo] [           main] o.h.boot.internal.ClassLoaderAccessImpl  : Not known whether passed class name [com.senac.Projeto_Java_Gerenciamento_Loja_de_Informatica.Model.Cliente] is safe
2025-04-10T16:28:01.273-03:00 DEBUG 4852 --- [lojainfo] [           main] o.h.boot.internal.ClassLoaderAccessImpl  : No temp ClassLoader provided; using live ClassLoader for loading potentially unsafe class : com.senac.Projeto_Java_Gerenciamento_Loja_de_Informatica.Model.Cliente
2025-04-10T16:28:01.292-03:00 DEBUG 4852 --- [lojainfo] [           main] o.h.boot.internal.ClassLoaderAccessImpl  : Not known whether passed class name [com.senac.Projeto_Java_Gerenciamento_Loja_de_Informatica.Model.Produto] is safe
2025-04-10T16:28:01.292-03:00 DEBUG 4852 --- [lojainfo] [           main] o.h.boot.internal.ClassLoaderAccessImpl  : No temp ClassLoader provided; using live ClassLoader for loading potentially unsafe class : com.senac.Projeto_Java_Gerenciamento_Loja_de_Informatica.Model.Produto
2025-04-10T16:28:01.300-03:00 DEBUG 4852 --- [lojainfo] [           main] o.h.boot.internal.ClassLoaderAccessImpl  : Not known whether passed class name [com.senac.Projeto_Java_Gerenciamento_Loja_de_Informatica.Model.Venda] is safe
2025-04-10T16:28:01.300-03:00 DEBUG 4852 --- [lojainfo] [           main] o.h.boot.internal.ClassLoaderAccessImpl  : No temp ClassLoader provided; using live ClassLoader for loading potentially unsafe class : com.senac.Projeto_Java_Gerenciamento_Loja_de_Informatica.Model.Venda
2025-04-10T16:28:01.303-03:00 DEBUG 4852 --- [lojainfo] [           main] .h.s.i.SessionFactoryServiceRegistryImpl : EventListenerRegistry access via ServiceRegistry is deprecated.  Use `sessionFactory.getEventEngine().getListenerRegistry()` instead
2025-04-10T16:28:01.350-03:00 DEBUG 4852 --- [lojainfo] [           main] o.h.q.sqm.function.SqmFunctionRegistry   : Registered SqmFunctionTemplate [NamedSqmFunctionTemplate(max)] under max; prior registration was null
2025-04-10T16:28:01.350-03:00 DEBUG 4852 --- [lojainfo] [           main] o.h.q.sqm.function.SqmFunctionRegistry   : Registered SqmFunctionTemplate [NamedSqmFunctionTemplate(min)] under min; prior registration was null
2025-04-10T16:28:01.350-03:00 DEBUG 4852 --- [lojainfo] [           main] o.h.q.sqm.function.SqmFunctionRegistry   : Registered SqmFunctionTemplate [NamedSqmFunctionTemplate(sum)] under sum; prior registration was null
2025-04-10T16:28:01.350-03:00 DEBUG 4852 --- [lojainfo] [           main] o.h.q.sqm.function.SqmFunctionRegistry   : Registered SqmFunctionTemplate [NamedSqmFunctionTemplate(avg)] under avg; prior registration was null
2025-04-10T16:28:01.350-03:00 DEBUG 4852 --- [lojainfo] [           main] o.h.q.sqm.function.SqmFunctionRegistry   : Registered SqmFunctionTemplate [org.hibernate.dialect.function.CountFunction@453a30f8] under count; prior registration was null
2025-04-10T16:28:01.350-03:00 DEBUG 4852 --- [lojainfo] [           main] o.h.q.sqm.function.SqmFunctionRegistry   : Registered SqmFunctionTemplate [org.hibernate.dialect.function.EveryAnyEmulation@20155dae] under every; prior registration was null
2025-04-10T16:28:01.350-03:00 DEBUG 4852 --- [lojainfo] [           main] o.h.q.sqm.function.SqmFunctionRegistry   : Registered SqmFunctionTemplate [org.hibernate.dialect.function.EveryAnyEmulation@6c49ea0c] under any; prior registration was null
2025-04-10T16:28:01.350-03:00 DEBUG 4852 --- [lojainfo] [           main] o.h.q.sqm.function.SqmFunctionRegistry   : Registered SqmFunctionTemplate [NamedSqmFunctionTemplate(floor)] under floor; prior registration was null
2025-04-10T16:28:01.350-03:00 DEBUG 4852 --- [lojainfo] [           main] o.h.q.sqm.function.SqmFunctionRegistry   : Registered SqmFunctionTemplate [NamedSqmFunctionTemplate(ceiling)] under ceiling; prior registration was null
2025-04-10T16:28:01.350-03:00 DEBUG 4852 --- [lojainfo] [           main] o.h.q.sqm.function.SqmFunctionRegistry   : Registered SqmFunctionTemplate [NamedSqmFunctionTemplate(mod)] under mod; prior registration was null
2025-04-10T16:28:01.350-03:00 DEBUG 4852 --- [lojainfo] [           main] o.h.q.sqm.function.SqmFunctionRegistry   : Registered SqmFunctionTemplate [NamedSqmFunctionTemplate(abs)] under abs; prior registration was null
2025-04-10T16:28:01.350-03:00 DEBUG 4852 --- [lojainfo] [           main] o.h.q.sqm.function.SqmFunctionRegistry   : Registered SqmFunctionTemplate [NamedSqmFunctionTemplate(sign)] under sign; prior registration was null
2025-04-10T16:28:01.350-03:00 DEBUG 4852 --- [lojainfo] [           main] o.h.q.sqm.function.SqmFunctionRegistry   : Registered SqmFunctionTemplate [NamedSqmFunctionTemplate(sqrt)] under sqrt; prior registration was null
2025-04-10T16:28:01.350-03:00 DEBUG 4852 --- [lojainfo] [           main] o.h.q.sqm.function.SqmFunctionRegistry   : Registered SqmFunctionTemplate [NamedSqmFunctionTemplate(ln)] under ln; prior registration was null
2025-04-10T16:28:01.350-03:00 DEBUG 4852 --- [lojainfo] [           main] o.h.q.sqm.function.SqmFunctionRegistry   : Registered SqmFunctionTemplate [NamedSqmFunctionTemplate(exp)] under exp; prior registration was null
2025-04-10T16:28:01.350-03:00 DEBUG 4852 --- [lojainfo] [           main] o.h.q.sqm.function.SqmFunctionRegistry   : Registered SqmFunctionTemplate [NamedSqmFunctionTemplate(power)] under power; prior registration was null
2025-04-10T16:28:01.350-03:00 DEBUG 4852 --- [lojainfo] [           main] o.h.q.sqm.function.SqmFunctionRegistry   : Registered SqmFunctionTemplate [NamedSqmFunctionTemplate(round)] under round; prior registration was null
2025-04-10T16:28:01.350-03:00 DEBUG 4852 --- [lojainfo] [           main] o.h.q.sqm.function.SqmFunctionRegistry   : Registered SqmFunctionTemplate [NamedSqmFunctionTemplate(sin)] under sin; prior registration was null
2025-04-10T16:28:01.350-03:00 DEBUG 4852 --- [lojainfo] [           main] o.h.q.sqm.function.SqmFunctionRegistry   : Registered SqmFunctionTemplate [NamedSqmFunctionTemplate(cos)] under cos; prior registration was null
2025-04-10T16:28:01.350-03:00 DEBUG 4852 --- [lojainfo] [           main] o.h.q.sqm.function.SqmFunctionRegistry   : Registered SqmFunctionTemplate [NamedSqmFunctionTemplate(tan)] under tan; prior registration was null
2025-04-10T16:28:01.350-03:00 DEBUG 4852 --- [lojainfo] [           main] o.h.q.sqm.function.SqmFunctionRegistry   : Registered SqmFunctionTemplate [NamedSqmFunctionTemplate(asin)] under asin; prior registration was null
2025-04-10T16:28:01.350-03:00 DEBUG 4852 --- [lojainfo] [           main] o.h.q.sqm.function.SqmFunctionRegistry   : Registered SqmFunctionTemplate [NamedSqmFunctionTemplate(acos)] under acos; prior registration was null
2025-04-10T16:28:01.350-03:00 DEBUG 4852 --- [lojainfo] [           main] o.h.q.sqm.function.SqmFunctionRegistry   : Registered SqmFunctionTemplate [NamedSqmFunctionTemplate(atan)] under atan; prior registration was null
2025-04-10T16:28:01.350-03:00 DEBUG 4852 --- [lojainfo] [           main] o.h.q.sqm.function.SqmFunctionRegistry   : Registered SqmFunctionTemplate [NamedSqmFunctionTemplate(atan2)] under atan2; prior registration was null
2025-04-10T16:28:01.350-03:00 DEBUG 4852 --- [lojainfo] [           main] o.h.q.sqm.function.SqmFunctionRegistry   : Registered SqmFunctionTemplate [org.hibernate.query.sqm.function.PatternBasedSqmFunctionDescriptor@57f1a1de] under sinh; prior registration was null
2025-04-10T16:28:01.350-03:00 DEBUG 4852 --- [lojainfo] [           main] o.h.q.sqm.function.SqmFunctionRegistry   : Registered SqmFunctionTemplate [org.hibernate.query.sqm.function.PatternBasedSqmFunctionDescriptor@4a6ef712] under cosh; prior registration was null
2025-04-10T16:28:01.350-03:00 DEBUG 4852 --- [lojainfo] [           main] o.h.q.sqm.function.SqmFunctionRegistry   : Registered SqmFunctionTemplate [org.hibernate.query.sqm.function.PatternBasedSqmFunctionDescriptor@98712fa] under tanh; prior registration was null
2025-04-10T16:28:01.359-03:00 DEBUG 4852 --- [lojainfo] [           main] o.h.q.sqm.function.SqmFunctionRegistry   : Registered SqmFunctionTemplate [org.hibernate.query.sqm.function.PatternBasedSqmFunctionDescriptor@61288814] under pi; prior registration was null
2025-04-10T16:28:01.359-03:00 DEBUG 4852 --- [lojainfo] [           main] o.h.q.sqm.function.SqmFunctionRegistry   : Registered SqmFunctionTemplate [org.hibernate.query.sqm.function.PatternBasedSqmFunctionDescriptor@3b8d2abe] under log; prior registration was null
2025-04-10T16:28:01.359-03:00 DEBUG 4852 --- [lojainfo] [           main] o.h.q.sqm.function.SqmFunctionRegistry   : Registered SqmFunctionTemplate [NamedSqmFunctionTemplate(coalesce)] under coalesce; prior registration was null
2025-04-10T16:28:01.359-03:00 DEBUG 4852 --- [lojainfo] [           main] o.h.q.sqm.function.SqmFunctionRegistry   : Registered SqmFunctionTemplate [NamedSqmFunctionTemplate(nullif)] under nullif; prior registration was null
2025-04-10T16:28:01.359-03:00 DEBUG 4852 --- [lojainfo] [           main] o.h.q.sqm.function.SqmFunctionRegistry   : Registered SqmFunctionTemplate [NamedSqmFunctionTemplate(left)] under left; prior registration was null
2025-04-10T16:28:01.359-03:00 DEBUG 4852 --- [lojainfo] [           main] o.h.q.sqm.function.SqmFunctionRegistry   : Registered SqmFunctionTemplate [NamedSqmFunctionTemplate(right)] under right; prior registration was null
2025-04-10T16:28:01.359-03:00 DEBUG 4852 --- [lojainfo] [           main] o.h.q.sqm.function.SqmFunctionRegistry   : Registered SqmFunctionTemplate [NamedSqmFunctionTemplate(replace)] under replace; prior registration was null
2025-04-10T16:28:01.359-03:00 DEBUG 4852 --- [lojainfo] [           main] o.h.q.sqm.function.SqmFunctionRegistry   : Registered SqmFunctionTemplate [NamedSqmFunctionTemplate(concat)] under concat; prior registration was null
2025-04-10T16:28:01.359-03:00 DEBUG 4852 --- [lojainfo] [           main] o.h.q.sqm.function.SqmFunctionRegistry   : Registered SqmFunctionTemplate [NamedSqmFunctionTemplate(lower)] under lower; prior registration was null
2025-04-10T16:28:01.359-03:00 DEBUG 4852 --- [lojainfo] [           main] o.h.q.sqm.function.SqmFunctionRegistry   : Registered SqmFunctionTemplate [NamedSqmFunctionTemplate(upper)] under upper; prior registration was null
2025-04-10T16:28:01.359-03:00 DEBUG 4852 --- [lojainfo] [           main] o.h.q.sqm.function.SqmFunctionRegistry   : Registered SqmFunctionTemplate [NamedSqmFunctionTemplate(substring)] under substring; prior registration was null
2025-04-10T16:28:01.359-03:00 DEBUG 4852 --- [lojainfo] [           main] o.h.q.sqm.function.SqmFunctionRegistry   : Registered SqmFunctionTemplate [NamedSqmFunctionTemplate(locate)] under locate; prior registration was null
2025-04-10T16:28:01.359-03:00 DEBUG 4852 --- [lojainfo] [           main] o.h.q.sqm.function.SqmFunctionRegistry   : Registered SqmFunctionTemplate [NamedSqmFunctionTemplate(character_length)] under character_length; prior registration was null
2025-04-10T16:28:01.359-03:00 DEBUG 4852 --- [lojainfo] [           main] o.h.q.sqm.function.SqmFunctionRegistry   : Registering alternate key : length -> character_length
2025-04-10T16:28:01.359-03:00 DEBUG 4852 --- [lojainfo] [           main] o.h.q.sqm.function.SqmFunctionRegistry   : Registered SqmFunctionTemplate [org.hibernate.dialect.function.LocatePositionEmulation@3458dab6] under position; prior registration was null
2025-04-10T16:28:01.362-03:00 DEBUG 4852 --- [lojainfo] [           main] o.h.q.sqm.function.SqmFunctionRegistry   : Registered SqmFunctionTemplate [org.hibernate.dialect.function.InsertSubstringOverlayEmulation@37e64e37] under overlay; prior registration was null
2025-04-10T16:28:01.364-03:00 DEBUG 4852 --- [lojainfo] [           main] o.h.q.sqm.function.SqmFunctionRegistry   : Registered SqmFunctionTemplate [org.hibernate.dialect.function.TrimFunction@d08f85a] under trim; prior registration was null
2025-04-10T16:28:01.365-03:00 DEBUG 4852 --- [lojainfo] [           main] o.h.q.sqm.function.SqmFunctionRegistry   : Registered SqmFunctionTemplate [org.hibernate.dialect.function.CastFunction@de0c402] under cast; prior registration was null
2025-04-10T16:28:01.366-03:00 DEBUG 4852 --- [lojainfo] [           main] o.h.q.sqm.function.SqmFunctionRegistry   : Registered SqmFunctionTemplate [org.hibernate.query.sqm.function.PatternBasedSqmFunctionDescriptor@24955144] under collate; prior registration was null
2025-04-10T16:28:01.367-03:00 DEBUG 4852 --- [lojainfo] [           main] o.h.q.sqm.function.SqmFunctionRegistry   : Registered SqmFunctionTemplate [org.hibernate.dialect.function.ExtractFunction@71d0b8a4] under extract; prior registration was null
2025-04-10T16:28:01.367-03:00 DEBUG 4852 --- [lojainfo] [           main] o.h.q.sqm.function.SqmFunctionRegistry   : Registered SqmFunctionTemplate [NamedSqmFunctionTemplate(least)] under least; prior registration was null
2025-04-10T16:28:01.367-03:00 DEBUG 4852 --- [lojainfo] [           main] o.h.q.sqm.function.SqmFunctionRegistry   : Registered SqmFunctionTemplate [NamedSqmFunctionTemplate(greatest)] under greatest; prior registration was null
2025-04-10T16:28:01.367-03:00 DEBUG 4852 --- [lojainfo] [           main] o.h.q.sqm.function.SqmFunctionRegistry   : Registered SqmFunctionTemplate [org.hibernate.dialect.function.CoalesceIfnullEmulation@4acc27fd] under ifnull; prior registration was null
2025-04-10T16:28:01.367-03:00 DEBUG 4852 --- [lojainfo] [           main] o.h.q.sqm.function.SqmFunctionRegistry   : Registered SqmFunctionTemplate [NamedSqmFunctionTemplate(lpad)] under lpad; prior registration was null
2025-04-10T16:28:01.369-03:00 DEBUG 4852 --- [lojainfo] [           main] o.h.q.sqm.function.SqmFunctionRegistry   : Registered SqmFunctionTemplate [NamedSqmFunctionTemplate(rpad)] under rpad; prior registration was null
2025-04-10T16:28:01.369-03:00 DEBUG 4852 --- [lojainfo] [           main] o.h.q.sqm.function.SqmFunctionRegistry   : Registered SqmFunctionTemplate [org.hibernate.dialect.function.LpadRpadPadEmulation@19f1be04] under pad; prior registration was null
2025-04-10T16:28:01.369-03:00 DEBUG 4852 --- [lojainfo] [           main] o.h.q.sqm.function.SqmFunctionRegistry   : Registered SqmFunctionTemplate [org.hibernate.dialect.function.CastStrEmulation@2cacd55e] under str; prior registration was null
2025-04-10T16:28:01.376-03:00 DEBUG 4852 --- [lojainfo] [           main] o.h.q.sqm.function.SqmFunctionRegistry   : Registered SqmFunctionTemplate [org.hibernate.dialect.function.FormatFunction@2a16d393] under format; prior registration was null
2025-04-10T16:28:01.377-03:00 DEBUG 4852 --- [lojainfo] [           main] o.h.q.sqm.function.SqmFunctionRegistry   : Registered SqmFunctionTemplate [org.hibernate.dialect.function.TimestampaddFunction@1786150f] under timestampadd; prior registration was null
2025-04-10T16:28:01.378-03:00 DEBUG 4852 --- [lojainfo] [           main] o.h.q.sqm.function.SqmFunctionRegistry   : Registered SqmFunctionTemplate [org.hibernate.dialect.function.TimestampdiffFunction@4e3ffd0] under timestampdiff; prior registration was null
2025-04-10T16:28:01.378-03:00 DEBUG 4852 --- [lojainfo] [           main] o.h.q.sqm.function.SqmFunctionRegistry   : Registering alternate key : dateadd -> timestampadd
2025-04-10T16:28:01.378-03:00 DEBUG 4852 --- [lojainfo] [           main] o.h.q.sqm.function.SqmFunctionRegistry   : Registering alternate key : datediff -> timestampdiff
2025-04-10T16:28:01.379-03:00 DEBUG 4852 --- [lojainfo] [           main] o.h.q.sqm.function.SqmFunctionRegistry   : Registered SqmFunctionTemplate [org.hibernate.dialect.function.CurrentFunction@5f803481] under current_date; prior registration was null
2025-04-10T16:28:01.379-03:00 DEBUG 4852 --- [lojainfo] [           main] o.h.q.sqm.function.SqmFunctionRegistry   : Registered SqmFunctionTemplate [org.hibernate.dialect.function.CurrentFunction@408f70ab] under current_time; prior registration was null
2025-04-10T16:28:01.379-03:00 DEBUG 4852 --- [lojainfo] [           main] o.h.q.sqm.function.SqmFunctionRegistry   : Registered SqmFunctionTemplate [org.hibernate.dialect.function.CurrentFunction@5383bf08] under current_timestamp; prior registration was null
2025-04-10T16:28:01.379-03:00 DEBUG 4852 --- [lojainfo] [           main] o.h.q.sqm.function.SqmFunctionRegistry   : Registering alternate key : current date -> current_date
2025-04-10T16:28:01.379-03:00 DEBUG 4852 --- [lojainfo] [           main] o.h.q.sqm.function.SqmFunctionRegistry   : Registering alternate key : current time -> current_time
2025-04-10T16:28:01.379-03:00 DEBUG 4852 --- [lojainfo] [           main] o.h.q.sqm.function.SqmFunctionRegistry   : Registering alternate key : current timestamp -> current_timestamp
2025-04-10T16:28:01.379-03:00 DEBUG 4852 --- [lojainfo] [           main] o.h.q.sqm.function.SqmFunctionRegistry   : Registered SqmFunctionTemplate [org.hibernate.dialect.function.CurrentFunction@2586e878] under local_date; prior registration was null
2025-04-10T16:28:01.379-03:00 DEBUG 4852 --- [lojainfo] [           main] o.h.q.sqm.function.SqmFunctionRegistry   : Registered SqmFunctionTemplate [org.hibernate.dialect.function.CurrentFunction@7b7cf475] under local_time; prior registration was null
2025-04-10T16:28:01.379-03:00 DEBUG 4852 --- [lojainfo] [           main] o.h.q.sqm.function.SqmFunctionRegistry   : Registered SqmFunctionTemplate [org.hibernate.dialect.function.CurrentFunction@404dc999] under local_datetime; prior registration was null
2025-04-10T16:28:01.379-03:00 DEBUG 4852 --- [lojainfo] [           main] o.h.q.sqm.function.SqmFunctionRegistry   : Registered SqmFunctionTemplate [org.hibernate.dialect.function.CurrentFunction@ef85567] under offset_datetime; prior registration was null
2025-04-10T16:28:01.379-03:00 DEBUG 4852 --- [lojainfo] [           main] o.h.q.sqm.function.SqmFunctionRegistry   : Registering alternate key : local date -> local_date
2025-04-10T16:28:01.379-03:00 DEBUG 4852 --- [lojainfo] [           main] o.h.q.sqm.function.SqmFunctionRegistry   : Registering alternate key : local time -> local_time
2025-04-10T16:28:01.379-03:00 DEBUG 4852 --- [lojainfo] [           main] o.h.q.sqm.function.SqmFunctionRegistry   : Registering alternate key : local datetime -> local_datetime
2025-04-10T16:28:01.379-03:00 DEBUG 4852 --- [lojainfo] [           main] o.h.q.sqm.function.SqmFunctionRegistry   : Registering alternate key : offset datetime -> offset_datetime
2025-04-10T16:28:01.379-03:00 DEBUG 4852 --- [lojainfo] [           main] o.h.q.sqm.function.SqmFunctionRegistry   : Registered SqmFunctionTemplate [org.hibernate.dialect.function.CurrentFunction@1c2fb9e8] under instant; prior registration was null
2025-04-10T16:28:01.379-03:00 DEBUG 4852 --- [lojainfo] [           main] o.h.q.sqm.function.SqmFunctionRegistry   : Registering alternate key : current_instant -> instant
2025-04-10T16:28:01.379-03:00 DEBUG 4852 --- [lojainfo] [           main] o.h.q.sqm.function.SqmFunctionRegistry   : Registered SqmFunctionTemplate [org.hibernate.dialect.function.SqlFunction@35d0749] under sql; prior registration was null
2025-04-10T16:28:01.379-03:00 DEBUG 4852 --- [lojainfo] [           main] o.h.q.sqm.function.SqmFunctionRegistry   : Registered SqmFunctionTemplate [NamedSqmFunctionTemplate(soundex)] under soundex; prior registration was null
2025-04-10T16:28:01.379-03:00 DEBUG 4852 --- [lojainfo] [           main] o.h.q.sqm.function.SqmFunctionRegistry   : Registered SqmFunctionTemplate [NamedSqmFunctionTemplate(radians)] under radians; prior registration was null
2025-04-10T16:28:01.379-03:00 DEBUG 4852 --- [lojainfo] [           main] o.h.q.sqm.function.SqmFunctionRegistry   : Registered SqmFunctionTemplate [NamedSqmFunctionTemplate(degrees)] under degrees; prior registration was null
2025-04-10T16:28:01.379-03:00 DEBUG 4852 --- [lojainfo] [           main] o.h.q.sqm.function.SqmFunctionRegistry   : Registered SqmFunctionTemplate [NamedSqmFunctionTemplate(cot)] under cot; prior registration was null
2025-04-10T16:28:01.379-03:00 DEBUG 4852 --- [lojainfo] [           main] o.h.q.sqm.function.SqmFunctionRegistry   : Registered SqmFunctionTemplate [NamedSqmFunctionTemplate(log)] under log; prior registration was org.hibernate.query.sqm.function.PatternBasedSqmFunctionDescriptor@3b8d2abe
2025-04-10T16:28:01.379-03:00 DEBUG 4852 --- [lojainfo] [           main] o.h.q.sqm.function.SqmFunctionRegistry   : Registered SqmFunctionTemplate [NamedSqmFunctionTemplate(log2)] under log2; prior registration was null
2025-04-10T16:28:01.379-03:00 DEBUG 4852 --- [lojainfo] [           main] o.h.q.sqm.function.SqmFunctionRegistry   : Registered SqmFunctionTemplate [NamedSqmFunctionTemplate(log10)] under log10; prior registration was null
2025-04-10T16:28:01.379-03:00 DEBUG 4852 --- [lojainfo] [           main] o.h.q.sqm.function.SqmFunctionRegistry   : Registered SqmFunctionTemplate [NamedSqmFunctionTemplate(ltrim)] under ltrim; prior registration was null
2025-04-10T16:28:01.379-03:00 DEBUG 4852 --- [lojainfo] [           main] o.h.q.sqm.function.SqmFunctionRegistry   : Registered SqmFunctionTemplate [NamedSqmFunctionTemplate(rtrim)] under rtrim; prior registration was null
2025-04-10T16:28:01.379-03:00 DEBUG 4852 --- [lojainfo] [           main] o.h.q.sqm.function.SqmFunctionRegistry   : Registered SqmFunctionTemplate [NamedSqmFunctionTemplate(octet_length)] under octet_length; prior registration was null
2025-04-10T16:28:01.379-03:00 DEBUG 4852 --- [lojainfo] [           main] o.h.q.sqm.function.SqmFunctionRegistry   : Registered SqmFunctionTemplate [NamedSqmFunctionTemplate(reverse)] under reverse; prior registration was null
2025-04-10T16:28:01.379-03:00 DEBUG 4852 --- [lojainfo] [           main] o.h.q.sqm.function.SqmFunctionRegistry   : Registered SqmFunctionTemplate [NamedSqmFunctionTemplate(space)] under space; prior registration was null
2025-04-10T16:28:01.379-03:00 DEBUG 4852 --- [lojainfo] [           main] o.h.q.sqm.function.SqmFunctionRegistry   : Registered SqmFunctionTemplate [NamedSqmFunctionTemplate(repeat)] under repeat; prior registration was null
2025-04-10T16:28:01.381-03:00 DEBUG 4852 --- [lojainfo] [           main] o.h.q.sqm.function.SqmFunctionRegistry   : Registered SqmFunctionTemplate [org.hibernate.query.sqm.function.MultipatternSqmFunctionDescriptor@3c62f69a] under lpad; prior registration was NamedSqmFunctionTemplate(lpad)
2025-04-10T16:28:01.381-03:00 DEBUG 4852 --- [lojainfo] [           main] o.h.q.sqm.function.SqmFunctionRegistry   : Registered SqmFunctionTemplate [org.hibernate.query.sqm.function.MultipatternSqmFunctionDescriptor@f08f8a9] under rpad; prior registration was NamedSqmFunctionTemplate(rpad)
2025-04-10T16:28:01.381-03:00 DEBUG 4852 --- [lojainfo] [           main] o.h.q.sqm.function.SqmFunctionRegistry   : Registered SqmFunctionTemplate [NamedSqmFunctionTemplate(md5)] under md5; prior registration was null
2025-04-10T16:28:01.381-03:00 DEBUG 4852 --- [lojainfo] [           main] o.h.q.sqm.function.SqmFunctionRegistry   : Registered SqmFunctionTemplate [NamedSqmFunctionTemplate(day)] under day; prior registration was null
2025-04-10T16:28:01.381-03:00 DEBUG 4852 --- [lojainfo] [           main] o.h.q.sqm.function.SqmFunctionRegistry   : Registered SqmFunctionTemplate [NamedSqmFunctionTemplate(month)] under month; prior registration was null
2025-04-10T16:28:01.381-03:00 DEBUG 4852 --- [lojainfo] [           main] o.h.q.sqm.function.SqmFunctionRegistry   : Registered SqmFunctionTemplate [NamedSqmFunctionTemplate(year)] under year; prior registration was null
2025-04-10T16:28:01.381-03:00 DEBUG 4852 --- [lojainfo] [           main] o.h.q.sqm.function.SqmFunctionRegistry   : Registered SqmFunctionTemplate [NamedSqmFunctionTemplate(hour)] under hour; prior registration was null
2025-04-10T16:28:01.381-03:00 DEBUG 4852 --- [lojainfo] [           main] o.h.q.sqm.function.SqmFunctionRegistry   : Registered SqmFunctionTemplate [NamedSqmFunctionTemplate(minute)] under minute; prior registration was null
2025-04-10T16:28:01.381-03:00 DEBUG 4852 --- [lojainfo] [           main] o.h.q.sqm.function.SqmFunctionRegistry   : Registered SqmFunctionTemplate [NamedSqmFunctionTemplate(second)] under second; prior registration was null
2025-04-10T16:28:01.381-03:00 DEBUG 4852 --- [lojainfo] [           main] o.h.q.sqm.function.SqmFunctionRegistry   : Registered SqmFunctionTemplate [NamedSqmFunctionTemplate(microsecond)] under microsecond; prior registration was null
2025-04-10T16:28:01.381-03:00 DEBUG 4852 --- [lojainfo] [           main] o.h.q.sqm.function.SqmFunctionRegistry   : Registered SqmFunctionTemplate [NamedSqmFunctionTemplate(dayofweek)] under dayofweek; prior registration was null
2025-04-10T16:28:01.381-03:00 DEBUG 4852 --- [lojainfo] [           main] o.h.q.sqm.function.SqmFunctionRegistry   : Registered SqmFunctionTemplate [NamedSqmFunctionTemplate(dayofmonth)] under dayofmonth; prior registration was null
2025-04-10T16:28:01.381-03:00 DEBUG 4852 --- [lojainfo] [           main] o.h.q.sqm.function.SqmFunctionRegistry   : Registering alternate key : day -> dayofmonth
2025-04-10T16:28:01.381-03:00 DEBUG 4852 --- [lojainfo] [           main] o.h.q.sqm.function.SqmFunctionRegistry   : Registered SqmFunctionTemplate [NamedSqmFunctionTemplate(dayofyear)] under dayofyear; prior registration was null
2025-04-10T16:28:01.381-03:00 DEBUG 4852 --- [lojainfo] [           main] o.h.q.sqm.function.SqmFunctionRegistry   : Registered SqmFunctionTemplate [NamedSqmFunctionTemplate(week)] under week; prior registration was null
2025-04-10T16:28:01.381-03:00 DEBUG 4852 --- [lojainfo] [           main] o.h.q.sqm.function.SqmFunctionRegistry   : Registered SqmFunctionTemplate [NamedSqmFunctionTemplate(quarter)] under quarter; prior registration was null
2025-04-10T16:28:01.381-03:00 DEBUG 4852 --- [lojainfo] [           main] o.h.q.sqm.function.SqmFunctionRegistry   : Registered SqmFunctionTemplate [NamedSqmFunctionTemplate(monthname)] under monthname; prior registration was null
2025-04-10T16:28:01.381-03:00 DEBUG 4852 --- [lojainfo] [           main] o.h.q.sqm.function.SqmFunctionRegistry   : Registered SqmFunctionTemplate [NamedSqmFunctionTemplate(dayname)] under dayname; prior registration was null
2025-04-10T16:28:01.381-03:00 DEBUG 4852 --- [lojainfo] [           main] o.h.q.sqm.function.SqmFunctionRegistry   : Registered SqmFunctionTemplate [NamedSqmFunctionTemplate(last_day)] under last_day; prior registration was null
2025-04-10T16:28:01.381-03:00 DEBUG 4852 --- [lojainfo] [           main] o.h.q.sqm.function.SqmFunctionRegistry   : Registered SqmFunctionTemplate [NamedSqmFunctionTemplate(date)] under date; prior registration was null
2025-04-10T16:28:01.381-03:00 DEBUG 4852 --- [lojainfo] [           main] o.h.q.sqm.function.SqmFunctionRegistry   : Registered SqmFunctionTemplate [NamedSqmFunctionTemplate(timestamp)] under timestamp; prior registration was null
2025-04-10T16:28:01.381-03:00 DEBUG 4852 --- [lojainfo] [           main] o.h.q.sqm.function.SqmFunctionRegistry   : Registered SqmFunctionTemplate [NamedSqmFunctionTemplate(time)] under time; prior registration was null
2025-04-10T16:28:01.381-03:00 DEBUG 4852 --- [lojainfo] [           main] o.h.q.sqm.function.SqmFunctionRegistry   : Registered SqmFunctionTemplate [NamedSqmFunctionTemplate(utc_date)] under utc_date; prior registration was null
2025-04-10T16:28:01.381-03:00 DEBUG 4852 --- [lojainfo] [           main] o.h.q.sqm.function.SqmFunctionRegistry   : Registered SqmFunctionTemplate [NamedSqmFunctionTemplate(utc_time)] under utc_time; prior registration was null
2025-04-10T16:28:01.382-03:00 DEBUG 4852 --- [lojainfo] [           main] o.h.q.sqm.function.SqmFunctionRegistry   : Registered SqmFunctionTemplate [NamedSqmFunctionTemplate(utc_timestamp)] under utc_timestamp; prior registration was null
2025-04-10T16:28:01.382-03:00 DEBUG 4852 --- [lojainfo] [           main] o.h.q.sqm.function.SqmFunctionRegistry   : Registered SqmFunctionTemplate [NamedSqmFunctionTemplate(rand)] under rand; prior registration was null
2025-04-10T16:28:01.382-03:00 DEBUG 4852 --- [lojainfo] [           main] o.h.q.sqm.function.SqmFunctionRegistry   : Registered SqmFunctionTemplate [NamedSqmFunctionTemplate(crc32)] under crc32; prior registration was null
2025-04-10T16:28:01.382-03:00 DEBUG 4852 --- [lojainfo] [           main] o.h.q.sqm.function.SqmFunctionRegistry   : Registered SqmFunctionTemplate [NamedSqmFunctionTemplate(sha1)] under sha1; prior registration was null
2025-04-10T16:28:01.382-03:00 DEBUG 4852 --- [lojainfo] [           main] o.h.q.sqm.function.SqmFunctionRegistry   : Registered SqmFunctionTemplate [NamedSqmFunctionTemplate(sha2)] under sha2; prior registration was null
2025-04-10T16:28:01.382-03:00 DEBUG 4852 --- [lojainfo] [           main] o.h.q.sqm.function.SqmFunctionRegistry   : Registered SqmFunctionTemplate [NamedSqmFunctionTemplate(sha)] under sha; prior registration was null
2025-04-10T16:28:01.382-03:00 DEBUG 4852 --- [lojainfo] [           main] o.h.q.sqm.function.SqmFunctionRegistry   : Registered SqmFunctionTemplate [NamedSqmFunctionTemplate(bit_length)] under bit_length; prior registration was null
2025-04-10T16:28:01.382-03:00 DEBUG 4852 --- [lojainfo] [           main] o.h.q.sqm.function.SqmFunctionRegistry   : Registered SqmFunctionTemplate [NamedSqmFunctionTemplate(octet_length)] under octet_length; prior registration was NamedSqmFunctionTemplate(octet_length)
2025-04-10T16:28:01.382-03:00 DEBUG 4852 --- [lojainfo] [           main] o.h.q.sqm.function.SqmFunctionRegistry   : Registered SqmFunctionTemplate [NamedSqmFunctionTemplate(ascii)] under ascii; prior registration was null
2025-04-10T16:28:01.382-03:00 DEBUG 4852 --- [lojainfo] [           main] o.h.q.sqm.function.SqmFunctionRegistry   : Registered SqmFunctionTemplate [NamedSqmFunctionTemplate(instr)] under instr; prior registration was null
2025-04-10T16:28:01.382-03:00 DEBUG 4852 --- [lojainfo] [           main] o.h.q.sqm.function.SqmFunctionRegistry   : Registered SqmFunctionTemplate [NamedSqmFunctionTemplate(substr)] under substr; prior registration was null
2025-04-10T16:28:01.382-03:00 DEBUG 4852 --- [lojainfo] [           main] o.h.q.sqm.function.SqmFunctionRegistry   : Registered SqmFunctionTemplate [org.hibernate.query.sqm.function.PatternBasedSqmFunctionDescriptor@5ebf776c] under position; prior registration was org.hibernate.dialect.function.LocatePositionEmulation@3458dab6
2025-04-10T16:28:01.382-03:00 DEBUG 4852 --- [lojainfo] [           main] o.h.q.sqm.function.SqmFunctionRegistry   : Registered SqmFunctionTemplate [NamedSqmFunctionTemplate(curtime)] under curtime; prior registration was null
2025-04-10T16:28:01.382-03:00 DEBUG 4852 --- [lojainfo] [           main] o.h.q.sqm.function.SqmFunctionRegistry   : Registered SqmFunctionTemplate [NamedSqmFunctionTemplate(curdate)] under curdate; prior registration was null
2025-04-10T16:28:01.382-03:00 DEBUG 4852 --- [lojainfo] [           main] o.h.q.sqm.function.SqmFunctionRegistry   : Registered SqmFunctionTemplate [NamedSqmFunctionTemplate(now)] under now; prior registration was null
2025-04-10T16:28:01.389-03:00 DEBUG 4852 --- [lojainfo] [           main] o.h.q.sqm.function.SqmFunctionRegistry   : Registered SqmFunctionTemplate [org.hibernate.dialect.function.TruncFunction@5ad50b02] under trunc; prior registration was null
2025-04-10T16:28:01.389-03:00 DEBUG 4852 --- [lojainfo] [           main] o.h.q.sqm.function.SqmFunctionRegistry   : Registering alternate key : truncate -> trunc
2025-04-10T16:28:01.389-03:00 DEBUG 4852 --- [lojainfo] [           main] o.h.q.sqm.function.SqmFunctionRegistry   : Registered SqmFunctionTemplate [NamedSqmFunctionTemplate(insert)] under insert; prior registration was null
2025-04-10T16:28:01.389-03:00 DEBUG 4852 --- [lojainfo] [           main] o.h.q.sqm.function.SqmFunctionRegistry   : Registered SqmFunctionTemplate [org.hibernate.query.sqm.function.PatternBasedSqmFunctionDescriptor@570299e3] under bitand; prior registration was null
2025-04-10T16:28:01.389-03:00 DEBUG 4852 --- [lojainfo] [           main] o.h.q.sqm.function.SqmFunctionRegistry   : Registered SqmFunctionTemplate [org.hibernate.query.sqm.function.PatternBasedSqmFunctionDescriptor@bff764c] under bitor; prior registration was null
2025-04-10T16:28:01.389-03:00 DEBUG 4852 --- [lojainfo] [           main] o.h.q.sqm.function.SqmFunctionRegistry   : Registered SqmFunctionTemplate [org.hibernate.query.sqm.function.PatternBasedSqmFunctionDescriptor@3beaa16d] under bitxor; prior registration was null
2025-04-10T16:28:01.389-03:00 DEBUG 4852 --- [lojainfo] [           main] o.h.q.sqm.function.SqmFunctionRegistry   : Registered SqmFunctionTemplate [org.hibernate.query.sqm.function.PatternBasedSqmFunctionDescriptor@49153009] under bitnot; prior registration was null
2025-04-10T16:28:01.389-03:00 DEBUG 4852 --- [lojainfo] [           main] o.h.q.sqm.function.SqmFunctionRegistry   : Registered SqmFunctionTemplate [NamedSqmFunctionTemplate(bit_and)] under bit_and; prior registration was null
2025-04-10T16:28:01.389-03:00 DEBUG 4852 --- [lojainfo] [           main] o.h.q.sqm.function.SqmFunctionRegistry   : Registered SqmFunctionTemplate [NamedSqmFunctionTemplate(bit_or)] under bit_or; prior registration was null
2025-04-10T16:28:01.389-03:00 DEBUG 4852 --- [lojainfo] [           main] o.h.q.sqm.function.SqmFunctionRegistry   : Registered SqmFunctionTemplate [NamedSqmFunctionTemplate(stddev)] under stddev; prior registration was null
2025-04-10T16:28:01.389-03:00 DEBUG 4852 --- [lojainfo] [           main] o.h.q.sqm.function.SqmFunctionRegistry   : Registered SqmFunctionTemplate [NamedSqmFunctionTemplate(stddev_pop)] under stddev_pop; prior registration was null
2025-04-10T16:28:01.389-03:00 DEBUG 4852 --- [lojainfo] [           main] o.h.q.sqm.function.SqmFunctionRegistry   : Registered SqmFunctionTemplate [NamedSqmFunctionTemplate(stddev_samp)] under stddev_samp; prior registration was null
2025-04-10T16:28:01.389-03:00 DEBUG 4852 --- [lojainfo] [           main] o.h.q.sqm.function.SqmFunctionRegistry   : Registered SqmFunctionTemplate [NamedSqmFunctionTemplate(variance)] under variance; prior registration was null
2025-04-10T16:28:01.389-03:00 DEBUG 4852 --- [lojainfo] [           main] o.h.q.sqm.function.SqmFunctionRegistry   : Registered SqmFunctionTemplate [NamedSqmFunctionTemplate(var_pop)] under var_pop; prior registration was null
2025-04-10T16:28:01.389-03:00 DEBUG 4852 --- [lojainfo] [           main] o.h.q.sqm.function.SqmFunctionRegistry   : Registered SqmFunctionTemplate [NamedSqmFunctionTemplate(var_samp)] under var_samp; prior registration was null
2025-04-10T16:28:01.389-03:00 DEBUG 4852 --- [lojainfo] [           main] o.h.q.sqm.function.SqmFunctionRegistry   : Registered SqmFunctionTemplate [NamedSqmFunctionTemplate(datediff)] under datediff; prior registration was null
2025-04-10T16:28:01.389-03:00 DEBUG 4852 --- [lojainfo] [           main] o.h.q.sqm.function.SqmFunctionRegistry   : Registered SqmFunctionTemplate [NamedSqmFunctionTemplate(adddate)] under adddate; prior registration was null
2025-04-10T16:28:01.389-03:00 DEBUG 4852 --- [lojainfo] [           main] o.h.q.sqm.function.SqmFunctionRegistry   : Registered SqmFunctionTemplate [NamedSqmFunctionTemplate(subdate)] under subdate; prior registration was null
2025-04-10T16:28:01.389-03:00 DEBUG 4852 --- [lojainfo] [           main] o.h.q.sqm.function.SqmFunctionRegistry   : Registered SqmFunctionTemplate [NamedSqmFunctionTemplate(addtime)] under addtime; prior registration was null
2025-04-10T16:28:01.389-03:00 DEBUG 4852 --- [lojainfo] [           main] o.h.q.sqm.function.SqmFunctionRegistry   : Registered SqmFunctionTemplate [NamedSqmFunctionTemplate(subtime)] under subtime; prior registration was null
2025-04-10T16:28:01.389-03:00 DEBUG 4852 --- [lojainfo] [           main] o.h.q.sqm.function.SqmFunctionRegistry   : Registered SqmFunctionTemplate [org.hibernate.dialect.function.FormatFunction@a1b7549] under format; prior registration was org.hibernate.dialect.function.FormatFunction@2a16d393
2025-04-10T16:28:01.391-03:00 DEBUG 4852 --- [lojainfo] [           main] o.h.q.sqm.function.SqmFunctionRegistry   : Registered SqmFunctionTemplate [NamedSqmFunctionTemplate(makedate)] under makedate; prior registration was null
2025-04-10T16:28:01.391-03:00 DEBUG 4852 --- [lojainfo] [           main] o.h.q.sqm.function.SqmFunctionRegistry   : Registered SqmFunctionTemplate [NamedSqmFunctionTemplate(maketime)] under maketime; prior registration was null
2025-04-10T16:28:01.391-03:00 DEBUG 4852 --- [lojainfo] [           main] o.h.q.sqm.function.SqmFunctionRegistry   : Registered SqmFunctionTemplate [NamedSqmFunctionTemplate(localtime)] under localtime; prior registration was null
2025-04-10T16:28:01.391-03:00 DEBUG 4852 --- [lojainfo] [           main] o.h.q.sqm.function.SqmFunctionRegistry   : Registered SqmFunctionTemplate [NamedSqmFunctionTemplate(localtimestamp)] under localtimestamp; prior registration was null
2025-04-10T16:28:01.391-03:00 DEBUG 4852 --- [lojainfo] [           main] o.h.q.sqm.function.SqmFunctionRegistry   : Registered SqmFunctionTemplate [NamedSqmFunctionTemplate(localtime)] under local_time; prior registration was org.hibernate.dialect.function.CurrentFunction@7b7cf475
2025-04-10T16:28:01.391-03:00 DEBUG 4852 --- [lojainfo] [           main] o.h.q.sqm.function.SqmFunctionRegistry   : Registered SqmFunctionTemplate [NamedSqmFunctionTemplate(localtimestamp)] under local_datetime; prior registration was org.hibernate.dialect.function.CurrentFunction@404dc999
2025-04-10T16:28:01.391-03:00 DEBUG 4852 --- [lojainfo] [           main] o.h.q.sqm.function.SqmFunctionRegistry   : Registered SqmFunctionTemplate [NamedSqmFunctionTemplate(localtime)] under localtime; prior registration was NamedSqmFunctionTemplate(localtime)
2025-04-10T16:28:01.391-03:00 DEBUG 4852 --- [lojainfo] [           main] o.h.q.sqm.function.SqmFunctionRegistry   : Registered SqmFunctionTemplate [org.hibernate.query.sqm.function.PatternBasedSqmFunctionDescriptor@7aa63f50] under pi; prior registration was org.hibernate.query.sqm.function.PatternBasedSqmFunctionDescriptor@61288814
2025-04-10T16:28:01.391-03:00 DEBUG 4852 --- [lojainfo] [           main] o.h.q.sqm.function.SqmFunctionRegistry   : Registered SqmFunctionTemplate [org.hibernate.query.sqm.function.PatternBasedSqmFunctionDescriptor@142918a0] under chr; prior registration was null
2025-04-10T16:28:01.391-03:00 DEBUG 4852 --- [lojainfo] [           main] o.h.q.sqm.function.SqmFunctionRegistry   : Registering alternate key : char -> chr
2025-04-10T16:28:01.391-03:00 DEBUG 4852 --- [lojainfo] [           main] o.h.q.sqm.function.SqmFunctionRegistry   : Registered SqmFunctionTemplate [org.hibernate.query.sqm.function.PatternBasedSqmFunctionDescriptor@745cf754] under sysdate; prior registration was null
2025-04-10T16:28:01.391-03:00 DEBUG 4852 --- [lojainfo] [           main] o.h.q.sqm.function.SqmFunctionRegistry   : Registered SqmFunctionTemplate [NamedSqmFunctionTemplate(row_number)] under row_number; prior registration was null
2025-04-10T16:28:01.392-03:00 DEBUG 4852 --- [lojainfo] [           main] o.h.q.sqm.function.SqmFunctionRegistry   : Registered SqmFunctionTemplate [NamedSqmFunctionTemplate(lag)] under lag; prior registration was null
2025-04-10T16:28:01.392-03:00 DEBUG 4852 --- [lojainfo] [           main] o.h.q.sqm.function.SqmFunctionRegistry   : Registered SqmFunctionTemplate [NamedSqmFunctionTemplate(lead)] under lead; prior registration was null
2025-04-10T16:28:01.392-03:00 DEBUG 4852 --- [lojainfo] [           main] o.h.q.sqm.function.SqmFunctionRegistry   : Registered SqmFunctionTemplate [NamedSqmFunctionTemplate(first_value)] under first_value; prior registration was null
2025-04-10T16:28:01.392-03:00 DEBUG 4852 --- [lojainfo] [           main] o.h.q.sqm.function.SqmFunctionRegistry   : Registered SqmFunctionTemplate [NamedSqmFunctionTemplate(last_value)] under last_value; prior registration was null
2025-04-10T16:28:01.392-03:00 DEBUG 4852 --- [lojainfo] [           main] o.h.q.sqm.function.SqmFunctionRegistry   : Registered SqmFunctionTemplate [NamedSqmFunctionTemplate(nth_value)] under nth_value; prior registration was null
2025-04-10T16:28:01.393-03:00 DEBUG 4852 --- [lojainfo] [           main] o.h.q.sqm.function.SqmFunctionRegistry   : Registered SqmFunctionTemplate [org.hibernate.dialect.function.HypotheticalSetWindowEmulation@28db2afb] under rank; prior registration was null
2025-04-10T16:28:01.393-03:00 DEBUG 4852 --- [lojainfo] [           main] o.h.q.sqm.function.SqmFunctionRegistry   : Registered SqmFunctionTemplate [org.hibernate.dialect.function.HypotheticalSetWindowEmulation@5c703860] under dense_rank; prior registration was null
2025-04-10T16:28:01.393-03:00 DEBUG 4852 --- [lojainfo] [           main] o.h.q.sqm.function.SqmFunctionRegistry   : Registered SqmFunctionTemplate [org.hibernate.dialect.function.HypotheticalSetWindowEmulation@6315bb4] under percent_rank; prior registration was null
2025-04-10T16:28:01.393-03:00 DEBUG 4852 --- [lojainfo] [           main] o.h.q.sqm.function.SqmFunctionRegistry   : Registered SqmFunctionTemplate [org.hibernate.dialect.function.HypotheticalSetWindowEmulation@4682882a] under cume_dist; prior registration was null
2025-04-10T16:28:01.394-03:00 DEBUG 4852 --- [lojainfo] [           main] o.h.q.sqm.function.SqmFunctionRegistry   : Registered SqmFunctionTemplate [org.hibernate.dialect.function.ListaggGroupConcatEmulation@34e07e65] under listagg; prior registration was null
2025-04-10T16:28:01.395-03:00 DEBUG 4852 --- [lojainfo] [           main] org.hibernate.HQL_FUNCTIONS              : abs(NUMERIC arg)
2025-04-10T16:28:01.395-03:00 DEBUG 4852 --- [lojainfo] [           main] org.hibernate.HQL_FUNCTIONS              : Double acos(NUMERIC arg)
2025-04-10T16:28:01.395-03:00 DEBUG 4852 --- [lojainfo] [           main] org.hibernate.HQL_FUNCTIONS              : adddate(DATE datetime, INTEGER days)
2025-04-10T16:28:01.395-03:00 DEBUG 4852 --- [lojainfo] [           main] org.hibernate.HQL_FUNCTIONS              : addtime(TIME datetime, TIME time)
2025-04-10T16:28:01.395-03:00 DEBUG 4852 --- [lojainfo] [           main] org.hibernate.HQL_FUNCTIONS              : Boolean any(BOOLEAN arg)
2025-04-10T16:28:01.395-03:00 DEBUG 4852 --- [lojainfo] [           main] org.hibernate.HQL_FUNCTIONS              : Integer ascii(STRING arg)
2025-04-10T16:28:01.395-03:00 DEBUG 4852 --- [lojainfo] [           main] org.hibernate.HQL_FUNCTIONS              : Double asin(NUMERIC arg)
2025-04-10T16:28:01.395-03:00 DEBUG 4852 --- [lojainfo] [           main] org.hibernate.HQL_FUNCTIONS              : Double atan(NUMERIC arg)
2025-04-10T16:28:01.395-03:00 DEBUG 4852 --- [lojainfo] [           main] org.hibernate.HQL_FUNCTIONS              : Double atan2(NUMERIC arg0, NUMERIC arg1)
2025-04-10T16:28:01.395-03:00 DEBUG 4852 --- [lojainfo] [           main] org.hibernate.HQL_FUNCTIONS              : avg(arg)
2025-04-10T16:28:01.395-03:00 DEBUG 4852 --- [lojainfo] [           main] org.hibernate.HQL_FUNCTIONS              : bit_and(arg)
2025-04-10T16:28:01.395-03:00 DEBUG 4852 --- [lojainfo] [           main] org.hibernate.HQL_FUNCTIONS              : Integer bit_length(STRING_OR_CLOB arg)
2025-04-10T16:28:01.395-03:00 DEBUG 4852 --- [lojainfo] [           main] org.hibernate.HQL_FUNCTIONS              : bit_or(arg)
2025-04-10T16:28:01.395-03:00 DEBUG 4852 --- [lojainfo] [           main] org.hibernate.HQL_FUNCTIONS              : bitand(arg0, arg1)
2025-04-10T16:28:01.395-03:00 DEBUG 4852 --- [lojainfo] [           main] org.hibernate.HQL_FUNCTIONS              : bitnot(arg)
2025-04-10T16:28:01.395-03:00 DEBUG 4852 --- [lojainfo] [           main] org.hibernate.HQL_FUNCTIONS              : bitor(arg0, arg1)
2025-04-10T16:28:01.396-03:00 DEBUG 4852 --- [lojainfo] [           main] org.hibernate.HQL_FUNCTIONS              : bitxor(arg0, arg1)
2025-04-10T16:28:01.396-03:00 DEBUG 4852 --- [lojainfo] [           main] org.hibernate.HQL_FUNCTIONS              : cast(arg as Type)
2025-04-10T16:28:01.396-03:00 DEBUG 4852 --- [lojainfo] [           main] org.hibernate.HQL_FUNCTIONS              : ceiling(NUMERIC arg)
2025-04-10T16:28:01.396-03:00 DEBUG 4852 --- [lojainfo] [           main] org.hibernate.HQL_FUNCTIONS              : Character char(INTEGER arg)
2025-04-10T16:28:01.396-03:00 DEBUG 4852 --- [lojainfo] [           main] org.hibernate.HQL_FUNCTIONS              : Integer character_length(STRING_OR_CLOB arg)
2025-04-10T16:28:01.396-03:00 DEBUG 4852 --- [lojainfo] [           main] org.hibernate.HQL_FUNCTIONS              : Character chr(INTEGER arg)
2025-04-10T16:28:01.396-03:00 DEBUG 4852 --- [lojainfo] [           main] org.hibernate.HQL_FUNCTIONS              : coalesce(arg0[, arg1[, ...]])
2025-04-10T16:28:01.396-03:00 DEBUG 4852 --- [lojainfo] [           main] org.hibernate.HQL_FUNCTIONS              : String collate(STRING string as COLLATION collation)
2025-04-10T16:28:01.396-03:00 DEBUG 4852 --- [lojainfo] [           main] org.hibernate.HQL_FUNCTIONS              : String concat(STRING string0[, STRING string1[, ...]])
2025-04-10T16:28:01.396-03:00 DEBUG 4852 --- [lojainfo] [           main] org.hibernate.HQL_FUNCTIONS              : Double cos(NUMERIC arg)
2025-04-10T16:28:01.396-03:00 DEBUG 4852 --- [lojainfo] [           main] org.hibernate.HQL_FUNCTIONS              : Double cosh(NUMERIC arg)
2025-04-10T16:28:01.396-03:00 DEBUG 4852 --- [lojainfo] [           main] org.hibernate.HQL_FUNCTIONS              : Double cot(NUMERIC arg)
2025-04-10T16:28:01.396-03:00 DEBUG 4852 --- [lojainfo] [           main] org.hibernate.HQL_FUNCTIONS              : Long count([distinct ]{arg|*})
2025-04-10T16:28:01.396-03:00 DEBUG 4852 --- [lojainfo] [           main] org.hibernate.HQL_FUNCTIONS              : Integer crc32(arg)
2025-04-10T16:28:01.396-03:00 DEBUG 4852 --- [lojainfo] [           main] org.hibernate.HQL_FUNCTIONS              : Double cume_dist([arg0[, ...]])
2025-04-10T16:28:01.396-03:00 DEBUG 4852 --- [lojainfo] [           main] org.hibernate.HQL_FUNCTIONS              : Date curdate()
2025-04-10T16:28:01.396-03:00 DEBUG 4852 --- [lojainfo] [           main] org.hibernate.HQL_FUNCTIONS              : Date current date
2025-04-10T16:28:01.397-03:00 DEBUG 4852 --- [lojainfo] [           main] org.hibernate.HQL_FUNCTIONS              : Time current time
2025-04-10T16:28:01.397-03:00 DEBUG 4852 --- [lojainfo] [           main] org.hibernate.HQL_FUNCTIONS              : Timestamp current timestamp
2025-04-10T16:28:01.397-03:00 DEBUG 4852 --- [lojainfo] [           main] org.hibernate.HQL_FUNCTIONS              : Date current_date
2025-04-10T16:28:01.397-03:00 DEBUG 4852 --- [lojainfo] [           main] org.hibernate.HQL_FUNCTIONS              : Instant current_instant
2025-04-10T16:28:01.397-03:00 DEBUG 4852 --- [lojainfo] [           main] org.hibernate.HQL_FUNCTIONS              : Time current_time
2025-04-10T16:28:01.397-03:00 DEBUG 4852 --- [lojainfo] [           main] org.hibernate.HQL_FUNCTIONS              : Timestamp current_timestamp
2025-04-10T16:28:01.397-03:00 DEBUG 4852 --- [lojainfo] [           main] org.hibernate.HQL_FUNCTIONS              : Time curtime()
2025-04-10T16:28:01.397-03:00 DEBUG 4852 --- [lojainfo] [           main] org.hibernate.HQL_FUNCTIONS              : Date date(arg)
2025-04-10T16:28:01.397-03:00 DEBUG 4852 --- [lojainfo] [           main] org.hibernate.HQL_FUNCTIONS              : dateadd(TEMPORAL_UNIT field, INTEGER magnitude, TEMPORAL datetime)
2025-04-10T16:28:01.397-03:00 DEBUG 4852 --- [lojainfo] [           main] org.hibernate.HQL_FUNCTIONS              : Integer datediff(DATE end, DATE start)
2025-04-10T16:28:01.397-03:00 DEBUG 4852 --- [lojainfo] [           main] org.hibernate.HQL_FUNCTIONS              : Integer day(DATE arg)
2025-04-10T16:28:01.397-03:00 DEBUG 4852 --- [lojainfo] [           main] org.hibernate.HQL_FUNCTIONS              : String dayname(DATE arg)
2025-04-10T16:28:01.397-03:00 DEBUG 4852 --- [lojainfo] [           main] org.hibernate.HQL_FUNCTIONS              : Integer dayofmonth(DATE arg)
2025-04-10T16:28:01.397-03:00 DEBUG 4852 --- [lojainfo] [           main] org.hibernate.HQL_FUNCTIONS              : Integer dayofweek(DATE arg)
2025-04-10T16:28:01.397-03:00 DEBUG 4852 --- [lojainfo] [           main] org.hibernate.HQL_FUNCTIONS              : Integer dayofyear(DATE arg)
2025-04-10T16:28:01.397-03:00 DEBUG 4852 --- [lojainfo] [           main] org.hibernate.HQL_FUNCTIONS              : Double degrees(NUMERIC arg)
2025-04-10T16:28:01.397-03:00 DEBUG 4852 --- [lojainfo] [           main] org.hibernate.HQL_FUNCTIONS              : Long dense_rank([arg0[, ...]])
2025-04-10T16:28:01.397-03:00 DEBUG 4852 --- [lojainfo] [           main] org.hibernate.HQL_FUNCTIONS              : Boolean every(BOOLEAN arg)
2025-04-10T16:28:01.397-03:00 DEBUG 4852 --- [lojainfo] [           main] org.hibernate.HQL_FUNCTIONS              : Double exp(NUMERIC arg)
2025-04-10T16:28:01.397-03:00 DEBUG 4852 --- [lojainfo] [           main] org.hibernate.HQL_FUNCTIONS              : extract(TEMPORAL_UNIT field from TEMPORAL arg)
2025-04-10T16:28:01.397-03:00 DEBUG 4852 --- [lojainfo] [           main] org.hibernate.HQL_FUNCTIONS              : first_valueANY value
2025-04-10T16:28:01.397-03:00 DEBUG 4852 --- [lojainfo] [           main] org.hibernate.HQL_FUNCTIONS              : floor(NUMERIC arg)
2025-04-10T16:28:01.397-03:00 DEBUG 4852 --- [lojainfo] [           main] org.hibernate.HQL_FUNCTIONS              : String format(TEMPORAL datetime as STRING pattern)
2025-04-10T16:28:01.397-03:00 DEBUG 4852 --- [lojainfo] [           main] org.hibernate.HQL_FUNCTIONS              : greatest(COMPARABLE arg0, COMPARABLE arg1[, arg2[, ...]])
2025-04-10T16:28:01.397-03:00 DEBUG 4852 --- [lojainfo] [           main] org.hibernate.HQL_FUNCTIONS              : Integer hour(TIME arg)
2025-04-10T16:28:01.397-03:00 DEBUG 4852 --- [lojainfo] [           main] org.hibernate.HQL_FUNCTIONS              : ifnull(arg0, arg1)
2025-04-10T16:28:01.397-03:00 DEBUG 4852 --- [lojainfo] [           main] org.hibernate.HQL_FUNCTIONS              : String insert(STRING string, INTEGER start, INTEGER length, STRING replacement)
2025-04-10T16:28:01.397-03:00 DEBUG 4852 --- [lojainfo] [           main] org.hibernate.HQL_FUNCTIONS              : Instant instant
2025-04-10T16:28:01.397-03:00 DEBUG 4852 --- [lojainfo] [           main] org.hibernate.HQL_FUNCTIONS              : Integer instr(STRING string, STRING pattern[, INTEGER start[, INTEGER occurrence]])
2025-04-10T16:28:01.397-03:00 DEBUG 4852 --- [lojainfo] [           main] org.hibernate.HQL_FUNCTIONS              : lagANY value[, INTEGER offset[, ANY default]]
2025-04-10T16:28:01.397-03:00 DEBUG 4852 --- [lojainfo] [           main] org.hibernate.HQL_FUNCTIONS              : Date last_day(DATE arg)
2025-04-10T16:28:01.397-03:00 DEBUG 4852 --- [lojainfo] [           main] org.hibernate.HQL_FUNCTIONS              : last_valueANY value
2025-04-10T16:28:01.397-03:00 DEBUG 4852 --- [lojainfo] [           main] org.hibernate.HQL_FUNCTIONS              : leadANY value[, INTEGER offset[, ANY default]]
2025-04-10T16:28:01.397-03:00 DEBUG 4852 --- [lojainfo] [           main] org.hibernate.HQL_FUNCTIONS              : least(COMPARABLE arg0, COMPARABLE arg1[, arg2[, ...]])
2025-04-10T16:28:01.397-03:00 DEBUG 4852 --- [lojainfo] [           main] org.hibernate.HQL_FUNCTIONS              : String left(STRING string, INTEGER length)
2025-04-10T16:28:01.397-03:00 DEBUG 4852 --- [lojainfo] [           main] org.hibernate.HQL_FUNCTIONS              : Integer length(STRING_OR_CLOB arg)
2025-04-10T16:28:01.397-03:00 DEBUG 4852 --- [lojainfo] [           main] org.hibernate.HQL_FUNCTIONS              : String listagg(STRING arg0, STRING arg1)
2025-04-10T16:28:01.397-03:00 DEBUG 4852 --- [lojainfo] [           main] org.hibernate.HQL_FUNCTIONS              : Double ln(NUMERIC arg)
2025-04-10T16:28:01.397-03:00 DEBUG 4852 --- [lojainfo] [           main] org.hibernate.HQL_FUNCTIONS              : LocalDate local date
2025-04-10T16:28:01.397-03:00 DEBUG 4852 --- [lojainfo] [           main] org.hibernate.HQL_FUNCTIONS              : LocalDateTime local datetime
2025-04-10T16:28:01.397-03:00 DEBUG 4852 --- [lojainfo] [           main] org.hibernate.HQL_FUNCTIONS              : LocalTime local time
2025-04-10T16:28:01.397-03:00 DEBUG 4852 --- [lojainfo] [           main] org.hibernate.HQL_FUNCTIONS              : LocalDate local_date
2025-04-10T16:28:01.397-03:00 DEBUG 4852 --- [lojainfo] [           main] org.hibernate.HQL_FUNCTIONS              : LocalDateTime local_datetime
2025-04-10T16:28:01.397-03:00 DEBUG 4852 --- [lojainfo] [           main] org.hibernate.HQL_FUNCTIONS              : LocalTime local_time
2025-04-10T16:28:01.398-03:00 DEBUG 4852 --- [lojainfo] [           main] org.hibernate.HQL_FUNCTIONS              : Timestamp localtime
2025-04-10T16:28:01.398-03:00 DEBUG 4852 --- [lojainfo] [           main] org.hibernate.HQL_FUNCTIONS              : Timestamp localtimestamp
2025-04-10T16:28:01.398-03:00 DEBUG 4852 --- [lojainfo] [           main] org.hibernate.HQL_FUNCTIONS              : Integer locate(STRING pattern, STRING string[, INTEGER start])
2025-04-10T16:28:01.398-03:00 DEBUG 4852 --- [lojainfo] [           main] org.hibernate.HQL_FUNCTIONS              : Double log(NUMERIC arg0[, NUMERIC arg1])
2025-04-10T16:28:01.398-03:00 DEBUG 4852 --- [lojainfo] [           main] org.hibernate.HQL_FUNCTIONS              : Double log10(NUMERIC arg)
2025-04-10T16:28:01.398-03:00 DEBUG 4852 --- [lojainfo] [           main] org.hibernate.HQL_FUNCTIONS              : Double log2(NUMERIC arg)
2025-04-10T16:28:01.398-03:00 DEBUG 4852 --- [lojainfo] [           main] org.hibernate.HQL_FUNCTIONS              : String lower(STRING string)
2025-04-10T16:28:01.398-03:00 DEBUG 4852 --- [lojainfo] [           main] org.hibernate.HQL_FUNCTIONS              : String lpad(string, length[, padding])
2025-04-10T16:28:01.398-03:00 DEBUG 4852 --- [lojainfo] [           main] org.hibernate.HQL_FUNCTIONS              : String ltrim(STRING string[, STRING characters])
2025-04-10T16:28:01.398-03:00 DEBUG 4852 --- [lojainfo] [           main] org.hibernate.HQL_FUNCTIONS              : Date makedate(INTEGER year, INTEGER dayofyear)
2025-04-10T16:28:01.398-03:00 DEBUG 4852 --- [lojainfo] [           main] org.hibernate.HQL_FUNCTIONS              : Time maketime(INTEGER hour, INTEGER min, INTEGER sec)
2025-04-10T16:28:01.398-03:00 DEBUG 4852 --- [lojainfo] [           main] org.hibernate.HQL_FUNCTIONS              : max(COMPARABLE arg)
2025-04-10T16:28:01.398-03:00 DEBUG 4852 --- [lojainfo] [           main] org.hibernate.HQL_FUNCTIONS              : String md5(arg)
2025-04-10T16:28:01.398-03:00 DEBUG 4852 --- [lojainfo] [           main] org.hibernate.HQL_FUNCTIONS              : Integer microsecond(TIME arg)
2025-04-10T16:28:01.398-03:00 DEBUG 4852 --- [lojainfo] [           main] org.hibernate.HQL_FUNCTIONS              : min(COMPARABLE arg)
2025-04-10T16:28:01.398-03:00 DEBUG 4852 --- [lojainfo] [           main] org.hibernate.HQL_FUNCTIONS              : Integer minute(TIME arg)
2025-04-10T16:28:01.398-03:00 DEBUG 4852 --- [lojainfo] [           main] org.hibernate.HQL_FUNCTIONS              : Integer mod(INTEGER arg0, INTEGER arg1)
2025-04-10T16:28:01.398-03:00 DEBUG 4852 --- [lojainfo] [           main] org.hibernate.HQL_FUNCTIONS              : Integer month(DATE arg)
2025-04-10T16:28:01.398-03:00 DEBUG 4852 --- [lojainfo] [           main] org.hibernate.HQL_FUNCTIONS              : String monthname(DATE arg)
2025-04-10T16:28:01.398-03:00 DEBUG 4852 --- [lojainfo] [           main] org.hibernate.HQL_FUNCTIONS              : Timestamp now()
2025-04-10T16:28:01.398-03:00 DEBUG 4852 --- [lojainfo] [           main] org.hibernate.HQL_FUNCTIONS              : nth_valueANY value, INTEGER nth
2025-04-10T16:28:01.398-03:00 DEBUG 4852 --- [lojainfo] [           main] org.hibernate.HQL_FUNCTIONS              : nullif(arg0, arg1)
2025-04-10T16:28:01.398-03:00 DEBUG 4852 --- [lojainfo] [           main] org.hibernate.HQL_FUNCTIONS              : Integer octet_length(STRING_OR_CLOB arg)
2025-04-10T16:28:01.398-03:00 DEBUG 4852 --- [lojainfo] [           main] org.hibernate.HQL_FUNCTIONS              : OffsetDateTime offset datetime
2025-04-10T16:28:01.398-03:00 DEBUG 4852 --- [lojainfo] [           main] org.hibernate.HQL_FUNCTIONS              : OffsetDateTime offset_datetime
2025-04-10T16:28:01.398-03:00 DEBUG 4852 --- [lojainfo] [           main] org.hibernate.HQL_FUNCTIONS              : String overlay(STRING string placing STRING replacement from INTEGER start[ for INTEGER length])
2025-04-10T16:28:01.398-03:00 DEBUG 4852 --- [lojainfo] [           main] org.hibernate.HQL_FUNCTIONS              : String pad(STRING string with INTEGER length {leading|trailing}[ STRING character])
2025-04-10T16:28:01.398-03:00 DEBUG 4852 --- [lojainfo] [           main] org.hibernate.HQL_FUNCTIONS              : Double percent_rank([arg0[, ...]])
2025-04-10T16:28:01.398-03:00 DEBUG 4852 --- [lojainfo] [           main] org.hibernate.HQL_FUNCTIONS              : Double pi
2025-04-10T16:28:01.399-03:00 DEBUG 4852 --- [lojainfo] [           main] org.hibernate.HQL_FUNCTIONS              : Integer position(STRING pattern in STRING string)
2025-04-10T16:28:01.399-03:00 DEBUG 4852 --- [lojainfo] [           main] org.hibernate.HQL_FUNCTIONS              : Double power(NUMERIC arg0, NUMERIC arg1)
2025-04-10T16:28:01.399-03:00 DEBUG 4852 --- [lojainfo] [           main] org.hibernate.HQL_FUNCTIONS              : Integer quarter(DATE arg)
2025-04-10T16:28:01.399-03:00 DEBUG 4852 --- [lojainfo] [           main] org.hibernate.HQL_FUNCTIONS              : Double radians(NUMERIC arg)
2025-04-10T16:28:01.399-03:00 DEBUG 4852 --- [lojainfo] [           main] org.hibernate.HQL_FUNCTIONS              : Double rand([INTEGER seed])
2025-04-10T16:28:01.399-03:00 DEBUG 4852 --- [lojainfo] [           main] org.hibernate.HQL_FUNCTIONS              : Long rank([arg0[, ...]])
2025-04-10T16:28:01.399-03:00 DEBUG 4852 --- [lojainfo] [           main] org.hibernate.HQL_FUNCTIONS              : String repeat(STRING string, INTEGER times)
2025-04-10T16:28:01.399-03:00 DEBUG 4852 --- [lojainfo] [           main] org.hibernate.HQL_FUNCTIONS              : String replace(STRING string, STRING pattern, STRING replacement)
2025-04-10T16:28:01.399-03:00 DEBUG 4852 --- [lojainfo] [           main] org.hibernate.HQL_FUNCTIONS              : String reverse(STRING arg)
2025-04-10T16:28:01.399-03:00 DEBUG 4852 --- [lojainfo] [           main] org.hibernate.HQL_FUNCTIONS              : String right(STRING string, INTEGER length)
2025-04-10T16:28:01.399-03:00 DEBUG 4852 --- [lojainfo] [           main] org.hibernate.HQL_FUNCTIONS              : round(NUMERIC number[, INTEGER places])
2025-04-10T16:28:01.399-03:00 DEBUG 4852 --- [lojainfo] [           main] org.hibernate.HQL_FUNCTIONS              : Long row_number()
2025-04-10T16:28:01.399-03:00 DEBUG 4852 --- [lojainfo] [           main] org.hibernate.HQL_FUNCTIONS              : String rpad(string, length[, padding])
2025-04-10T16:28:01.399-03:00 DEBUG 4852 --- [lojainfo] [           main] org.hibernate.HQL_FUNCTIONS              : String rtrim(STRING string[, STRING characters])
2025-04-10T16:28:01.399-03:00 DEBUG 4852 --- [lojainfo] [           main] org.hibernate.HQL_FUNCTIONS              : Integer second(TIME arg)
2025-04-10T16:28:01.399-03:00 DEBUG 4852 --- [lojainfo] [           main] org.hibernate.HQL_FUNCTIONS              : String sha(arg)
2025-04-10T16:28:01.399-03:00 DEBUG 4852 --- [lojainfo] [           main] org.hibernate.HQL_FUNCTIONS              : String sha1(arg)
2025-04-10T16:28:01.399-03:00 DEBUG 4852 --- [lojainfo] [           main] org.hibernate.HQL_FUNCTIONS              : String sha2(arg0, arg1)
2025-04-10T16:28:01.399-03:00 DEBUG 4852 --- [lojainfo] [           main] org.hibernate.HQL_FUNCTIONS              : Integer sign(NUMERIC arg)
2025-04-10T16:28:01.399-03:00 DEBUG 4852 --- [lojainfo] [           main] org.hibernate.HQL_FUNCTIONS              : Double sin(NUMERIC arg)
2025-04-10T16:28:01.399-03:00 DEBUG 4852 --- [lojainfo] [           main] org.hibernate.HQL_FUNCTIONS              : Double sinh(NUMERIC arg)
2025-04-10T16:28:01.399-03:00 DEBUG 4852 --- [lojainfo] [           main] org.hibernate.HQL_FUNCTIONS              : String soundex(arg)
2025-04-10T16:28:01.399-03:00 DEBUG 4852 --- [lojainfo] [           main] org.hibernate.HQL_FUNCTIONS              : String space(INTEGER arg)
2025-04-10T16:28:01.402-03:00 DEBUG 4852 --- [lojainfo] [           main] org.hibernate.HQL_FUNCTIONS              : Object sql
2025-04-10T16:28:01.402-03:00 DEBUG 4852 --- [lojainfo] [           main] org.hibernate.HQL_FUNCTIONS              : Double sqrt(NUMERIC arg)
2025-04-10T16:28:01.402-03:00 DEBUG 4852 --- [lojainfo] [           main] org.hibernate.HQL_FUNCTIONS              : Double stddev(NUMERIC arg)
2025-04-10T16:28:01.402-03:00 DEBUG 4852 --- [lojainfo] [           main] org.hibernate.HQL_FUNCTIONS              : Double stddev_pop(NUMERIC arg)
2025-04-10T16:28:01.402-03:00 DEBUG 4852 --- [lojainfo] [           main] org.hibernate.HQL_FUNCTIONS              : Double stddev_samp(NUMERIC arg)
2025-04-10T16:28:01.402-03:00 DEBUG 4852 --- [lojainfo] [           main] org.hibernate.HQL_FUNCTIONS              : String str(arg)
2025-04-10T16:28:01.402-03:00 DEBUG 4852 --- [lojainfo] [           main] org.hibernate.HQL_FUNCTIONS              : subdate(DATE datetime, INTEGER days)
2025-04-10T16:28:01.402-03:00 DEBUG 4852 --- [lojainfo] [           main] org.hibernate.HQL_FUNCTIONS              : String substr(STRING string, INTEGER start[, INTEGER length])
2025-04-10T16:28:01.402-03:00 DEBUG 4852 --- [lojainfo] [           main] org.hibernate.HQL_FUNCTIONS              : String substring(STRING string{ from|,} INTEGER start[{ for|,} INTEGER length])
2025-04-10T16:28:01.402-03:00 DEBUG 4852 --- [lojainfo] [           main] org.hibernate.HQL_FUNCTIONS              : subtime(TIME datetime, TIME time)
2025-04-10T16:28:01.402-03:00 DEBUG 4852 --- [lojainfo] [           main] org.hibernate.HQL_FUNCTIONS              : sum(arg)
2025-04-10T16:28:01.402-03:00 DEBUG 4852 --- [lojainfo] [           main] org.hibernate.HQL_FUNCTIONS              : Timestamp sysdate()
2025-04-10T16:28:01.402-03:00 DEBUG 4852 --- [lojainfo] [           main] org.hibernate.HQL_FUNCTIONS              : Double tan(NUMERIC arg)
2025-04-10T16:28:01.402-03:00 DEBUG 4852 --- [lojainfo] [           main] org.hibernate.HQL_FUNCTIONS              : Double tanh(NUMERIC arg)
2025-04-10T16:28:01.402-03:00 DEBUG 4852 --- [lojainfo] [           main] org.hibernate.HQL_FUNCTIONS              : String time(arg)
2025-04-10T16:28:01.402-03:00 DEBUG 4852 --- [lojainfo] [           main] org.hibernate.HQL_FUNCTIONS              : Timestamp timestamp(arg0[, arg1])
2025-04-10T16:28:01.402-03:00 DEBUG 4852 --- [lojainfo] [           main] org.hibernate.HQL_FUNCTIONS              : timestampadd(TEMPORAL_UNIT field, INTEGER magnitude, TEMPORAL datetime)
2025-04-10T16:28:01.402-03:00 DEBUG 4852 --- [lojainfo] [           main] org.hibernate.HQL_FUNCTIONS              : Long|Double timestampdiff(TEMPORAL_UNIT field, TEMPORAL start, TEMPORAL end)
2025-04-10T16:28:01.402-03:00 DEBUG 4852 --- [lojainfo] [           main] org.hibernate.HQL_FUNCTIONS              : String trim([[{leading|trailing|both} ][STRING arg0 ]from] STRING arg1)
2025-04-10T16:28:01.402-03:00 DEBUG 4852 --- [lojainfo] [           main] org.hibernate.HQL_FUNCTIONS              : trunc( ... )
2025-04-10T16:28:01.402-03:00 DEBUG 4852 --- [lojainfo] [           main] org.hibernate.HQL_FUNCTIONS              : truncate( ... )
2025-04-10T16:28:01.402-03:00 DEBUG 4852 --- [lojainfo] [           main] org.hibernate.HQL_FUNCTIONS              : String upper(STRING string)
2025-04-10T16:28:01.402-03:00 DEBUG 4852 --- [lojainfo] [           main] org.hibernate.HQL_FUNCTIONS              : Date utc_date
2025-04-10T16:28:01.402-03:00 DEBUG 4852 --- [lojainfo] [           main] org.hibernate.HQL_FUNCTIONS              : Time utc_time
2025-04-10T16:28:01.402-03:00 DEBUG 4852 --- [lojainfo] [           main] org.hibernate.HQL_FUNCTIONS              : Timestamp utc_timestamp
2025-04-10T16:28:01.402-03:00 DEBUG 4852 --- [lojainfo] [           main] org.hibernate.HQL_FUNCTIONS              : Double var_pop(NUMERIC arg)
2025-04-10T16:28:01.402-03:00 DEBUG 4852 --- [lojainfo] [           main] org.hibernate.HQL_FUNCTIONS              : Double var_samp(NUMERIC arg)
2025-04-10T16:28:01.402-03:00 DEBUG 4852 --- [lojainfo] [           main] org.hibernate.HQL_FUNCTIONS              : Double variance(NUMERIC arg)
2025-04-10T16:28:01.402-03:00 DEBUG 4852 --- [lojainfo] [           main] org.hibernate.HQL_FUNCTIONS              : Integer week(DATE arg)
2025-04-10T16:28:01.402-03:00 DEBUG 4852 --- [lojainfo] [           main] org.hibernate.HQL_FUNCTIONS              : Integer year(DATE arg)
2025-04-10T16:28:01.409-03:00 DEBUG 4852 --- [lojainfo] [           main] org.hibernate.orm.query.plan.cache       : Starting QueryInterpretationCache(2048)
2025-04-10T16:28:01.489-03:00 DEBUG 4852 --- [lojainfo] [           main] .h.s.i.SessionFactoryServiceRegistryImpl : EventListenerRegistry access via ServiceRegistry is deprecated.  Use `sessionFactory.getEventEngine().getListenerRegistry()` instead
2025-04-10T16:28:01.489-03:00 DEBUG 4852 --- [lojainfo] [           main] h.e.i.EntityCopyObserverFactoryInitiator : Configured EntityCopyObserver strategy: disallow
2025-04-10T16:28:01.599-03:00 DEBUG 4852 --- [lojainfo] [           main] o.h.boot.internal.ClassLoaderAccessImpl  : Not known whether passed class name [com.senac.Projeto_Java_Gerenciamento_Loja_de_Informatica.Model.Devolucao] is safe
2025-04-10T16:28:01.599-03:00 DEBUG 4852 --- [lojainfo] [           main] o.h.boot.internal.ClassLoaderAccessImpl  : No temp ClassLoader provided; using live ClassLoader for loading potentially unsafe class : com.senac.Projeto_Java_Gerenciamento_Loja_de_Informatica.Model.Devolucao
2025-04-10T16:28:01.883-03:00 DEBUG 4852 --- [lojainfo] [           main] o.h.b.i.bytebuddy.BytecodeProviderImpl   : HHH000513: Unable to create the ReflectionOptimizer for [com.senac.Projeto_Java_Gerenciamento_Loja_de_Informatica.Model.Devolucao]: private accessor [codigoProduto]
2025-04-10T16:28:01.916-03:00 DEBUG 4852 --- [lojainfo] [           main] org.hibernate.ormbytecode.interceptor    : To-one property `com.senac.Projeto_Java_Gerenciamento_Loja_de_Informatica.Model.Funcionario#cargo` was mapped with LAZY + NO_PROXY but the class was not enhanced
2025-04-10T16:28:01.917-03:00 DEBUG 4852 --- [lojainfo] [           main] org.hibernate.ormbytecode.interceptor    : To-one property `com.senac.Projeto_Java_Gerenciamento_Loja_de_Informatica.Model.Funcionario#cargo` was mapped with LAZY + NO_PROXY but the class was not enhanced
2025-04-10T16:28:01.917-03:00 DEBUG 4852 --- [lojainfo] [           main] org.hibernate.ormbytecode.interceptor    : To-one property `com.senac.Projeto_Java_Gerenciamento_Loja_de_Informatica.Model.Funcionario#usuario` was mapped with LAZY + NO_PROXY but the class was not enhanced
2025-04-10T16:28:01.917-03:00 DEBUG 4852 --- [lojainfo] [           main] org.hibernate.ormbytecode.interceptor    : To-one property `com.senac.Projeto_Java_Gerenciamento_Loja_de_Informatica.Model.Funcionario#usuario` was mapped with LAZY + NO_PROXY but the class was not enhanced
2025-04-10T16:28:01.917-03:00 DEBUG 4852 --- [lojainfo] [           main] o.h.boot.internal.ClassLoaderAccessImpl  : Not known whether passed class name [com.senac.Projeto_Java_Gerenciamento_Loja_de_Informatica.Model.Funcionario] is safe
2025-04-10T16:28:01.917-03:00 DEBUG 4852 --- [lojainfo] [           main] o.h.boot.internal.ClassLoaderAccessImpl  : No temp ClassLoader provided; using live ClassLoader for loading potentially unsafe class : com.senac.Projeto_Java_Gerenciamento_Loja_de_Informatica.Model.Funcionario
2025-04-10T16:28:01.937-03:00 DEBUG 4852 --- [lojainfo] [           main] o.h.b.i.bytebuddy.BytecodeProviderImpl   : HHH000513: Unable to create the ReflectionOptimizer for [com.senac.Projeto_Java_Gerenciamento_Loja_de_Informatica.Model.Funcionario]: private accessor [cargo]
2025-04-10T16:28:01.937-03:00 DEBUG 4852 --- [lojainfo] [           main] org.hibernate.ormbytecode.interceptor    : To-one property `com.senac.Projeto_Java_Gerenciamento_Loja_de_Informatica.Model.Funcionario#cargo` was mapped with LAZY + NO_PROXY but the class was not enhanced
2025-04-10T16:28:01.937-03:00 DEBUG 4852 --- [lojainfo] [           main] org.hibernate.ormbytecode.interceptor    : To-one property `com.senac.Projeto_Java_Gerenciamento_Loja_de_Informatica.Model.Funcionario#usuario` was mapped with LAZY + NO_PROXY but the class was not enhanced
2025-04-10T16:28:01.938-03:00 DEBUG 4852 --- [lojainfo] [           main] o.h.boot.internal.ClassLoaderAccessImpl  : Not known whether passed class name [com.senac.Projeto_Java_Gerenciamento_Loja_de_Informatica.Model.Local_armazenamento] is safe
2025-04-10T16:28:01.938-03:00 DEBUG 4852 --- [lojainfo] [           main] o.h.boot.internal.ClassLoaderAccessImpl  : No temp ClassLoader provided; using live ClassLoader for loading potentially unsafe class : com.senac.Projeto_Java_Gerenciamento_Loja_de_Informatica.Model.Local_armazenamento
2025-04-10T16:28:01.939-03:00 DEBUG 4852 --- [lojainfo] [           main] o.h.b.i.bytebuddy.BytecodeProviderImpl   : HHH000513: Unable to create the ReflectionOptimizer for [com.senac.Projeto_Java_Gerenciamento_Loja_de_Informatica.Model.Local_armazenamento]: private accessor [numeroLocalPrateleira]
2025-04-10T16:28:01.939-03:00 DEBUG 4852 --- [lojainfo] [           main] o.h.boot.internal.ClassLoaderAccessImpl  : Not known whether passed class name [com.senac.Projeto_Java_Gerenciamento_Loja_de_Informatica.Model.Troca] is safe
2025-04-10T16:28:01.939-03:00 DEBUG 4852 --- [lojainfo] [           main] o.h.boot.internal.ClassLoaderAccessImpl  : No temp ClassLoader provided; using live ClassLoader for loading potentially unsafe class : com.senac.Projeto_Java_Gerenciamento_Loja_de_Informatica.Model.Troca
2025-04-10T16:28:01.962-03:00 DEBUG 4852 --- [lojainfo] [           main] o.h.b.i.bytebuddy.BytecodeProviderImpl   : HHH000513: Unable to create the ReflectionOptimizer for [com.senac.Projeto_Java_Gerenciamento_Loja_de_Informatica.Model.Troca]: private accessor [codigoProduto]
2025-04-10T16:28:01.963-03:00 DEBUG 4852 --- [lojainfo] [           main] o.h.boot.internal.ClassLoaderAccessImpl  : Not known whether passed class name [com.senac.Projeto_Java_Gerenciamento_Loja_de_Informatica.Model.Usuario] is safe
2025-04-10T16:28:01.963-03:00 DEBUG 4852 --- [lojainfo] [           main] o.h.boot.internal.ClassLoaderAccessImpl  : No temp ClassLoader provided; using live ClassLoader for loading potentially unsafe class : com.senac.Projeto_Java_Gerenciamento_Loja_de_Informatica.Model.Usuario
2025-04-10T16:28:01.973-03:00 DEBUG 4852 --- [lojainfo] [           main] o.h.b.i.bytebuddy.BytecodeProviderImpl   : HHH000513: Unable to create the ReflectionOptimizer for [com.senac.Projeto_Java_Gerenciamento_Loja_de_Informatica.Model.Usuario]: private accessor [login]
2025-04-10T16:28:01.973-03:00 DEBUG 4852 --- [lojainfo] [           main] o.h.boot.internal.ClassLoaderAccessImpl  : Not known whether passed class name [com.senac.Projeto_Java_Gerenciamento_Loja_de_Informatica.Model.Categoria] is safe
2025-04-10T16:28:01.973-03:00 DEBUG 4852 --- [lojainfo] [           main] o.h.boot.internal.ClassLoaderAccessImpl  : No temp ClassLoader provided; using live ClassLoader for loading potentially unsafe class : com.senac.Projeto_Java_Gerenciamento_Loja_de_Informatica.Model.Categoria
2025-04-10T16:28:01.980-03:00 DEBUG 4852 --- [lojainfo] [           main] o.h.b.i.bytebuddy.BytecodeProviderImpl   : HHH000513: Unable to create the ReflectionOptimizer for [com.senac.Projeto_Java_Gerenciamento_Loja_de_Informatica.Model.Categoria]: private accessor [nome]
2025-04-10T16:28:01.984-03:00 DEBUG 4852 --- [lojainfo] [           main] org.hibernate.ormbytecode.interceptor    : To-one property `com.senac.Projeto_Java_Gerenciamento_Loja_de_Informatica.Model.Itens_venda#produto` was mapped with LAZY + NO_PROXY but the class was not enhanced
2025-04-10T16:28:01.984-03:00 DEBUG 4852 --- [lojainfo] [           main] org.hibernate.ormbytecode.interceptor    : To-one property `com.senac.Projeto_Java_Gerenciamento_Loja_de_Informatica.Model.Itens_venda#produto` was mapped with LAZY + NO_PROXY but the class was not enhanced
2025-04-10T16:28:01.984-03:00 DEBUG 4852 --- [lojainfo] [           main] org.hibernate.ormbytecode.interceptor    : To-one property `com.senac.Projeto_Java_Gerenciamento_Loja_de_Informatica.Model.Itens_venda#venda` was mapped with LAZY + NO_PROXY but the class was not enhanced
2025-04-10T16:28:01.984-03:00 DEBUG 4852 --- [lojainfo] [           main] org.hibernate.ormbytecode.interceptor    : To-one property `com.senac.Projeto_Java_Gerenciamento_Loja_de_Informatica.Model.Itens_venda#venda` was mapped with LAZY + NO_PROXY but the class was not enhanced
2025-04-10T16:28:01.984-03:00 DEBUG 4852 --- [lojainfo] [           main] o.h.boot.internal.ClassLoaderAccessImpl  : Not known whether passed class name [com.senac.Projeto_Java_Gerenciamento_Loja_de_Informatica.Model.Itens_venda] is safe
2025-04-10T16:28:01.984-03:00 DEBUG 4852 --- [lojainfo] [           main] o.h.boot.internal.ClassLoaderAccessImpl  : No temp ClassLoader provided; using live ClassLoader for loading potentially unsafe class : com.senac.Projeto_Java_Gerenciamento_Loja_de_Informatica.Model.Itens_venda
2025-04-10T16:28:01.994-03:00 DEBUG 4852 --- [lojainfo] [           main] o.h.b.i.bytebuddy.BytecodeProviderImpl   : HHH000513: Unable to create the ReflectionOptimizer for [com.senac.Projeto_Java_Gerenciamento_Loja_de_Informatica.Model.Itens_venda]: private accessor [produto]
2025-04-10T16:28:01.994-03:00 DEBUG 4852 --- [lojainfo] [           main] org.hibernate.ormbytecode.interceptor    : To-one property `com.senac.Projeto_Java_Gerenciamento_Loja_de_Informatica.Model.Itens_venda#produto` was mapped with LAZY + NO_PROXY but the class was not enhanced
2025-04-10T16:28:01.994-03:00 DEBUG 4852 --- [lojainfo] [           main] org.hibernate.ormbytecode.interceptor    : To-one property `com.senac.Projeto_Java_Gerenciamento_Loja_de_Informatica.Model.Itens_venda#venda` was mapped with LAZY + NO_PROXY but the class was not enhanced
2025-04-10T16:28:01.995-03:00 DEBUG 4852 --- [lojainfo] [           main] o.h.boot.internal.ClassLoaderAccessImpl  : Not known whether passed class name [com.senac.Projeto_Java_Gerenciamento_Loja_de_Informatica.Model.Cargo] is safe
2025-04-10T16:28:01.995-03:00 DEBUG 4852 --- [lojainfo] [           main] o.h.boot.internal.ClassLoaderAccessImpl  : No temp ClassLoader provided; using live ClassLoader for loading potentially unsafe class : com.senac.Projeto_Java_Gerenciamento_Loja_de_Informatica.Model.Cargo
2025-04-10T16:28:02.009-03:00 DEBUG 4852 --- [lojainfo] [           main] o.h.boot.internal.ClassLoaderAccessImpl  : Not known whether passed class name [com.senac.Projeto_Java_Gerenciamento_Loja_de_Informatica.Model.Cliente] is safe
2025-04-10T16:28:02.009-03:00 DEBUG 4852 --- [lojainfo] [           main] o.h.boot.internal.ClassLoaderAccessImpl  : No temp ClassLoader provided; using live ClassLoader for loading potentially unsafe class : com.senac.Projeto_Java_Gerenciamento_Loja_de_Informatica.Model.Cliente
2025-04-10T16:28:02.036-03:00 DEBUG 4852 --- [lojainfo] [           main] o.h.b.i.bytebuddy.BytecodeProviderImpl   : HHH000513: Unable to create the ReflectionOptimizer for [com.senac.Projeto_Java_Gerenciamento_Loja_de_Informatica.Model.Cliente]: private accessor [cpf]
2025-04-10T16:28:02.037-03:00 DEBUG 4852 --- [lojainfo] [           main] org.hibernate.ormbytecode.interceptor    : To-one property `com.senac.Projeto_Java_Gerenciamento_Loja_de_Informatica.Model.Produto#categoria` was mapped with LAZY + NO_PROXY but the class was not enhanced
2025-04-10T16:28:02.037-03:00 DEBUG 4852 --- [lojainfo] [           main] org.hibernate.ormbytecode.interceptor    : To-one property `com.senac.Projeto_Java_Gerenciamento_Loja_de_Informatica.Model.Produto#categoria` was mapped with LAZY + NO_PROXY but the class was not enhanced
2025-04-10T16:28:02.038-03:00 DEBUG 4852 --- [lojainfo] [           main] org.hibernate.ormbytecode.interceptor    : To-one property `com.senac.Projeto_Java_Gerenciamento_Loja_de_Informatica.Model.Produto#devolucao` was mapped with LAZY + NO_PROXY but the class was not enhanced
2025-04-10T16:28:02.038-03:00 DEBUG 4852 --- [lojainfo] [           main] org.hibernate.ormbytecode.interceptor    : To-one property `com.senac.Projeto_Java_Gerenciamento_Loja_de_Informatica.Model.Produto#devolucao` was mapped with LAZY + NO_PROXY but the class was not enhanced
2025-04-10T16:28:02.038-03:00 DEBUG 4852 --- [lojainfo] [           main] org.hibernate.ormbytecode.interceptor    : To-one property `com.senac.Projeto_Java_Gerenciamento_Loja_de_Informatica.Model.Produto#localArmazenamento` was mapped with LAZY + NO_PROXY but the class was not enhanced
2025-04-10T16:28:02.038-03:00 DEBUG 4852 --- [lojainfo] [           main] org.hibernate.ormbytecode.interceptor    : To-one property `com.senac.Projeto_Java_Gerenciamento_Loja_de_Informatica.Model.Produto#localArmazenamento` was mapped with LAZY + NO_PROXY but the class was not enhanced
2025-04-10T16:28:02.038-03:00 DEBUG 4852 --- [lojainfo] [           main] org.hibernate.ormbytecode.interceptor    : To-one property `com.senac.Projeto_Java_Gerenciamento_Loja_de_Informatica.Model.Produto#troca` was mapped with LAZY + NO_PROXY but the class was not enhanced
2025-04-10T16:28:02.038-03:00 DEBUG 4852 --- [lojainfo] [           main] org.hibernate.ormbytecode.interceptor    : To-one property `com.senac.Projeto_Java_Gerenciamento_Loja_de_Informatica.Model.Produto#troca` was mapped with LAZY + NO_PROXY but the class was not enhanced
2025-04-10T16:28:02.038-03:00 DEBUG 4852 --- [lojainfo] [           main] o.h.boot.internal.ClassLoaderAccessImpl  : Not known whether passed class name [com.senac.Projeto_Java_Gerenciamento_Loja_de_Informatica.Model.Produto] is safe
2025-04-10T16:28:02.038-03:00 DEBUG 4852 --- [lojainfo] [           main] o.h.boot.internal.ClassLoaderAccessImpl  : No temp ClassLoader provided; using live ClassLoader for loading potentially unsafe class : com.senac.Projeto_Java_Gerenciamento_Loja_de_Informatica.Model.Produto
2025-04-10T16:28:02.055-03:00 DEBUG 4852 --- [lojainfo] [           main] o.h.b.i.bytebuddy.BytecodeProviderImpl   : HHH000513: Unable to create the ReflectionOptimizer for [com.senac.Projeto_Java_Gerenciamento_Loja_de_Informatica.Model.Produto]: private accessor [categoria]
2025-04-10T16:28:02.055-03:00 DEBUG 4852 --- [lojainfo] [           main] org.hibernate.ormbytecode.interceptor    : To-one property `com.senac.Projeto_Java_Gerenciamento_Loja_de_Informatica.Model.Produto#categoria` was mapped with LAZY + NO_PROXY but the class was not enhanced
2025-04-10T16:28:02.055-03:00 DEBUG 4852 --- [lojainfo] [           main] org.hibernate.ormbytecode.interceptor    : To-one property `com.senac.Projeto_Java_Gerenciamento_Loja_de_Informatica.Model.Produto#devolucao` was mapped with LAZY + NO_PROXY but the class was not enhanced
2025-04-10T16:28:02.055-03:00 DEBUG 4852 --- [lojainfo] [           main] org.hibernate.ormbytecode.interceptor    : To-one property `com.senac.Projeto_Java_Gerenciamento_Loja_de_Informatica.Model.Produto#localArmazenamento` was mapped with LAZY + NO_PROXY but the class was not enhanced
2025-04-10T16:28:02.055-03:00 DEBUG 4852 --- [lojainfo] [           main] org.hibernate.ormbytecode.interceptor    : To-one property `com.senac.Projeto_Java_Gerenciamento_Loja_de_Informatica.Model.Produto#troca` was mapped with LAZY + NO_PROXY but the class was not enhanced
2025-04-10T16:28:02.056-03:00 DEBUG 4852 --- [lojainfo] [           main] org.hibernate.ormbytecode.interceptor    : To-one property `com.senac.Projeto_Java_Gerenciamento_Loja_de_Informatica.Model.Venda#cliente` was mapped with LAZY + NO_PROXY but the class was not enhanced
2025-04-10T16:28:02.056-03:00 DEBUG 4852 --- [lojainfo] [           main] org.hibernate.ormbytecode.interceptor    : To-one property `com.senac.Projeto_Java_Gerenciamento_Loja_de_Informatica.Model.Venda#cliente` was mapped with LAZY + NO_PROXY but the class was not enhanced
2025-04-10T16:28:02.056-03:00 DEBUG 4852 --- [lojainfo] [           main] org.hibernate.ormbytecode.interceptor    : To-one property `com.senac.Projeto_Java_Gerenciamento_Loja_de_Informatica.Model.Venda#vendedor` was mapped with LAZY + NO_PROXY but the class was not enhanced
2025-04-10T16:28:02.056-03:00 DEBUG 4852 --- [lojainfo] [           main] org.hibernate.ormbytecode.interceptor    : To-one property `com.senac.Projeto_Java_Gerenciamento_Loja_de_Informatica.Model.Venda#vendedor` was mapped with LAZY + NO_PROXY but the class was not enhanced
2025-04-10T16:28:02.056-03:00 DEBUG 4852 --- [lojainfo] [           main] o.h.boot.internal.ClassLoaderAccessImpl  : Not known whether passed class name [com.senac.Projeto_Java_Gerenciamento_Loja_de_Informatica.Model.Venda] is safe
2025-04-10T16:28:02.056-03:00 DEBUG 4852 --- [lojainfo] [           main] o.h.boot.internal.ClassLoaderAccessImpl  : No temp ClassLoader provided; using live ClassLoader for loading potentially unsafe class : com.senac.Projeto_Java_Gerenciamento_Loja_de_Informatica.Model.Venda
2025-04-10T16:28:02.065-03:00 DEBUG 4852 --- [lojainfo] [           main] o.h.b.i.bytebuddy.BytecodeProviderImpl   : HHH000513: Unable to create the ReflectionOptimizer for [com.senac.Projeto_Java_Gerenciamento_Loja_de_Informatica.Model.Venda]: private accessor [cliente]
2025-04-10T16:28:02.065-03:00 DEBUG 4852 --- [lojainfo] [           main] org.hibernate.ormbytecode.interceptor    : To-one property `com.senac.Projeto_Java_Gerenciamento_Loja_de_Informatica.Model.Venda#cliente` was mapped with LAZY + NO_PROXY but the class was not enhanced
2025-04-10T16:28:02.065-03:00 DEBUG 4852 --- [lojainfo] [           main] org.hibernate.ormbytecode.interceptor    : To-one property `com.senac.Projeto_Java_Gerenciamento_Loja_de_Informatica.Model.Venda#vendedor` was mapped with LAZY + NO_PROXY but the class was not enhanced
2025-04-10T16:28:02.089-03:00 DEBUG 4852 --- [lojainfo] [           main] o.hibernate.orm.model.mapping.creation   : Starting post-init callbacks
2025-04-10T16:28:02.089-03:00 DEBUG 4852 --- [lojainfo] [           main] o.hibernate.orm.model.mapping.creation   : Starting PostInitCallbackEntry : Entity(com.senac.Projeto_Java_Gerenciamento_Loja_de_Informatica.Model.Devolucao) `staticFetchableList` generator
2025-04-10T16:28:02.089-03:00 DEBUG 4852 --- [lojainfo] [           main] o.hibernate.orm.model.mapping.creation   : Starting PostInitCallbackEntry : To-one key - NavigableRole[com.senac.Projeto_Java_Gerenciamento_Loja_de_Informatica.Model.Funcionario.cargo]
2025-04-10T16:28:02.093-03:00 DEBUG 4852 --- [lojainfo] [           main] o.hibernate.orm.model.mapping.creation   : Starting PostInitCallbackEntry : To-one key - NavigableRole[com.senac.Projeto_Java_Gerenciamento_Loja_de_Informatica.Model.Funcionario.usuario]
2025-04-10T16:28:02.093-03:00 DEBUG 4852 --- [lojainfo] [           main] o.hibernate.orm.model.mapping.creation   : Starting PostInitCallbackEntry : Entity(com.senac.Projeto_Java_Gerenciamento_Loja_de_Informatica.Model.Funcionario) `staticFetchableList` generator
2025-04-10T16:28:02.093-03:00 DEBUG 4852 --- [lojainfo] [           main] o.hibernate.orm.model.mapping.creation   : Starting PostInitCallbackEntry : Entity(com.senac.Projeto_Java_Gerenciamento_Loja_de_Informatica.Model.Local_armazenamento) `staticFetchableList` generator
2025-04-10T16:28:02.093-03:00 DEBUG 4852 --- [lojainfo] [           main] o.hibernate.orm.model.mapping.creation   : Starting PostInitCallbackEntry : Entity(com.senac.Projeto_Java_Gerenciamento_Loja_de_Informatica.Model.Troca) `staticFetchableList` generator
2025-04-10T16:28:02.093-03:00 DEBUG 4852 --- [lojainfo] [           main] o.hibernate.orm.model.mapping.creation   : Starting PostInitCallbackEntry : Entity(com.senac.Projeto_Java_Gerenciamento_Loja_de_Informatica.Model.Usuario) `staticFetchableList` generator
2025-04-10T16:28:02.093-03:00 DEBUG 4852 --- [lojainfo] [           main] o.hibernate.orm.model.mapping.creation   : Starting PostInitCallbackEntry : Entity(com.senac.Projeto_Java_Gerenciamento_Loja_de_Informatica.Model.Categoria) `staticFetchableList` generator
2025-04-10T16:28:02.093-03:00 DEBUG 4852 --- [lojainfo] [           main] o.hibernate.orm.model.mapping.creation   : Starting PostInitCallbackEntry : To-one key - NavigableRole[com.senac.Projeto_Java_Gerenciamento_Loja_de_Informatica.Model.Itens_venda.produto]
2025-04-10T16:28:02.093-03:00 DEBUG 4852 --- [lojainfo] [           main] o.hibernate.orm.model.mapping.creation   : Starting PostInitCallbackEntry : To-one key - NavigableRole[com.senac.Projeto_Java_Gerenciamento_Loja_de_Informatica.Model.Itens_venda.venda]
2025-04-10T16:28:02.093-03:00 DEBUG 4852 --- [lojainfo] [           main] o.hibernate.orm.model.mapping.creation   : Starting PostInitCallbackEntry : Entity(com.senac.Projeto_Java_Gerenciamento_Loja_de_Informatica.Model.Itens_venda) `staticFetchableList` generator
2025-04-10T16:28:02.093-03:00 DEBUG 4852 --- [lojainfo] [           main] o.hibernate.orm.model.mapping.creation   : Starting PostInitCallbackEntry : Entity(com.senac.Projeto_Java_Gerenciamento_Loja_de_Informatica.Model.Cargo) `staticFetchableList` generator
2025-04-10T16:28:02.093-03:00 DEBUG 4852 --- [lojainfo] [           main] o.hibernate.orm.model.mapping.creation   : Starting PostInitCallbackEntry : Entity(com.senac.Projeto_Java_Gerenciamento_Loja_de_Informatica.Model.Cliente) `staticFetchableList` generator
2025-04-10T16:28:02.093-03:00 DEBUG 4852 --- [lojainfo] [           main] o.hibernate.orm.model.mapping.creation   : Starting PostInitCallbackEntry : To-one key - NavigableRole[com.senac.Projeto_Java_Gerenciamento_Loja_de_Informatica.Model.Produto.categoria]
2025-04-10T16:28:02.093-03:00 DEBUG 4852 --- [lojainfo] [           main] o.hibernate.orm.model.mapping.creation   : Starting PostInitCallbackEntry : To-one key - NavigableRole[com.senac.Projeto_Java_Gerenciamento_Loja_de_Informatica.Model.Produto.devolucao]
2025-04-10T16:28:02.093-03:00 DEBUG 4852 --- [lojainfo] [           main] o.hibernate.orm.model.mapping.creation   : Starting PostInitCallbackEntry : To-one key - NavigableRole[com.senac.Projeto_Java_Gerenciamento_Loja_de_Informatica.Model.Produto.localArmazenamento]
2025-04-10T16:28:02.093-03:00 DEBUG 4852 --- [lojainfo] [           main] o.hibernate.orm.model.mapping.creation   : Starting PostInitCallbackEntry : To-one key - NavigableRole[com.senac.Projeto_Java_Gerenciamento_Loja_de_Informatica.Model.Produto.troca]
2025-04-10T16:28:02.093-03:00 DEBUG 4852 --- [lojainfo] [           main] o.hibernate.orm.model.mapping.creation   : Starting PostInitCallbackEntry : Entity(com.senac.Projeto_Java_Gerenciamento_Loja_de_Informatica.Model.Produto) `staticFetchableList` generator
2025-04-10T16:28:02.093-03:00 DEBUG 4852 --- [lojainfo] [           main] o.hibernate.orm.model.mapping.creation   : Starting PostInitCallbackEntry : To-one key - NavigableRole[com.senac.Projeto_Java_Gerenciamento_Loja_de_Informatica.Model.Venda.cliente]
2025-04-10T16:28:02.093-03:00 DEBUG 4852 --- [lojainfo] [           main] o.hibernate.orm.model.mapping.creation   : Starting PostInitCallbackEntry : To-one key - NavigableRole[com.senac.Projeto_Java_Gerenciamento_Loja_de_Informatica.Model.Venda.vendedor]
2025-04-10T16:28:02.093-03:00 DEBUG 4852 --- [lojainfo] [           main] o.hibernate.orm.model.mapping.creation   : Starting PostInitCallbackEntry : Entity(com.senac.Projeto_Java_Gerenciamento_Loja_de_Informatica.Model.Venda) `staticFetchableList` generator
2025-04-10T16:28:02.193-03:00 DEBUG 4852 --- [lojainfo] [           main] org.hibernate.orm.sql.ast.create         : Created new SQL alias : d1_0
2025-04-10T16:28:02.194-03:00 DEBUG 4852 --- [lojainfo] [           main] org.hibernate.orm.sql.ast.create         : Registration of TableGroup [StandardTableGroup(com.senac.Projeto_Java_Gerenciamento_Loja_de_Informatica.Model.Devolucao)] with identifierForTableGroup [com.senac.Projeto_Java_Gerenciamento_Loja_de_Informatica.Model.Devolucao] for NavigablePath [com.senac.Projeto_Java_Gerenciamento_Loja_de_Informatica.Model.Devolucao] 
2025-04-10T16:28:02.199-03:00 DEBUG 4852 --- [lojainfo] [           main] org.hibernate.orm.results.graph.AST      : DomainResult Graph:
 \-EntityResultImpl [com.senac.Projeto_Java_Gerenciamento_Loja_de_Informatica.Model.Devolucao]
 |  +-BasicFetch [com.senac.Projeto_Java_Gerenciamento_Loja_de_Informatica.Model.Devolucao.codigoProduto]
 |  +-BasicFetch [com.senac.Projeto_Java_Gerenciamento_Loja_de_Informatica.Model.Devolucao.data]
 |  +-BasicFetch [com.senac.Projeto_Java_Gerenciamento_Loja_de_Informatica.Model.Devolucao.motivo]
 |  +-BasicFetch [com.senac.Projeto_Java_Gerenciamento_Loja_de_Informatica.Model.Devolucao.nome_produto]
 |  \-BasicFetch [com.senac.Projeto_Java_Gerenciamento_Loja_de_Informatica.Model.Devolucao.tipo]

2025-04-10T16:28:02.199-03:00 DEBUG 4852 --- [lojainfo] [           main] org.hibernate.orm.sql.ast.tree           : SQL AST Tree:
    SelectStatement {
      FromClause {
        StandardTableGroup (d1 : com.senac.Projeto_Java_Gerenciamento_Loja_de_Informatica.Model.Devolucao) {
          primaryTableReference : devolucao as d1_0
        }
      }
    }

2025-04-10T16:28:02.219-03:00 DEBUG 4852 --- [lojainfo] [           main] o.h.p.entity.AbstractEntityPersister     : Static SQL for entity: com.senac.Projeto_Java_Gerenciamento_Loja_de_Informatica.Model.Devolucao
2025-04-10T16:28:02.219-03:00 DEBUG 4852 --- [lojainfo] [           main] o.h.p.entity.AbstractEntityPersister     :  Version select: select id from devolucao where id=?
2025-04-10T16:28:02.219-03:00 DEBUG 4852 --- [lojainfo] [           main] o.h.p.entity.AbstractEntityPersister     :  Insert (0): insert into devolucao (codigo_produto,data,motivo,nome_produto,tipo) values (?,?,?,?,?)
2025-04-10T16:28:02.219-03:00 DEBUG 4852 --- [lojainfo] [           main] o.h.p.entity.AbstractEntityPersister     :  Update (0): update devolucao set codigo_produto=?,data=?,motivo=?,nome_produto=?,tipo=? where id=?
2025-04-10T16:28:02.219-03:00 DEBUG 4852 --- [lojainfo] [           main] o.h.p.entity.AbstractEntityPersister     :  Delete (0): delete from devolucao where id=?
2025-04-10T16:28:02.219-03:00 DEBUG 4852 --- [lojainfo] [           main] org.hibernate.orm.sql.ast.create         : Created new SQL alias : f1_0
2025-04-10T16:28:02.219-03:00 DEBUG 4852 --- [lojainfo] [           main] org.hibernate.orm.sql.ast.create         : Registration of TableGroup [StandardTableGroup(com.senac.Projeto_Java_Gerenciamento_Loja_de_Informatica.Model.Funcionario)] with identifierForTableGroup [com.senac.Projeto_Java_Gerenciamento_Loja_de_Informatica.Model.Funcionario] for NavigablePath [com.senac.Projeto_Java_Gerenciamento_Loja_de_Informatica.Model.Funcionario] 
2025-04-10T16:28:02.224-03:00 DEBUG 4852 --- [lojainfo] [           main] org.hibernate.orm.sql.ast.create         : Registration of TableGroup [org.hibernate.sql.ast.tree.from.LazyTableGroup@7da1ef46] with identifierForTableGroup [com.senac.Projeto_Java_Gerenciamento_Loja_de_Informatica.Model.Funcionario.cargo] for NavigablePath [com.senac.Projeto_Java_Gerenciamento_Loja_de_Informatica.Model.Funcionario.cargo] 
2025-04-10T16:28:02.226-03:00 DEBUG 4852 --- [lojainfo] [           main] org.hibernate.orm.sql.ast.create         : Created new SQL alias : c1_0
2025-04-10T16:28:02.227-03:00 DEBUG 4852 --- [lojainfo] [           main] org.hibernate.orm.sql.ast.create         : Registration of TableGroup [org.hibernate.sql.ast.tree.from.LazyTableGroup@6018d82c] with identifierForTableGroup [com.senac.Projeto_Java_Gerenciamento_Loja_de_Informatica.Model.Funcionario.usuario] for NavigablePath [com.senac.Projeto_Java_Gerenciamento_Loja_de_Informatica.Model.Funcionario.usuario] 
2025-04-10T16:28:02.227-03:00 DEBUG 4852 --- [lojainfo] [           main] org.hibernate.orm.sql.ast.create         : Created new SQL alias : u1_0
2025-04-10T16:28:02.228-03:00 DEBUG 4852 --- [lojainfo] [           main] org.hibernate.orm.results.graph.AST      : DomainResult Graph:
 \-EntityResultImpl [com.senac.Projeto_Java_Gerenciamento_Loja_de_Informatica.Model.Funcionario]
 |  +-EntityFetchJoinedImpl [com.senac.Projeto_Java_Gerenciamento_Loja_de_Informatica.Model.Funcionario.cargo]
 |  +-BasicFetch [com.senac.Projeto_Java_Gerenciamento_Loja_de_Informatica.Model.Funcionario.cpf]
 |  +-BasicFetch [com.senac.Projeto_Java_Gerenciamento_Loja_de_Informatica.Model.Funcionario.email]
 |  +-BasicFetch [com.senac.Projeto_Java_Gerenciamento_Loja_de_Informatica.Model.Funcionario.endereco]
 |  +-BasicFetch [com.senac.Projeto_Java_Gerenciamento_Loja_de_Informatica.Model.Funcionario.nome]
 |  +-BasicFetch [com.senac.Projeto_Java_Gerenciamento_Loja_de_Informatica.Model.Funcionario.telefone]
 |  \-EntityFetchJoinedImpl [com.senac.Projeto_Java_Gerenciamento_Loja_de_Informatica.Model.Funcionario.usuario]

2025-04-10T16:28:02.228-03:00 DEBUG 4852 --- [lojainfo] [           main] org.hibernate.orm.sql.ast.tree           : SQL AST Tree:
    SelectStatement {
      FromClause {
        StandardTableGroup (f1 : com.senac.Projeto_Java_Gerenciamento_Loja_de_Informatica.Model.Funcionario) {
          primaryTableReference : funcionario as f1_0
          TableGroupJoins {
            left  join LazyTableGroup (c1 : com.senac.Projeto_Java_Gerenciamento_Loja_de_Informatica.Model.Funcionario.cargo) {
              primaryTableReference : cargo as c1_0
            }
            left  join LazyTableGroup (u1 : com.senac.Projeto_Java_Gerenciamento_Loja_de_Informatica.Model.Funcionario.usuario) {
              primaryTableReference : usuario as u1_0
            }
          }
        }
      }
    }

2025-04-10T16:28:02.229-03:00 DEBUG 4852 --- [lojainfo] [           main] o.h.p.entity.AbstractEntityPersister     : Static SQL for entity: com.senac.Projeto_Java_Gerenciamento_Loja_de_Informatica.Model.Funcionario
2025-04-10T16:28:02.229-03:00 DEBUG 4852 --- [lojainfo] [           main] o.h.p.entity.AbstractEntityPersister     :  Version select: select id from funcionario where id=?
2025-04-10T16:28:02.229-03:00 DEBUG 4852 --- [lojainfo] [           main] o.h.p.entity.AbstractEntityPersister     :  Insert (0): insert into funcionario (cargo_id,cpf,email,endereco,nome,telefone,usuario_id) values (?,?,?,?,?,?,?)
2025-04-10T16:28:02.229-03:00 DEBUG 4852 --- [lojainfo] [           main] o.h.p.entity.AbstractEntityPersister     :  Update (0): update funcionario set cargo_id=?,cpf=?,email=?,endereco=?,nome=?,telefone=?,usuario_id=? where id=?
2025-04-10T16:28:02.229-03:00 DEBUG 4852 --- [lojainfo] [           main] o.h.p.entity.AbstractEntityPersister     :  Delete (0): delete from funcionario where id=?
2025-04-10T16:28:02.229-03:00 DEBUG 4852 --- [lojainfo] [           main] org.hibernate.orm.sql.ast.create         : Created new SQL alias : l1_0
2025-04-10T16:28:02.229-03:00 DEBUG 4852 --- [lojainfo] [           main] org.hibernate.orm.sql.ast.create         : Registration of TableGroup [StandardTableGroup(com.senac.Projeto_Java_Gerenciamento_Loja_de_Informatica.Model.Local_armazenamento)] with identifierForTableGroup [com.senac.Projeto_Java_Gerenciamento_Loja_de_Informatica.Model.Local_armazenamento] for NavigablePath [com.senac.Projeto_Java_Gerenciamento_Loja_de_Informatica.Model.Local_armazenamento] 
2025-04-10T16:28:02.229-03:00 DEBUG 4852 --- [lojainfo] [           main] org.hibernate.orm.results.graph.AST      : DomainResult Graph:
 \-EntityResultImpl [com.senac.Projeto_Java_Gerenciamento_Loja_de_Informatica.Model.Local_armazenamento]
 |  +-BasicFetch [com.senac.Projeto_Java_Gerenciamento_Loja_de_Informatica.Model.Local_armazenamento.numeroLocalPrateleira]
 |  \-BasicFetch [com.senac.Projeto_Java_Gerenciamento_Loja_de_Informatica.Model.Local_armazenamento.numeroPrateleira]

2025-04-10T16:28:02.229-03:00 DEBUG 4852 --- [lojainfo] [           main] org.hibernate.orm.sql.ast.tree           : SQL AST Tree:
    SelectStatement {
      FromClause {
        StandardTableGroup (l1 : com.senac.Projeto_Java_Gerenciamento_Loja_de_Informatica.Model.Local_armazenamento) {
          primaryTableReference : local_armazenamento as l1_0
        }
      }
    }

2025-04-10T16:28:02.229-03:00 DEBUG 4852 --- [lojainfo] [           main] o.h.p.entity.AbstractEntityPersister     : Static SQL for entity: com.senac.Projeto_Java_Gerenciamento_Loja_de_Informatica.Model.Local_armazenamento
2025-04-10T16:28:02.229-03:00 DEBUG 4852 --- [lojainfo] [           main] o.h.p.entity.AbstractEntityPersister     :  Version select: select id from local_armazenamento where id=?
2025-04-10T16:28:02.229-03:00 DEBUG 4852 --- [lojainfo] [           main] o.h.p.entity.AbstractEntityPersister     :  Insert (0): insert into local_armazenamento (numero_local_prateleira,numero_prateleira) values (?,?)
2025-04-10T16:28:02.229-03:00 DEBUG 4852 --- [lojainfo] [           main] o.h.p.entity.AbstractEntityPersister     :  Update (0): update local_armazenamento set numero_local_prateleira=?,numero_prateleira=? where id=?
2025-04-10T16:28:02.229-03:00 DEBUG 4852 --- [lojainfo] [           main] o.h.p.entity.AbstractEntityPersister     :  Delete (0): delete from local_armazenamento where id=?
2025-04-10T16:28:02.229-03:00 DEBUG 4852 --- [lojainfo] [           main] org.hibernate.orm.sql.ast.create         : Created new SQL alias : t1_0
2025-04-10T16:28:02.229-03:00 DEBUG 4852 --- [lojainfo] [           main] org.hibernate.orm.sql.ast.create         : Registration of TableGroup [StandardTableGroup(com.senac.Projeto_Java_Gerenciamento_Loja_de_Informatica.Model.Troca)] with identifierForTableGroup [com.senac.Projeto_Java_Gerenciamento_Loja_de_Informatica.Model.Troca] for NavigablePath [com.senac.Projeto_Java_Gerenciamento_Loja_de_Informatica.Model.Troca] 
2025-04-10T16:28:02.230-03:00 DEBUG 4852 --- [lojainfo] [           main] org.hibernate.orm.results.graph.AST      : DomainResult Graph:
 \-EntityResultImpl [com.senac.Projeto_Java_Gerenciamento_Loja_de_Informatica.Model.Troca]
 |  +-BasicFetch [com.senac.Projeto_Java_Gerenciamento_Loja_de_Informatica.Model.Troca.codigoProduto]
 |  +-BasicFetch [com.senac.Projeto_Java_Gerenciamento_Loja_de_Informatica.Model.Troca.data]
 |  +-BasicFetch [com.senac.Projeto_Java_Gerenciamento_Loja_de_Informatica.Model.Troca.motivo]
 |  +-BasicFetch [com.senac.Projeto_Java_Gerenciamento_Loja_de_Informatica.Model.Troca.nome_produto]
 |  \-BasicFetch [com.senac.Projeto_Java_Gerenciamento_Loja_de_Informatica.Model.Troca.tipo]

2025-04-10T16:28:02.230-03:00 DEBUG 4852 --- [lojainfo] [           main] org.hibernate.orm.sql.ast.tree           : SQL AST Tree:
    SelectStatement {
      FromClause {
        StandardTableGroup (t1 : com.senac.Projeto_Java_Gerenciamento_Loja_de_Informatica.Model.Troca) {
          primaryTableReference : troca as t1_0
        }
      }
    }

2025-04-10T16:28:02.230-03:00 DEBUG 4852 --- [lojainfo] [           main] o.h.p.entity.AbstractEntityPersister     : Static SQL for entity: com.senac.Projeto_Java_Gerenciamento_Loja_de_Informatica.Model.Troca
2025-04-10T16:28:02.230-03:00 DEBUG 4852 --- [lojainfo] [           main] o.h.p.entity.AbstractEntityPersister     :  Version select: select id from troca where id=?
2025-04-10T16:28:02.230-03:00 DEBUG 4852 --- [lojainfo] [           main] o.h.p.entity.AbstractEntityPersister     :  Insert (0): insert into troca (codigo_produto,data,motivo,nome_produto,tipo) values (?,?,?,?,?)
2025-04-10T16:28:02.230-03:00 DEBUG 4852 --- [lojainfo] [           main] o.h.p.entity.AbstractEntityPersister     :  Update (0): update troca set codigo_produto=?,data=?,motivo=?,nome_produto=?,tipo=? where id=?
2025-04-10T16:28:02.230-03:00 DEBUG 4852 --- [lojainfo] [           main] o.h.p.entity.AbstractEntityPersister     :  Delete (0): delete from troca where id=?
2025-04-10T16:28:02.230-03:00 DEBUG 4852 --- [lojainfo] [           main] org.hibernate.orm.sql.ast.create         : Created new SQL alias : u1_0
2025-04-10T16:28:02.230-03:00 DEBUG 4852 --- [lojainfo] [           main] org.hibernate.orm.sql.ast.create         : Registration of TableGroup [StandardTableGroup(com.senac.Projeto_Java_Gerenciamento_Loja_de_Informatica.Model.Usuario)] with identifierForTableGroup [com.senac.Projeto_Java_Gerenciamento_Loja_de_Informatica.Model.Usuario] for NavigablePath [com.senac.Projeto_Java_Gerenciamento_Loja_de_Informatica.Model.Usuario] 
2025-04-10T16:28:02.230-03:00 DEBUG 4852 --- [lojainfo] [           main] org.hibernate.orm.results.graph.AST      : DomainResult Graph:
 \-EntityResultImpl [com.senac.Projeto_Java_Gerenciamento_Loja_de_Informatica.Model.Usuario]
 |  +-BasicFetch [com.senac.Projeto_Java_Gerenciamento_Loja_de_Informatica.Model.Usuario.login]
 |  +-BasicFetch [com.senac.Projeto_Java_Gerenciamento_Loja_de_Informatica.Model.Usuario.senha]
 |  +-BasicFetch [com.senac.Projeto_Java_Gerenciamento_Loja_de_Informatica.Model.Usuario.tipoUsuario]
 |  \-BasicFetch [com.senac.Projeto_Java_Gerenciamento_Loja_de_Informatica.Model.Usuario.ultimo_login]

2025-04-10T16:28:02.230-03:00 DEBUG 4852 --- [lojainfo] [           main] org.hibernate.orm.sql.ast.tree           : SQL AST Tree:
    SelectStatement {
      FromClause {
        StandardTableGroup (u1 : com.senac.Projeto_Java_Gerenciamento_Loja_de_Informatica.Model.Usuario) {
          primaryTableReference : usuario as u1_0
        }
      }
    }

2025-04-10T16:28:02.230-03:00 DEBUG 4852 --- [lojainfo] [           main] o.h.p.entity.AbstractEntityPersister     : Static SQL for entity: com.senac.Projeto_Java_Gerenciamento_Loja_de_Informatica.Model.Usuario
2025-04-10T16:28:02.230-03:00 DEBUG 4852 --- [lojainfo] [           main] o.h.p.entity.AbstractEntityPersister     :  Version select: select id from usuario where id=?
2025-04-10T16:28:02.230-03:00 DEBUG 4852 --- [lojainfo] [           main] o.h.p.entity.AbstractEntityPersister     :  Insert (0): insert into usuario (login,senha,tipo_usuario,ultimo_login) values (?,?,?,?)
2025-04-10T16:28:02.230-03:00 DEBUG 4852 --- [lojainfo] [           main] o.h.p.entity.AbstractEntityPersister     :  Update (0): update usuario set login=?,senha=?,tipo_usuario=?,ultimo_login=? where id=?
2025-04-10T16:28:02.230-03:00 DEBUG 4852 --- [lojainfo] [           main] o.h.p.entity.AbstractEntityPersister     :  Delete (0): delete from usuario where id=?
2025-04-10T16:28:02.230-03:00 DEBUG 4852 --- [lojainfo] [           main] org.hibernate.orm.sql.ast.create         : Created new SQL alias : c1_0
2025-04-10T16:28:02.230-03:00 DEBUG 4852 --- [lojainfo] [           main] org.hibernate.orm.sql.ast.create         : Registration of TableGroup [StandardTableGroup(com.senac.Projeto_Java_Gerenciamento_Loja_de_Informatica.Model.Categoria)] with identifierForTableGroup [com.senac.Projeto_Java_Gerenciamento_Loja_de_Informatica.Model.Categoria] for NavigablePath [com.senac.Projeto_Java_Gerenciamento_Loja_de_Informatica.Model.Categoria] 
2025-04-10T16:28:02.231-03:00 DEBUG 4852 --- [lojainfo] [           main] org.hibernate.orm.results.graph.AST      : DomainResult Graph:
 \-EntityResultImpl [com.senac.Projeto_Java_Gerenciamento_Loja_de_Informatica.Model.Categoria]
 |  \-BasicFetch [com.senac.Projeto_Java_Gerenciamento_Loja_de_Informatica.Model.Categoria.nome]

2025-04-10T16:28:02.232-03:00 DEBUG 4852 --- [lojainfo] [           main] org.hibernate.orm.sql.ast.tree           : SQL AST Tree:
    SelectStatement {
      FromClause {
        StandardTableGroup (c1 : com.senac.Projeto_Java_Gerenciamento_Loja_de_Informatica.Model.Categoria) {
          primaryTableReference : categoria as c1_0
        }
      }
    }

2025-04-10T16:28:02.232-03:00 DEBUG 4852 --- [lojainfo] [           main] o.h.p.entity.AbstractEntityPersister     : Static SQL for entity: com.senac.Projeto_Java_Gerenciamento_Loja_de_Informatica.Model.Categoria
2025-04-10T16:28:02.232-03:00 DEBUG 4852 --- [lojainfo] [           main] o.h.p.entity.AbstractEntityPersister     :  Version select: select id from categoria where id=?
2025-04-10T16:28:02.232-03:00 DEBUG 4852 --- [lojainfo] [           main] o.h.p.entity.AbstractEntityPersister     :  Insert (0): insert into categoria (nome) values (?)
2025-04-10T16:28:02.232-03:00 DEBUG 4852 --- [lojainfo] [           main] o.h.p.entity.AbstractEntityPersister     :  Update (0): update categoria set nome=? where id=?
2025-04-10T16:28:02.232-03:00 DEBUG 4852 --- [lojainfo] [           main] o.h.p.entity.AbstractEntityPersister     :  Delete (0): delete from categoria where id=?
2025-04-10T16:28:02.232-03:00 DEBUG 4852 --- [lojainfo] [           main] org.hibernate.orm.sql.ast.create         : Created new SQL alias : i1_0
2025-04-10T16:28:02.232-03:00 DEBUG 4852 --- [lojainfo] [           main] org.hibernate.orm.sql.ast.create         : Registration of TableGroup [StandardTableGroup(com.senac.Projeto_Java_Gerenciamento_Loja_de_Informatica.Model.Itens_venda)] with identifierForTableGroup [com.senac.Projeto_Java_Gerenciamento_Loja_de_Informatica.Model.Itens_venda] for NavigablePath [com.senac.Projeto_Java_Gerenciamento_Loja_de_Informatica.Model.Itens_venda] 
2025-04-10T16:28:02.233-03:00 DEBUG 4852 --- [lojainfo] [           main] org.hibernate.orm.sql.ast.create         : Registration of TableGroup [org.hibernate.sql.ast.tree.from.LazyTableGroup@67376bae] with identifierForTableGroup [com.senac.Projeto_Java_Gerenciamento_Loja_de_Informatica.Model.Itens_venda.produto] for NavigablePath [com.senac.Projeto_Java_Gerenciamento_Loja_de_Informatica.Model.Itens_venda.produto] 
2025-04-10T16:28:02.233-03:00 DEBUG 4852 --- [lojainfo] [           main] org.hibernate.orm.sql.ast.create         : Created new SQL alias : p1_0
2025-04-10T16:28:02.233-03:00 DEBUG 4852 --- [lojainfo] [           main] org.hibernate.orm.sql.ast.create         : Registration of TableGroup [org.hibernate.sql.ast.tree.from.LazyTableGroup@6d6d81c] with identifierForTableGroup [com.senac.Projeto_Java_Gerenciamento_Loja_de_Informatica.Model.Itens_venda.produto.categoria] for NavigablePath [com.senac.Projeto_Java_Gerenciamento_Loja_de_Informatica.Model.Itens_venda.produto.categoria] 
2025-04-10T16:28:02.233-03:00 DEBUG 4852 --- [lojainfo] [           main] org.hibernate.orm.sql.ast.create         : Created new SQL alias : c1_0
2025-04-10T16:28:02.233-03:00 DEBUG 4852 --- [lojainfo] [           main] org.hibernate.orm.sql.ast.create         : Registration of TableGroup [org.hibernate.sql.ast.tree.from.LazyTableGroup@7c59cf66] with identifierForTableGroup [com.senac.Projeto_Java_Gerenciamento_Loja_de_Informatica.Model.Itens_venda.produto.devolucao] for NavigablePath [com.senac.Projeto_Java_Gerenciamento_Loja_de_Informatica.Model.Itens_venda.produto.devolucao] 
2025-04-10T16:28:02.233-03:00 DEBUG 4852 --- [lojainfo] [           main] org.hibernate.orm.sql.ast.create         : Created new SQL alias : d1_0
2025-04-10T16:28:02.234-03:00 DEBUG 4852 --- [lojainfo] [           main] org.hibernate.orm.sql.ast.create         : Registration of TableGroup [org.hibernate.sql.ast.tree.from.LazyTableGroup@6bb71265] with identifierForTableGroup [com.senac.Projeto_Java_Gerenciamento_Loja_de_Informatica.Model.Itens_venda.produto.localArmazenamento] for NavigablePath [com.senac.Projeto_Java_Gerenciamento_Loja_de_Informatica.Model.Itens_venda.produto.localArmazenamento] 
2025-04-10T16:28:02.234-03:00 DEBUG 4852 --- [lojainfo] [           main] org.hibernate.orm.sql.ast.create         : Created new SQL alias : la1_0
2025-04-10T16:28:02.234-03:00 DEBUG 4852 --- [lojainfo] [           main] org.hibernate.orm.sql.ast.create         : Registration of TableGroup [org.hibernate.sql.ast.tree.from.LazyTableGroup@37816ea6] with identifierForTableGroup [com.senac.Projeto_Java_Gerenciamento_Loja_de_Informatica.Model.Itens_venda.produto.troca] for NavigablePath [com.senac.Projeto_Java_Gerenciamento_Loja_de_Informatica.Model.Itens_venda.produto.troca] 
2025-04-10T16:28:02.234-03:00 DEBUG 4852 --- [lojainfo] [           main] org.hibernate.orm.sql.ast.create         : Created new SQL alias : t1_0
2025-04-10T16:28:02.235-03:00 DEBUG 4852 --- [lojainfo] [           main] org.hibernate.orm.sql.ast.create         : Registration of TableGroup [org.hibernate.sql.ast.tree.from.LazyTableGroup@35b79b1f] with identifierForTableGroup [com.senac.Projeto_Java_Gerenciamento_Loja_de_Informatica.Model.Itens_venda.venda] for NavigablePath [com.senac.Projeto_Java_Gerenciamento_Loja_de_Informatica.Model.Itens_venda.venda] 
2025-04-10T16:28:02.235-03:00 DEBUG 4852 --- [lojainfo] [           main] org.hibernate.orm.sql.ast.create         : Created new SQL alias : v1_0
2025-04-10T16:28:02.235-03:00 DEBUG 4852 --- [lojainfo] [           main] org.hibernate.orm.sql.ast.create         : Registration of TableGroup [org.hibernate.sql.ast.tree.from.LazyTableGroup@664083f6] with identifierForTableGroup [com.senac.Projeto_Java_Gerenciamento_Loja_de_Informatica.Model.Itens_venda.venda.cliente] for NavigablePath [com.senac.Projeto_Java_Gerenciamento_Loja_de_Informatica.Model.Itens_venda.venda.cliente] 
2025-04-10T16:28:02.235-03:00 DEBUG 4852 --- [lojainfo] [           main] org.hibernate.orm.sql.ast.create         : Created new SQL alias : c2_0
2025-04-10T16:28:02.235-03:00 DEBUG 4852 --- [lojainfo] [           main] org.hibernate.orm.sql.ast.create         : Registration of TableGroup [org.hibernate.sql.ast.tree.from.LazyTableGroup@67216c33] with identifierForTableGroup [com.senac.Projeto_Java_Gerenciamento_Loja_de_Informatica.Model.Itens_venda.venda.vendedor] for NavigablePath [com.senac.Projeto_Java_Gerenciamento_Loja_de_Informatica.Model.Itens_venda.venda.vendedor] 
2025-04-10T16:28:02.235-03:00 DEBUG 4852 --- [lojainfo] [           main] org.hibernate.orm.sql.ast.create         : Created new SQL alias : v2_0
2025-04-10T16:28:02.236-03:00 DEBUG 4852 --- [lojainfo] [           main] org.hibernate.orm.sql.ast.create         : Registration of TableGroup [org.hibernate.sql.ast.tree.from.LazyTableGroup@17c72ffa] with identifierForTableGroup [com.senac.Projeto_Java_Gerenciamento_Loja_de_Informatica.Model.Itens_venda.venda.vendedor.cargo] for NavigablePath [com.senac.Projeto_Java_Gerenciamento_Loja_de_Informatica.Model.Itens_venda.venda.vendedor.cargo] 
2025-04-10T16:28:02.238-03:00 DEBUG 4852 --- [lojainfo] [           main] org.hibernate.orm.sql.ast.create         : Registration of TableGroup [org.hibernate.sql.ast.tree.from.LazyTableGroup@3183a37c] with identifierForTableGroup [com.senac.Projeto_Java_Gerenciamento_Loja_de_Informatica.Model.Itens_venda.venda.vendedor.usuario] for NavigablePath [com.senac.Projeto_Java_Gerenciamento_Loja_de_Informatica.Model.Itens_venda.venda.vendedor.usuario] 
2025-04-10T16:28:02.238-03:00 DEBUG 4852 --- [lojainfo] [           main] org.hibernate.orm.results.graph.AST      : DomainResult Graph:
 \-EntityResultImpl [com.senac.Projeto_Java_Gerenciamento_Loja_de_Informatica.Model.Itens_venda]
 |  +-EntityFetchJoinedImpl [com.senac.Projeto_Java_Gerenciamento_Loja_de_Informatica.Model.Itens_venda.produto]
 |  +-BasicFetch [com.senac.Projeto_Java_Gerenciamento_Loja_de_Informatica.Model.Itens_venda.quantidade]
 |  \-EntityFetchJoinedImpl [com.senac.Projeto_Java_Gerenciamento_Loja_de_Informatica.Model.Itens_venda.venda]

2025-04-10T16:28:02.239-03:00 DEBUG 4852 --- [lojainfo] [           main] org.hibernate.orm.sql.ast.tree           : SQL AST Tree:
    SelectStatement {
      FromClause {
        StandardTableGroup (i1 : com.senac.Projeto_Java_Gerenciamento_Loja_de_Informatica.Model.Itens_venda) {
          primaryTableReference : itens_venda as i1_0
          TableGroupJoins {
            left  join LazyTableGroup (p1 : com.senac.Projeto_Java_Gerenciamento_Loja_de_Informatica.Model.Itens_venda.produto) {
              primaryTableReference : produto as p1_0
              TableGroupJoins {
                left  join LazyTableGroup (c1 : com.senac.Projeto_Java_Gerenciamento_Loja_de_Informatica.Model.Itens_venda.produto.categoria) {
                  primaryTableReference : categoria as c1_0
                }
                left  join LazyTableGroup (d1 : com.senac.Projeto_Java_Gerenciamento_Loja_de_Informatica.Model.Itens_venda.produto.devolucao) {
                  primaryTableReference : devolucao as d1_0
                }
                left  join LazyTableGroup (la1 : com.senac.Projeto_Java_Gerenciamento_Loja_de_Informatica.Model.Itens_venda.produto.localArmazenamento) {
                  primaryTableReference : local_armazenamento as la1_0
                }
                left  join LazyTableGroup (t1 : com.senac.Projeto_Java_Gerenciamento_Loja_de_Informatica.Model.Itens_venda.produto.troca) {
                  primaryTableReference : troca as t1_0
                }
              }
            }
            left  join LazyTableGroup (v1 : com.senac.Projeto_Java_Gerenciamento_Loja_de_Informatica.Model.Itens_venda.venda) {
              primaryTableReference : venda as v1_0
              TableGroupJoins {
                left  join LazyTableGroup (c2 : com.senac.Projeto_Java_Gerenciamento_Loja_de_Informatica.Model.Itens_venda.venda.cliente) {
                  primaryTableReference : cliente as c2_0
                }
                left  join LazyTableGroup (v2 : com.senac.Projeto_Java_Gerenciamento_Loja_de_Informatica.Model.Itens_venda.venda.vendedor) {
                  primaryTableReference : funcionario as v2_0
                  TableGroupJoins {
                    left  join LazyTableGroup (c3 : com.senac.Projeto_Java_Gerenciamento_Loja_de_Informatica.Model.Itens_venda.venda.vendedor.cargo) {
                    }
                    left  join LazyTableGroup (u1 : com.senac.Projeto_Java_Gerenciamento_Loja_de_Informatica.Model.Itens_venda.venda.vendedor.usuario) {
                    }
                  }
                }
              }
            }
          }
        }
      }
    }

2025-04-10T16:28:02.239-03:00 DEBUG 4852 --- [lojainfo] [           main] o.h.p.entity.AbstractEntityPersister     : Static SQL for entity: com.senac.Projeto_Java_Gerenciamento_Loja_de_Informatica.Model.Itens_venda
2025-04-10T16:28:02.239-03:00 DEBUG 4852 --- [lojainfo] [           main] o.h.p.entity.AbstractEntityPersister     :  Version select: select id from itens_venda where id=?
2025-04-10T16:28:02.239-03:00 DEBUG 4852 --- [lojainfo] [           main] o.h.p.entity.AbstractEntityPersister     :  Insert (0): insert into itens_venda (produto_id,quantidade,venda_id) values (?,?,?)
2025-04-10T16:28:02.239-03:00 DEBUG 4852 --- [lojainfo] [           main] o.h.p.entity.AbstractEntityPersister     :  Update (0): update itens_venda set produto_id=?,quantidade=?,venda_id=? where id=?
2025-04-10T16:28:02.239-03:00 DEBUG 4852 --- [lojainfo] [           main] o.h.p.entity.AbstractEntityPersister     :  Delete (0): delete from itens_venda where id=?
2025-04-10T16:28:02.239-03:00 DEBUG 4852 --- [lojainfo] [           main] org.hibernate.orm.sql.ast.create         : Created new SQL alias : c1_0
2025-04-10T16:28:02.239-03:00 DEBUG 4852 --- [lojainfo] [           main] org.hibernate.orm.sql.ast.create         : Registration of TableGroup [StandardTableGroup(com.senac.Projeto_Java_Gerenciamento_Loja_de_Informatica.Model.Cargo)] with identifierForTableGroup [com.senac.Projeto_Java_Gerenciamento_Loja_de_Informatica.Model.Cargo] for NavigablePath [com.senac.Projeto_Java_Gerenciamento_Loja_de_Informatica.Model.Cargo] 
2025-04-10T16:28:02.239-03:00 DEBUG 4852 --- [lojainfo] [           main] org.hibernate.orm.results.graph.AST      : DomainResult Graph:
 \-EntityResultImpl [com.senac.Projeto_Java_Gerenciamento_Loja_de_Informatica.Model.Cargo]
 |  \-BasicFetch [com.senac.Projeto_Java_Gerenciamento_Loja_de_Informatica.Model.Cargo.nome]

2025-04-10T16:28:02.239-03:00 DEBUG 4852 --- [lojainfo] [           main] org.hibernate.orm.sql.ast.tree           : SQL AST Tree:
    SelectStatement {
      FromClause {
        StandardTableGroup (c1 : com.senac.Projeto_Java_Gerenciamento_Loja_de_Informatica.Model.Cargo) {
          primaryTableReference : cargo as c1_0
        }
      }
    }

2025-04-10T16:28:02.239-03:00 DEBUG 4852 --- [lojainfo] [           main] o.h.p.entity.AbstractEntityPersister     : Static SQL for entity: com.senac.Projeto_Java_Gerenciamento_Loja_de_Informatica.Model.Cargo
2025-04-10T16:28:02.239-03:00 DEBUG 4852 --- [lojainfo] [           main] o.h.p.entity.AbstractEntityPersister     :  Version select: select id from cargo where id=?
2025-04-10T16:28:02.239-03:00 DEBUG 4852 --- [lojainfo] [           main] o.h.p.entity.AbstractEntityPersister     :  Insert (0): insert into cargo (nome) values (?)
2025-04-10T16:28:02.239-03:00 DEBUG 4852 --- [lojainfo] [           main] o.h.p.entity.AbstractEntityPersister     :  Update (0): update cargo set nome=? where id=?
2025-04-10T16:28:02.239-03:00 DEBUG 4852 --- [lojainfo] [           main] o.h.p.entity.AbstractEntityPersister     :  Delete (0): delete from cargo where id=?
2025-04-10T16:28:02.239-03:00 DEBUG 4852 --- [lojainfo] [           main] org.hibernate.orm.sql.ast.create         : Created new SQL alias : c1_0
2025-04-10T16:28:02.239-03:00 DEBUG 4852 --- [lojainfo] [           main] org.hibernate.orm.sql.ast.create         : Registration of TableGroup [StandardTableGroup(com.senac.Projeto_Java_Gerenciamento_Loja_de_Informatica.Model.Cliente)] with identifierForTableGroup [com.senac.Projeto_Java_Gerenciamento_Loja_de_Informatica.Model.Cliente] for NavigablePath [com.senac.Projeto_Java_Gerenciamento_Loja_de_Informatica.Model.Cliente] 
2025-04-10T16:28:02.239-03:00 DEBUG 4852 --- [lojainfo] [           main] org.hibernate.orm.results.graph.AST      : DomainResult Graph:
 \-EntityResultImpl [com.senac.Projeto_Java_Gerenciamento_Loja_de_Informatica.Model.Cliente]
 |  +-BasicFetch [com.senac.Projeto_Java_Gerenciamento_Loja_de_Informatica.Model.Cliente.cpf]
 |  +-BasicFetch [com.senac.Projeto_Java_Gerenciamento_Loja_de_Informatica.Model.Cliente.email]
 |  +-BasicFetch [com.senac.Projeto_Java_Gerenciamento_Loja_de_Informatica.Model.Cliente.endereco]
 |  +-BasicFetch [com.senac.Projeto_Java_Gerenciamento_Loja_de_Informatica.Model.Cliente.nome]
 |  +-BasicFetch [com.senac.Projeto_Java_Gerenciamento_Loja_de_Informatica.Model.Cliente.telefone]
 |  \-BasicFetch [com.senac.Projeto_Java_Gerenciamento_Loja_de_Informatica.Model.Cliente.total_compras]

2025-04-10T16:28:02.239-03:00 DEBUG 4852 --- [lojainfo] [           main] org.hibernate.orm.sql.ast.tree           : SQL AST Tree:
    SelectStatement {
      FromClause {
        StandardTableGroup (c1 : com.senac.Projeto_Java_Gerenciamento_Loja_de_Informatica.Model.Cliente) {
          primaryTableReference : cliente as c1_0
        }
      }
    }

2025-04-10T16:28:02.239-03:00 DEBUG 4852 --- [lojainfo] [           main] o.h.p.entity.AbstractEntityPersister     : Static SQL for entity: com.senac.Projeto_Java_Gerenciamento_Loja_de_Informatica.Model.Cliente
2025-04-10T16:28:02.239-03:00 DEBUG 4852 --- [lojainfo] [           main] o.h.p.entity.AbstractEntityPersister     :  Version select: select id from cliente where id=?
2025-04-10T16:28:02.239-03:00 DEBUG 4852 --- [lojainfo] [           main] o.h.p.entity.AbstractEntityPersister     :  Insert (0): insert into cliente (cpf,email,endereco,nome,telefone,total_compras) values (?,?,?,?,?,?)
2025-04-10T16:28:02.239-03:00 DEBUG 4852 --- [lojainfo] [           main] o.h.p.entity.AbstractEntityPersister     :  Update (0): update cliente set cpf=?,email=?,endereco=?,nome=?,telefone=?,total_compras=? where id=?
2025-04-10T16:28:02.239-03:00 DEBUG 4852 --- [lojainfo] [           main] o.h.p.entity.AbstractEntityPersister     :  Delete (0): delete from cliente where id=?
2025-04-10T16:28:02.239-03:00 DEBUG 4852 --- [lojainfo] [           main] org.hibernate.orm.sql.ast.create         : Created new SQL alias : p1_0
2025-04-10T16:28:02.239-03:00 DEBUG 4852 --- [lojainfo] [           main] org.hibernate.orm.sql.ast.create         : Registration of TableGroup [StandardTableGroup(com.senac.Projeto_Java_Gerenciamento_Loja_de_Informatica.Model.Produto)] with identifierForTableGroup [com.senac.Projeto_Java_Gerenciamento_Loja_de_Informatica.Model.Produto] for NavigablePath [com.senac.Projeto_Java_Gerenciamento_Loja_de_Informatica.Model.Produto] 
2025-04-10T16:28:02.239-03:00 DEBUG 4852 --- [lojainfo] [           main] org.hibernate.orm.sql.ast.create         : Registration of TableGroup [org.hibernate.sql.ast.tree.from.LazyTableGroup@7668f8fd] with identifierForTableGroup [com.senac.Projeto_Java_Gerenciamento_Loja_de_Informatica.Model.Produto.categoria] for NavigablePath [com.senac.Projeto_Java_Gerenciamento_Loja_de_Informatica.Model.Produto.categoria] 
2025-04-10T16:28:02.239-03:00 DEBUG 4852 --- [lojainfo] [           main] org.hibernate.orm.sql.ast.create         : Created new SQL alias : c1_0
2025-04-10T16:28:02.239-03:00 DEBUG 4852 --- [lojainfo] [           main] org.hibernate.orm.sql.ast.create         : Registration of TableGroup [org.hibernate.sql.ast.tree.from.LazyTableGroup@75566f4] with identifierForTableGroup [com.senac.Projeto_Java_Gerenciamento_Loja_de_Informatica.Model.Produto.devolucao] for NavigablePath [com.senac.Projeto_Java_Gerenciamento_Loja_de_Informatica.Model.Produto.devolucao] 
2025-04-10T16:28:02.239-03:00 DEBUG 4852 --- [lojainfo] [           main] org.hibernate.orm.sql.ast.create         : Created new SQL alias : d1_0
2025-04-10T16:28:02.239-03:00 DEBUG 4852 --- [lojainfo] [           main] org.hibernate.orm.sql.ast.create         : Registration of TableGroup [org.hibernate.sql.ast.tree.from.LazyTableGroup@6785786d] with identifierForTableGroup [com.senac.Projeto_Java_Gerenciamento_Loja_de_Informatica.Model.Produto.localArmazenamento] for NavigablePath [com.senac.Projeto_Java_Gerenciamento_Loja_de_Informatica.Model.Produto.localArmazenamento] 
2025-04-10T16:28:02.239-03:00 DEBUG 4852 --- [lojainfo] [           main] org.hibernate.orm.sql.ast.create         : Created new SQL alias : la1_0
2025-04-10T16:28:02.239-03:00 DEBUG 4852 --- [lojainfo] [           main] org.hibernate.orm.sql.ast.create         : Registration of TableGroup [org.hibernate.sql.ast.tree.from.LazyTableGroup@5c261c74] with identifierForTableGroup [com.senac.Projeto_Java_Gerenciamento_Loja_de_Informatica.Model.Produto.troca] for NavigablePath [com.senac.Projeto_Java_Gerenciamento_Loja_de_Informatica.Model.Produto.troca] 
2025-04-10T16:28:02.239-03:00 DEBUG 4852 --- [lojainfo] [           main] org.hibernate.orm.sql.ast.create         : Created new SQL alias : t1_0
2025-04-10T16:28:02.242-03:00 DEBUG 4852 --- [lojainfo] [           main] org.hibernate.orm.results.graph.AST      : DomainResult Graph:
 \-EntityResultImpl [com.senac.Projeto_Java_Gerenciamento_Loja_de_Informatica.Model.Produto]
 |  +-EntityFetchJoinedImpl [com.senac.Projeto_Java_Gerenciamento_Loja_de_Informatica.Model.Produto.categoria]
 |  +-BasicFetch [com.senac.Projeto_Java_Gerenciamento_Loja_de_Informatica.Model.Produto.codigoProduto]
 |  +-BasicFetch [com.senac.Projeto_Java_Gerenciamento_Loja_de_Informatica.Model.Produto.cpf_cliente_devolucao]
 |  +-BasicFetch [com.senac.Projeto_Java_Gerenciamento_Loja_de_Informatica.Model.Produto.dataAquisicao]
 |  +-BasicFetch [com.senac.Projeto_Java_Gerenciamento_Loja_de_Informatica.Model.Produto.descricaoTecnica]
 |  +-EntityFetchJoinedImpl [com.senac.Projeto_Java_Gerenciamento_Loja_de_Informatica.Model.Produto.devolucao]
 |  +-BasicFetch [com.senac.Projeto_Java_Gerenciamento_Loja_de_Informatica.Model.Produto.fabricante]
 |  +-EntityFetchJoinedImpl [com.senac.Projeto_Java_Gerenciamento_Loja_de_Informatica.Model.Produto.localArmazenamento]
 |  +-BasicFetch [com.senac.Projeto_Java_Gerenciamento_Loja_de_Informatica.Model.Produto.modelo]
 |  +-BasicFetch [com.senac.Projeto_Java_Gerenciamento_Loja_de_Informatica.Model.Produto.nomeProduto]
 |  +-BasicFetch [com.senac.Projeto_Java_Gerenciamento_Loja_de_Informatica.Model.Produto.notaFiscal]
 |  +-BasicFetch [com.senac.Projeto_Java_Gerenciamento_Loja_de_Informatica.Model.Produto.quantidadeProduto]
 |  +-BasicFetch [com.senac.Projeto_Java_Gerenciamento_Loja_de_Informatica.Model.Produto.statusProduto]
 |  +-EntityFetchJoinedImpl [com.senac.Projeto_Java_Gerenciamento_Loja_de_Informatica.Model.Produto.troca]
 |  +-BasicFetch [com.senac.Projeto_Java_Gerenciamento_Loja_de_Informatica.Model.Produto.valorCompra]
 |  \-BasicFetch [com.senac.Projeto_Java_Gerenciamento_Loja_de_Informatica.Model.Produto.valorVenda]

2025-04-10T16:28:02.243-03:00 DEBUG 4852 --- [lojainfo] [           main] org.hibernate.orm.sql.ast.tree           : SQL AST Tree:
    SelectStatement {
      FromClause {
        StandardTableGroup (p1 : com.senac.Projeto_Java_Gerenciamento_Loja_de_Informatica.Model.Produto) {
          primaryTableReference : produto as p1_0
          TableGroupJoins {
            left  join LazyTableGroup (c1 : com.senac.Projeto_Java_Gerenciamento_Loja_de_Informatica.Model.Produto.categoria) {
              primaryTableReference : categoria as c1_0
            }
            left  join LazyTableGroup (d1 : com.senac.Projeto_Java_Gerenciamento_Loja_de_Informatica.Model.Produto.devolucao) {
              primaryTableReference : devolucao as d1_0
            }
            left  join LazyTableGroup (la1 : com.senac.Projeto_Java_Gerenciamento_Loja_de_Informatica.Model.Produto.localArmazenamento) {
              primaryTableReference : local_armazenamento as la1_0
            }
            left  join LazyTableGroup (t1 : com.senac.Projeto_Java_Gerenciamento_Loja_de_Informatica.Model.Produto.troca) {
              primaryTableReference : troca as t1_0
            }
          }
        }
      }
    }

2025-04-10T16:28:02.243-03:00 DEBUG 4852 --- [lojainfo] [           main] o.h.p.entity.AbstractEntityPersister     : Static SQL for entity: com.senac.Projeto_Java_Gerenciamento_Loja_de_Informatica.Model.Produto
2025-04-10T16:28:02.243-03:00 DEBUG 4852 --- [lojainfo] [           main] o.h.p.entity.AbstractEntityPersister     :  Version select: select id from produto where id=?
2025-04-10T16:28:02.243-03:00 DEBUG 4852 --- [lojainfo] [           main] o.h.p.entity.AbstractEntityPersister     :  Insert (0): insert into produto (categoria_id,codigo_produto,cpf_cliente_devolucao,data_aquisicao,descricao_tecnica,devolucao_id,fabricante,local_de_armazenamento_id,modelo,nome_produto,nota_fiscal,quantidade_produto,status_produto,troca_id,valor_compra,valor_venda) values (?,?,?,?,?,?,?,?,?,?,?,?,?,?,?,?)
2025-04-10T16:28:02.243-03:00 DEBUG 4852 --- [lojainfo] [           main] o.h.p.entity.AbstractEntityPersister     :  Update (0): update produto set categoria_id=?,codigo_produto=?,cpf_cliente_devolucao=?,data_aquisicao=?,descricao_tecnica=?,devolucao_id=?,fabricante=?,local_de_armazenamento_id=?,modelo=?,nome_produto=?,nota_fiscal=?,quantidade_produto=?,status_produto=?,troca_id=?,valor_compra=?,valor_venda=? where id=?
2025-04-10T16:28:02.243-03:00 DEBUG 4852 --- [lojainfo] [           main] o.h.p.entity.AbstractEntityPersister     :  Delete (0): delete from produto where id=?
2025-04-10T16:28:02.243-03:00 DEBUG 4852 --- [lojainfo] [           main] org.hibernate.orm.sql.ast.create         : Created new SQL alias : v1_0
2025-04-10T16:28:02.243-03:00 DEBUG 4852 --- [lojainfo] [           main] org.hibernate.orm.sql.ast.create         : Registration of TableGroup [StandardTableGroup(com.senac.Projeto_Java_Gerenciamento_Loja_de_Informatica.Model.Venda)] with identifierForTableGroup [com.senac.Projeto_Java_Gerenciamento_Loja_de_Informatica.Model.Venda] for NavigablePath [com.senac.Projeto_Java_Gerenciamento_Loja_de_Informatica.Model.Venda] 
2025-04-10T16:28:02.244-03:00 DEBUG 4852 --- [lojainfo] [           main] org.hibernate.orm.sql.ast.create         : Registration of TableGroup [org.hibernate.sql.ast.tree.from.LazyTableGroup@41f61188] with identifierForTableGroup [com.senac.Projeto_Java_Gerenciamento_Loja_de_Informatica.Model.Venda.cliente] for NavigablePath [com.senac.Projeto_Java_Gerenciamento_Loja_de_Informatica.Model.Venda.cliente] 
2025-04-10T16:28:02.244-03:00 DEBUG 4852 --- [lojainfo] [           main] org.hibernate.orm.sql.ast.create         : Created new SQL alias : c1_0
2025-04-10T16:28:02.244-03:00 DEBUG 4852 --- [lojainfo] [           main] org.hibernate.orm.sql.ast.create         : Registration of TableGroup [org.hibernate.sql.ast.tree.from.LazyTableGroup@d7c4fcb] with identifierForTableGroup [com.senac.Projeto_Java_Gerenciamento_Loja_de_Informatica.Model.Venda.vendedor] for NavigablePath [com.senac.Projeto_Java_Gerenciamento_Loja_de_Informatica.Model.Venda.vendedor] 
2025-04-10T16:28:02.244-03:00 DEBUG 4852 --- [lojainfo] [           main] org.hibernate.orm.sql.ast.create         : Created new SQL alias : v2_0
2025-04-10T16:28:02.244-03:00 DEBUG 4852 --- [lojainfo] [           main] org.hibernate.orm.sql.ast.create         : Registration of TableGroup [org.hibernate.sql.ast.tree.from.LazyTableGroup@61d527ac] with identifierForTableGroup [com.senac.Projeto_Java_Gerenciamento_Loja_de_Informatica.Model.Venda.vendedor.cargo] for NavigablePath [com.senac.Projeto_Java_Gerenciamento_Loja_de_Informatica.Model.Venda.vendedor.cargo] 
2025-04-10T16:28:02.244-03:00 DEBUG 4852 --- [lojainfo] [           main] org.hibernate.orm.sql.ast.create         : Created new SQL alias : c2_0
2025-04-10T16:28:02.244-03:00 DEBUG 4852 --- [lojainfo] [           main] org.hibernate.orm.sql.ast.create         : Registration of TableGroup [org.hibernate.sql.ast.tree.from.LazyTableGroup@498503cb] with identifierForTableGroup [com.senac.Projeto_Java_Gerenciamento_Loja_de_Informatica.Model.Venda.vendedor.usuario] for NavigablePath [com.senac.Projeto_Java_Gerenciamento_Loja_de_Informatica.Model.Venda.vendedor.usuario] 
2025-04-10T16:28:02.244-03:00 DEBUG 4852 --- [lojainfo] [           main] org.hibernate.orm.sql.ast.create         : Created new SQL alias : u1_0
2025-04-10T16:28:02.245-03:00 DEBUG 4852 --- [lojainfo] [           main] org.hibernate.orm.results.graph.AST      : DomainResult Graph:
 \-EntityResultImpl [com.senac.Projeto_Java_Gerenciamento_Loja_de_Informatica.Model.Venda]
 |  +-EntityFetchJoinedImpl [com.senac.Projeto_Java_Gerenciamento_Loja_de_Informatica.Model.Venda.cliente]
 |  +-BasicFetch [com.senac.Projeto_Java_Gerenciamento_Loja_de_Informatica.Model.Venda.dataHora]
 |  +-BasicFetch [com.senac.Projeto_Java_Gerenciamento_Loja_de_Informatica.Model.Venda.metodoPagamento]
 |  +-BasicFetch [com.senac.Projeto_Java_Gerenciamento_Loja_de_Informatica.Model.Venda.statusVenda]
 |  \-EntityFetchJoinedImpl [com.senac.Projeto_Java_Gerenciamento_Loja_de_Informatica.Model.Venda.vendedor]

2025-04-10T16:28:02.245-03:00 DEBUG 4852 --- [lojainfo] [           main] org.hibernate.orm.sql.ast.tree           : SQL AST Tree:
    SelectStatement {
      FromClause {
        StandardTableGroup (v1 : com.senac.Projeto_Java_Gerenciamento_Loja_de_Informatica.Model.Venda) {
          primaryTableReference : venda as v1_0
          TableGroupJoins {
            left  join LazyTableGroup (c1 : com.senac.Projeto_Java_Gerenciamento_Loja_de_Informatica.Model.Venda.cliente) {
              primaryTableReference : cliente as c1_0
            }
            left  join LazyTableGroup (v2 : com.senac.Projeto_Java_Gerenciamento_Loja_de_Informatica.Model.Venda.vendedor) {
              primaryTableReference : funcionario as v2_0
              TableGroupJoins {
                left  join LazyTableGroup (c2 : com.senac.Projeto_Java_Gerenciamento_Loja_de_Informatica.Model.Venda.vendedor.cargo) {
                  primaryTableReference : cargo as c2_0
                }
                left  join LazyTableGroup (u1 : com.senac.Projeto_Java_Gerenciamento_Loja_de_Informatica.Model.Venda.vendedor.usuario) {
                  primaryTableReference : usuario as u1_0
                }
              }
            }
          }
        }
      }
    }

2025-04-10T16:28:02.245-03:00 DEBUG 4852 --- [lojainfo] [           main] o.h.p.entity.AbstractEntityPersister     : Static SQL for entity: com.senac.Projeto_Java_Gerenciamento_Loja_de_Informatica.Model.Venda
2025-04-10T16:28:02.245-03:00 DEBUG 4852 --- [lojainfo] [           main] o.h.p.entity.AbstractEntityPersister     :  Version select: select id from venda where id=?
2025-04-10T16:28:02.245-03:00 DEBUG 4852 --- [lojainfo] [           main] o.h.p.entity.AbstractEntityPersister     :  Insert (0): insert into venda (cliente_id,data_hora,metodo_pagamento,status_venda,funcionario_id) values (?,?,?,?,?)
2025-04-10T16:28:02.246-03:00 DEBUG 4852 --- [lojainfo] [           main] o.h.p.entity.AbstractEntityPersister     :  Update (0): update venda set cliente_id=?,data_hora=?,metodo_pagamento=?,status_venda=?,funcionario_id=? where id=?
2025-04-10T16:28:02.246-03:00 DEBUG 4852 --- [lojainfo] [           main] o.h.p.entity.AbstractEntityPersister     :  Delete (0): delete from venda where id=?
2025-04-10T16:28:02.282-03:00  INFO 4852 --- [lojainfo] [           main] o.h.e.t.j.p.i.JtaPlatformInitiator       : HHH000489: No JTA platform available (set 'hibernate.transaction.jta.platform' to enable JTA platform integration)
2025-04-10T16:28:02.283-03:00 DEBUG 4852 --- [lojainfo] [           main] o.h.type.spi.TypeConfiguration$Scope     : Scoping TypeConfiguration [org.hibernate.type.spi.TypeConfiguration@1aaf46e6] to SessionFactoryImplementor [org.hibernate.internal.SessionFactoryImpl@66576bd2]
2025-04-10T16:28:02.284-03:00 DEBUG 4852 --- [lojainfo] [           main] o.h.query.named.NamedObjectRepository    : Checking 0 named HQL queries
2025-04-10T16:28:02.284-03:00 DEBUG 4852 --- [lojainfo] [           main] o.h.query.named.NamedObjectRepository    : Checking 0 named SQL queries
2025-04-10T16:28:02.382-03:00 DEBUG 4852 --- [lojainfo] [           main] org.hibernate.mapping.Table              : No alter strings for table : cargo
2025-04-10T16:28:02.382-03:00 DEBUG 4852 --- [lojainfo] [           main] org.hibernate.mapping.Table              : No alter strings for table : categoria
2025-04-10T16:28:02.382-03:00 DEBUG 4852 --- [lojainfo] [           main] org.hibernate.mapping.Table              : No alter strings for table : cliente
2025-04-10T16:28:02.384-03:00 DEBUG 4852 --- [lojainfo] [           main] org.hibernate.mapping.Table              : No alter strings for table : devolucao
2025-04-10T16:28:02.384-03:00 DEBUG 4852 --- [lojainfo] [           main] org.hibernate.mapping.Table              : No alter strings for table : funcionario
2025-04-10T16:28:02.384-03:00 DEBUG 4852 --- [lojainfo] [           main] org.hibernate.mapping.Table              : No alter strings for table : itens_venda
2025-04-10T16:28:02.384-03:00 DEBUG 4852 --- [lojainfo] [           main] org.hibernate.mapping.Table              : No alter strings for table : local_armazenamento
2025-04-10T16:28:02.384-03:00 DEBUG 4852 --- [lojainfo] [           main] org.hibernate.SQL                        : alter table produto modify column descricao_tecnica varchar(255)
2025-04-10T16:28:02.429-03:00  WARN 4852 --- [lojainfo] [           main] o.h.t.s.i.ExceptionHandlerLoggedImpl     : GenerationTarget encountered exception accepting command : Error executing DDL "alter table produto modify column descricao_tecnica varchar(255)" via JDBC [Data truncated for column 'descricao_tecnica' at row 1]

org.hibernate.tool.schema.spi.CommandAcceptanceException: Error executing DDL "alter table produto modify column descricao_tecnica varchar(255)" via JDBC [Data truncated for column 'descricao_tecnica' at row 1]
	at org.hibernate.tool.schema.internal.exec.GenerationTargetToDatabase.accept(GenerationTargetToDatabase.java:94) ~[hibernate-core-6.5.3.Final.jar:6.5.3.Final]
	at org.hibernate.tool.schema.internal.AbstractSchemaMigrator.applySqlString(AbstractSchemaMigrator.java:583) ~[hibernate-core-6.5.3.Final.jar:6.5.3.Final]
	at org.hibernate.tool.schema.internal.AbstractSchemaMigrator.applySqlStrings(AbstractSchemaMigrator.java:523) ~[hibernate-core-6.5.3.Final.jar:6.5.3.Final]
	at org.hibernate.tool.schema.internal.AbstractSchemaMigrator.migrateTable(AbstractSchemaMigrator.java:341) ~[hibernate-core-6.5.3.Final.jar:6.5.3.Final]
	at org.hibernate.tool.schema.internal.GroupedSchemaMigratorImpl.performTablesMigration(GroupedSchemaMigratorImpl.java:84) ~[hibernate-core-6.5.3.Final.jar:6.5.3.Final]
	at org.hibernate.tool.schema.internal.AbstractSchemaMigrator.performMigration(AbstractSchemaMigrator.java:240) ~[hibernate-core-6.5.3.Final.jar:6.5.3.Final]
	at org.hibernate.tool.schema.internal.AbstractSchemaMigrator.doMigration(AbstractSchemaMigrator.java:119) ~[hibernate-core-6.5.3.Final.jar:6.5.3.Final]
	at org.hibernate.tool.schema.spi.SchemaManagementToolCoordinator.performDatabaseAction(SchemaManagementToolCoordinator.java:280) ~[hibernate-core-6.5.3.Final.jar:6.5.3.Final]
	at org.hibernate.tool.schema.spi.SchemaManagementToolCoordinator.lambda$process$5(SchemaManagementToolCoordinator.java:144) ~[hibernate-core-6.5.3.Final.jar:6.5.3.Final]
	at java.base/java.util.HashMap.forEach(HashMap.java:1421) ~[na:na]
	at org.hibernate.tool.schema.spi.SchemaManagementToolCoordinator.process(SchemaManagementToolCoordinator.java:141) ~[hibernate-core-6.5.3.Final.jar:6.5.3.Final]
	at org.hibernate.boot.internal.SessionFactoryObserverForSchemaExport.sessionFactoryCreated(SessionFactoryObserverForSchemaExport.java:37) ~[hibernate-core-6.5.3.Final.jar:6.5.3.Final]
	at org.hibernate.internal.SessionFactoryObserverChain.sessionFactoryCreated(SessionFactoryObserverChain.java:35) ~[hibernate-core-6.5.3.Final.jar:6.5.3.Final]
	at org.hibernate.internal.SessionFactoryImpl.<init>(SessionFactoryImpl.java:322) ~[hibernate-core-6.5.3.Final.jar:6.5.3.Final]
	at org.hibernate.boot.internal.SessionFactoryBuilderImpl.build(SessionFactoryBuilderImpl.java:457) ~[hibernate-core-6.5.3.Final.jar:6.5.3.Final]
	at org.hibernate.jpa.boot.internal.EntityManagerFactoryBuilderImpl.build(EntityManagerFactoryBuilderImpl.java:1506) ~[hibernate-core-6.5.3.Final.jar:6.5.3.Final]
	at org.springframework.orm.jpa.vendor.SpringHibernateJpaPersistenceProvider.createContainerEntityManagerFactory(SpringHibernateJpaPersistenceProvider.java:75) ~[spring-orm-6.1.14.jar:6.1.14]
	at org.springframework.orm.jpa.LocalContainerEntityManagerFactoryBean.createNativeEntityManagerFactory(LocalContainerEntityManagerFactoryBean.java:390) ~[spring-orm-6.1.14.jar:6.1.14]
	at org.springframework.orm.jpa.AbstractEntityManagerFactoryBean.buildNativeEntityManagerFactory(AbstractEntityManagerFactoryBean.java:409) ~[spring-orm-6.1.14.jar:6.1.14]
	at org.springframework.orm.jpa.AbstractEntityManagerFactoryBean.afterPropertiesSet(AbstractEntityManagerFactoryBean.java:396) ~[spring-orm-6.1.14.jar:6.1.14]
	at org.springframework.orm.jpa.LocalContainerEntityManagerFactoryBean.afterPropertiesSet(LocalContainerEntityManagerFactoryBean.java:366) ~[spring-orm-6.1.14.jar:6.1.14]
	at org.springframework.beans.factory.support.AbstractAutowireCapableBeanFactory.invokeInitMethods(AbstractAutowireCapableBeanFactory.java:1853) ~[spring-beans-6.1.14.jar:6.1.14]
	at org.springframework.beans.factory.support.AbstractAutowireCapableBeanFactory.initializeBean(AbstractAutowireCapableBeanFactory.java:1802) ~[spring-beans-6.1.14.jar:6.1.14]
	at org.springframework.beans.factory.support.AbstractAutowireCapableBeanFactory.doCreateBean(AbstractAutowireCapableBeanFactory.java:600) ~[spring-beans-6.1.14.jar:6.1.14]
	at org.springframework.beans.factory.support.AbstractAutowireCapableBeanFactory.createBean(AbstractAutowireCapableBeanFactory.java:522) ~[spring-beans-6.1.14.jar:6.1.14]
	at org.springframework.beans.factory.support.AbstractBeanFactory.lambda$doGetBean$0(AbstractBeanFactory.java:337) ~[spring-beans-6.1.14.jar:6.1.14]
	at org.springframework.beans.factory.support.DefaultSingletonBeanRegistry.getSingleton(DefaultSingletonBeanRegistry.java:234) ~[spring-beans-6.1.14.jar:6.1.14]
	at org.springframework.beans.factory.support.AbstractBeanFactory.doGetBean(AbstractBeanFactory.java:335) ~[spring-beans-6.1.14.jar:6.1.14]
	at org.springframework.beans.factory.support.AbstractBeanFactory.getBean(AbstractBeanFactory.java:205) ~[spring-beans-6.1.14.jar:6.1.14]
	at org.springframework.context.support.AbstractApplicationContext.finishBeanFactoryInitialization(AbstractApplicationContext.java:954) ~[spring-context-6.1.14.jar:6.1.14]
	at org.springframework.context.support.AbstractApplicationContext.refresh(AbstractApplicationContext.java:625) ~[spring-context-6.1.14.jar:6.1.14]
	at org.springframework.boot.SpringApplication.refresh(SpringApplication.java:754) ~[spring-boot-3.3.5.jar:3.3.5]
	at org.springframework.boot.SpringApplication.refreshContext(SpringApplication.java:456) ~[spring-boot-3.3.5.jar:3.3.5]
	at org.springframework.boot.SpringApplication.run(SpringApplication.java:335) ~[spring-boot-3.3.5.jar:3.3.5]
	at org.springframework.boot.test.context.SpringBootContextLoader.lambda$loadContext$3(SpringBootContextLoader.java:137) ~[spring-boot-test-3.3.5.jar:3.3.5]
	at org.springframework.util.function.ThrowingSupplier.get(ThrowingSupplier.java:58) ~[spring-core-6.1.14.jar:6.1.14]
	at org.springframework.util.function.ThrowingSupplier.get(ThrowingSupplier.java:46) ~[spring-core-6.1.14.jar:6.1.14]
	at org.springframework.boot.SpringApplication.withHook(SpringApplication.java:1463) ~[spring-boot-3.3.5.jar:3.3.5]
	at org.springframework.boot.test.context.SpringBootContextLoader$ContextLoaderHook.run(SpringBootContextLoader.java:553) ~[spring-boot-test-3.3.5.jar:3.3.5]
	at org.springframework.boot.test.context.SpringBootContextLoader.loadContext(SpringBootContextLoader.java:137) ~[spring-boot-test-3.3.5.jar:3.3.5]
	at org.springframework.boot.test.context.SpringBootContextLoader.loadContext(SpringBootContextLoader.java:108) ~[spring-boot-test-3.3.5.jar:3.3.5]
	at org.springframework.test.context.cache.DefaultCacheAwareContextLoaderDelegate.loadContextInternal(DefaultCacheAwareContextLoaderDelegate.java:225) ~[spring-test-6.1.14.jar:6.1.14]
	at org.springframework.test.context.cache.DefaultCacheAwareContextLoaderDelegate.loadContext(DefaultCacheAwareContextLoaderDelegate.java:152) ~[spring-test-6.1.14.jar:6.1.14]
	at org.springframework.test.context.support.DefaultTestContext.getApplicationContext(DefaultTestContext.java:130) ~[spring-test-6.1.14.jar:6.1.14]
	at org.springframework.test.context.web.ServletTestExecutionListener.setUpRequestContextIfNecessary(ServletTestExecutionListener.java:191) ~[spring-test-6.1.14.jar:6.1.14]
	at org.springframework.test.context.web.ServletTestExecutionListener.prepareTestInstance(ServletTestExecutionListener.java:130) ~[spring-test-6.1.14.jar:6.1.14]
	at org.springframework.test.context.TestContextManager.prepareTestInstance(TestContextManager.java:260) ~[spring-test-6.1.14.jar:6.1.14]
	at org.springframework.test.context.junit.jupiter.SpringExtension.postProcessTestInstance(SpringExtension.java:163) ~[spring-test-6.1.14.jar:6.1.14]
	at org.junit.jupiter.engine.descriptor.ClassBasedTestDescriptor.lambda$invokeTestInstancePostProcessors$10(ClassBasedTestDescriptor.java:378) ~[junit-jupiter-engine-5.10.5.jar:5.10.5]
	at org.junit.jupiter.engine.descriptor.ClassBasedTestDescriptor.executeAndMaskThrowable(ClassBasedTestDescriptor.java:383) ~[junit-jupiter-engine-5.10.5.jar:5.10.5]
	at org.junit.jupiter.engine.descriptor.ClassBasedTestDescriptor.lambda$invokeTestInstancePostProcessors$11(ClassBasedTestDescriptor.java:378) ~[junit-jupiter-engine-5.10.5.jar:5.10.5]
	at java.base/java.util.stream.ReferencePipeline$3$1.accept(ReferencePipeline.java:197) ~[na:na]
	at java.base/java.util.stream.ReferencePipeline$2$1.accept(ReferencePipeline.java:179) ~[na:na]
	at java.base/java.util.ArrayList$ArrayListSpliterator.forEachRemaining(ArrayList.java:1625) ~[na:na]
	at java.base/java.util.stream.AbstractPipeline.copyInto(AbstractPipeline.java:509) ~[na:na]
	at java.base/java.util.stream.AbstractPipeline.wrapAndCopyInto(AbstractPipeline.java:499) ~[na:na]
	at java.base/java.util.stream.StreamSpliterators$WrappingSpliterator.forEachRemaining(StreamSpliterators.java:310) ~[na:na]
	at java.base/java.util.stream.Streams$ConcatSpliterator.forEachRemaining(Streams.java:735) ~[na:na]
	at java.base/java.util.stream.Streams$ConcatSpliterator.forEachRemaining(Streams.java:734) ~[na:na]
	at java.base/java.util.stream.ReferencePipeline$Head.forEach(ReferencePipeline.java:762) ~[na:na]
	at org.junit.jupiter.engine.descriptor.ClassBasedTestDescriptor.invokeTestInstancePostProcessors(ClassBasedTestDescriptor.java:377) ~[junit-jupiter-engine-5.10.5.jar:5.10.5]
	at org.junit.jupiter.engine.descriptor.ClassBasedTestDescriptor.lambda$instantiateAndPostProcessTestInstance$6(ClassBasedTestDescriptor.java:290) ~[junit-jupiter-engine-5.10.5.jar:5.10.5]
	at org.junit.platform.engine.support.hierarchical.ThrowableCollector.execute(ThrowableCollector.java:73) ~[junit-platform-engine-1.10.5.jar:1.10.5]
	at org.junit.jupiter.engine.descriptor.ClassBasedTestDescriptor.instantiateAndPostProcessTestInstance(ClassBasedTestDescriptor.java:289) ~[junit-jupiter-engine-5.10.5.jar:5.10.5]
	at org.junit.jupiter.engine.descriptor.ClassBasedTestDescriptor.lambda$testInstancesProvider$4(ClassBasedTestDescriptor.java:279) ~[junit-jupiter-engine-5.10.5.jar:5.10.5]
	at java.base/java.util.Optional.orElseGet(Optional.java:364) ~[na:na]
	at org.junit.jupiter.engine.descriptor.ClassBasedTestDescriptor.lambda$testInstancesProvider$5(ClassBasedTestDescriptor.java:278) ~[junit-jupiter-engine-5.10.5.jar:5.10.5]
	at org.junit.jupiter.engine.execution.TestInstancesProvider.getTestInstances(TestInstancesProvider.java:31) ~[junit-jupiter-engine-5.10.5.jar:5.10.5]
	at org.junit.jupiter.engine.descriptor.TestMethodTestDescriptor.lambda$prepare$0(TestMethodTestDescriptor.java:106) ~[junit-jupiter-engine-5.10.5.jar:5.10.5]
	at org.junit.platform.engine.support.hierarchical.ThrowableCollector.execute(ThrowableCollector.java:73) ~[junit-platform-engine-1.10.5.jar:1.10.5]
	at org.junit.jupiter.engine.descriptor.TestMethodTestDescriptor.prepare(TestMethodTestDescriptor.java:105) ~[junit-jupiter-engine-5.10.5.jar:5.10.5]
	at org.junit.jupiter.engine.descriptor.TestMethodTestDescriptor.prepare(TestMethodTestDescriptor.java:69) ~[junit-jupiter-engine-5.10.5.jar:5.10.5]
	at org.junit.platform.engine.support.hierarchical.NodeTestTask.lambda$prepare$2(NodeTestTask.java:128) ~[junit-platform-engine-1.10.5.jar:1.10.5]
	at org.junit.platform.engine.support.hierarchical.ThrowableCollector.execute(ThrowableCollector.java:73) ~[junit-platform-engine-1.10.5.jar:1.10.5]
	at org.junit.platform.engine.support.hierarchical.NodeTestTask.prepare(NodeTestTask.java:128) ~[junit-platform-engine-1.10.5.jar:1.10.5]
	at org.junit.platform.engine.support.hierarchical.NodeTestTask.execute(NodeTestTask.java:95) ~[junit-platform-engine-1.10.5.jar:1.10.5]
	at java.base/java.util.ArrayList.forEach(ArrayList.java:1511) ~[na:na]
	at org.junit.platform.engine.support.hierarchical.SameThreadHierarchicalTestExecutorService.invokeAll(SameThreadHierarchicalTestExecutorService.java:41) ~[junit-platform-engine-1.10.5.jar:1.10.5]
	at org.junit.platform.engine.support.hierarchical.NodeTestTask.lambda$executeRecursively$6(NodeTestTask.java:160) ~[junit-platform-engine-1.10.5.jar:1.10.5]
	at org.junit.platform.engine.support.hierarchical.ThrowableCollector.execute(ThrowableCollector.java:73) ~[junit-platform-engine-1.10.5.jar:1.10.5]
	at org.junit.platform.engine.support.hierarchical.NodeTestTask.lambda$executeRecursively$8(NodeTestTask.java:146) ~[junit-platform-engine-1.10.5.jar:1.10.5]
	at org.junit.platform.engine.support.hierarchical.Node.around(Node.java:137) ~[junit-platform-engine-1.10.5.jar:1.10.5]
	at org.junit.platform.engine.support.hierarchical.NodeTestTask.lambda$executeRecursively$9(NodeTestTask.java:144) ~[junit-platform-engine-1.10.5.jar:1.10.5]
	at org.junit.platform.engine.support.hierarchical.ThrowableCollector.execute(ThrowableCollector.java:73) ~[junit-platform-engine-1.10.5.jar:1.10.5]
	at org.junit.platform.engine.support.hierarchical.NodeTestTask.executeRecursively(NodeTestTask.java:143) ~[junit-platform-engine-1.10.5.jar:1.10.5]
	at org.junit.platform.engine.support.hierarchical.NodeTestTask.execute(NodeTestTask.java:100) ~[junit-platform-engine-1.10.5.jar:1.10.5]
	at java.base/java.util.ArrayList.forEach(ArrayList.java:1511) ~[na:na]
	at org.junit.platform.engine.support.hierarchical.SameThreadHierarchicalTestExecutorService.invokeAll(SameThreadHierarchicalTestExecutorService.java:41) ~[junit-platform-engine-1.10.5.jar:1.10.5]
	at org.junit.platform.engine.support.hierarchical.NodeTestTask.lambda$executeRecursively$6(NodeTestTask.java:160) ~[junit-platform-engine-1.10.5.jar:1.10.5]
	at org.junit.platform.engine.support.hierarchical.ThrowableCollector.execute(ThrowableCollector.java:73) ~[junit-platform-engine-1.10.5.jar:1.10.5]
	at org.junit.platform.engine.support.hierarchical.NodeTestTask.lambda$executeRecursively$8(NodeTestTask.java:146) ~[junit-platform-engine-1.10.5.jar:1.10.5]
	at org.junit.platform.engine.support.hierarchical.Node.around(Node.java:137) ~[junit-platform-engine-1.10.5.jar:1.10.5]
	at org.junit.platform.engine.support.hierarchical.NodeTestTask.lambda$executeRecursively$9(NodeTestTask.java:144) ~[junit-platform-engine-1.10.5.jar:1.10.5]
	at org.junit.platform.engine.support.hierarchical.ThrowableCollector.execute(ThrowableCollector.java:73) ~[junit-platform-engine-1.10.5.jar:1.10.5]
	at org.junit.platform.engine.support.hierarchical.NodeTestTask.executeRecursively(NodeTestTask.java:143) ~[junit-platform-engine-1.10.5.jar:1.10.5]
	at org.junit.platform.engine.support.hierarchical.NodeTestTask.execute(NodeTestTask.java:100) ~[junit-platform-engine-1.10.5.jar:1.10.5]
	at org.junit.platform.engine.support.hierarchical.SameThreadHierarchicalTestExecutorService.submit(SameThreadHierarchicalTestExecutorService.java:35) ~[junit-platform-engine-1.10.5.jar:1.10.5]
	at org.junit.platform.engine.support.hierarchical.HierarchicalTestExecutor.execute(HierarchicalTestExecutor.java:57) ~[junit-platform-engine-1.10.5.jar:1.10.5]
	at org.junit.platform.engine.support.hierarchical.HierarchicalTestEngine.execute(HierarchicalTestEngine.java:54) ~[junit-platform-engine-1.10.5.jar:1.10.5]
	at org.junit.platform.launcher.core.EngineExecutionOrchestrator.execute(EngineExecutionOrchestrator.java:198) ~[junit-platform-launcher-1.10.5.jar:1.10.5]
	at org.junit.platform.launcher.core.EngineExecutionOrchestrator.execute(EngineExecutionOrchestrator.java:169) ~[junit-platform-launcher-1.10.5.jar:1.10.5]
	at org.junit.platform.launcher.core.EngineExecutionOrchestrator.execute(EngineExecutionOrchestrator.java:93) ~[junit-platform-launcher-1.10.5.jar:1.10.5]
	at org.junit.platform.launcher.core.EngineExecutionOrchestrator.lambda$execute$0(EngineExecutionOrchestrator.java:58) ~[junit-platform-launcher-1.10.5.jar:1.10.5]
	at org.junit.platform.launcher.core.EngineExecutionOrchestrator.withInterceptedStreams(EngineExecutionOrchestrator.java:141) ~[junit-platform-launcher-1.10.5.jar:1.10.5]
	at org.junit.platform.launcher.core.EngineExecutionOrchestrator.execute(EngineExecutionOrchestrator.java:57) ~[junit-platform-launcher-1.10.5.jar:1.10.5]
	at org.junit.platform.launcher.core.DefaultLauncher.execute(DefaultLauncher.java:103) ~[junit-platform-launcher-1.10.5.jar:1.10.5]
	at org.junit.platform.launcher.core.DefaultLauncher.execute(DefaultLauncher.java:85) ~[junit-platform-launcher-1.10.5.jar:1.10.5]
	at org.junit.platform.launcher.core.DelegatingLauncher.execute(DelegatingLauncher.java:47) ~[junit-platform-launcher-1.10.5.jar:1.10.5]
	at org.apache.maven.surefire.junitplatform.LazyLauncher.execute(LazyLauncher.java:56) ~[surefire-junit-platform-3.2.5.jar:3.2.5]
	at org.apache.maven.surefire.junitplatform.JUnitPlatformProvider.execute(JUnitPlatformProvider.java:184) ~[surefire-junit-platform-3.2.5.jar:3.2.5]
	at org.apache.maven.surefire.junitplatform.JUnitPlatformProvider.invokeAllTests(JUnitPlatformProvider.java:148) ~[surefire-junit-platform-3.2.5.jar:3.2.5]
	at org.apache.maven.surefire.junitplatform.JUnitPlatformProvider.invoke(JUnitPlatformProvider.java:122) ~[surefire-junit-platform-3.2.5.jar:3.2.5]
	at org.apache.maven.surefire.booter.ForkedBooter.runSuitesInProcess(ForkedBooter.java:385) ~[surefire-booter-3.2.5.jar:3.2.5]
	at org.apache.maven.surefire.booter.ForkedBooter.execute(ForkedBooter.java:162) ~[surefire-booter-3.2.5.jar:3.2.5]
	at org.apache.maven.surefire.booter.ForkedBooter.run(ForkedBooter.java:507) ~[surefire-booter-3.2.5.jar:3.2.5]
	at org.apache.maven.surefire.booter.ForkedBooter.main(ForkedBooter.java:495) ~[surefire-booter-3.2.5.jar:3.2.5]
Caused by: java.sql.SQLException: Data truncated for column 'descricao_tecnica' at row 1
	at com.mysql.cj.jdbc.exceptions.SQLError.createSQLException(SQLError.java:130) ~[mysql-connector-j-8.3.0.jar:8.3.0]
	at com.mysql.cj.jdbc.exceptions.SQLExceptionsMapping.translateException(SQLExceptionsMapping.java:122) ~[mysql-connector-j-8.3.0.jar:8.3.0]
	at com.mysql.cj.jdbc.StatementImpl.executeInternal(StatementImpl.java:770) ~[mysql-connector-j-8.3.0.jar:8.3.0]
	at com.mysql.cj.jdbc.StatementImpl.execute(StatementImpl.java:653) ~[mysql-connector-j-8.3.0.jar:8.3.0]
	at com.zaxxer.hikari.pool.ProxyStatement.execute(ProxyStatement.java:94) ~[HikariCP-5.1.0.jar:na]
	at com.zaxxer.hikari.pool.HikariProxyStatement.execute(HikariProxyStatement.java) ~[HikariCP-5.1.0.jar:na]
	at org.hibernate.tool.schema.internal.exec.GenerationTargetToDatabase.accept(GenerationTargetToDatabase.java:80) ~[hibernate-core-6.5.3.Final.jar:6.5.3.Final]
	... 115 common frames omitted

2025-04-10T16:28:02.435-03:00 DEBUG 4852 --- [lojainfo] [           main] org.hibernate.mapping.Table              : No alter strings for table : troca
2025-04-10T16:28:02.436-03:00 DEBUG 4852 --- [lojainfo] [           main] org.hibernate.mapping.Table              : No alter strings for table : usuario
2025-04-10T16:28:02.436-03:00 DEBUG 4852 --- [lojainfo] [           main] org.hibernate.mapping.Table              : No alter strings for table : venda
2025-04-10T16:28:02.521-03:00 DEBUG 4852 --- [lojainfo] [           main] o.h.internal.SessionFactoryRegistry      : Initializing SessionFactoryRegistry : org.hibernate.internal.SessionFactoryRegistry@7fb46c10
2025-04-10T16:28:02.521-03:00 DEBUG 4852 --- [lojainfo] [           main] o.h.internal.SessionFactoryRegistry      : Registering SessionFactory: b63c6ddd-d4a0-4e02-97a5-d5482f6876d5 (<unnamed>)
2025-04-10T16:28:02.521-03:00 DEBUG 4852 --- [lojainfo] [           main] o.h.internal.SessionFactoryRegistry      : Not binding SessionFactory to JNDI, no JNDI name configured
2025-04-10T16:28:02.521-03:00 DEBUG 4852 --- [lojainfo] [           main] o.hibernate.internal.SessionFactoryImpl  : Instantiated SessionFactory
2025-04-10T16:28:02.521-03:00  INFO 4852 --- [lojainfo] [           main] j.LocalContainerEntityManagerFactoryBean : Initialized JPA EntityManagerFactory for persistence unit 'default'
2025-04-10T16:28:02.528-03:00 DEBUG 4852 --- [lojainfo] [           main] o.s.b.f.s.DefaultListableBeanFactory     : Creating shared instance of singleton bean 'projetoJavaGerenciamentoLojaDeInformaticaApplication'
2025-04-10T16:28:02.529-03:00 DEBUG 4852 --- [lojainfo] [           main] o.s.b.f.s.DefaultListableBeanFactory     : Creating shared instance of singleton bean 'controllerAPICargo'
2025-04-10T16:28:02.539-03:00 DEBUG 4852 --- [lojainfo] [           main] o.s.b.f.s.DefaultListableBeanFactory     : Creating shared instance of singleton bean 'serviceCargo'
2025-04-10T16:28:02.540-03:00 DEBUG 4852 --- [lojainfo] [           main] o.s.b.f.s.DefaultListableBeanFactory     : Creating shared instance of singleton bean 'repositoryCargo'
2025-04-10T16:28:02.553-03:00 DEBUG 4852 --- [lojainfo] [           main] o.s.b.f.s.DefaultListableBeanFactory     : Creating shared instance of singleton bean 'jpa.named-queries#8'
2025-04-10T16:28:02.557-03:00 DEBUG 4852 --- [lojainfo] [           main] o.s.b.f.s.DefaultListableBeanFactory     : Creating shared instance of singleton bean 'jpa.RepositoryCargo.fragments#0'
2025-04-10T16:28:02.565-03:00 DEBUG 4852 --- [lojainfo] [           main] o.s.b.f.s.DefaultListableBeanFactory     : Creating shared instance of singleton bean 'jpaSharedEM_entityManagerFactory'
2025-04-10T16:28:02.609-03:00 DEBUG 4852 --- [lojainfo] [           main] o.s.b.f.s.DefaultListableBeanFactory     : Creating shared instance of singleton bean 'jpaMappingContext'
2025-04-10T16:28:02.609-03:00 DEBUG 4852 --- [lojainfo] [           main] .c.JpaMetamodelMappingContextFactoryBean : Initializing JpaMetamodelMappingContext…
2025-04-10T16:28:02.627-03:00 DEBUG 4852 --- [lojainfo] [           main] .c.JpaMetamodelMappingContextFactoryBean : Finished initializing JpaMetamodelMappingContext
2025-04-10T16:28:02.659-03:00 DEBUG 4852 --- [lojainfo] [           main] tor$SharedEntityManagerInvocationHandler : Creating new EntityManager for shared EntityManager invocation
2025-04-10T16:28:02.698-03:00 DEBUG 4852 --- [lojainfo] [           main] o.h.stat.internal.StatisticsInitiator    : Statistics initialized [enabled=false]
2025-04-10T16:28:02.705-03:00 DEBUG 4852 --- [lojainfo] [           main] tor$SharedEntityManagerInvocationHandler : Creating new EntityManager for shared EntityManager invocation
2025-04-10T16:28:02.755-03:00 DEBUG 4852 --- [lojainfo] [           main] o.s.d.r.c.s.RepositoryFactorySupport     : Initializing repository instance for com.senac.Projeto_Java_Gerenciamento_Loja_de_Informatica.Repository.RepositoryCargo…
2025-04-10T16:28:02.773-03:00 DEBUG 4852 --- [lojainfo] [           main] tor$SharedEntityManagerInvocationHandler : Creating new EntityManager for shared EntityManager invocation
2025-04-10T16:28:02.803-03:00 DEBUG 4852 --- [lojainfo] [           main] o.s.d.r.c.s.RepositoryFactorySupport     : Finished creation of repository instance for com.senac.Projeto_Java_Gerenciamento_Loja_de_Informatica.Repository.RepositoryCargo.
2025-04-10T16:28:02.811-03:00 DEBUG 4852 --- [lojainfo] [           main] o.s.b.f.s.DefaultListableBeanFactory     : Creating shared instance of singleton bean 'controllerAPICategoria'
2025-04-10T16:28:02.812-03:00 DEBUG 4852 --- [lojainfo] [           main] o.s.b.f.s.DefaultListableBeanFactory     : Creating shared instance of singleton bean 'serviceCategoria'
2025-04-10T16:28:02.813-03:00 DEBUG 4852 --- [lojainfo] [           main] o.s.b.f.s.DefaultListableBeanFactory     : Creating shared instance of singleton bean 'repositoryCategoria'
2025-04-10T16:28:02.815-03:00 DEBUG 4852 --- [lojainfo] [           main] o.s.b.f.s.DefaultListableBeanFactory     : Creating shared instance of singleton bean 'jpa.named-queries#7'
2025-04-10T16:28:02.817-03:00 DEBUG 4852 --- [lojainfo] [           main] o.s.b.f.s.DefaultListableBeanFactory     : Creating shared instance of singleton bean 'jpa.RepositoryCategoria.fragments#0'
2025-04-10T16:28:02.818-03:00 DEBUG 4852 --- [lojainfo] [           main] tor$SharedEntityManagerInvocationHandler : Creating new EntityManager for shared EntityManager invocation
2025-04-10T16:28:02.821-03:00 DEBUG 4852 --- [lojainfo] [           main] o.s.d.r.c.s.RepositoryFactorySupport     : Initializing repository instance for com.senac.Projeto_Java_Gerenciamento_Loja_de_Informatica.Repository.RepositoryCategoria…
2025-04-10T16:28:02.821-03:00 DEBUG 4852 --- [lojainfo] [           main] tor$SharedEntityManagerInvocationHandler : Creating new EntityManager for shared EntityManager invocation
2025-04-10T16:28:02.825-03:00 DEBUG 4852 --- [lojainfo] [           main] o.s.d.r.c.s.RepositoryFactorySupport     : Finished creation of repository instance for com.senac.Projeto_Java_Gerenciamento_Loja_de_Informatica.Repository.RepositoryCategoria.
2025-04-10T16:28:02.825-03:00 DEBUG 4852 --- [lojainfo] [           main] o.s.b.f.s.DefaultListableBeanFactory     : Creating shared instance of singleton bean 'controllerAPICliente'
2025-04-10T16:28:02.825-03:00 DEBUG 4852 --- [lojainfo] [           main] o.s.b.f.s.DefaultListableBeanFactory     : Creating shared instance of singleton bean 'serviceCliente'
2025-04-10T16:28:02.825-03:00 DEBUG 4852 --- [lojainfo] [           main] o.s.b.f.s.DefaultListableBeanFactory     : Creating shared instance of singleton bean 'repositoryCliente'
2025-04-10T16:28:02.825-03:00 DEBUG 4852 --- [lojainfo] [           main] o.s.b.f.s.DefaultListableBeanFactory     : Creating shared instance of singleton bean 'jpa.named-queries#6'
2025-04-10T16:28:02.825-03:00 DEBUG 4852 --- [lojainfo] [           main] o.s.b.f.s.DefaultListableBeanFactory     : Creating shared instance of singleton bean 'jpa.RepositoryCliente.fragments#0'
2025-04-10T16:28:02.825-03:00 DEBUG 4852 --- [lojainfo] [           main] tor$SharedEntityManagerInvocationHandler : Creating new EntityManager for shared EntityManager invocation
2025-04-10T16:28:02.840-03:00 DEBUG 4852 --- [lojainfo] [           main] o.s.d.r.c.s.RepositoryFactorySupport     : Initializing repository instance for com.senac.Projeto_Java_Gerenciamento_Loja_de_Informatica.Repository.RepositoryCliente…
2025-04-10T16:28:02.841-03:00 DEBUG 4852 --- [lojainfo] [           main] tor$SharedEntityManagerInvocationHandler : Creating new EntityManager for shared EntityManager invocation
2025-04-10T16:28:02.846-03:00 DEBUG 4852 --- [lojainfo] [           main] o.s.d.r.c.s.RepositoryFactorySupport     : Finished creation of repository instance for com.senac.Projeto_Java_Gerenciamento_Loja_de_Informatica.Repository.RepositoryCliente.
2025-04-10T16:28:02.847-03:00 DEBUG 4852 --- [lojainfo] [           main] o.s.b.f.s.DefaultListableBeanFactory     : Creating shared instance of singleton bean 'controllerAPIDevolucao'
2025-04-10T16:28:02.849-03:00 DEBUG 4852 --- [lojainfo] [           main] o.s.b.f.s.DefaultListableBeanFactory     : Creating shared instance of singleton bean 'serviceDevolucao'
2025-04-10T16:28:02.849-03:00 DEBUG 4852 --- [lojainfo] [           main] o.s.b.f.s.DefaultListableBeanFactory     : Creating shared instance of singleton bean 'repositoryDevolucao'
2025-04-10T16:28:02.851-03:00 DEBUG 4852 --- [lojainfo] [           main] o.s.b.f.s.DefaultListableBeanFactory     : Creating shared instance of singleton bean 'jpa.named-queries#2'
2025-04-10T16:28:02.852-03:00 DEBUG 4852 --- [lojainfo] [           main] o.s.b.f.s.DefaultListableBeanFactory     : Creating shared instance of singleton bean 'jpa.RepositoryDevolucao.fragments#0'
2025-04-10T16:28:02.853-03:00 DEBUG 4852 --- [lojainfo] [           main] tor$SharedEntityManagerInvocationHandler : Creating new EntityManager for shared EntityManager invocation
2025-04-10T16:28:02.858-03:00 DEBUG 4852 --- [lojainfo] [           main] o.s.d.r.c.s.RepositoryFactorySupport     : Initializing repository instance for com.senac.Projeto_Java_Gerenciamento_Loja_de_Informatica.Repository.RepositoryDevolucao…
2025-04-10T16:28:02.858-03:00 DEBUG 4852 --- [lojainfo] [           main] tor$SharedEntityManagerInvocationHandler : Creating new EntityManager for shared EntityManager invocation
2025-04-10T16:28:02.864-03:00 DEBUG 4852 --- [lojainfo] [           main] o.s.d.r.c.s.RepositoryFactorySupport     : Finished creation of repository instance for com.senac.Projeto_Java_Gerenciamento_Loja_de_Informatica.Repository.RepositoryDevolucao.
2025-04-10T16:28:02.866-03:00 DEBUG 4852 --- [lojainfo] [           main] o.s.b.f.s.DefaultListableBeanFactory     : Creating shared instance of singleton bean 'controllerAPIFuncionario'
2025-04-10T16:28:02.868-03:00 DEBUG 4852 --- [lojainfo] [           main] o.s.b.f.s.DefaultListableBeanFactory     : Creating shared instance of singleton bean 'serviceFuncionario'
2025-04-10T16:28:02.869-03:00 DEBUG 4852 --- [lojainfo] [           main] o.s.b.f.s.DefaultListableBeanFactory     : Creating shared instance of singleton bean 'repositoryFuncionario'
2025-04-10T16:28:02.869-03:00 DEBUG 4852 --- [lojainfo] [           main] o.s.b.f.s.DefaultListableBeanFactory     : Creating shared instance of singleton bean 'jpa.named-queries#9'
2025-04-10T16:28:02.869-03:00 DEBUG 4852 --- [lojainfo] [           main] o.s.b.f.s.DefaultListableBeanFactory     : Creating shared instance of singleton bean 'jpa.RepositoryFuncionario.fragments#0'
2025-04-10T16:28:02.869-03:00 DEBUG 4852 --- [lojainfo] [           main] tor$SharedEntityManagerInvocationHandler : Creating new EntityManager for shared EntityManager invocation
2025-04-10T16:28:02.876-03:00 DEBUG 4852 --- [lojainfo] [           main] o.s.d.r.c.s.RepositoryFactorySupport     : Initializing repository instance for com.senac.Projeto_Java_Gerenciamento_Loja_de_Informatica.Repository.RepositoryFuncionario…
2025-04-10T16:28:02.876-03:00 DEBUG 4852 --- [lojainfo] [           main] tor$SharedEntityManagerInvocationHandler : Creating new EntityManager for shared EntityManager invocation
2025-04-10T16:28:02.889-03:00 DEBUG 4852 --- [lojainfo] [           main] o.s.d.r.c.s.RepositoryFactorySupport     : Finished creation of repository instance for com.senac.Projeto_Java_Gerenciamento_Loja_de_Informatica.Repository.RepositoryFuncionario.
2025-04-10T16:28:02.891-03:00 DEBUG 4852 --- [lojainfo] [           main] o.s.b.f.s.DefaultListableBeanFactory     : Creating shared instance of singleton bean 'controllerAPIIntesVenda'
2025-04-10T16:28:02.892-03:00 DEBUG 4852 --- [lojainfo] [           main] o.s.b.f.s.DefaultListableBeanFactory     : Creating shared instance of singleton bean 'serviceItensVenda'
2025-04-10T16:28:02.893-03:00 DEBUG 4852 --- [lojainfo] [           main] o.s.b.f.s.DefaultListableBeanFactory     : Creating shared instance of singleton bean 'repositoryItensVenda'
2025-04-10T16:28:02.900-03:00 DEBUG 4852 --- [lojainfo] [           main] o.s.b.f.s.DefaultListableBeanFactory     : Creating shared instance of singleton bean 'jpa.named-queries#3'
2025-04-10T16:28:02.903-03:00 DEBUG 4852 --- [lojainfo] [           main] o.s.b.f.s.DefaultListableBeanFactory     : Creating shared instance of singleton bean 'jpa.RepositoryItensVenda.fragments#0'
2025-04-10T16:28:02.905-03:00 DEBUG 4852 --- [lojainfo] [           main] tor$SharedEntityManagerInvocationHandler : Creating new EntityManager for shared EntityManager invocation
2025-04-10T16:28:02.926-03:00 DEBUG 4852 --- [lojainfo] [           main] o.s.d.r.c.s.RepositoryFactorySupport     : Initializing repository instance for com.senac.Projeto_Java_Gerenciamento_Loja_de_Informatica.Repository.RepositoryItensVenda…
2025-04-10T16:28:02.926-03:00 DEBUG 4852 --- [lojainfo] [           main] tor$SharedEntityManagerInvocationHandler : Creating new EntityManager for shared EntityManager invocation
2025-04-10T16:28:02.926-03:00 DEBUG 4852 --- [lojainfo] [           main] o.s.d.r.c.s.RepositoryFactorySupport     : Finished creation of repository instance for com.senac.Projeto_Java_Gerenciamento_Loja_de_Informatica.Repository.RepositoryItensVenda.
2025-04-10T16:28:02.926-03:00 DEBUG 4852 --- [lojainfo] [           main] o.s.b.f.s.DefaultListableBeanFactory     : Creating shared instance of singleton bean 'controllerAPILocalArmazenamento'
2025-04-10T16:28:02.926-03:00 DEBUG 4852 --- [lojainfo] [           main] o.s.b.f.s.DefaultListableBeanFactory     : Creating shared instance of singleton bean 'serviceLocalArmazenamento'
2025-04-10T16:28:02.935-03:00 DEBUG 4852 --- [lojainfo] [           main] o.s.b.f.s.DefaultListableBeanFactory     : Creating shared instance of singleton bean 'repositoryLocalArmazenamento'
2025-04-10T16:28:02.936-03:00 DEBUG 4852 --- [lojainfo] [           main] o.s.b.f.s.DefaultListableBeanFactory     : Creating shared instance of singleton bean 'jpa.named-queries#1'
2025-04-10T16:28:02.937-03:00 DEBUG 4852 --- [lojainfo] [           main] o.s.b.f.s.DefaultListableBeanFactory     : Creating shared instance of singleton bean 'jpa.RepositoryLocalArmazenamento.fragments#0'
2025-04-10T16:28:02.938-03:00 DEBUG 4852 --- [lojainfo] [           main] tor$SharedEntityManagerInvocationHandler : Creating new EntityManager for shared EntityManager invocation
2025-04-10T16:28:02.939-03:00 DEBUG 4852 --- [lojainfo] [           main] o.s.d.r.c.s.RepositoryFactorySupport     : Initializing repository instance for com.senac.Projeto_Java_Gerenciamento_Loja_de_Informatica.Repository.RepositoryLocalArmazenamento…
2025-04-10T16:28:02.939-03:00 DEBUG 4852 --- [lojainfo] [           main] tor$SharedEntityManagerInvocationHandler : Creating new EntityManager for shared EntityManager invocation
2025-04-10T16:28:02.944-03:00 DEBUG 4852 --- [lojainfo] [           main] o.s.d.r.c.s.RepositoryFactorySupport     : Finished creation of repository instance for com.senac.Projeto_Java_Gerenciamento_Loja_de_Informatica.Repository.RepositoryLocalArmazenamento.
2025-04-10T16:28:02.945-03:00 DEBUG 4852 --- [lojainfo] [           main] o.s.b.f.s.DefaultListableBeanFactory     : Creating shared instance of singleton bean 'controllerAPIProduto'
2025-04-10T16:28:02.946-03:00 DEBUG 4852 --- [lojainfo] [           main] o.s.b.f.s.DefaultListableBeanFactory     : Creating shared instance of singleton bean 'serviceProduto'
2025-04-10T16:28:02.947-03:00 DEBUG 4852 --- [lojainfo] [           main] o.s.b.f.s.DefaultListableBeanFactory     : Creating shared instance of singleton bean 'repositoryProduto'
2025-04-10T16:28:02.948-03:00 DEBUG 4852 --- [lojainfo] [           main] o.s.b.f.s.DefaultListableBeanFactory     : Creating shared instance of singleton bean 'jpa.named-queries#0'
2025-04-10T16:28:02.949-03:00 DEBUG 4852 --- [lojainfo] [           main] o.s.b.f.s.DefaultListableBeanFactory     : Creating shared instance of singleton bean 'jpa.RepositoryProduto.fragments#0'
2025-04-10T16:28:02.951-03:00 DEBUG 4852 --- [lojainfo] [           main] tor$SharedEntityManagerInvocationHandler : Creating new EntityManager for shared EntityManager invocation
2025-04-10T16:28:02.952-03:00 DEBUG 4852 --- [lojainfo] [           main] o.s.d.r.c.s.RepositoryFactorySupport     : Initializing repository instance for com.senac.Projeto_Java_Gerenciamento_Loja_de_Informatica.Repository.RepositoryProduto…
2025-04-10T16:28:02.952-03:00 DEBUG 4852 --- [lojainfo] [           main] tor$SharedEntityManagerInvocationHandler : Creating new EntityManager for shared EntityManager invocation
2025-04-10T16:28:02.957-03:00 DEBUG 4852 --- [lojainfo] [           main] o.s.d.r.c.s.RepositoryFactorySupport     : Finished creation of repository instance for com.senac.Projeto_Java_Gerenciamento_Loja_de_Informatica.Repository.RepositoryProduto.
2025-04-10T16:28:02.959-03:00 DEBUG 4852 --- [lojainfo] [           main] o.s.b.f.s.DefaultListableBeanFactory     : Creating shared instance of singleton bean 'controllerAPITroca'
2025-04-10T16:28:02.959-03:00 DEBUG 4852 --- [lojainfo] [           main] o.s.b.f.s.DefaultListableBeanFactory     : Creating shared instance of singleton bean 'serviceTroca'
2025-04-10T16:28:02.961-03:00 DEBUG 4852 --- [lojainfo] [           main] o.s.b.f.s.DefaultListableBeanFactory     : Creating shared instance of singleton bean 'repositoryTroca'
2025-04-10T16:28:02.961-03:00 DEBUG 4852 --- [lojainfo] [           main] o.s.b.f.s.DefaultListableBeanFactory     : Creating shared instance of singleton bean 'jpa.named-queries#4'
2025-04-10T16:28:02.963-03:00 DEBUG 4852 --- [lojainfo] [           main] o.s.b.f.s.DefaultListableBeanFactory     : Creating shared instance of singleton bean 'jpa.RepositoryTroca.fragments#0'
2025-04-10T16:28:02.963-03:00 DEBUG 4852 --- [lojainfo] [           main] tor$SharedEntityManagerInvocationHandler : Creating new EntityManager for shared EntityManager invocation
2025-04-10T16:28:02.963-03:00 DEBUG 4852 --- [lojainfo] [           main] o.s.d.r.c.s.RepositoryFactorySupport     : Initializing repository instance for com.senac.Projeto_Java_Gerenciamento_Loja_de_Informatica.Repository.RepositoryTroca…
2025-04-10T16:28:02.963-03:00 DEBUG 4852 --- [lojainfo] [           main] tor$SharedEntityManagerInvocationHandler : Creating new EntityManager for shared EntityManager invocation
2025-04-10T16:28:02.963-03:00 DEBUG 4852 --- [lojainfo] [           main] o.s.d.r.c.s.RepositoryFactorySupport     : Finished creation of repository instance for com.senac.Projeto_Java_Gerenciamento_Loja_de_Informatica.Repository.RepositoryTroca.
2025-04-10T16:28:02.963-03:00 DEBUG 4852 --- [lojainfo] [           main] o.s.b.f.s.DefaultListableBeanFactory     : Creating shared instance of singleton bean 'controllerAPIUsuario'
2025-04-10T16:28:02.963-03:00 DEBUG 4852 --- [lojainfo] [           main] o.s.b.f.s.DefaultListableBeanFactory     : Creating shared instance of singleton bean 'serviceUsuario'
2025-04-10T16:28:02.963-03:00 DEBUG 4852 --- [lojainfo] [           main] o.s.b.f.s.DefaultListableBeanFactory     : Creating shared instance of singleton bean 'repositoryUsuario'
2025-04-10T16:28:02.963-03:00 DEBUG 4852 --- [lojainfo] [           main] o.s.b.f.s.DefaultListableBeanFactory     : Creating shared instance of singleton bean 'jpa.named-queries#10'
2025-04-10T16:28:02.963-03:00 DEBUG 4852 --- [lojainfo] [           main] o.s.b.f.s.DefaultListableBeanFactory     : Creating shared instance of singleton bean 'jpa.RepositoryUsuario.fragments#0'
2025-04-10T16:28:02.963-03:00 DEBUG 4852 --- [lojainfo] [           main] tor$SharedEntityManagerInvocationHandler : Creating new EntityManager for shared EntityManager invocation
2025-04-10T16:28:02.974-03:00 DEBUG 4852 --- [lojainfo] [           main] o.s.d.r.c.s.RepositoryFactorySupport     : Initializing repository instance for com.senac.Projeto_Java_Gerenciamento_Loja_de_Informatica.Repository.RepositoryUsuario…
2025-04-10T16:28:02.974-03:00 DEBUG 4852 --- [lojainfo] [           main] tor$SharedEntityManagerInvocationHandler : Creating new EntityManager for shared EntityManager invocation
2025-04-10T16:28:02.994-03:00 DEBUG 4852 --- [lojainfo] [           main] o.s.d.r.c.s.RepositoryFactorySupport     : Finished creation of repository instance for com.senac.Projeto_Java_Gerenciamento_Loja_de_Informatica.Repository.RepositoryUsuario.
2025-04-10T16:28:02.997-03:00 DEBUG 4852 --- [lojainfo] [           main] o.s.b.f.s.DefaultListableBeanFactory     : Creating shared instance of singleton bean 'controllerAPIVenda'
2025-04-10T16:28:02.999-03:00 DEBUG 4852 --- [lojainfo] [           main] o.s.b.f.s.DefaultListableBeanFactory     : Creating shared instance of singleton bean 'serviceVenda'
2025-04-10T16:28:02.999-03:00 DEBUG 4852 --- [lojainfo] [           main] o.s.b.f.s.DefaultListableBeanFactory     : Creating shared instance of singleton bean 'repositoryVenda'
2025-04-10T16:28:03.001-03:00 DEBUG 4852 --- [lojainfo] [           main] o.s.b.f.s.DefaultListableBeanFactory     : Creating shared instance of singleton bean 'jpa.named-queries#5'
2025-04-10T16:28:03.003-03:00 DEBUG 4852 --- [lojainfo] [           main] o.s.b.f.s.DefaultListableBeanFactory     : Creating shared instance of singleton bean 'jpa.RepositoryVenda.fragments#0'
2025-04-10T16:28:03.005-03:00 DEBUG 4852 --- [lojainfo] [           main] tor$SharedEntityManagerInvocationHandler : Creating new EntityManager for shared EntityManager invocation
2025-04-10T16:28:03.005-03:00 DEBUG 4852 --- [lojainfo] [           main] o.s.d.r.c.s.RepositoryFactorySupport     : Initializing repository instance for com.senac.Projeto_Java_Gerenciamento_Loja_de_Informatica.Repository.RepositoryVenda…
2025-04-10T16:28:03.005-03:00 DEBUG 4852 --- [lojainfo] [           main] tor$SharedEntityManagerInvocationHandler : Creating new EntityManager for shared EntityManager invocation
2025-04-10T16:28:03.013-03:00 DEBUG 4852 --- [lojainfo] [           main] o.s.d.r.c.s.RepositoryFactorySupport     : Finished creation of repository instance for com.senac.Projeto_Java_Gerenciamento_Loja_de_Informatica.Repository.RepositoryVenda.
2025-04-10T16:28:03.015-03:00 DEBUG 4852 --- [lojainfo] [           main] o.s.b.f.s.DefaultListableBeanFactory     : Creating shared instance of singleton bean 'controllerAutenticacao'
2025-04-10T16:28:03.017-03:00 DEBUG 4852 --- [lojainfo] [           main] o.s.b.f.s.DefaultListableBeanFactory     : Creating shared instance of singleton bean 'controllerCliente'
2025-04-10T16:28:03.020-03:00 DEBUG 4852 --- [lojainfo] [           main] o.s.b.f.s.DefaultListableBeanFactory     : Creating shared instance of singleton bean 'controllerDevolucao'
2025-04-10T16:28:03.043-03:00 DEBUG 4852 --- [lojainfo] [           main] o.s.b.f.s.DefaultListableBeanFactory     : Creating shared instance of singleton bean 'controllerFuncionario'
2025-04-10T16:28:03.046-03:00 DEBUG 4852 --- [lojainfo] [           main] o.s.b.f.s.DefaultListableBeanFactory     : Creating shared instance of singleton bean 'controllerItensVenda'
2025-04-10T16:28:03.051-03:00 DEBUG 4852 --- [lojainfo] [           main] o.s.b.f.s.DefaultListableBeanFactory     : Creating shared instance of singleton bean 'controllerProduto'
2025-04-10T16:28:03.051-03:00 DEBUG 4852 --- [lojainfo] [           main] o.s.b.f.s.DefaultListableBeanFactory     : Creating shared instance of singleton bean 'controllerTroca'
2025-04-10T16:28:03.055-03:00 DEBUG 4852 --- [lojainfo] [           main] o.s.b.f.s.DefaultListableBeanFactory     : Creating shared instance of singleton bean 'controllerUsuario'
2025-04-10T16:28:03.056-03:00 DEBUG 4852 --- [lojainfo] [           main] o.s.b.f.s.DefaultListableBeanFactory     : Creating shared instance of singleton bean 'controllerVenda'
2025-04-10T16:28:03.058-03:00 DEBUG 4852 --- [lojainfo] [           main] o.s.b.f.s.DefaultListableBeanFactory     : Creating shared instance of singleton bean 'org.springframework.boot.autoconfigure.context.PropertyPlaceholderAutoConfiguration'
2025-04-10T16:28:03.060-03:00 DEBUG 4852 --- [lojainfo] [           main] o.s.b.f.s.DefaultListableBeanFactory     : Creating shared instance of singleton bean 'org.springframework.boot.autoconfigure.ssl.SslAutoConfiguration'
2025-04-10T16:28:03.061-03:00 DEBUG 4852 --- [lojainfo] [           main] o.s.b.f.s.DefaultListableBeanFactory     : Creating shared instance of singleton bean 'spring.ssl-org.springframework.boot.autoconfigure.ssl.SslProperties'
2025-04-10T16:28:03.063-03:00 DEBUG 4852 --- [lojainfo] [           main] o.s.b.f.s.DefaultListableBeanFactory     : Autowiring by type from bean name 'org.springframework.boot.autoconfigure.ssl.SslAutoConfiguration' via constructor to bean named 'org.springframework.web.context.support.GenericWebApplicationContext@77b7ffa4'
2025-04-10T16:28:03.063-03:00 DEBUG 4852 --- [lojainfo] [           main] o.s.b.f.s.DefaultListableBeanFactory     : Autowiring by type from bean name 'org.springframework.boot.autoconfigure.ssl.SslAutoConfiguration' via constructor to bean named 'spring.ssl-org.springframework.boot.autoconfigure.ssl.SslProperties'
2025-04-10T16:28:03.065-03:00 DEBUG 4852 --- [lojainfo] [           main] o.s.b.f.s.DefaultListableBeanFactory     : Creating shared instance of singleton bean 'fileWatcher'
2025-04-10T16:28:03.068-03:00 DEBUG 4852 --- [lojainfo] [           main] o.s.b.f.s.DefaultListableBeanFactory     : Creating shared instance of singleton bean 'sslPropertiesSslBundleRegistrar'
2025-04-10T16:28:03.068-03:00 DEBUG 4852 --- [lojainfo] [           main] o.s.b.f.s.DefaultListableBeanFactory     : Autowiring by type from bean name 'sslPropertiesSslBundleRegistrar' via factory method to bean named 'fileWatcher'
2025-04-10T16:28:03.069-03:00 DEBUG 4852 --- [lojainfo] [           main] o.s.b.f.s.DefaultListableBeanFactory     : Creating shared instance of singleton bean 'sslBundleRegistry'
2025-04-10T16:28:03.069-03:00 DEBUG 4852 --- [lojainfo] [           main] o.s.b.f.s.DefaultListableBeanFactory     : Creating shared instance of singleton bean 'org.springframework.boot.autoconfigure.websocket.servlet.WebSocketServletAutoConfiguration$TomcatWebSocketConfiguration'
2025-04-10T16:28:03.077-03:00 DEBUG 4852 --- [lojainfo] [           main] o.s.b.f.s.DefaultListableBeanFactory     : Creating shared instance of singleton bean 'websocketServletWebServerCustomizer'
2025-04-10T16:28:03.077-03:00 DEBUG 4852 --- [lojainfo] [           main] o.s.b.f.s.DefaultListableBeanFactory     : Creating shared instance of singleton bean 'org.springframework.boot.autoconfigure.websocket.servlet.WebSocketServletAutoConfiguration'
2025-04-10T16:28:03.077-03:00 DEBUG 4852 --- [lojainfo] [           main] o.s.b.f.s.DefaultListableBeanFactory     : Creating shared instance of singleton bean 'org.springframework.boot.autoconfigure.web.servlet.ServletWebServerFactoryConfiguration$EmbeddedTomcat'
2025-04-10T16:28:03.082-03:00 DEBUG 4852 --- [lojainfo] [           main] o.s.b.f.s.DefaultListableBeanFactory     : Creating shared instance of singleton bean 'tomcatServletWebServerFactory'
2025-04-10T16:28:03.125-03:00 DEBUG 4852 --- [lojainfo] [           main] o.s.b.f.s.DefaultListableBeanFactory     : Creating shared instance of singleton bean 'servletWebServerFactoryCustomizer'
2025-04-10T16:28:03.125-03:00 DEBUG 4852 --- [lojainfo] [           main] o.s.b.f.s.DefaultListableBeanFactory     : Creating shared instance of singleton bean 'org.springframework.boot.autoconfigure.web.servlet.ServletWebServerFactoryAutoConfiguration'
2025-04-10T16:28:03.127-03:00 DEBUG 4852 --- [lojainfo] [           main] o.s.b.f.s.DefaultListableBeanFactory     : Creating shared instance of singleton bean 'server-org.springframework.boot.autoconfigure.web.ServerProperties'
2025-04-10T16:28:03.143-03:00 DEBUG 4852 --- [lojainfo] [           main] o.s.b.f.s.DefaultListableBeanFactory     : Autowiring by type from bean name 'servletWebServerFactoryCustomizer' via factory method to bean named 'server-org.springframework.boot.autoconfigure.web.ServerProperties'
2025-04-10T16:28:03.145-03:00 DEBUG 4852 --- [lojainfo] [           main] o.s.b.f.s.DefaultListableBeanFactory     : Creating shared instance of singleton bean 'tomcatServletWebServerFactoryCustomizer'
2025-04-10T16:28:03.145-03:00 DEBUG 4852 --- [lojainfo] [           main] o.s.b.f.s.DefaultListableBeanFactory     : Autowiring by type from bean name 'tomcatServletWebServerFactoryCustomizer' via factory method to bean named 'server-org.springframework.boot.autoconfigure.web.ServerProperties'
2025-04-10T16:28:03.145-03:00 DEBUG 4852 --- [lojainfo] [           main] o.s.b.f.s.DefaultListableBeanFactory     : Creating shared instance of singleton bean 'localeCharsetMappingsCustomizer'
2025-04-10T16:28:03.146-03:00 DEBUG 4852 --- [lojainfo] [           main] o.s.b.f.s.DefaultListableBeanFactory     : Creating shared instance of singleton bean 'org.springframework.boot.autoconfigure.web.servlet.HttpEncodingAutoConfiguration'
2025-04-10T16:28:03.146-03:00 DEBUG 4852 --- [lojainfo] [           main] o.s.b.f.s.DefaultListableBeanFactory     : Autowiring by type from bean name 'org.springframework.boot.autoconfigure.web.servlet.HttpEncodingAutoConfiguration' via constructor to bean named 'server-org.springframework.boot.autoconfigure.web.ServerProperties'
2025-04-10T16:28:03.162-03:00 DEBUG 4852 --- [lojainfo] [           main] o.s.b.f.s.DefaultListableBeanFactory     : Creating shared instance of singleton bean 'errorPageCustomizer'
2025-04-10T16:28:03.162-03:00 DEBUG 4852 --- [lojainfo] [           main] o.s.b.f.s.DefaultListableBeanFactory     : Creating shared instance of singleton bean 'org.springframework.boot.autoconfigure.web.servlet.error.ErrorMvcAutoConfiguration'
2025-04-10T16:28:03.162-03:00 DEBUG 4852 --- [lojainfo] [           main] o.s.b.f.s.DefaultListableBeanFactory     : Autowiring by type from bean name 'org.springframework.boot.autoconfigure.web.servlet.error.ErrorMvcAutoConfiguration' via constructor to bean named 'server-org.springframework.boot.autoconfigure.web.ServerProperties'
2025-04-10T16:28:03.163-03:00 DEBUG 4852 --- [lojainfo] [           main] o.s.b.f.s.DefaultListableBeanFactory     : Creating shared instance of singleton bean 'dispatcherServletRegistration'
2025-04-10T16:28:03.164-03:00 DEBUG 4852 --- [lojainfo] [           main] o.s.b.f.s.DefaultListableBeanFactory     : Creating shared instance of singleton bean 'org.springframework.boot.autoconfigure.web.servlet.DispatcherServletAutoConfiguration$DispatcherServletRegistrationConfiguration'
2025-04-10T16:28:03.164-03:00 DEBUG 4852 --- [lojainfo] [           main] o.s.b.f.s.DefaultListableBeanFactory     : Creating shared instance of singleton bean 'dispatcherServlet'
2025-04-10T16:28:03.164-03:00 DEBUG 4852 --- [lojainfo] [           main] o.s.b.f.s.DefaultListableBeanFactory     : Creating shared instance of singleton bean 'org.springframework.boot.autoconfigure.web.servlet.DispatcherServletAutoConfiguration$DispatcherServletConfiguration'
2025-04-10T16:28:03.165-03:00 DEBUG 4852 --- [lojainfo] [           main] o.s.b.f.s.DefaultListableBeanFactory     : Creating shared instance of singleton bean 'spring.mvc-org.springframework.boot.autoconfigure.web.servlet.WebMvcProperties'
2025-04-10T16:28:03.169-03:00 DEBUG 4852 --- [lojainfo] [           main] o.s.b.f.s.DefaultListableBeanFactory     : Autowiring by type from bean name 'dispatcherServlet' via factory method to bean named 'spring.mvc-org.springframework.boot.autoconfigure.web.servlet.WebMvcProperties'
2025-04-10T16:28:03.182-03:00 DEBUG 4852 --- [lojainfo] [           main] o.s.b.f.s.DefaultListableBeanFactory     : Autowiring by type from bean name 'dispatcherServletRegistration' via factory method to bean named 'dispatcherServlet'
2025-04-10T16:28:03.182-03:00 DEBUG 4852 --- [lojainfo] [           main] o.s.b.f.s.DefaultListableBeanFactory     : Autowiring by type from bean name 'dispatcherServletRegistration' via factory method to bean named 'spring.mvc-org.springframework.boot.autoconfigure.web.servlet.WebMvcProperties'
2025-04-10T16:28:03.183-03:00 DEBUG 4852 --- [lojainfo] [           main] o.s.b.f.s.DefaultListableBeanFactory     : Creating shared instance of singleton bean 'multipartConfigElement'
2025-04-10T16:28:03.183-03:00 DEBUG 4852 --- [lojainfo] [           main] o.s.b.f.s.DefaultListableBeanFactory     : Creating shared instance of singleton bean 'org.springframework.boot.autoconfigure.web.servlet.MultipartAutoConfiguration'
2025-04-10T16:28:03.184-03:00 DEBUG 4852 --- [lojainfo] [           main] o.s.b.f.s.DefaultListableBeanFactory     : Creating shared instance of singleton bean 'spring.servlet.multipart-org.springframework.boot.autoconfigure.web.servlet.MultipartProperties'
2025-04-10T16:28:03.189-03:00 DEBUG 4852 --- [lojainfo] [           main] o.s.b.f.s.DefaultListableBeanFactory     : Autowiring by type from bean name 'org.springframework.boot.autoconfigure.web.servlet.MultipartAutoConfiguration' via constructor to bean named 'spring.servlet.multipart-org.springframework.boot.autoconfigure.web.servlet.MultipartProperties'
2025-04-10T16:28:03.193-03:00 DEBUG 4852 --- [lojainfo] [           main] o.s.b.f.s.DefaultListableBeanFactory     : Autowiring by type from bean name 'errorPageCustomizer' via factory method to bean named 'dispatcherServletRegistration'
2025-04-10T16:28:03.198-03:00 DEBUG 4852 --- [lojainfo] [           main] o.s.b.f.s.DefaultListableBeanFactory     : Creating shared instance of singleton bean 'org.springframework.boot.autoconfigure.web.servlet.DispatcherServletAutoConfiguration'
2025-04-10T16:28:03.198-03:00 DEBUG 4852 --- [lojainfo] [           main] o.s.b.f.s.DefaultListableBeanFactory     : Creating shared instance of singleton bean 'org.springframework.boot.autoconfigure.task.TaskExecutorConfigurations$ThreadPoolTaskExecutorBuilderConfiguration'
2025-04-10T16:28:03.199-03:00 DEBUG 4852 --- [lojainfo] [           main] o.s.b.f.s.DefaultListableBeanFactory     : Creating shared instance of singleton bean 'threadPoolTaskExecutorBuilder'
2025-04-10T16:28:03.199-03:00 DEBUG 4852 --- [lojainfo] [           main] o.s.b.f.s.DefaultListableBeanFactory     : Creating shared instance of singleton bean 'spring.task.execution-org.springframework.boot.autoconfigure.task.TaskExecutionProperties'
2025-04-10T16:28:03.199-03:00 DEBUG 4852 --- [lojainfo] [           main] o.s.b.f.s.DefaultListableBeanFactory     : Autowiring by type from bean name 'threadPoolTaskExecutorBuilder' via factory method to bean named 'spring.task.execution-org.springframework.boot.autoconfigure.task.TaskExecutionProperties'
2025-04-10T16:28:03.199-03:00 DEBUG 4852 --- [lojainfo] [           main] o.s.b.f.s.DefaultListableBeanFactory     : Creating shared instance of singleton bean 'org.springframework.boot.autoconfigure.task.TaskExecutorConfigurations$TaskExecutorBuilderConfiguration'
2025-04-10T16:28:03.199-03:00 DEBUG 4852 --- [lojainfo] [           main] o.s.b.f.s.DefaultListableBeanFactory     : Creating shared instance of singleton bean 'taskExecutorBuilder'
2025-04-10T16:28:03.199-03:00 DEBUG 4852 --- [lojainfo] [           main] o.s.b.f.s.DefaultListableBeanFactory     : Autowiring by type from bean name 'taskExecutorBuilder' via factory method to bean named 'spring.task.execution-org.springframework.boot.autoconfigure.task.TaskExecutionProperties'
2025-04-10T16:28:03.207-03:00 DEBUG 4852 --- [lojainfo] [           main] o.s.b.f.s.DefaultListableBeanFactory     : Creating shared instance of singleton bean 'org.springframework.boot.autoconfigure.task.TaskExecutorConfigurations$SimpleAsyncTaskExecutorBuilderConfiguration'
2025-04-10T16:28:03.208-03:00 DEBUG 4852 --- [lojainfo] [           main] o.s.b.f.s.DefaultListableBeanFactory     : Autowiring by type from bean name 'org.springframework.boot.autoconfigure.task.TaskExecutorConfigurations$SimpleAsyncTaskExecutorBuilderConfiguration' via constructor to bean named 'spring.task.execution-org.springframework.boot.autoconfigure.task.TaskExecutionProperties'
2025-04-10T16:28:03.208-03:00 DEBUG 4852 --- [lojainfo] [           main] o.s.b.f.s.DefaultListableBeanFactory     : Creating shared instance of singleton bean 'simpleAsyncTaskExecutorBuilder'
2025-04-10T16:28:03.210-03:00 DEBUG 4852 --- [lojainfo] [           main] o.s.b.f.s.DefaultListableBeanFactory     : Creating shared instance of singleton bean 'org.springframework.boot.autoconfigure.task.TaskExecutorConfigurations$TaskExecutorConfiguration'
2025-04-10T16:28:03.211-03:00 DEBUG 4852 --- [lojainfo] [           main] o.s.b.f.s.DefaultListableBeanFactory     : Creating shared instance of singleton bean 'org.springframework.boot.autoconfigure.task.TaskExecutionAutoConfiguration'
2025-04-10T16:28:03.211-03:00 DEBUG 4852 --- [lojainfo] [           main] o.s.b.f.s.DefaultListableBeanFactory     : Creating shared instance of singleton bean 'org.springframework.boot.autoconfigure.validation.ValidationAutoConfiguration'
2025-04-10T16:28:03.211-03:00 DEBUG 4852 --- [lojainfo] [           main] o.s.b.f.s.DefaultListableBeanFactory     : Creating shared instance of singleton bean 'defaultValidator'
2025-04-10T16:28:03.212-03:00 DEBUG 4852 --- [lojainfo] [           main] o.s.b.f.s.DefaultListableBeanFactory     : Autowiring by type from bean name 'defaultValidator' via factory method to bean named 'org.springframework.web.context.support.GenericWebApplicationContext@77b7ffa4'
2025-04-10T16:28:03.214-03:00 DEBUG 4852 --- [lojainfo] [           main] .h.v.m.ResourceBundleMessageInterpolator : Loaded expression factory via original TCCL
2025-04-10T16:28:03.216-03:00 DEBUG 4852 --- [lojainfo] [           main] o.h.v.i.e.AbstractConfigurationImpl      : Setting custom MessageInterpolator of type org.springframework.validation.beanvalidation.LocaleContextMessageInterpolator
2025-04-10T16:28:03.216-03:00 DEBUG 4852 --- [lojainfo] [           main] o.h.v.i.e.AbstractConfigurationImpl      : Setting custom ConstraintValidatorFactory of type org.springframework.validation.beanvalidation.SpringConstraintValidatorFactory
2025-04-10T16:28:03.217-03:00 DEBUG 4852 --- [lojainfo] [           main] o.h.v.i.xml.config.ValidationXmlParser   : Trying to load META-INF/validation.xml for XML based Validator configuration.
2025-04-10T16:28:03.218-03:00 DEBUG 4852 --- [lojainfo] [           main] o.h.v.i.xml.config.ResourceLoaderHelper  : Trying to load META-INF/validation.xml via user class loader
2025-04-10T16:28:03.218-03:00 DEBUG 4852 --- [lojainfo] [           main] o.h.v.i.xml.config.ResourceLoaderHelper  : Trying to load META-INF/validation.xml via TCCL
2025-04-10T16:28:03.218-03:00 DEBUG 4852 --- [lojainfo] [           main] o.h.v.i.xml.config.ResourceLoaderHelper  : Trying to load META-INF/validation.xml via Hibernate Validator's class loader
2025-04-10T16:28:03.218-03:00 DEBUG 4852 --- [lojainfo] [           main] o.h.v.i.xml.config.ValidationXmlParser   : No META-INF/validation.xml found. Using annotation based configuration only.
2025-04-10T16:28:03.218-03:00 DEBUG 4852 --- [lojainfo] [           main] o.h.v.i.e.resolver.TraversableResolvers  : Found jakarta.persistence.Persistence on classpath containing 'getPersistenceUtil'. Assuming JPA 2 environment. Trying to instantiate JPA aware TraversableResolver
2025-04-10T16:28:03.218-03:00 DEBUG 4852 --- [lojainfo] [           main] o.h.v.i.e.resolver.TraversableResolvers  : Instantiated JPA aware TraversableResolver of type org.hibernate.validator.internal.engine.resolver.JPATraversableResolver.
2025-04-10T16:28:03.219-03:00 DEBUG 4852 --- [lojainfo] [           main] .i.e.ValidatorFactoryConfigurationHelper : HV000252: Using org.hibernate.validator.internal.engine.DefaultPropertyNodeNameProvider as property node name provider.
2025-04-10T16:28:03.220-03:00 DEBUG 4852 --- [lojainfo] [           main] .i.e.ValidatorFactoryConfigurationHelper : HV000234: Using org.springframework.validation.beanvalidation.LocaleContextMessageInterpolator as ValidatorFactory-scoped message interpolator.
2025-04-10T16:28:03.220-03:00 DEBUG 4852 --- [lojainfo] [           main] .i.e.ValidatorFactoryConfigurationHelper : HV000234: Using org.hibernate.validator.internal.engine.resolver.JPATraversableResolver as ValidatorFactory-scoped traversable resolver.
2025-04-10T16:28:03.220-03:00 DEBUG 4852 --- [lojainfo] [           main] .i.e.ValidatorFactoryConfigurationHelper : HV000234: Using org.hibernate.validator.internal.util.ExecutableParameterNameProvider as ValidatorFactory-scoped parameter name provider.
2025-04-10T16:28:03.220-03:00 DEBUG 4852 --- [lojainfo] [           main] .i.e.ValidatorFactoryConfigurationHelper : HV000234: Using org.hibernate.validator.internal.engine.DefaultClockProvider as ValidatorFactory-scoped clock provider.
2025-04-10T16:28:03.220-03:00 DEBUG 4852 --- [lojainfo] [           main] .i.e.ValidatorFactoryConfigurationHelper : HV000234: Using org.hibernate.validator.internal.engine.scripting.DefaultScriptEvaluatorFactory as ValidatorFactory-scoped script evaluator factory.
2025-04-10T16:28:03.223-03:00 DEBUG 4852 --- [lojainfo] [           main] o.s.b.f.s.DefaultListableBeanFactory     : Creating shared instance of singleton bean 'org.springframework.boot.autoconfigure.web.servlet.error.ErrorMvcAutoConfiguration$DefaultErrorViewResolverConfiguration'
2025-04-10T16:28:03.223-03:00 DEBUG 4852 --- [lojainfo] [           main] o.s.b.f.s.DefaultListableBeanFactory     : Creating shared instance of singleton bean 'spring.web-org.springframework.boot.autoconfigure.web.WebProperties'
2025-04-10T16:28:03.229-03:00 DEBUG 4852 --- [lojainfo] [           main] o.s.b.f.s.DefaultListableBeanFactory     : Autowiring by type from bean name 'org.springframework.boot.autoconfigure.web.servlet.error.ErrorMvcAutoConfiguration$DefaultErrorViewResolverConfiguration' via constructor to bean named 'org.springframework.web.context.support.GenericWebApplicationContext@77b7ffa4'
2025-04-10T16:28:03.229-03:00 DEBUG 4852 --- [lojainfo] [           main] o.s.b.f.s.DefaultListableBeanFactory     : Autowiring by type from bean name 'org.springframework.boot.autoconfigure.web.servlet.error.ErrorMvcAutoConfiguration$DefaultErrorViewResolverConfiguration' via constructor to bean named 'spring.web-org.springframework.boot.autoconfigure.web.WebProperties'
2025-04-10T16:28:03.229-03:00 DEBUG 4852 --- [lojainfo] [           main] o.s.b.f.s.DefaultListableBeanFactory     : Creating shared instance of singleton bean 'conventionErrorViewResolver'
2025-04-10T16:28:03.238-03:00 DEBUG 4852 --- [lojainfo] [           main] o.s.b.f.s.DefaultListableBeanFactory     : Creating shared instance of singleton bean 'errorAttributes'
2025-04-10T16:28:03.240-03:00 DEBUG 4852 --- [lojainfo] [           main] o.s.b.f.s.DefaultListableBeanFactory     : Creating shared instance of singleton bean 'basicErrorController'
2025-04-10T16:28:03.241-03:00 DEBUG 4852 --- [lojainfo] [           main] o.s.b.f.s.DefaultListableBeanFactory     : Autowiring by type from bean name 'basicErrorController' via factory method to bean named 'errorAttributes'
2025-04-10T16:28:03.246-03:00 DEBUG 4852 --- [lojainfo] [           main] o.s.b.f.s.DefaultListableBeanFactory     : Creating shared instance of singleton bean 'org.springframework.boot.autoconfigure.web.servlet.WebMvcAutoConfiguration$EnableWebMvcConfiguration'
2025-04-10T16:28:03.247-03:00 DEBUG 4852 --- [lojainfo] [           main] o.s.b.f.s.DefaultListableBeanFactory     : Autowiring by type from bean name 'org.springframework.boot.autoconfigure.web.servlet.WebMvcAutoConfiguration$EnableWebMvcConfiguration' via constructor to bean named 'spring.mvc-org.springframework.boot.autoconfigure.web.servlet.WebMvcProperties'
2025-04-10T16:28:03.247-03:00 DEBUG 4852 --- [lojainfo] [           main] o.s.b.f.s.DefaultListableBeanFactory     : Autowiring by type from bean name 'org.springframework.boot.autoconfigure.web.servlet.WebMvcAutoConfiguration$EnableWebMvcConfiguration' via constructor to bean named 'spring.web-org.springframework.boot.autoconfigure.web.WebProperties'
2025-04-10T16:28:03.247-03:00 DEBUG 4852 --- [lojainfo] [           main] o.s.b.f.s.DefaultListableBeanFactory     : Autowiring by type from bean name 'org.springframework.boot.autoconfigure.web.servlet.WebMvcAutoConfiguration$EnableWebMvcConfiguration' via constructor to bean named 'org.springframework.beans.factory.support.DefaultListableBeanFactory@680362a'
2025-04-10T16:28:03.251-03:00 DEBUG 4852 --- [lojainfo] [           main] o.s.b.f.s.DefaultListableBeanFactory     : Creating shared instance of singleton bean 'org.springframework.boot.autoconfigure.web.servlet.WebMvcAutoConfiguration$WebMvcAutoConfigurationAdapter'
2025-04-10T16:28:03.252-03:00 DEBUG 4852 --- [lojainfo] [           main] o.s.b.f.s.DefaultListableBeanFactory     : Autowiring by type from bean name 'org.springframework.boot.autoconfigure.web.servlet.WebMvcAutoConfiguration$WebMvcAutoConfigurationAdapter' via constructor to bean named 'spring.web-org.springframework.boot.autoconfigure.web.WebProperties'
2025-04-10T16:28:03.252-03:00 DEBUG 4852 --- [lojainfo] [           main] o.s.b.f.s.DefaultListableBeanFactory     : Autowiring by type from bean name 'org.springframework.boot.autoconfigure.web.servlet.WebMvcAutoConfiguration$WebMvcAutoConfigurationAdapter' via constructor to bean named 'spring.mvc-org.springframework.boot.autoconfigure.web.servlet.WebMvcProperties'
2025-04-10T16:28:03.252-03:00 DEBUG 4852 --- [lojainfo] [           main] o.s.b.f.s.DefaultListableBeanFactory     : Autowiring by type from bean name 'org.springframework.boot.autoconfigure.web.servlet.WebMvcAutoConfiguration$WebMvcAutoConfigurationAdapter' via constructor to bean named 'org.springframework.beans.factory.support.DefaultListableBeanFactory@680362a'
2025-04-10T16:28:03.254-03:00 DEBUG 4852 --- [lojainfo] [           main] o.s.b.f.s.DefaultListableBeanFactory     : Creating shared instance of singleton bean 'openEntityManagerInViewInterceptorConfigurer'
2025-04-10T16:28:03.254-03:00 DEBUG 4852 --- [lojainfo] [           main] o.s.b.f.s.DefaultListableBeanFactory     : Creating shared instance of singleton bean 'org.springframework.boot.autoconfigure.orm.jpa.JpaBaseConfiguration$JpaWebConfiguration'
2025-04-10T16:28:03.255-03:00 DEBUG 4852 --- [lojainfo] [           main] o.s.b.f.s.DefaultListableBeanFactory     : Autowiring by type from bean name 'org.springframework.boot.autoconfigure.orm.jpa.JpaBaseConfiguration$JpaWebConfiguration' via constructor to bean named 'spring.jpa-org.springframework.boot.autoconfigure.orm.jpa.JpaProperties'
2025-04-10T16:28:03.255-03:00 DEBUG 4852 --- [lojainfo] [           main] o.s.b.f.s.DefaultListableBeanFactory     : Creating shared instance of singleton bean 'openEntityManagerInViewInterceptor'
2025-04-10T16:28:03.257-03:00  WARN 4852 --- [lojainfo] [           main] JpaBaseConfiguration$JpaWebConfiguration : spring.jpa.open-in-view is enabled by default. Therefore, database queries may be performed during view rendering. Explicitly configure spring.jpa.open-in-view to disable this warning
2025-04-10T16:28:03.259-03:00 DEBUG 4852 --- [lojainfo] [           main] o.s.b.f.s.DefaultListableBeanFactory     : Autowiring by type from bean name 'openEntityManagerInViewInterceptorConfigurer' via factory method to bean named 'openEntityManagerInViewInterceptor'
2025-04-10T16:28:03.259-03:00 DEBUG 4852 --- [lojainfo] [           main] o.s.b.f.s.DefaultListableBeanFactory     : Creating shared instance of singleton bean 'org.springframework.data.web.config.SpringDataWebConfiguration'
2025-04-10T16:28:03.259-03:00 DEBUG 4852 --- [lojainfo] [           main] o.s.b.f.s.DefaultListableBeanFactory     : Autowiring by type from bean name 'org.springframework.data.web.config.SpringDataWebConfiguration' via constructor to bean named 'org.springframework.web.context.support.GenericWebApplicationContext@77b7ffa4'
2025-04-10T16:28:03.262-03:00 DEBUG 4852 --- [lojainfo] [           main] o.s.b.f.s.DefaultListableBeanFactory     : Creating shared instance of singleton bean 'welcomePageHandlerMapping'
2025-04-10T16:28:03.262-03:00 DEBUG 4852 --- [lojainfo] [           main] o.s.b.f.s.DefaultListableBeanFactory     : Creating shared instance of singleton bean 'mvcConversionService'
2025-04-10T16:28:03.277-03:00 DEBUG 4852 --- [lojainfo] [           main] o.s.b.f.s.DefaultListableBeanFactory     : Creating shared instance of singleton bean 'mvcResourceUrlProvider'
2025-04-10T16:28:03.279-03:00 DEBUG 4852 --- [lojainfo] [           main] o.s.b.f.s.DefaultListableBeanFactory     : Autowiring by type from bean name 'welcomePageHandlerMapping' via factory method to bean named 'org.springframework.web.context.support.GenericWebApplicationContext@77b7ffa4'
2025-04-10T16:28:03.279-03:00 DEBUG 4852 --- [lojainfo] [           main] o.s.b.f.s.DefaultListableBeanFactory     : Autowiring by type from bean name 'welcomePageHandlerMapping' via factory method to bean named 'mvcConversionService'
2025-04-10T16:28:03.279-03:00 DEBUG 4852 --- [lojainfo] [           main] o.s.b.f.s.DefaultListableBeanFactory     : Autowiring by type from bean name 'welcomePageHandlerMapping' via factory method to bean named 'mvcResourceUrlProvider'
2025-04-10T16:28:03.286-03:00  INFO 4852 --- [lojainfo] [           main] o.s.b.a.w.s.WelcomePageHandlerMapping    : Adding welcome page template: index
2025-04-10T16:28:03.299-03:00 DEBUG 4852 --- [lojainfo] [           main] o.s.b.f.s.DefaultListableBeanFactory     : Creating shared instance of singleton bean 'welcomePageNotAcceptableHandlerMapping'
2025-04-10T16:28:03.301-03:00 DEBUG 4852 --- [lojainfo] [           main] o.s.b.f.s.DefaultListableBeanFactory     : Autowiring by type from bean name 'welcomePageNotAcceptableHandlerMapping' via factory method to bean named 'org.springframework.web.context.support.GenericWebApplicationContext@77b7ffa4'
2025-04-10T16:28:03.301-03:00 DEBUG 4852 --- [lojainfo] [           main] o.s.b.f.s.DefaultListableBeanFactory     : Autowiring by type from bean name 'welcomePageNotAcceptableHandlerMapping' via factory method to bean named 'mvcConversionService'
2025-04-10T16:28:03.301-03:00 DEBUG 4852 --- [lojainfo] [           main] o.s.b.f.s.DefaultListableBeanFactory     : Autowiring by type from bean name 'welcomePageNotAcceptableHandlerMapping' via factory method to bean named 'mvcResourceUrlProvider'
2025-04-10T16:28:03.306-03:00 DEBUG 4852 --- [lojainfo] [           main] o.s.b.f.s.DefaultListableBeanFactory     : Creating shared instance of singleton bean 'localeResolver'
2025-04-10T16:28:03.306-03:00 DEBUG 4852 --- [lojainfo] [           main] o.s.b.f.s.DefaultListableBeanFactory     : Creating shared instance of singleton bean 'themeResolver'
2025-04-10T16:28:03.309-03:00 DEBUG 4852 --- [lojainfo] [           main] o.s.b.f.s.DefaultListableBeanFactory     : Creating shared instance of singleton bean 'flashMapManager'
2025-04-10T16:28:03.313-03:00 DEBUG 4852 --- [lojainfo] [           main] o.s.b.f.s.DefaultListableBeanFactory     : Creating shared instance of singleton bean 'mvcValidator'
2025-04-10T16:28:03.315-03:00 DEBUG 4852 --- [lojainfo] [           main] o.s.b.f.s.DefaultListableBeanFactory     : Creating shared instance of singleton bean 'mvcContentNegotiationManager'
2025-04-10T16:28:03.319-03:00 DEBUG 4852 --- [lojainfo] [           main] o.s.b.f.s.DefaultListableBeanFactory     : Creating shared instance of singleton bean 'requestMappingHandlerMapping'
2025-04-10T16:28:03.321-03:00 DEBUG 4852 --- [lojainfo] [           main] o.s.b.f.s.DefaultListableBeanFactory     : Autowiring by type from bean name 'requestMappingHandlerMapping' via factory method to bean named 'mvcContentNegotiationManager'
2025-04-10T16:28:03.321-03:00 DEBUG 4852 --- [lojainfo] [           main] o.s.b.f.s.DefaultListableBeanFactory     : Autowiring by type from bean name 'requestMappingHandlerMapping' via factory method to bean named 'mvcConversionService'
2025-04-10T16:28:03.321-03:00 DEBUG 4852 --- [lojainfo] [           main] o.s.b.f.s.DefaultListableBeanFactory     : Autowiring by type from bean name 'requestMappingHandlerMapping' via factory method to bean named 'mvcResourceUrlProvider'
2025-04-10T16:28:03.431-03:00 DEBUG 4852 --- [lojainfo] [           main] s.w.s.m.m.a.RequestMappingHandlerMapping : 111 mappings in 'requestMappingHandlerMapping'
2025-04-10T16:28:03.434-03:00 DEBUG 4852 --- [lojainfo] [           main] o.s.b.f.s.DefaultListableBeanFactory     : Creating shared instance of singleton bean 'mvcPatternParser'
2025-04-10T16:28:03.435-03:00 DEBUG 4852 --- [lojainfo] [           main] o.s.b.f.s.DefaultListableBeanFactory     : Creating shared instance of singleton bean 'mvcUrlPathHelper'
2025-04-10T16:28:03.436-03:00 DEBUG 4852 --- [lojainfo] [           main] o.s.b.f.s.DefaultListableBeanFactory     : Creating shared instance of singleton bean 'mvcPathMatcher'
2025-04-10T16:28:03.436-03:00 DEBUG 4852 --- [lojainfo] [           main] o.s.b.f.s.DefaultListableBeanFactory     : Creating shared instance of singleton bean 'viewControllerHandlerMapping'
2025-04-10T16:28:03.437-03:00 DEBUG 4852 --- [lojainfo] [           main] o.s.b.f.s.DefaultListableBeanFactory     : Autowiring by type from bean name 'viewControllerHandlerMapping' via factory method to bean named 'mvcConversionService'
2025-04-10T16:28:03.437-03:00 DEBUG 4852 --- [lojainfo] [           main] o.s.b.f.s.DefaultListableBeanFactory     : Autowiring by type from bean name 'viewControllerHandlerMapping' via factory method to bean named 'mvcResourceUrlProvider'
2025-04-10T16:28:03.437-03:00 DEBUG 4852 --- [lojainfo] [           main] o.s.b.f.s.DefaultListableBeanFactory     : Creating shared instance of singleton bean 'beanNameHandlerMapping'
2025-04-10T16:28:03.438-03:00 DEBUG 4852 --- [lojainfo] [           main] o.s.b.f.s.DefaultListableBeanFactory     : Autowiring by type from bean name 'beanNameHandlerMapping' via factory method to bean named 'mvcConversionService'
2025-04-10T16:28:03.438-03:00 DEBUG 4852 --- [lojainfo] [           main] o.s.b.f.s.DefaultListableBeanFactory     : Autowiring by type from bean name 'beanNameHandlerMapping' via factory method to bean named 'mvcResourceUrlProvider'
2025-04-10T16:28:03.442-03:00 DEBUG 4852 --- [lojainfo] [           main] o.s.b.f.s.DefaultListableBeanFactory     : Creating shared instance of singleton bean 'routerFunctionMapping'
2025-04-10T16:28:03.442-03:00 DEBUG 4852 --- [lojainfo] [           main] o.s.b.f.s.DefaultListableBeanFactory     : Autowiring by type from bean name 'routerFunctionMapping' via factory method to bean named 'mvcConversionService'
2025-04-10T16:28:03.442-03:00 DEBUG 4852 --- [lojainfo] [           main] o.s.b.f.s.DefaultListableBeanFactory     : Autowiring by type from bean name 'routerFunctionMapping' via factory method to bean named 'mvcResourceUrlProvider'
2025-04-10T16:28:03.445-03:00 DEBUG 4852 --- [lojainfo] [           main] o.s.b.f.s.DefaultListableBeanFactory     : Creating shared instance of singleton bean 'messageConverters'
2025-04-10T16:28:03.445-03:00 DEBUG 4852 --- [lojainfo] [           main] o.s.b.f.s.DefaultListableBeanFactory     : Creating shared instance of singleton bean 'org.springframework.boot.autoconfigure.http.HttpMessageConvertersAutoConfiguration'
2025-04-10T16:28:03.449-03:00 DEBUG 4852 --- [lojainfo] [           main] o.s.b.f.s.DefaultListableBeanFactory     : Creating shared instance of singleton bean 'stringHttpMessageConverter'
2025-04-10T16:28:03.449-03:00 DEBUG 4852 --- [lojainfo] [           main] o.s.b.f.s.DefaultListableBeanFactory     : Creating shared instance of singleton bean 'org.springframework.boot.autoconfigure.http.HttpMessageConvertersAutoConfiguration$StringHttpMessageConverterConfiguration'
2025-04-10T16:28:03.449-03:00 DEBUG 4852 --- [lojainfo] [           main] o.s.b.f.s.DefaultListableBeanFactory     : Autowiring by type from bean name 'stringHttpMessageConverter' via factory method to bean named 'environment'
2025-04-10T16:28:03.452-03:00 DEBUG 4852 --- [lojainfo] [           main] o.s.b.f.s.DefaultListableBeanFactory     : Creating shared instance of singleton bean 'mappingJackson2HttpMessageConverter'
2025-04-10T16:28:03.452-03:00 DEBUG 4852 --- [lojainfo] [           main] o.s.b.f.s.DefaultListableBeanFactory     : Creating shared instance of singleton bean 'org.springframework.boot.autoconfigure.http.JacksonHttpMessageConvertersConfiguration$MappingJackson2HttpMessageConverterConfiguration'
2025-04-10T16:28:03.452-03:00 DEBUG 4852 --- [lojainfo] [           main] o.s.b.f.s.DefaultListableBeanFactory     : Creating shared instance of singleton bean 'jacksonObjectMapper'
2025-04-10T16:28:03.456-03:00 DEBUG 4852 --- [lojainfo] [           main] o.s.b.f.s.DefaultListableBeanFactory     : Creating shared instance of singleton bean 'org.springframework.boot.autoconfigure.jackson.JacksonAutoConfiguration$JacksonObjectMapperConfiguration'
2025-04-10T16:28:03.457-03:00 DEBUG 4852 --- [lojainfo] [           main] o.s.b.f.s.DefaultListableBeanFactory     : Creating shared instance of singleton bean 'org.springframework.boot.autoconfigure.jackson.JacksonAutoConfiguration$JacksonObjectMapperBuilderConfiguration'
2025-04-10T16:28:03.459-03:00 DEBUG 4852 --- [lojainfo] [           main] o.s.b.f.s.DefaultListableBeanFactory     : Creating shared instance of singleton bean 'standardJacksonObjectMapperBuilderCustomizer'
2025-04-10T16:28:03.459-03:00 DEBUG 4852 --- [lojainfo] [           main] o.s.b.f.s.DefaultListableBeanFactory     : Creating shared instance of singleton bean 'org.springframework.boot.autoconfigure.jackson.JacksonAutoConfiguration$Jackson2ObjectMapperBuilderCustomizerConfiguration'
2025-04-10T16:28:03.459-03:00 DEBUG 4852 --- [lojainfo] [           main] o.s.b.f.s.DefaultListableBeanFactory     : Creating shared instance of singleton bean 'spring.jackson-org.springframework.boot.autoconfigure.jackson.JacksonProperties'
2025-04-10T16:28:03.463-03:00 DEBUG 4852 --- [lojainfo] [           main] o.s.b.f.s.DefaultListableBeanFactory     : Autowiring by type from bean name 'standardJacksonObjectMapperBuilderCustomizer' via factory method to bean named 'spring.jackson-org.springframework.boot.autoconfigure.jackson.JacksonProperties'
2025-04-10T16:28:03.464-03:00 DEBUG 4852 --- [lojainfo] [           main] o.s.b.f.s.DefaultListableBeanFactory     : Creating shared instance of singleton bean 'parameterNamesModule'
2025-04-10T16:28:03.464-03:00 DEBUG 4852 --- [lojainfo] [           main] o.s.b.f.s.DefaultListableBeanFactory     : Creating shared instance of singleton bean 'org.springframework.boot.autoconfigure.jackson.JacksonAutoConfiguration$ParameterNamesModuleConfiguration'
2025-04-10T16:28:03.468-03:00 DEBUG 4852 --- [lojainfo] [           main] o.s.b.f.s.DefaultListableBeanFactory     : Creating shared instance of singleton bean 'jsonMixinModule'
2025-04-10T16:28:03.468-03:00 DEBUG 4852 --- [lojainfo] [           main] o.s.b.f.s.DefaultListableBeanFactory     : Creating shared instance of singleton bean 'org.springframework.boot.autoconfigure.jackson.JacksonAutoConfiguration$JacksonMixinConfiguration'
2025-04-10T16:28:03.469-03:00 DEBUG 4852 --- [lojainfo] [           main] o.s.b.f.s.DefaultListableBeanFactory     : Creating shared instance of singleton bean 'jsonMixinModuleEntries'
2025-04-10T16:28:03.469-03:00 DEBUG 4852 --- [lojainfo] [           main] o.s.b.f.s.DefaultListableBeanFactory     : Autowiring by type from bean name 'jsonMixinModuleEntries' via factory method to bean named 'org.springframework.web.context.support.GenericWebApplicationContext@77b7ffa4'
2025-04-10T16:28:03.479-03:00 DEBUG 4852 --- [lojainfo] [           main] o.s.b.f.s.DefaultListableBeanFactory     : Autowiring by type from bean name 'jsonMixinModule' via factory method to bean named 'org.springframework.web.context.support.GenericWebApplicationContext@77b7ffa4'
2025-04-10T16:28:03.479-03:00 DEBUG 4852 --- [lojainfo] [           main] o.s.b.f.s.DefaultListableBeanFactory     : Autowiring by type from bean name 'jsonMixinModule' via factory method to bean named 'jsonMixinModuleEntries'
2025-04-10T16:28:03.479-03:00 DEBUG 4852 --- [lojainfo] [           main] o.s.b.f.s.DefaultListableBeanFactory     : Creating shared instance of singleton bean 'jsonComponentModule'
2025-04-10T16:28:03.481-03:00 DEBUG 4852 --- [lojainfo] [           main] o.s.b.f.s.DefaultListableBeanFactory     : Creating shared instance of singleton bean 'org.springframework.boot.autoconfigure.jackson.JacksonAutoConfiguration'
2025-04-10T16:28:03.481-03:00 DEBUG 4852 --- [lojainfo] [           main] o.s.b.f.s.DefaultListableBeanFactory     : Creating shared instance of singleton bean 'jacksonGeoModule'
2025-04-10T16:28:03.481-03:00 DEBUG 4852 --- [lojainfo] [           main] o.s.b.f.s.DefaultListableBeanFactory     : Creating shared instance of singleton bean 'org.springframework.data.web.config.SpringDataJacksonConfiguration'
2025-04-10T16:28:03.488-03:00 DEBUG 4852 --- [lojainfo] [           main] o.s.b.f.s.DefaultListableBeanFactory     : Creating shared instance of singleton bean 'pageModule'
2025-04-10T16:28:03.490-03:00 DEBUG 4852 --- [lojainfo] [           main] o.s.b.f.s.DefaultListableBeanFactory     : Autowiring by type from bean name 'jacksonObjectMapperBuilder' via factory method to bean named 'org.springframework.web.context.support.GenericWebApplicationContext@77b7ffa4'
2025-04-10T16:28:03.490-03:00 DEBUG 4852 --- [lojainfo] [           main] o.s.b.f.s.DefaultListableBeanFactory     : Autowiring by type from bean name 'jacksonObjectMapperBuilder' via factory method to bean named 'standardJacksonObjectMapperBuilderCustomizer'
2025-04-10T16:28:03.496-03:00 DEBUG 4852 --- [lojainfo] [           main] o.s.b.f.s.DefaultListableBeanFactory     : Autowiring by type from bean name 'jacksonObjectMapper' via factory method to bean named 'jacksonObjectMapperBuilder'
2025-04-10T16:28:03.517-03:00 DEBUG 4852 --- [lojainfo] [           main] o.s.b.f.s.DefaultListableBeanFactory     : Autowiring by type from bean name 'mappingJackson2HttpMessageConverter' via factory method to bean named 'jacksonObjectMapper'
2025-04-10T16:28:03.577-03:00 DEBUG 4852 --- [lojainfo] [           main] o.s.b.f.s.DefaultListableBeanFactory     : Creating shared instance of singleton bean 'resourceHandlerMapping'
2025-04-10T16:28:03.578-03:00 DEBUG 4852 --- [lojainfo] [           main] o.s.b.f.s.DefaultListableBeanFactory     : Autowiring by type from bean name 'resourceHandlerMapping' via factory method to bean named 'mvcContentNegotiationManager'
2025-04-10T16:28:03.578-03:00 DEBUG 4852 --- [lojainfo] [           main] o.s.b.f.s.DefaultListableBeanFactory     : Autowiring by type from bean name 'resourceHandlerMapping' via factory method to bean named 'mvcConversionService'
2025-04-10T16:28:03.578-03:00 DEBUG 4852 --- [lojainfo] [           main] o.s.b.f.s.DefaultListableBeanFactory     : Autowiring by type from bean name 'resourceHandlerMapping' via factory method to bean named 'mvcResourceUrlProvider'
2025-04-10T16:28:03.603-03:00 DEBUG 4852 --- [lojainfo] [           main] o.s.w.s.handler.SimpleUrlHandlerMapping  : Patterns [/webjars/**, /**] in 'resourceHandlerMapping'
2025-04-10T16:28:03.604-03:00 DEBUG 4852 --- [lojainfo] [           main] o.s.b.f.s.DefaultListableBeanFactory     : Creating shared instance of singleton bean 'defaultServletHandlerMapping'
2025-04-10T16:28:03.605-03:00 DEBUG 4852 --- [lojainfo] [           main] o.s.b.f.s.DefaultListableBeanFactory     : Creating shared instance of singleton bean 'requestMappingHandlerAdapter'
2025-04-10T16:28:03.606-03:00 DEBUG 4852 --- [lojainfo] [           main] o.s.b.f.s.DefaultListableBeanFactory     : Autowiring by type from bean name 'requestMappingHandlerAdapter' via factory method to bean named 'mvcContentNegotiationManager'
2025-04-10T16:28:03.606-03:00 DEBUG 4852 --- [lojainfo] [           main] o.s.b.f.s.DefaultListableBeanFactory     : Autowiring by type from bean name 'requestMappingHandlerAdapter' via factory method to bean named 'mvcConversionService'
2025-04-10T16:28:03.606-03:00 DEBUG 4852 --- [lojainfo] [           main] o.s.b.f.s.DefaultListableBeanFactory     : Autowiring by type from bean name 'requestMappingHandlerAdapter' via factory method to bean named 'mvcValidator'
2025-04-10T16:28:03.615-03:00 DEBUG 4852 --- [lojainfo] [           main] o.s.b.f.s.DefaultListableBeanFactory     : Creating shared instance of singleton bean 'sortResolver'
2025-04-10T16:28:03.617-03:00 DEBUG 4852 --- [lojainfo] [           main] o.s.b.f.s.DefaultListableBeanFactory     : Creating shared instance of singleton bean 'sortCustomizer'
2025-04-10T16:28:03.617-03:00 DEBUG 4852 --- [lojainfo] [           main] o.s.b.f.s.DefaultListableBeanFactory     : Creating shared instance of singleton bean 'org.springframework.boot.autoconfigure.data.web.SpringDataWebAutoConfiguration'
2025-04-10T16:28:03.618-03:00 DEBUG 4852 --- [lojainfo] [           main] o.s.b.f.s.DefaultListableBeanFactory     : Creating shared instance of singleton bean 'spring.data.web-org.springframework.boot.autoconfigure.data.web.SpringDataWebProperties'
2025-04-10T16:28:03.619-03:00 DEBUG 4852 --- [lojainfo] [           main] o.s.b.f.s.DefaultListableBeanFactory     : Autowiring by type from bean name 'org.springframework.boot.autoconfigure.data.web.SpringDataWebAutoConfiguration' via constructor to bean named 'spring.data.web-org.springframework.boot.autoconfigure.data.web.SpringDataWebProperties'
2025-04-10T16:28:03.619-03:00 DEBUG 4852 --- [lojainfo] [           main] o.s.b.f.s.DefaultListableBeanFactory     : Creating shared instance of singleton bean 'pageableResolver'
2025-04-10T16:28:03.619-03:00 DEBUG 4852 --- [lojainfo] [           main] o.s.b.f.s.DefaultListableBeanFactory     : Creating shared instance of singleton bean 'pageableCustomizer'
2025-04-10T16:28:03.629-03:00 DEBUG 4852 --- [lojainfo] [           main] o.s.b.f.s.DefaultListableBeanFactory     : Creating shared instance of singleton bean 'applicationTaskExecutor'
2025-04-10T16:28:03.630-03:00 DEBUG 4852 --- [lojainfo] [           main] o.s.b.f.s.DefaultListableBeanFactory     : Autowiring by type from bean name 'applicationTaskExecutor' via factory method to bean named 'taskExecutorBuilder'
2025-04-10T16:28:03.637-03:00 DEBUG 4852 --- [lojainfo] [           main] o.s.s.concurrent.ThreadPoolTaskExecutor  : Initializing ExecutorService 'applicationTaskExecutor'
2025-04-10T16:28:03.651-03:00 DEBUG 4852 --- [lojainfo] [           main] s.w.s.m.m.a.RequestMappingHandlerAdapter : ControllerAdvice beans: 0 @ModelAttribute, 0 @InitBinder, 1 RequestBodyAdvice, 1 ResponseBodyAdvice
2025-04-10T16:28:03.688-03:00 DEBUG 4852 --- [lojainfo] [           main] o.s.b.f.s.DefaultListableBeanFactory     : Creating shared instance of singleton bean 'handlerFunctionAdapter'
2025-04-10T16:28:03.689-03:00 DEBUG 4852 --- [lojainfo] [           main] o.s.b.f.s.DefaultListableBeanFactory     : Creating shared instance of singleton bean 'mvcUriComponentsContributor'
2025-04-10T16:28:03.691-03:00 DEBUG 4852 --- [lojainfo] [           main] o.s.b.f.s.DefaultListableBeanFactory     : Autowiring by type from bean name 'mvcUriComponentsContributor' via factory method to bean named 'mvcConversionService'
2025-04-10T16:28:03.691-03:00 DEBUG 4852 --- [lojainfo] [           main] o.s.b.f.s.DefaultListableBeanFactory     : Autowiring by type from bean name 'mvcUriComponentsContributor' via factory method to bean named 'requestMappingHandlerAdapter'
2025-04-10T16:28:03.693-03:00 DEBUG 4852 --- [lojainfo] [           main] o.s.b.f.s.DefaultListableBeanFactory     : Creating shared instance of singleton bean 'httpRequestHandlerAdapter'
2025-04-10T16:28:03.693-03:00 DEBUG 4852 --- [lojainfo] [           main] o.s.b.f.s.DefaultListableBeanFactory     : Creating shared instance of singleton bean 'simpleControllerHandlerAdapter'
2025-04-10T16:28:03.693-03:00 DEBUG 4852 --- [lojainfo] [           main] o.s.b.f.s.DefaultListableBeanFactory     : Creating shared instance of singleton bean 'handlerExceptionResolver'
2025-04-10T16:28:03.693-03:00 DEBUG 4852 --- [lojainfo] [           main] o.s.b.f.s.DefaultListableBeanFactory     : Autowiring by type from bean name 'handlerExceptionResolver' via factory method to bean named 'mvcContentNegotiationManager'
2025-04-10T16:28:03.698-03:00 DEBUG 4852 --- [lojainfo] [           main] .m.m.a.ExceptionHandlerExceptionResolver : ControllerAdvice beans: 0 @ExceptionHandler, 1 ResponseBodyAdvice
2025-04-10T16:28:03.702-03:00 DEBUG 4852 --- [lojainfo] [           main] o.s.b.f.s.DefaultListableBeanFactory     : Creating shared instance of singleton bean 'mvcViewResolver'
2025-04-10T16:28:03.702-03:00 DEBUG 4852 --- [lojainfo] [           main] o.s.b.f.s.DefaultListableBeanFactory     : Autowiring by type from bean name 'mvcViewResolver' via factory method to bean named 'mvcContentNegotiationManager'
2025-04-10T16:28:03.705-03:00 DEBUG 4852 --- [lojainfo] [           main] o.s.b.f.s.DefaultListableBeanFactory     : Creating shared instance of singleton bean 'viewNameTranslator'
2025-04-10T16:28:03.706-03:00 DEBUG 4852 --- [lojainfo] [           main] o.s.b.f.s.DefaultListableBeanFactory     : Creating shared instance of singleton bean 'defaultViewResolver'
2025-04-10T16:28:03.712-03:00 DEBUG 4852 --- [lojainfo] [           main] o.s.b.f.s.DefaultListableBeanFactory     : Creating shared instance of singleton bean 'viewResolver'
2025-04-10T16:28:03.713-03:00 DEBUG 4852 --- [lojainfo] [           main] o.s.b.f.s.DefaultListableBeanFactory     : Autowiring by type from bean name 'viewResolver' via factory method to bean named 'org.springframework.beans.factory.support.DefaultListableBeanFactory@680362a'
2025-04-10T16:28:03.716-03:00 DEBUG 4852 --- [lojainfo] [           main] o.s.b.f.s.DefaultListableBeanFactory     : Creating shared instance of singleton bean 'viewResolver'
2025-04-10T16:28:03.717-03:00 DEBUG 4852 --- [lojainfo] [           main] o.s.b.f.s.DefaultListableBeanFactory     : Creating shared instance of singleton bean 'thymeleafViewResolver'
2025-04-10T16:28:03.717-03:00 DEBUG 4852 --- [lojainfo] [           main] o.s.b.f.s.DefaultListableBeanFactory     : Creating shared instance of singleton bean 'org.springframework.boot.autoconfigure.thymeleaf.ThymeleafAutoConfiguration$ThymeleafWebMvcConfiguration$ThymeleafViewResolverConfiguration'
2025-04-10T16:28:03.718-03:00 DEBUG 4852 --- [lojainfo] [           main] o.s.b.f.s.DefaultListableBeanFactory     : Creating shared instance of singleton bean 'spring.thymeleaf-org.springframework.boot.autoconfigure.thymeleaf.ThymeleafProperties'
2025-04-10T16:28:03.722-03:00 DEBUG 4852 --- [lojainfo] [           main] o.s.b.f.s.DefaultListableBeanFactory     : Creating shared instance of singleton bean 'templateEngine'
2025-04-10T16:28:03.722-03:00 DEBUG 4852 --- [lojainfo] [           main] o.s.b.f.s.DefaultListableBeanFactory     : Creating shared instance of singleton bean 'org.springframework.boot.autoconfigure.thymeleaf.TemplateEngineConfigurations$DefaultTemplateEngineConfiguration'
2025-04-10T16:28:03.722-03:00 DEBUG 4852 --- [lojainfo] [           main] o.s.b.f.s.DefaultListableBeanFactory     : Autowiring by type from bean name 'templateEngine' via factory method to bean named 'spring.thymeleaf-org.springframework.boot.autoconfigure.thymeleaf.ThymeleafProperties'
2025-04-10T16:28:03.729-03:00 DEBUG 4852 --- [lojainfo] [           main] o.s.b.f.s.DefaultListableBeanFactory     : Creating shared instance of singleton bean 'defaultTemplateResolver'
2025-04-10T16:28:03.739-03:00 DEBUG 4852 --- [lojainfo] [           main] o.s.b.f.s.DefaultListableBeanFactory     : Creating shared instance of singleton bean 'org.springframework.boot.autoconfigure.thymeleaf.ThymeleafAutoConfiguration$DefaultTemplateResolverConfiguration'
2025-04-10T16:28:03.739-03:00 DEBUG 4852 --- [lojainfo] [           main] o.s.b.f.s.DefaultListableBeanFactory     : Autowiring by type from bean name 'org.springframework.boot.autoconfigure.thymeleaf.ThymeleafAutoConfiguration$DefaultTemplateResolverConfiguration' via constructor to bean named 'spring.thymeleaf-org.springframework.boot.autoconfigure.thymeleaf.ThymeleafProperties'
2025-04-10T16:28:03.739-03:00 DEBUG 4852 --- [lojainfo] [           main] o.s.b.f.s.DefaultListableBeanFactory     : Autowiring by type from bean name 'org.springframework.boot.autoconfigure.thymeleaf.ThymeleafAutoConfiguration$DefaultTemplateResolverConfiguration' via constructor to bean named 'org.springframework.web.context.support.GenericWebApplicationContext@77b7ffa4'
2025-04-10T16:28:03.745-03:00 DEBUG 4852 --- [lojainfo] [           main] o.s.b.f.s.DefaultListableBeanFactory     : Autowiring by type from bean name 'thymeleafViewResolver' via factory method to bean named 'spring.thymeleaf-org.springframework.boot.autoconfigure.thymeleaf.ThymeleafProperties'
2025-04-10T16:28:03.746-03:00 DEBUG 4852 --- [lojainfo] [           main] o.s.b.f.s.DefaultListableBeanFactory     : Autowiring by type from bean name 'thymeleafViewResolver' via factory method to bean named 'templateEngine'
2025-04-10T16:28:03.750-03:00 DEBUG 4852 --- [lojainfo] [           main] o.s.b.f.s.DefaultListableBeanFactory     : Creating shared instance of singleton bean 'requestContextFilter'
2025-04-10T16:28:03.754-03:00 DEBUG 4852 --- [lojainfo] [           main] o.s.b.f.s.DefaultListableBeanFactory     : Creating shared instance of singleton bean 'org.springframework.boot.autoconfigure.web.servlet.WebMvcAutoConfiguration'
2025-04-10T16:28:03.755-03:00 DEBUG 4852 --- [lojainfo] [           main] o.s.b.f.s.DefaultListableBeanFactory     : Creating shared instance of singleton bean 'formContentFilter'
2025-04-10T16:28:03.758-03:00 DEBUG 4852 --- [lojainfo] [           main] o.s.b.f.s.DefaultListableBeanFactory     : Creating shared instance of singleton bean 'org.springframework.boot.autoconfigure.aop.AopAutoConfiguration$AspectJAutoProxyingConfiguration$CglibAutoProxyConfiguration'
2025-04-10T16:28:03.761-03:00 DEBUG 4852 --- [lojainfo] [           main] o.s.b.f.s.DefaultListableBeanFactory     : Creating shared instance of singleton bean 'org.springframework.boot.autoconfigure.aop.AopAutoConfiguration$AspectJAutoProxyingConfiguration'
2025-04-10T16:28:03.761-03:00 DEBUG 4852 --- [lojainfo] [           main] o.s.b.f.s.DefaultListableBeanFactory     : Creating shared instance of singleton bean 'org.springframework.boot.autoconfigure.aop.AopAutoConfiguration'
2025-04-10T16:28:03.762-03:00 DEBUG 4852 --- [lojainfo] [           main] o.s.b.f.s.DefaultListableBeanFactory     : Creating shared instance of singleton bean 'org.springframework.boot.autoconfigure.availability.ApplicationAvailabilityAutoConfiguration'
2025-04-10T16:28:03.763-03:00 DEBUG 4852 --- [lojainfo] [           main] o.s.b.f.s.DefaultListableBeanFactory     : Creating shared instance of singleton bean 'applicationAvailability'
2025-04-10T16:28:03.765-03:00 DEBUG 4852 --- [lojainfo] [           main] o.s.b.f.s.DefaultListableBeanFactory     : Creating shared instance of singleton bean 'org.springframework.boot.autoconfigure.transaction.jta.JtaAutoConfiguration'
2025-04-10T16:28:03.768-03:00 DEBUG 4852 --- [lojainfo] [           main] o.s.b.f.s.DefaultListableBeanFactory     : Creating shared instance of singleton bean 'org.springframework.boot.autoconfigure.jdbc.metadata.DataSourcePoolMetadataProvidersConfiguration'
2025-04-10T16:28:03.768-03:00 DEBUG 4852 --- [lojainfo] [           main] o.s.b.f.s.DefaultListableBeanFactory     : Creating shared instance of singleton bean 'org.springframework.boot.autoconfigure.jdbc.DataSourceAutoConfiguration'
2025-04-10T16:28:03.769-03:00 DEBUG 4852 --- [lojainfo] [           main] o.s.b.f.s.DefaultListableBeanFactory     : Creating shared instance of singleton bean 'org.springframework.boot.autoconfigure.transaction.TransactionManagerCustomizationAutoConfiguration'
2025-04-10T16:28:03.769-03:00 DEBUG 4852 --- [lojainfo] [           main] o.s.b.f.s.DefaultListableBeanFactory     : Creating shared instance of singleton bean 'platformTransactionManagerCustomizers'
2025-04-10T16:28:03.769-03:00 DEBUG 4852 --- [lojainfo] [           main] o.s.b.f.s.DefaultListableBeanFactory     : Creating shared instance of singleton bean 'transactionExecutionListeners'
2025-04-10T16:28:03.774-03:00 DEBUG 4852 --- [lojainfo] [           main] o.s.b.f.s.DefaultListableBeanFactory     : Creating shared instance of singleton bean 'spring.transaction-org.springframework.boot.autoconfigure.transaction.TransactionProperties'
2025-04-10T16:28:03.778-03:00 DEBUG 4852 --- [lojainfo] [           main] o.s.b.f.s.DefaultListableBeanFactory     : Creating shared instance of singleton bean 'org.springframework.boot.autoconfigure.orm.jpa.JpaBaseConfiguration$PersistenceManagedTypesConfiguration'
2025-04-10T16:28:03.779-03:00 DEBUG 4852 --- [lojainfo] [           main] o.s.b.f.s.DefaultListableBeanFactory     : Creating shared instance of singleton bean 'transactionManager'
2025-04-10T16:28:03.788-03:00 DEBUG 4852 --- [lojainfo] [           main] o.s.b.f.s.DefaultListableBeanFactory     : Creating shared instance of singleton bean 'org.springframework.boot.autoconfigure.orm.jpa.HibernateJpaAutoConfiguration'
2025-04-10T16:28:03.789-03:00 DEBUG 4852 --- [lojainfo] [           main] o.s.b.f.s.DefaultListableBeanFactory     : Creating shared instance of singleton bean 'org.springframework.boot.autoconfigure.context.ConfigurationPropertiesAutoConfiguration'
2025-04-10T16:28:03.789-03:00 DEBUG 4852 --- [lojainfo] [           main] o.s.b.f.s.DefaultListableBeanFactory     : Creating shared instance of singleton bean 'org.springframework.boot.autoconfigure.context.LifecycleAutoConfiguration'
2025-04-10T16:28:03.789-03:00 DEBUG 4852 --- [lojainfo] [           main] o.s.b.f.s.DefaultListableBeanFactory     : Creating shared instance of singleton bean 'lifecycleProcessor'
2025-04-10T16:28:03.790-03:00 DEBUG 4852 --- [lojainfo] [           main] o.s.b.f.s.DefaultListableBeanFactory     : Creating shared instance of singleton bean 'spring.lifecycle-org.springframework.boot.autoconfigure.context.LifecycleProperties'
2025-04-10T16:28:03.792-03:00 DEBUG 4852 --- [lojainfo] [           main] o.s.b.f.s.DefaultListableBeanFactory     : Autowiring by type from bean name 'lifecycleProcessor' via factory method to bean named 'spring.lifecycle-org.springframework.boot.autoconfigure.context.LifecycleProperties'
2025-04-10T16:28:03.795-03:00 DEBUG 4852 --- [lojainfo] [           main] o.s.b.f.s.DefaultListableBeanFactory     : Creating shared instance of singleton bean 'org.springframework.boot.autoconfigure.dao.PersistenceExceptionTranslationAutoConfiguration'
2025-04-10T16:28:03.798-03:00 DEBUG 4852 --- [lojainfo] [           main] o.s.b.f.s.DefaultListableBeanFactory     : Creating shared instance of singleton bean 'org.springframework.boot.autoconfigure.data.jpa.JpaRepositoriesAutoConfiguration'
2025-04-10T16:28:03.800-03:00 DEBUG 4852 --- [lojainfo] [           main] o.s.b.f.s.DefaultListableBeanFactory     : Creating shared instance of singleton bean 'org.springframework.data.jpa.util.JpaMetamodelCacheCleanup'
2025-04-10T16:28:03.802-03:00 DEBUG 4852 --- [lojainfo] [           main] o.s.b.f.s.DefaultListableBeanFactory     : Creating shared instance of singleton bean 'org.springframework.data.jpa.repository.support.JpaEvaluationContextExtension'
2025-04-10T16:28:03.804-03:00 DEBUG 4852 --- [lojainfo] [           main] o.s.b.f.s.DefaultListableBeanFactory     : Creating shared instance of singleton bean 'data-jpa.repository-aot-processor#0'
2025-04-10T16:28:03.809-03:00 DEBUG 4852 --- [lojainfo] [           main] o.s.b.f.s.DefaultListableBeanFactory     : Creating shared instance of singleton bean 'org.springframework.boot.autoconfigure.http.JacksonHttpMessageConvertersConfiguration'
2025-04-10T16:28:03.809-03:00 DEBUG 4852 --- [lojainfo] [           main] o.s.b.f.s.DefaultListableBeanFactory     : Creating shared instance of singleton bean 'org.springframework.data.web.config.ProjectingArgumentResolverRegistrar'
2025-04-10T16:28:03.809-03:00 DEBUG 4852 --- [lojainfo] [           main] o.s.b.f.s.DefaultListableBeanFactory     : Creating shared instance of singleton bean 'offsetResolver'
2025-04-10T16:28:03.814-03:00 DEBUG 4852 --- [lojainfo] [           main] o.s.b.f.s.DefaultListableBeanFactory     : Creating shared instance of singleton bean 'org.springframework.boot.autoconfigure.info.ProjectInfoAutoConfiguration'
2025-04-10T16:28:03.818-03:00 DEBUG 4852 --- [lojainfo] [           main] o.s.b.f.s.DefaultListableBeanFactory     : Creating shared instance of singleton bean 'spring.info-org.springframework.boot.autoconfigure.info.ProjectInfoProperties'
2025-04-10T16:28:03.819-03:00 DEBUG 4852 --- [lojainfo] [           main] o.s.b.f.s.DefaultListableBeanFactory     : Autowiring by type from bean name 'org.springframework.boot.autoconfigure.info.ProjectInfoAutoConfiguration' via constructor to bean named 'spring.info-org.springframework.boot.autoconfigure.info.ProjectInfoProperties'
2025-04-10T16:28:03.819-03:00 DEBUG 4852 --- [lojainfo] [           main] o.s.b.f.s.DefaultListableBeanFactory     : Creating shared instance of singleton bean 'org.springframework.boot.autoconfigure.jdbc.JdbcTemplateConfiguration'
2025-04-10T16:28:03.819-03:00 DEBUG 4852 --- [lojainfo] [           main] o.s.b.f.s.DefaultListableBeanFactory     : Creating shared instance of singleton bean 'jdbcTemplate'
2025-04-10T16:28:03.819-03:00 DEBUG 4852 --- [lojainfo] [           main] o.s.b.f.s.DefaultListableBeanFactory     : Creating shared instance of singleton bean 'spring.jdbc-org.springframework.boot.autoconfigure.jdbc.JdbcProperties'
2025-04-10T16:28:03.822-03:00 DEBUG 4852 --- [lojainfo] [           main] o.s.b.f.s.DefaultListableBeanFactory     : Autowiring by type from bean name 'jdbcTemplate' via factory method to bean named 'dataSource'
2025-04-10T16:28:03.822-03:00 DEBUG 4852 --- [lojainfo] [           main] o.s.b.f.s.DefaultListableBeanFactory     : Autowiring by type from bean name 'jdbcTemplate' via factory method to bean named 'spring.jdbc-org.springframework.boot.autoconfigure.jdbc.JdbcProperties'
2025-04-10T16:28:03.832-03:00 DEBUG 4852 --- [lojainfo] [           main] o.s.b.f.s.DefaultListableBeanFactory     : Creating shared instance of singleton bean 'org.springframework.boot.autoconfigure.jdbc.NamedParameterJdbcTemplateConfiguration'
2025-04-10T16:28:03.832-03:00 DEBUG 4852 --- [lojainfo] [           main] o.s.b.f.s.DefaultListableBeanFactory     : Creating shared instance of singleton bean 'namedParameterJdbcTemplate'
2025-04-10T16:28:03.832-03:00 DEBUG 4852 --- [lojainfo] [           main] o.s.b.f.s.DefaultListableBeanFactory     : Autowiring by type from bean name 'namedParameterJdbcTemplate' via factory method to bean named 'jdbcTemplate'
2025-04-10T16:28:03.837-03:00 DEBUG 4852 --- [lojainfo] [           main] o.s.b.f.s.DefaultListableBeanFactory     : Creating shared instance of singleton bean 'org.springframework.boot.autoconfigure.jdbc.JdbcTemplateAutoConfiguration'
2025-04-10T16:28:03.838-03:00 DEBUG 4852 --- [lojainfo] [           main] o.s.b.f.s.DefaultListableBeanFactory     : Creating shared instance of singleton bean 'org.springframework.boot.autoconfigure.jdbc.JdbcClientAutoConfiguration'
2025-04-10T16:28:03.838-03:00 DEBUG 4852 --- [lojainfo] [           main] o.s.b.f.s.DefaultListableBeanFactory     : Creating shared instance of singleton bean 'jdbcClient'
2025-04-10T16:28:03.839-03:00 DEBUG 4852 --- [lojainfo] [           main] o.s.b.f.s.DefaultListableBeanFactory     : Autowiring by type from bean name 'jdbcClient' via factory method to bean named 'namedParameterJdbcTemplate'
2025-04-10T16:28:03.840-03:00 DEBUG 4852 --- [lojainfo] [           main] o.s.b.f.s.DefaultListableBeanFactory     : Creating shared instance of singleton bean 'org.springframework.boot.autoconfigure.sql.init.SqlInitializationAutoConfiguration'
2025-04-10T16:28:03.841-03:00 DEBUG 4852 --- [lojainfo] [           main] o.s.b.f.s.DefaultListableBeanFactory     : Creating shared instance of singleton bean 'org.springframework.boot.autoconfigure.task.TaskSchedulingConfigurations$ThreadPoolTaskSchedulerBuilderConfiguration'
2025-04-10T16:28:03.841-03:00 DEBUG 4852 --- [lojainfo] [           main] o.s.b.f.s.DefaultListableBeanFactory     : Creating shared instance of singleton bean 'threadPoolTaskSchedulerBuilder'
2025-04-10T16:28:03.841-03:00 DEBUG 4852 --- [lojainfo] [           main] o.s.b.f.s.DefaultListableBeanFactory     : Creating shared instance of singleton bean 'spring.task.scheduling-org.springframework.boot.autoconfigure.task.TaskSchedulingProperties'
2025-04-10T16:28:03.842-03:00 DEBUG 4852 --- [lojainfo] [           main] o.s.b.f.s.DefaultListableBeanFactory     : Autowiring by type from bean name 'threadPoolTaskSchedulerBuilder' via factory method to bean named 'spring.task.scheduling-org.springframework.boot.autoconfigure.task.TaskSchedulingProperties'
2025-04-10T16:28:03.844-03:00 DEBUG 4852 --- [lojainfo] [           main] o.s.b.f.s.DefaultListableBeanFactory     : Creating shared instance of singleton bean 'org.springframework.boot.autoconfigure.task.TaskSchedulingConfigurations$TaskSchedulerBuilderConfiguration'
2025-04-10T16:28:03.844-03:00 DEBUG 4852 --- [lojainfo] [           main] o.s.b.f.s.DefaultListableBeanFactory     : Creating shared instance of singleton bean 'taskSchedulerBuilder'
2025-04-10T16:28:03.845-03:00 DEBUG 4852 --- [lojainfo] [           main] o.s.b.f.s.DefaultListableBeanFactory     : Autowiring by type from bean name 'taskSchedulerBuilder' via factory method to bean named 'spring.task.scheduling-org.springframework.boot.autoconfigure.task.TaskSchedulingProperties'
2025-04-10T16:28:03.846-03:00 DEBUG 4852 --- [lojainfo] [           main] o.s.b.f.s.DefaultListableBeanFactory     : Creating shared instance of singleton bean 'org.springframework.boot.autoconfigure.task.TaskSchedulingConfigurations$SimpleAsyncTaskSchedulerBuilderConfiguration'
2025-04-10T16:28:03.847-03:00 DEBUG 4852 --- [lojainfo] [           main] o.s.b.f.s.DefaultListableBeanFactory     : Autowiring by type from bean name 'org.springframework.boot.autoconfigure.task.TaskSchedulingConfigurations$SimpleAsyncTaskSchedulerBuilderConfiguration' via constructor to bean named 'spring.task.scheduling-org.springframework.boot.autoconfigure.task.TaskSchedulingProperties'
2025-04-10T16:28:03.847-03:00 DEBUG 4852 --- [lojainfo] [           main] o.s.b.f.s.DefaultListableBeanFactory     : Creating shared instance of singleton bean 'simpleAsyncTaskSchedulerBuilder'
2025-04-10T16:28:03.849-03:00 DEBUG 4852 --- [lojainfo] [           main] o.s.b.f.s.DefaultListableBeanFactory     : Creating shared instance of singleton bean 'org.springframework.boot.autoconfigure.task.TaskSchedulingAutoConfiguration'
2025-04-10T16:28:03.849-03:00 DEBUG 4852 --- [lojainfo] [           main] o.s.b.f.s.DefaultListableBeanFactory     : Creating shared instance of singleton bean 'org.springframework.boot.autoconfigure.thymeleaf.ThymeleafAutoConfiguration$ThymeleafWebMvcConfiguration'
2025-04-10T16:28:03.849-03:00 DEBUG 4852 --- [lojainfo] [           main] o.s.b.f.s.DefaultListableBeanFactory     : Creating shared instance of singleton bean 'org.springframework.boot.autoconfigure.thymeleaf.ThymeleafAutoConfiguration'
2025-04-10T16:28:03.849-03:00 DEBUG 4852 --- [lojainfo] [           main] o.s.b.f.s.DefaultListableBeanFactory     : Creating shared instance of singleton bean 'org.springframework.boot.autoconfigure.jdbc.DataSourceTransactionManagerAutoConfiguration$JdbcTransactionManagerConfiguration'
2025-04-10T16:28:03.849-03:00 DEBUG 4852 --- [lojainfo] [           main] o.s.b.f.s.DefaultListableBeanFactory     : Creating shared instance of singleton bean 'org.springframework.boot.autoconfigure.jdbc.DataSourceTransactionManagerAutoConfiguration'
2025-04-10T16:28:03.849-03:00 DEBUG 4852 --- [lojainfo] [           main] o.s.b.f.s.DefaultListableBeanFactory     : Creating shared instance of singleton bean 'org.springframework.boot.autoconfigure.transaction.TransactionAutoConfiguration$EnableTransactionManagementConfiguration$CglibAutoProxyConfiguration'
2025-04-10T16:28:03.849-03:00 DEBUG 4852 --- [lojainfo] [           main] o.s.b.f.s.DefaultListableBeanFactory     : Creating shared instance of singleton bean 'org.springframework.boot.autoconfigure.transaction.TransactionAutoConfiguration$EnableTransactionManagementConfiguration'
2025-04-10T16:28:03.853-03:00 DEBUG 4852 --- [lojainfo] [           main] o.s.b.f.s.DefaultListableBeanFactory     : Creating shared instance of singleton bean 'org.springframework.boot.autoconfigure.transaction.TransactionAutoConfiguration$TransactionTemplateConfiguration'
2025-04-10T16:28:03.853-03:00 DEBUG 4852 --- [lojainfo] [           main] o.s.b.f.s.DefaultListableBeanFactory     : Creating shared instance of singleton bean 'transactionTemplate'
2025-04-10T16:28:03.853-03:00 DEBUG 4852 --- [lojainfo] [           main] o.s.b.f.s.DefaultListableBeanFactory     : Autowiring by type from bean name 'transactionTemplate' via factory method to bean named 'transactionManager'
2025-04-10T16:28:03.853-03:00 DEBUG 4852 --- [lojainfo] [           main] o.s.b.f.s.DefaultListableBeanFactory     : Creating shared instance of singleton bean 'org.springframework.boot.autoconfigure.transaction.TransactionAutoConfiguration'
2025-04-10T16:28:03.853-03:00 DEBUG 4852 --- [lojainfo] [           main] o.s.b.f.s.DefaultListableBeanFactory     : Creating shared instance of singleton bean 'org.springframework.boot.autoconfigure.web.client.RestClientAutoConfiguration'
2025-04-10T16:28:03.857-03:00 DEBUG 4852 --- [lojainfo] [           main] o.s.b.f.s.DefaultListableBeanFactory     : Creating shared instance of singleton bean 'httpMessageConvertersRestClientCustomizer'
2025-04-10T16:28:03.857-03:00 DEBUG 4852 --- [lojainfo] [           main] o.s.b.f.s.DefaultListableBeanFactory     : Creating shared instance of singleton bean 'restClientSsl'
2025-04-10T16:28:03.857-03:00 DEBUG 4852 --- [lojainfo] [           main] o.s.b.f.s.DefaultListableBeanFactory     : Autowiring by type from bean name 'restClientSsl' via factory method to bean named 'sslBundleRegistry'
2025-04-10T16:28:03.857-03:00 DEBUG 4852 --- [lojainfo] [           main] o.s.b.f.s.DefaultListableBeanFactory     : Creating shared instance of singleton bean 'restClientBuilderConfigurer'
2025-04-10T16:28:03.859-03:00 DEBUG 4852 --- [lojainfo] [           main] o.s.b.f.s.DefaultListableBeanFactory     : Creating shared instance of singleton bean 'org.springframework.boot.autoconfigure.web.client.RestTemplateAutoConfiguration'
2025-04-10T16:28:03.859-03:00 DEBUG 4852 --- [lojainfo] [           main] o.s.b.f.s.DefaultListableBeanFactory     : Creating shared instance of singleton bean 'characterEncodingFilter'
2025-04-10T16:28:03.859-03:00 DEBUG 4852 --- [lojainfo] [           main] o.s.b.f.s.DefaultListableBeanFactory     : Creating shared instance of singleton bean 'multipartResolver'
2025-04-10T16:28:03.872-03:00 DEBUG 4852 --- [lojainfo] [           main] o.s.c.support.DefaultLifecycleProcessor  : Starting beans in phase -2147483647
2025-04-10T16:28:03.873-03:00 DEBUG 4852 --- [lojainfo] [           main] o.s.c.support.DefaultLifecycleProcessor  : Successfully started bean 'springBootLoggingLifecycle'
2025-04-10T16:28:03.873-03:00 DEBUG 4852 --- [lojainfo] [           main] o.s.c.support.DefaultLifecycleProcessor  : Starting beans in phase 2147483647
2025-04-10T16:28:03.889-03:00 DEBUG 4852 --- [lojainfo] [           main] .s.b.a.l.ConditionEvaluationReportLogger : 


============================
CONDITIONS EVALUATION REPORT
============================


Positive matches:
-----------------

   AopAutoConfiguration matched:
      - @ConditionalOnProperty (spring.aop.auto=true) matched (OnPropertyCondition)

   AopAutoConfiguration.AspectJAutoProxyingConfiguration matched:
      - @ConditionalOnClass found required class 'org.aspectj.weaver.Advice' (OnClassCondition)

   AopAutoConfiguration.AspectJAutoProxyingConfiguration.CglibAutoProxyConfiguration matched:
      - @ConditionalOnProperty (spring.aop.proxy-target-class=true) matched (OnPropertyCondition)

   ApplicationAvailabilityAutoConfiguration#applicationAvailability matched:
      - @ConditionalOnMissingBean (types: org.springframework.boot.availability.ApplicationAvailability; SearchStrategy: all) did not find any beans (OnBeanCondition)

   DataSourceAutoConfiguration matched:
      - @ConditionalOnClass found required classes 'javax.sql.DataSource', 'org.springframework.jdbc.datasource.embedded.EmbeddedDatabaseType' (OnClassCondition)
      - @ConditionalOnMissingBean (types: io.r2dbc.spi.ConnectionFactory; SearchStrategy: all) did not find any beans (OnBeanCondition)

   DataSourceAutoConfiguration.PooledDataSourceConfiguration matched:
      - AnyNestedCondition 1 matched 1 did not; NestedCondition on DataSourceAutoConfiguration.PooledDataSourceCondition.PooledDataSourceAvailable PooledDataSource found supported DataSource; NestedCondition on DataSourceAutoConfiguration.PooledDataSourceCondition.ExplicitType @ConditionalOnProperty (spring.datasource.type) did not find property 'type' (DataSourceAutoConfiguration.PooledDataSourceCondition)
      - @ConditionalOnMissingBean (types: javax.sql.DataSource,javax.sql.XADataSource; SearchStrategy: all) did not find any beans (OnBeanCondition)

   DataSourceAutoConfiguration.PooledDataSourceConfiguration#jdbcConnectionDetails matched:
      - @ConditionalOnMissingBean (types: org.springframework.boot.autoconfigure.jdbc.JdbcConnectionDetails; SearchStrategy: all) did not find any beans (OnBeanCondition)

   DataSourceConfiguration.Hikari matched:
      - @ConditionalOnClass found required class 'com.zaxxer.hikari.HikariDataSource' (OnClassCondition)
      - @ConditionalOnProperty (spring.datasource.type=com.zaxxer.hikari.HikariDataSource) matched (OnPropertyCondition)
      - @ConditionalOnMissingBean (types: javax.sql.DataSource; SearchStrategy: all) did not find any beans (OnBeanCondition)

   DataSourceInitializationConfiguration matched:
      - @ConditionalOnClass found required class 'org.springframework.jdbc.datasource.init.DatabasePopulator' (OnClassCondition)
      - @ConditionalOnSingleCandidate (types: javax.sql.DataSource; SearchStrategy: all) found a single bean 'dataSource'; @ConditionalOnMissingBean (types: org.springframework.boot.autoconfigure.sql.init.SqlDataSourceScriptDatabaseInitializer,org.springframework.boot.autoconfigure.sql.init.SqlR2dbcScriptDatabaseInitializer; SearchStrategy: all) did not find any beans (OnBeanCondition)

   DataSourcePoolMetadataProvidersConfiguration.HikariPoolDataSourceMetadataProviderConfiguration matched:
      - @ConditionalOnClass found required class 'com.zaxxer.hikari.HikariDataSource' (OnClassCondition)

   DataSourceTransactionManagerAutoConfiguration matched:
      - @ConditionalOnClass found required classes 'javax.sql.DataSource', 'org.springframework.jdbc.core.JdbcTemplate', 'org.springframework.transaction.TransactionManager' (OnClassCondition)

   DataSourceTransactionManagerAutoConfiguration.JdbcTransactionManagerConfiguration matched:
      - @ConditionalOnSingleCandidate (types: javax.sql.DataSource; SearchStrategy: all) found a single bean 'dataSource' (OnBeanCondition)

   DispatcherServletAutoConfiguration matched:
      - @ConditionalOnClass found required class 'org.springframework.web.servlet.DispatcherServlet' (OnClassCondition)
      - found 'session' scope (OnWebApplicationCondition)

   DispatcherServletAutoConfiguration.DispatcherServletConfiguration matched:
      - @ConditionalOnClass found required class 'jakarta.servlet.ServletRegistration' (OnClassCondition)
      - Default DispatcherServlet did not find dispatcher servlet beans (DispatcherServletAutoConfiguration.DefaultDispatcherServletCondition)

   DispatcherServletAutoConfiguration.DispatcherServletRegistrationConfiguration matched:
      - @ConditionalOnClass found required class 'jakarta.servlet.ServletRegistration' (OnClassCondition)
      - DispatcherServlet Registration did not find servlet registration bean (DispatcherServletAutoConfiguration.DispatcherServletRegistrationCondition)

   DispatcherServletAutoConfiguration.DispatcherServletRegistrationConfiguration#dispatcherServletRegistration matched:
      - @ConditionalOnBean (names: dispatcherServlet types: org.springframework.web.servlet.DispatcherServlet; SearchStrategy: all) found bean 'dispatcherServlet' (OnBeanCondition)

   ErrorMvcAutoConfiguration matched:
      - @ConditionalOnClass found required classes 'jakarta.servlet.Servlet', 'org.springframework.web.servlet.DispatcherServlet' (OnClassCondition)
      - found 'session' scope (OnWebApplicationCondition)

   ErrorMvcAutoConfiguration#basicErrorController matched:
      - @ConditionalOnMissingBean (types: org.springframework.boot.web.servlet.error.ErrorController; SearchStrategy: current) did not find any beans (OnBeanCondition)

   ErrorMvcAutoConfiguration#errorAttributes matched:
      - @ConditionalOnMissingBean (types: org.springframework.boot.web.servlet.error.ErrorAttributes; SearchStrategy: current) did not find any beans (OnBeanCondition)

   ErrorMvcAutoConfiguration.DefaultErrorViewResolverConfiguration#conventionErrorViewResolver matched:
      - @ConditionalOnBean (types: org.springframework.web.servlet.DispatcherServlet; SearchStrategy: all) found bean 'dispatcherServlet'; @ConditionalOnMissingBean (types: org.springframework.boot.autoconfigure.web.servlet.error.ErrorViewResolver; SearchStrategy: all) did not find any beans (OnBeanCondition)

   GenericCacheConfiguration matched:
      - Cache org.springframework.boot.autoconfigure.cache.GenericCacheConfiguration automatic cache type (CacheCondition)

   HibernateJpaAutoConfiguration matched:
      - @ConditionalOnClass found required classes 'org.springframework.orm.jpa.LocalContainerEntityManagerFactoryBean', 'jakarta.persistence.EntityManager', 'org.hibernate.engine.spi.SessionImplementor' (OnClassCondition)

   HibernateJpaConfiguration matched:
      - @ConditionalOnSingleCandidate (types: javax.sql.DataSource; SearchStrategy: all) found a single bean 'dataSource' (OnBeanCondition)

   HttpEncodingAutoConfiguration matched:
      - @ConditionalOnClass found required class 'org.springframework.web.filter.CharacterEncodingFilter' (OnClassCondition)
      - found 'session' scope (OnWebApplicationCondition)
      - @ConditionalOnProperty (server.servlet.encoding.enabled) matched (OnPropertyCondition)

   HttpEncodingAutoConfiguration#characterEncodingFilter matched:
      - @ConditionalOnMissingBean (types: org.springframework.web.filter.CharacterEncodingFilter; SearchStrategy: all) did not find any beans (OnBeanCondition)

   HttpMessageConvertersAutoConfiguration matched:
      - @ConditionalOnClass found required class 'org.springframework.http.converter.HttpMessageConverter' (OnClassCondition)
      - NoneNestedConditions 0 matched 1 did not; NestedCondition on HttpMessageConvertersAutoConfiguration.NotReactiveWebApplicationCondition.ReactiveWebApplication did not find reactive web application classes (HttpMessageConvertersAutoConfiguration.NotReactiveWebApplicationCondition)

   HttpMessageConvertersAutoConfiguration#messageConverters matched:
      - @ConditionalOnMissingBean (types: org.springframework.boot.autoconfigure.http.HttpMessageConverters; SearchStrategy: all) did not find any beans (OnBeanCondition)

   HttpMessageConvertersAutoConfiguration.StringHttpMessageConverterConfiguration matched:
      - @ConditionalOnClass found required class 'org.springframework.http.converter.StringHttpMessageConverter' (OnClassCondition)

   HttpMessageConvertersAutoConfiguration.StringHttpMessageConverterConfiguration#stringHttpMessageConverter matched:
      - @ConditionalOnMissingBean (types: org.springframework.http.converter.StringHttpMessageConverter; SearchStrategy: all) did not find any beans (OnBeanCondition)

   JacksonAutoConfiguration matched:
      - @ConditionalOnClass found required class 'com.fasterxml.jackson.databind.ObjectMapper' (OnClassCondition)

   JacksonAutoConfiguration.Jackson2ObjectMapperBuilderCustomizerConfiguration matched:
      - @ConditionalOnClass found required class 'org.springframework.http.converter.json.Jackson2ObjectMapperBuilder' (OnClassCondition)

   JacksonAutoConfiguration.JacksonObjectMapperBuilderConfiguration matched:
      - @ConditionalOnClass found required class 'org.springframework.http.converter.json.Jackson2ObjectMapperBuilder' (OnClassCondition)

   JacksonAutoConfiguration.JacksonObjectMapperBuilderConfiguration#jacksonObjectMapperBuilder matched:
      - @ConditionalOnMissingBean (types: org.springframework.http.converter.json.Jackson2ObjectMapperBuilder; SearchStrategy: all) did not find any beans (OnBeanCondition)

   JacksonAutoConfiguration.JacksonObjectMapperConfiguration matched:
      - @ConditionalOnClass found required class 'org.springframework.http.converter.json.Jackson2ObjectMapperBuilder' (OnClassCondition)

   JacksonAutoConfiguration.JacksonObjectMapperConfiguration#jacksonObjectMapper matched:
      - @ConditionalOnMissingBean (types: com.fasterxml.jackson.databind.ObjectMapper; SearchStrategy: all) did not find any beans (OnBeanCondition)

   JacksonAutoConfiguration.ParameterNamesModuleConfiguration matched:
      - @ConditionalOnClass found required class 'com.fasterxml.jackson.module.paramnames.ParameterNamesModule' (OnClassCondition)

   JacksonAutoConfiguration.ParameterNamesModuleConfiguration#parameterNamesModule matched:
      - @ConditionalOnMissingBean (types: com.fasterxml.jackson.module.paramnames.ParameterNamesModule; SearchStrategy: all) did not find any beans (OnBeanCondition)

   JacksonHttpMessageConvertersConfiguration.MappingJackson2HttpMessageConverterConfiguration matched:
      - @ConditionalOnClass found required class 'com.fasterxml.jackson.databind.ObjectMapper' (OnClassCondition)
      - @ConditionalOnProperty (spring.mvc.converters.preferred-json-mapper=jackson) matched (OnPropertyCondition)
      - @ConditionalOnBean (types: com.fasterxml.jackson.databind.ObjectMapper; SearchStrategy: all) found bean 'jacksonObjectMapper' (OnBeanCondition)

   JacksonHttpMessageConvertersConfiguration.MappingJackson2HttpMessageConverterConfiguration#mappingJackson2HttpMessageConverter matched:
      - @ConditionalOnMissingBean (types: org.springframework.http.converter.json.MappingJackson2HttpMessageConverter ignored: org.springframework.hateoas.server.mvc.TypeConstrainedMappingJackson2HttpMessageConverter,org.springframework.data.rest.webmvc.alps.AlpsJsonHttpMessageConverter; SearchStrategy: all) did not find any beans (OnBeanCondition)

   JdbcClientAutoConfiguration matched:
      - @ConditionalOnSingleCandidate (types: org.springframework.jdbc.core.namedparam.NamedParameterJdbcTemplate; SearchStrategy: all) found a single bean 'namedParameterJdbcTemplate'; @ConditionalOnMissingBean (types: org.springframework.jdbc.core.simple.JdbcClient; SearchStrategy: all) did not find any beans (OnBeanCondition)

   JdbcTemplateAutoConfiguration matched:
      - @ConditionalOnClass found required classes 'javax.sql.DataSource', 'org.springframework.jdbc.core.JdbcTemplate' (OnClassCondition)
      - @ConditionalOnSingleCandidate (types: javax.sql.DataSource; SearchStrategy: all) found a single bean 'dataSource' (OnBeanCondition)

   JdbcTemplateConfiguration matched:
      - @ConditionalOnMissingBean (types: org.springframework.jdbc.core.JdbcOperations; SearchStrategy: all) did not find any beans (OnBeanCondition)

   JpaBaseConfiguration#entityManagerFactory matched:
      - @ConditionalOnMissingBean (types: org.springframework.orm.jpa.LocalContainerEntityManagerFactoryBean,jakarta.persistence.EntityManagerFactory; SearchStrategy: all) did not find any beans (OnBeanCondition)

   JpaBaseConfiguration#entityManagerFactoryBuilder matched:
      - @ConditionalOnMissingBean (types: org.springframework.boot.orm.jpa.EntityManagerFactoryBuilder; SearchStrategy: all) did not find any beans (OnBeanCondition)

   JpaBaseConfiguration#jpaVendorAdapter matched:
      - @ConditionalOnMissingBean (types: org.springframework.orm.jpa.JpaVendorAdapter; SearchStrategy: all) did not find any beans (OnBeanCondition)

   JpaBaseConfiguration#transactionManager matched:
      - @ConditionalOnMissingBean (types: org.springframework.transaction.TransactionManager; SearchStrategy: all) did not find any beans (OnBeanCondition)

   JpaBaseConfiguration.JpaWebConfiguration matched:
      - @ConditionalOnClass found required class 'org.springframework.web.servlet.config.annotation.WebMvcConfigurer' (OnClassCondition)
      - found 'session' scope (OnWebApplicationCondition)
      - @ConditionalOnProperty (spring.jpa.open-in-view=true) matched (OnPropertyCondition)
      - @ConditionalOnMissingBean (types: org.springframework.orm.jpa.support.OpenEntityManagerInViewInterceptor,org.springframework.orm.jpa.support.OpenEntityManagerInViewFilter; SearchStrategy: all) did not find any beans (OnBeanCondition)

   JpaBaseConfiguration.PersistenceManagedTypesConfiguration matched:
      - @ConditionalOnMissingBean (types: org.springframework.orm.jpa.LocalContainerEntityManagerFactoryBean,jakarta.persistence.EntityManagerFactory; SearchStrategy: all) did not find any beans (OnBeanCondition)

   JpaBaseConfiguration.PersistenceManagedTypesConfiguration#persistenceManagedTypes matched:
      - @ConditionalOnMissingBean (types: org.springframework.orm.jpa.persistenceunit.PersistenceManagedTypes; SearchStrategy: all) did not find any beans (OnBeanCondition)

   JpaRepositoriesAutoConfiguration matched:
      - @ConditionalOnClass found required class 'org.springframework.data.jpa.repository.JpaRepository' (OnClassCondition)
      - @ConditionalOnProperty (spring.data.jpa.repositories.enabled=true) matched (OnPropertyCondition)
      - @ConditionalOnBean (types: javax.sql.DataSource; SearchStrategy: all) found bean 'dataSource'; @ConditionalOnMissingBean (types: org.springframework.data.jpa.repository.support.JpaRepositoryFactoryBean,org.springframework.data.jpa.repository.config.JpaRepositoryConfigExtension; SearchStrategy: all) did not find any beans (OnBeanCondition)

   JtaAutoConfiguration matched:
      - @ConditionalOnClass found required class 'jakarta.transaction.Transaction' (OnClassCondition)
      - @ConditionalOnProperty (spring.jta.enabled) matched (OnPropertyCondition)

   LifecycleAutoConfiguration#defaultLifecycleProcessor matched:
      - @ConditionalOnMissingBean (names: lifecycleProcessor; SearchStrategy: current) did not find any beans (OnBeanCondition)

   MultipartAutoConfiguration matched:
      - @ConditionalOnClass found required classes 'jakarta.servlet.Servlet', 'org.springframework.web.multipart.support.StandardServletMultipartResolver', 'jakarta.servlet.MultipartConfigElement' (OnClassCondition)
      - found 'session' scope (OnWebApplicationCondition)
      - @ConditionalOnProperty (spring.servlet.multipart.enabled) matched (OnPropertyCondition)

   MultipartAutoConfiguration#multipartConfigElement matched:
      - @ConditionalOnMissingBean (types: jakarta.servlet.MultipartConfigElement; SearchStrategy: all) did not find any beans (OnBeanCondition)

   MultipartAutoConfiguration#multipartResolver matched:
      - @ConditionalOnMissingBean (types: org.springframework.web.multipart.MultipartResolver; SearchStrategy: all) did not find any beans (OnBeanCondition)

   NamedParameterJdbcTemplateConfiguration matched:
      - @ConditionalOnSingleCandidate (types: org.springframework.jdbc.core.JdbcTemplate; SearchStrategy: all) found a single bean 'jdbcTemplate'; @ConditionalOnMissingBean (types: org.springframework.jdbc.core.namedparam.NamedParameterJdbcOperations; SearchStrategy: all) did not find any beans (OnBeanCondition)

   NoOpCacheConfiguration matched:
      - Cache org.springframework.boot.autoconfigure.cache.NoOpCacheConfiguration automatic cache type (CacheCondition)

   PersistenceExceptionTranslationAutoConfiguration matched:
      - @ConditionalOnClass found required class 'org.springframework.dao.annotation.PersistenceExceptionTranslationPostProcessor' (OnClassCondition)

   PersistenceExceptionTranslationAutoConfiguration#persistenceExceptionTranslationPostProcessor matched:
      - @ConditionalOnProperty (spring.dao.exceptiontranslation.enabled) matched (OnPropertyCondition)
      - @ConditionalOnMissingBean (types: org.springframework.dao.annotation.PersistenceExceptionTranslationPostProcessor; SearchStrategy: all) did not find any beans (OnBeanCondition)

   PropertyPlaceholderAutoConfiguration#propertySourcesPlaceholderConfigurer matched:
      - @ConditionalOnMissingBean (types: org.springframework.context.support.PropertySourcesPlaceholderConfigurer; SearchStrategy: current) did not find any beans (OnBeanCondition)

   RestClientAutoConfiguration matched:
      - @ConditionalOnClass found required class 'org.springframework.web.client.RestClient' (OnClassCondition)
      - NoneNestedConditions 0 matched 1 did not; NestedCondition on NotReactiveWebApplicationCondition.ReactiveWebApplication did not find reactive web application classes (NotReactiveWebApplicationCondition)

   RestClientAutoConfiguration#httpMessageConvertersRestClientCustomizer matched:
      - @ConditionalOnMissingBean (types: org.springframework.boot.autoconfigure.web.client.HttpMessageConvertersRestClientCustomizer; SearchStrategy: all) did not find any beans (OnBeanCondition)

   RestClientAutoConfiguration#restClientBuilder matched:
      - @ConditionalOnMissingBean (types: org.springframework.web.client.RestClient$Builder; SearchStrategy: all) did not find any beans (OnBeanCondition)

   RestClientAutoConfiguration#restClientBuilderConfigurer matched:
      - @ConditionalOnMissingBean (types: org.springframework.boot.autoconfigure.web.client.RestClientBuilderConfigurer; SearchStrategy: all) did not find any beans (OnBeanCondition)

   RestClientAutoConfiguration#restClientSsl matched:
      - @ConditionalOnBean (types: org.springframework.boot.ssl.SslBundles; SearchStrategy: all) found bean 'sslBundleRegistry'; @ConditionalOnMissingBean (types: org.springframework.boot.autoconfigure.web.client.RestClientSsl; SearchStrategy: all) did not find any beans (OnBeanCondition)

   RestTemplateAutoConfiguration matched:
      - @ConditionalOnClass found required class 'org.springframework.web.client.RestTemplate' (OnClassCondition)
      - NoneNestedConditions 0 matched 1 did not; NestedCondition on NotReactiveWebApplicationCondition.ReactiveWebApplication did not find reactive web application classes (NotReactiveWebApplicationCondition)

   RestTemplateAutoConfiguration#restTemplateBuilder matched:
      - @ConditionalOnMissingBean (types: org.springframework.boot.web.client.RestTemplateBuilder; SearchStrategy: all) did not find any beans (OnBeanCondition)

   ServletWebServerFactoryAutoConfiguration matched:
      - @ConditionalOnClass found required class 'jakarta.servlet.ServletRequest' (OnClassCondition)
      - found 'session' scope (OnWebApplicationCondition)

   ServletWebServerFactoryAutoConfiguration#tomcatServletWebServerFactoryCustomizer matched:
      - @ConditionalOnClass found required class 'org.apache.catalina.startup.Tomcat' (OnClassCondition)

   ServletWebServerFactoryConfiguration.EmbeddedTomcat matched:
      - @ConditionalOnClass found required classes 'jakarta.servlet.Servlet', 'org.apache.catalina.startup.Tomcat', 'org.apache.coyote.UpgradeProtocol' (OnClassCondition)
      - @ConditionalOnMissingBean (types: org.springframework.boot.web.servlet.server.ServletWebServerFactory; SearchStrategy: current) did not find any beans (OnBeanCondition)

   SimpleCacheConfiguration matched:
      - Cache org.springframework.boot.autoconfigure.cache.SimpleCacheConfiguration automatic cache type (CacheCondition)

   SpringDataWebAutoConfiguration matched:
      - @ConditionalOnClass found required classes 'org.springframework.data.web.PageableHandlerMethodArgumentResolver', 'org.springframework.web.servlet.config.annotation.WebMvcConfigurer' (OnClassCondition)
      - found 'session' scope (OnWebApplicationCondition)
      - @ConditionalOnMissingBean (types: org.springframework.data.web.PageableHandlerMethodArgumentResolver; SearchStrategy: all) did not find any beans (OnBeanCondition)

   SpringDataWebAutoConfiguration#pageableCustomizer matched:
      - @ConditionalOnMissingBean (types: org.springframework.data.web.config.PageableHandlerMethodArgumentResolverCustomizer; SearchStrategy: all) did not find any beans (OnBeanCondition)

   SpringDataWebAutoConfiguration#sortCustomizer matched:
      - @ConditionalOnMissingBean (types: org.springframework.data.web.config.SortHandlerMethodArgumentResolverCustomizer; SearchStrategy: all) did not find any beans (OnBeanCondition)

   SqlInitializationAutoConfiguration matched:
      - @ConditionalOnProperty (spring.sql.init.enabled) matched (OnPropertyCondition)
      - NoneNestedConditions 0 matched 1 did not; NestedCondition on SqlInitializationAutoConfiguration.SqlInitializationModeCondition.ModeIsNever @ConditionalOnProperty (spring.sql.init.mode=never) did not find property 'mode' (SqlInitializationAutoConfiguration.SqlInitializationModeCondition)

   SslAutoConfiguration#sslBundleRegistry matched:
      - @ConditionalOnMissingBean (types: org.springframework.boot.ssl.SslBundleRegistry,org.springframework.boot.ssl.SslBundles; SearchStrategy: all) did not find any beans (OnBeanCondition)

   TaskExecutionAutoConfiguration matched:
      - @ConditionalOnClass found required class 'org.springframework.scheduling.concurrent.ThreadPoolTaskExecutor' (OnClassCondition)

   TaskExecutorConfigurations.SimpleAsyncTaskExecutorBuilderConfiguration#simpleAsyncTaskExecutorBuilder matched:
      - @ConditionalOnMissingBean (types: org.springframework.boot.task.SimpleAsyncTaskExecutorBuilder; SearchStrategy: all) did not find any beans (OnBeanCondition)
      - @ConditionalOnThreading found PLATFORM (OnThreadingCondition)

   TaskExecutorConfigurations.TaskExecutorBuilderConfiguration#taskExecutorBuilder matched:
      - @ConditionalOnMissingBean (types: org.springframework.boot.task.TaskExecutorBuilder; SearchStrategy: all) did not find any beans (OnBeanCondition)

   TaskExecutorConfigurations.TaskExecutorConfiguration matched:
      - @ConditionalOnMissingBean (types: java.util.concurrent.Executor; SearchStrategy: all) did not find any beans (OnBeanCondition)

   TaskExecutorConfigurations.TaskExecutorConfiguration#applicationTaskExecutor matched:
      - @ConditionalOnThreading found PLATFORM (OnThreadingCondition)

   TaskExecutorConfigurations.ThreadPoolTaskExecutorBuilderConfiguration#threadPoolTaskExecutorBuilder matched:
      - @ConditionalOnMissingBean (types: org.springframework.boot.task.TaskExecutorBuilder,org.springframework.boot.task.ThreadPoolTaskExecutorBuilder; SearchStrategy: all) did not find any beans (OnBeanCondition)

   TaskSchedulingAutoConfiguration matched:
      - @ConditionalOnClass found required class 'org.springframework.scheduling.concurrent.ThreadPoolTaskScheduler' (OnClassCondition)

   TaskSchedulingConfigurations.SimpleAsyncTaskSchedulerBuilderConfiguration#simpleAsyncTaskSchedulerBuilder matched:
      - @ConditionalOnMissingBean (types: org.springframework.boot.task.SimpleAsyncTaskSchedulerBuilder; SearchStrategy: all) did not find any beans (OnBeanCondition)
      - @ConditionalOnThreading found PLATFORM (OnThreadingCondition)

   TaskSchedulingConfigurations.TaskSchedulerBuilderConfiguration#taskSchedulerBuilder matched:
      - @ConditionalOnMissingBean (types: org.springframework.boot.task.TaskSchedulerBuilder; SearchStrategy: all) did not find any beans (OnBeanCondition)

   TaskSchedulingConfigurations.ThreadPoolTaskSchedulerBuilderConfiguration#threadPoolTaskSchedulerBuilder matched:
      - @ConditionalOnMissingBean (types: org.springframework.boot.task.TaskSchedulerBuilder,org.springframework.boot.task.ThreadPoolTaskSchedulerBuilder; SearchStrategy: all) did not find any beans (OnBeanCondition)

   TemplateEngineConfigurations.DefaultTemplateEngineConfiguration#templateEngine matched:
      - @ConditionalOnMissingBean (types: org.thymeleaf.spring6.ISpringTemplateEngine; SearchStrategy: all) did not find any beans (OnBeanCondition)

   ThymeleafAutoConfiguration matched:
      - @ConditionalOnClass found required classes 'org.thymeleaf.templatemode.TemplateMode', 'org.thymeleaf.spring6.SpringTemplateEngine' (OnClassCondition)

   ThymeleafAutoConfiguration.DefaultTemplateResolverConfiguration matched:
      - @ConditionalOnMissingBean (names: defaultTemplateResolver; SearchStrategy: all) did not find any beans (OnBeanCondition)

   ThymeleafAutoConfiguration.ThymeleafWebMvcConfiguration matched:
      - found 'session' scope (OnWebApplicationCondition)
      - @ConditionalOnProperty (spring.thymeleaf.enabled) matched (OnPropertyCondition)

   ThymeleafAutoConfiguration.ThymeleafWebMvcConfiguration.ThymeleafViewResolverConfiguration#thymeleafViewResolver matched:
      - @ConditionalOnMissingBean (names: thymeleafViewResolver; SearchStrategy: all) did not find any beans (OnBeanCondition)

   TransactionAutoConfiguration matched:
      - @ConditionalOnClass found required class 'org.springframework.transaction.PlatformTransactionManager' (OnClassCondition)

   TransactionAutoConfiguration.EnableTransactionManagementConfiguration matched:
      - @ConditionalOnBean (types: org.springframework.transaction.TransactionManager; SearchStrategy: all) found bean 'transactionManager'; @ConditionalOnMissingBean (types: org.springframework.transaction.annotation.AbstractTransactionManagementConfiguration; SearchStrategy: all) did not find any beans (OnBeanCondition)

   TransactionAutoConfiguration.EnableTransactionManagementConfiguration.CglibAutoProxyConfiguration matched:
      - @ConditionalOnProperty (spring.aop.proxy-target-class=true) matched (OnPropertyCondition)

   TransactionAutoConfiguration.TransactionTemplateConfiguration matched:
      - @ConditionalOnSingleCandidate (types: org.springframework.transaction.PlatformTransactionManager; SearchStrategy: all) found a single bean 'transactionManager' (OnBeanCondition)

   TransactionAutoConfiguration.TransactionTemplateConfiguration#transactionTemplate matched:
      - @ConditionalOnMissingBean (types: org.springframework.transaction.support.TransactionOperations; SearchStrategy: all) did not find any beans (OnBeanCondition)

   TransactionManagerCustomizationAutoConfiguration matched:
      - @ConditionalOnClass found required class 'org.springframework.transaction.PlatformTransactionManager' (OnClassCondition)

   TransactionManagerCustomizationAutoConfiguration#platformTransactionManagerCustomizers matched:
      - @ConditionalOnMissingBean (types: org.springframework.boot.autoconfigure.transaction.TransactionManagerCustomizers; SearchStrategy: all) did not find any beans (OnBeanCondition)

   ValidationAutoConfiguration matched:
      - @ConditionalOnClass found required class 'jakarta.validation.executable.ExecutableValidator' (OnClassCondition)
      - @ConditionalOnResource found location classpath:META-INF/services/jakarta.validation.spi.ValidationProvider (OnResourceCondition)

   ValidationAutoConfiguration#defaultValidator matched:
      - @ConditionalOnMissingBean (types: jakarta.validation.Validator; SearchStrategy: all) did not find any beans (OnBeanCondition)

   ValidationAutoConfiguration#methodValidationPostProcessor matched:
      - @ConditionalOnMissingBean (types: org.springframework.validation.beanvalidation.MethodValidationPostProcessor; SearchStrategy: current) did not find any beans (OnBeanCondition)

   WebMvcAutoConfiguration matched:
      - @ConditionalOnClass found required classes 'jakarta.servlet.Servlet', 'org.springframework.web.servlet.DispatcherServlet', 'org.springframework.web.servlet.config.annotation.WebMvcConfigurer' (OnClassCondition)
      - found 'session' scope (OnWebApplicationCondition)
      - @ConditionalOnMissingBean (types: org.springframework.web.servlet.config.annotation.WebMvcConfigurationSupport; SearchStrategy: all) did not find any beans (OnBeanCondition)

   WebMvcAutoConfiguration#formContentFilter matched:
      - @ConditionalOnProperty (spring.mvc.formcontent.filter.enabled) matched (OnPropertyCondition)
      - @ConditionalOnMissingBean (types: org.springframework.web.filter.FormContentFilter; SearchStrategy: all) did not find any beans (OnBeanCondition)

   WebMvcAutoConfiguration.EnableWebMvcConfiguration#flashMapManager matched:
      - @ConditionalOnMissingBean (names: flashMapManager; SearchStrategy: all) did not find any beans (OnBeanCondition)

   WebMvcAutoConfiguration.EnableWebMvcConfiguration#localeResolver matched:
      - @ConditionalOnMissingBean (names: localeResolver; SearchStrategy: all) did not find any beans (OnBeanCondition)

   WebMvcAutoConfiguration.EnableWebMvcConfiguration#themeResolver matched:
      - @ConditionalOnMissingBean (names: themeResolver; SearchStrategy: all) did not find any beans (OnBeanCondition)

   WebMvcAutoConfiguration.WebMvcAutoConfigurationAdapter#defaultViewResolver matched:
      - @ConditionalOnMissingBean (types: org.springframework.web.servlet.view.InternalResourceViewResolver; SearchStrategy: all) did not find any beans (OnBeanCondition)

   WebMvcAutoConfiguration.WebMvcAutoConfigurationAdapter#requestContextFilter matched:
      - @ConditionalOnMissingBean (types: org.springframework.web.context.request.RequestContextListener,org.springframework.web.filter.RequestContextFilter; SearchStrategy: all) did not find any beans (OnBeanCondition)

   WebMvcAutoConfiguration.WebMvcAutoConfigurationAdapter#viewResolver matched:
      - @ConditionalOnBean (types: org.springframework.web.servlet.ViewResolver; SearchStrategy: all) found beans 'defaultViewResolver', 'mvcViewResolver'; @ConditionalOnMissingBean (names: viewResolver types: org.springframework.web.servlet.view.ContentNegotiatingViewResolver; SearchStrategy: all) did not find any beans (OnBeanCondition)

   WebSocketServletAutoConfiguration matched:
      - @ConditionalOnClass found required classes 'jakarta.servlet.Servlet', 'jakarta.websocket.server.ServerContainer' (OnClassCondition)
      - found 'session' scope (OnWebApplicationCondition)

   WebSocketServletAutoConfiguration.TomcatWebSocketConfiguration matched:
      - @ConditionalOnClass found required classes 'org.apache.catalina.startup.Tomcat', 'org.apache.tomcat.websocket.server.WsSci' (OnClassCondition)

   WebSocketServletAutoConfiguration.TomcatWebSocketConfiguration#websocketServletWebServerCustomizer matched:
      - @ConditionalOnMissingBean (names: websocketServletWebServerCustomizer; SearchStrategy: all) did not find any beans (OnBeanCondition)


Negative matches:
-----------------

   ActiveMQAutoConfiguration:
      Did not match:
         - @ConditionalOnClass did not find required class 'jakarta.jms.ConnectionFactory' (OnClassCondition)

   AopAutoConfiguration.AspectJAutoProxyingConfiguration.JdkDynamicAutoProxyConfiguration:
      Did not match:
         - @ConditionalOnProperty (spring.aop.proxy-target-class=false) did not find property 'proxy-target-class' (OnPropertyCondition)

   AopAutoConfiguration.ClassProxyingConfiguration:
      Did not match:
         - @ConditionalOnMissingClass found unwanted class 'org.aspectj.weaver.Advice' (OnClassCondition)

   ArtemisAutoConfiguration:
      Did not match:
         - @ConditionalOnClass did not find required class 'jakarta.jms.ConnectionFactory' (OnClassCondition)

   BatchAutoConfiguration:
      Did not match:
         - @ConditionalOnClass did not find required class 'org.springframework.batch.core.launch.JobLauncher' (OnClassCondition)

   Cache2kCacheConfiguration:
      Did not match:
         - @ConditionalOnClass did not find required class 'org.cache2k.Cache2kBuilder' (OnClassCondition)

   CacheAutoConfiguration:
      Did not match:
         - @ConditionalOnBean (types: org.springframework.cache.interceptor.CacheAspectSupport; SearchStrategy: all) did not find any beans of type org.springframework.cache.interceptor.CacheAspectSupport (OnBeanCondition)
      Matched:
         - @ConditionalOnClass found required class 'org.springframework.cache.CacheManager' (OnClassCondition)

   CacheAutoConfiguration.CacheManagerEntityManagerFactoryDependsOnPostProcessor:
      Did not match:
         - Ancestor org.springframework.boot.autoconfigure.cache.CacheAutoConfiguration did not match (ConditionEvaluationReport.AncestorsMatchedCondition)
      Matched:
         - @ConditionalOnClass found required class 'org.springframework.orm.jpa.LocalContainerEntityManagerFactoryBean' (OnClassCondition)

   CaffeineCacheConfiguration:
      Did not match:
         - @ConditionalOnClass did not find required class 'com.github.benmanes.caffeine.cache.Caffeine' (OnClassCondition)

   CassandraAutoConfiguration:
      Did not match:
         - @ConditionalOnClass did not find required class 'com.datastax.oss.driver.api.core.CqlSession' (OnClassCondition)

   CassandraDataAutoConfiguration:
      Did not match:
         - @ConditionalOnClass did not find required class 'com.datastax.oss.driver.api.core.CqlSession' (OnClassCondition)

   CassandraReactiveDataAutoConfiguration:
      Did not match:
         - @ConditionalOnClass did not find required class 'com.datastax.oss.driver.api.core.CqlSession' (OnClassCondition)

   CassandraReactiveRepositoriesAutoConfiguration:
      Did not match:
         - @ConditionalOnClass did not find required class 'org.springframework.data.cassandra.ReactiveSession' (OnClassCondition)

   CassandraRepositoriesAutoConfiguration:
      Did not match:
         - @ConditionalOnClass did not find required class 'com.datastax.oss.driver.api.core.CqlSession' (OnClassCondition)

   ClientHttpConnectorAutoConfiguration:
      Did not match:
         - @ConditionalOnClass did not find required class 'org.springframework.web.reactive.function.client.WebClient' (OnClassCondition)

   CodecsAutoConfiguration:
      Did not match:
         - @ConditionalOnClass did not find required class 'org.springframework.web.reactive.function.client.WebClient' (OnClassCondition)

   CouchbaseAutoConfiguration:
      Did not match:
         - @ConditionalOnClass did not find required class 'com.couchbase.client.java.Cluster' (OnClassCondition)

   CouchbaseCacheConfiguration:
      Did not match:
         - @ConditionalOnClass did not find required class 'com.couchbase.client.java.Cluster' (OnClassCondition)

   CouchbaseDataAutoConfiguration:
      Did not match:
         - @ConditionalOnClass did not find required class 'com.couchbase.client.java.Bucket' (OnClassCondition)

   CouchbaseReactiveDataAutoConfiguration:
      Did not match:
         - @ConditionalOnClass did not find required class 'com.couchbase.client.java.Cluster' (OnClassCondition)

   CouchbaseReactiveRepositoriesAutoConfiguration:
      Did not match:
         - @ConditionalOnClass did not find required class 'com.couchbase.client.java.Cluster' (OnClassCondition)

   CouchbaseRepositoriesAutoConfiguration:
      Did not match:
         - @ConditionalOnClass did not find required class 'com.couchbase.client.java.Bucket' (OnClassCondition)

   DataSourceAutoConfiguration.EmbeddedDatabaseConfiguration:
      Did not match:
         - EmbeddedDataSource spring.datasource.url is set (DataSourceAutoConfiguration.EmbeddedDatabaseCondition)

   DataSourceCheckpointRestoreConfiguration:
      Did not match:
         - @ConditionalOnClass did not find required class 'org.crac.Resource' (OnClassCondition)

   DataSourceConfiguration.Dbcp2:
      Did not match:
         - @ConditionalOnClass did not find required class 'org.apache.commons.dbcp2.BasicDataSource' (OnClassCondition)

   DataSourceConfiguration.Generic:
      Did not match:
         - @ConditionalOnProperty (spring.datasource.type) did not find property 'spring.datasource.type' (OnPropertyCondition)

   DataSourceConfiguration.OracleUcp:
      Did not match:
         - @ConditionalOnClass did not find required classes 'oracle.ucp.jdbc.PoolDataSourceImpl', 'oracle.jdbc.OracleConnection' (OnClassCondition)

   DataSourceConfiguration.Tomcat:
      Did not match:
         - @ConditionalOnClass did not find required class 'org.apache.tomcat.jdbc.pool.DataSource' (OnClassCondition)

   DataSourceJmxConfiguration:
      Did not match:
         - @ConditionalOnProperty (spring.jmx.enabled=true) found different value in property 'enabled' (OnPropertyCondition)

   DataSourcePoolMetadataProvidersConfiguration.CommonsDbcp2PoolDataSourceMetadataProviderConfiguration:
      Did not match:
         - @ConditionalOnClass did not find required class 'org.apache.commons.dbcp2.BasicDataSource' (OnClassCondition)

   DataSourcePoolMetadataProvidersConfiguration.OracleUcpPoolDataSourceMetadataProviderConfiguration:
      Did not match:
         - @ConditionalOnClass did not find required classes 'oracle.ucp.jdbc.PoolDataSource', 'oracle.jdbc.OracleConnection' (OnClassCondition)

   DataSourcePoolMetadataProvidersConfiguration.TomcatDataSourcePoolMetadataProviderConfiguration:
      Did not match:
         - @ConditionalOnClass did not find required class 'org.apache.tomcat.jdbc.pool.DataSource' (OnClassCondition)

   DataSourceTransactionManagerAutoConfiguration.JdbcTransactionManagerConfiguration#transactionManager:
      Did not match:
         - @ConditionalOnMissingBean (types: org.springframework.transaction.TransactionManager; SearchStrategy: all) found beans of type 'org.springframework.transaction.TransactionManager' transactionManager (OnBeanCondition)

   DispatcherServletAutoConfiguration.DispatcherServletConfiguration#multipartResolver:
      Did not match:
         - @ConditionalOnBean (types: org.springframework.web.multipart.MultipartResolver; SearchStrategy: all) did not find any beans of type org.springframework.web.multipart.MultipartResolver (OnBeanCondition)

   ElasticsearchClientAutoConfiguration:
      Did not match:
         - @ConditionalOnClass did not find required class 'co.elastic.clients.elasticsearch.ElasticsearchClient' (OnClassCondition)

   ElasticsearchDataAutoConfiguration:
      Did not match:
         - @ConditionalOnClass did not find required class 'org.springframework.data.elasticsearch.client.elc.ElasticsearchTemplate' (OnClassCondition)

   ElasticsearchRepositoriesAutoConfiguration:
      Did not match:
         - @ConditionalOnClass did not find required class 'org.springframework.data.elasticsearch.repository.ElasticsearchRepository' (OnClassCondition)

   ElasticsearchRestClientAutoConfiguration:
      Did not match:
         - @ConditionalOnClass did not find required class 'org.elasticsearch.client.RestClientBuilder' (OnClassCondition)

   EmbeddedLdapAutoConfiguration:
      Did not match:
         - @ConditionalOnClass did not find required class 'com.unboundid.ldap.listener.InMemoryDirectoryServer' (OnClassCondition)

   EmbeddedWebServerFactoryCustomizerAutoConfiguration:
      Did not match:
         - Application is deployed as a WAR file. (OnWarDeploymentCondition)
      Matched:
         - @ConditionalOnWebApplication (required) found 'session' scope (OnWebApplicationCondition)

   ErrorMvcAutoConfiguration.WhitelabelErrorViewConfiguration:
      Did not match:
         - @ConditionalOnProperty (server.error.whitelabel.enabled) found different value in property 'enabled' (OnPropertyCondition)

   ErrorWebFluxAutoConfiguration:
      Did not match:
         - @ConditionalOnClass did not find required class 'org.springframework.web.reactive.config.WebFluxConfigurer' (OnClassCondition)

   FlywayAutoConfiguration:
      Did not match:
         - @ConditionalOnClass did not find required class 'org.flywaydb.core.Flyway' (OnClassCondition)

   FreeMarkerAutoConfiguration:
      Did not match:
         - @ConditionalOnClass did not find required class 'freemarker.template.Configuration' (OnClassCondition)

   GraphQlAutoConfiguration:
      Did not match:
         - @ConditionalOnClass did not find required class 'graphql.GraphQL' (OnClassCondition)

   GraphQlQueryByExampleAutoConfiguration:
      Did not match:
         - @ConditionalOnClass did not find required class 'graphql.GraphQL' (OnClassCondition)

   GraphQlQuerydslAutoConfiguration:
      Did not match:
         - @ConditionalOnClass did not find required class 'com.querydsl.core.Query' (OnClassCondition)

   GraphQlRSocketAutoConfiguration:
      Did not match:
         - @ConditionalOnClass did not find required class 'graphql.GraphQL' (OnClassCondition)

   GraphQlReactiveQueryByExampleAutoConfiguration:
      Did not match:
         - @ConditionalOnClass did not find required class 'graphql.GraphQL' (OnClassCondition)

   GraphQlReactiveQuerydslAutoConfiguration:
      Did not match:
         - @ConditionalOnClass did not find required class 'com.querydsl.core.Query' (OnClassCondition)

   GraphQlWebFluxAutoConfiguration:
      Did not match:
         - @ConditionalOnClass did not find required class 'graphql.GraphQL' (OnClassCondition)

   GraphQlWebFluxSecurityAutoConfiguration:
      Did not match:
         - @ConditionalOnClass did not find required class 'graphql.GraphQL' (OnClassCondition)

   GraphQlWebMvcAutoConfiguration:
      Did not match:
         - @ConditionalOnClass did not find required class 'graphql.GraphQL' (OnClassCondition)

   GraphQlWebMvcSecurityAutoConfiguration:
      Did not match:
         - @ConditionalOnClass did not find required class 'graphql.GraphQL' (OnClassCondition)

   GroovyTemplateAutoConfiguration:
      Did not match:
         - @ConditionalOnClass did not find required class 'groovy.text.markup.MarkupTemplateEngine' (OnClassCondition)

   GsonAutoConfiguration:
      Did not match:
         - @ConditionalOnClass did not find required class 'com.google.gson.Gson' (OnClassCondition)

   GsonHttpMessageConvertersConfiguration:
      Did not match:
         - @ConditionalOnClass did not find required class 'com.google.gson.Gson' (OnClassCondition)

   H2ConsoleAutoConfiguration:
      Did not match:
         - @ConditionalOnClass did not find required class 'org.h2.server.web.JakartaWebServlet' (OnClassCondition)

   HazelcastAutoConfiguration:
      Did not match:
         - @ConditionalOnClass did not find required class 'com.hazelcast.core.HazelcastInstance' (OnClassCondition)

   HazelcastCacheConfiguration:
      Did not match:
         - @ConditionalOnClass did not find required class 'com.hazelcast.core.HazelcastInstance' (OnClassCondition)

   HazelcastJpaDependencyAutoConfiguration:
      Did not match:
         - @ConditionalOnClass did not find required class 'com.hazelcast.core.HazelcastInstance' (OnClassCondition)

   HttpHandlerAutoConfiguration:
      Did not match:
         - @ConditionalOnClass did not find required class 'org.springframework.web.reactive.DispatcherHandler' (OnClassCondition)

   HypermediaAutoConfiguration:
      Did not match:
         - @ConditionalOnClass did not find required class 'org.springframework.hateoas.EntityModel' (OnClassCondition)

   InfinispanCacheConfiguration:
      Did not match:
         - @ConditionalOnClass did not find required class 'org.infinispan.spring.embedded.provider.SpringEmbeddedCacheManager' (OnClassCondition)

   InfluxDbAutoConfiguration:
      Did not match:
         - @ConditionalOnClass did not find required class 'org.influxdb.InfluxDB' (OnClassCondition)

   IntegrationAutoConfiguration:
      Did not match:
         - @ConditionalOnClass did not find required class 'org.springframework.integration.config.EnableIntegration' (OnClassCondition)

   JCacheCacheConfiguration:
      Did not match:
         - @ConditionalOnClass did not find required class 'javax.cache.Caching' (OnClassCondition)

   JacksonHttpMessageConvertersConfiguration.MappingJackson2XmlHttpMessageConverterConfiguration:
      Did not match:
         - @ConditionalOnClass did not find required class 'com.fasterxml.jackson.dataformat.xml.XmlMapper' (OnClassCondition)

   JdbcRepositoriesAutoConfiguration:
      Did not match:
         - @ConditionalOnClass did not find required class 'org.springframework.data.jdbc.repository.config.AbstractJdbcConfiguration' (OnClassCondition)

   JerseyAutoConfiguration:
      Did not match:
         - @ConditionalOnClass did not find required class 'org.glassfish.jersey.server.spring.SpringComponentProvider' (OnClassCondition)

   JmsAutoConfiguration:
      Did not match:
         - @ConditionalOnClass did not find required class 'jakarta.jms.Message' (OnClassCondition)

   JmxAutoConfiguration:
      Did not match:
         - @ConditionalOnProperty (spring.jmx.enabled=true) found different value in property 'enabled' (OnPropertyCondition)
      Matched:
         - @ConditionalOnClass found required class 'org.springframework.jmx.export.MBeanExporter' (OnClassCondition)

   JndiConnectionFactoryAutoConfiguration:
      Did not match:
         - @ConditionalOnClass did not find required class 'org.springframework.jms.core.JmsTemplate' (OnClassCondition)

   JndiDataSourceAutoConfiguration:
      Did not match:
         - @ConditionalOnProperty (spring.datasource.jndi-name) did not find property 'jndi-name' (OnPropertyCondition)
      Matched:
         - @ConditionalOnClass found required classes 'javax.sql.DataSource', 'org.springframework.jdbc.datasource.embedded.EmbeddedDatabaseType' (OnClassCondition)

   JndiJtaConfiguration:
      Did not match:
         - @ConditionalOnJndi JNDI environment is not available (OnJndiCondition)
      Matched:
         - @ConditionalOnClass found required class 'org.springframework.transaction.jta.JtaTransactionManager' (OnClassCondition)

   JooqAutoConfiguration:
      Did not match:
         - @ConditionalOnClass did not find required class 'org.jooq.DSLContext' (OnClassCondition)

   JpaRepositoriesAutoConfiguration#entityManagerFactoryBootstrapExecutorCustomizer:
      Did not match:
         - AnyNestedCondition 0 matched 2 did not; NestedCondition on JpaRepositoriesAutoConfiguration.BootstrapExecutorCondition.LazyBootstrapMode @ConditionalOnProperty (spring.data.jpa.repositories.bootstrap-mode=lazy) did not find property 'bootstrap-mode'; NestedCondition on JpaRepositoriesAutoConfiguration.BootstrapExecutorCondition.DeferredBootstrapMode @ConditionalOnProperty (spring.data.jpa.repositories.bootstrap-mode=deferred) did not find property 'bootstrap-mode' (JpaRepositoriesAutoConfiguration.BootstrapExecutorCondition)

   JsonbAutoConfiguration:
      Did not match:
         - @ConditionalOnClass did not find required class 'jakarta.json.bind.Jsonb' (OnClassCondition)

   JsonbHttpMessageConvertersConfiguration:
      Did not match:
         - @ConditionalOnClass did not find required class 'jakarta.json.bind.Jsonb' (OnClassCondition)

   KafkaAutoConfiguration:
      Did not match:
         - @ConditionalOnClass did not find required class 'org.springframework.kafka.core.KafkaTemplate' (OnClassCondition)

   LdapAutoConfiguration:
      Did not match:
         - @ConditionalOnClass did not find required class 'org.springframework.ldap.core.ContextSource' (OnClassCondition)

   LdapRepositoriesAutoConfiguration:
      Did not match:
         - @ConditionalOnClass did not find required class 'org.springframework.data.ldap.repository.LdapRepository' (OnClassCondition)

   LiquibaseAutoConfiguration:
      Did not match:
         - @ConditionalOnClass did not find required class 'liquibase.change.DatabaseChange' (OnClassCondition)

   MailSenderAutoConfiguration:
      Did not match:
         - @ConditionalOnClass did not find required class 'jakarta.mail.internet.MimeMessage' (OnClassCondition)

   MailSenderValidatorAutoConfiguration:
      Did not match:
         - @ConditionalOnSingleCandidate did not find required type 'org.springframework.mail.javamail.JavaMailSenderImpl' (OnBeanCondition)

   MessageSourceAutoConfiguration:
      Did not match:
         - ResourceBundle did not find bundle with basename messages (MessageSourceAutoConfiguration.ResourceBundleCondition)

   MongoAutoConfiguration:
      Did not match:
         - @ConditionalOnClass did not find required class 'com.mongodb.client.MongoClient' (OnClassCondition)

   MongoDataAutoConfiguration:
      Did not match:
         - @ConditionalOnClass did not find required class 'com.mongodb.client.MongoClient' (OnClassCondition)

   MongoReactiveAutoConfiguration:
      Did not match:
         - @ConditionalOnClass did not find required class 'com.mongodb.reactivestreams.client.MongoClient' (OnClassCondition)

   MongoReactiveDataAutoConfiguration:
      Did not match:
         - @ConditionalOnClass did not find required class 'com.mongodb.reactivestreams.client.MongoClient' (OnClassCondition)

   MongoReactiveRepositoriesAutoConfiguration:
      Did not match:
         - @ConditionalOnClass did not find required class 'com.mongodb.reactivestreams.client.MongoClient' (OnClassCondition)

   MongoRepositoriesAutoConfiguration:
      Did not match:
         - @ConditionalOnClass did not find required class 'com.mongodb.client.MongoClient' (OnClassCondition)

   MustacheAutoConfiguration:
      Did not match:
         - @ConditionalOnClass did not find required class 'com.samskivert.mustache.Mustache' (OnClassCondition)

   Neo4jAutoConfiguration:
      Did not match:
         - @ConditionalOnClass did not find required class 'org.neo4j.driver.Driver' (OnClassCondition)

   Neo4jDataAutoConfiguration:
      Did not match:
         - @ConditionalOnClass did not find required class 'org.neo4j.driver.Driver' (OnClassCondition)

   Neo4jReactiveDataAutoConfiguration:
      Did not match:
         - @ConditionalOnClass did not find required class 'org.neo4j.driver.Driver' (OnClassCondition)

   Neo4jReactiveRepositoriesAutoConfiguration:
      Did not match:
         - @ConditionalOnClass did not find required class 'org.neo4j.driver.Driver' (OnClassCondition)

   Neo4jRepositoriesAutoConfiguration:
      Did not match:
         - @ConditionalOnClass did not find required class 'org.neo4j.driver.Driver' (OnClassCondition)

   NettyAutoConfiguration:
      Did not match:
         - @ConditionalOnClass did not find required class 'io.netty.util.NettyRuntime' (OnClassCondition)

   OAuth2AuthorizationServerAutoConfiguration:
      Did not match:
         - @ConditionalOnClass did not find required class 'org.springframework.security.oauth2.server.authorization.OAuth2Authorization' (OnClassCondition)

   OAuth2AuthorizationServerJwtAutoConfiguration:
      Did not match:
         - @ConditionalOnClass did not find required class 'org.springframework.security.oauth2.server.authorization.OAuth2Authorization' (OnClassCondition)

   OAuth2ClientAutoConfiguration:
      Did not match:
         - @ConditionalOnClass did not find required class 'org.springframework.security.config.annotation.web.configuration.EnableWebSecurity' (OnClassCondition)

   OAuth2ResourceServerAutoConfiguration:
      Did not match:
         - @ConditionalOnClass did not find required class 'org.springframework.security.oauth2.server.resource.authentication.BearerTokenAuthenticationToken' (OnClassCondition)

   ProjectInfoAutoConfiguration#buildProperties:
      Did not match:
         - @ConditionalOnResource did not find resource '${spring.info.build.location:classpath:META-INF/build-info.properties}' (OnResourceCondition)

   ProjectInfoAutoConfiguration#gitProperties:
      Did not match:
         - GitResource did not find git info at classpath:git.properties (ProjectInfoAutoConfiguration.GitResourceAvailableCondition)

   PulsarAutoConfiguration:
      Did not match:
         - @ConditionalOnClass did not find required class 'org.apache.pulsar.client.api.PulsarClient' (OnClassCondition)

   PulsarReactiveAutoConfiguration:
      Did not match:
         - @ConditionalOnClass did not find required class 'org.apache.pulsar.client.api.PulsarClient' (OnClassCondition)

   QuartzAutoConfiguration:
      Did not match:
         - @ConditionalOnClass did not find required class 'org.quartz.Scheduler' (OnClassCondition)

   R2dbcAutoConfiguration:
      Did not match:
         - @ConditionalOnClass did not find required class 'io.r2dbc.spi.ConnectionFactory' (OnClassCondition)

   R2dbcDataAutoConfiguration:
      Did not match:
         - @ConditionalOnClass did not find required class 'org.springframework.data.r2dbc.core.R2dbcEntityTemplate' (OnClassCondition)

   R2dbcInitializationConfiguration:
      Did not match:
         - @ConditionalOnClass did not find required classes 'io.r2dbc.spi.ConnectionFactory', 'org.springframework.r2dbc.connection.init.DatabasePopulator' (OnClassCondition)

   R2dbcRepositoriesAutoConfiguration:
      Did not match:
         - @ConditionalOnClass did not find required class 'io.r2dbc.spi.ConnectionFactory' (OnClassCondition)

   R2dbcTransactionManagerAutoConfiguration:
      Did not match:
         - @ConditionalOnClass did not find required class 'org.springframework.r2dbc.connection.R2dbcTransactionManager' (OnClassCondition)

   RSocketGraphQlClientAutoConfiguration:
      Did not match:
         - @ConditionalOnClass did not find required class 'graphql.GraphQL' (OnClassCondition)

   RSocketMessagingAutoConfiguration:
      Did not match:
         - @ConditionalOnClass did not find required class 'io.rsocket.RSocket' (OnClassCondition)

   RSocketRequesterAutoConfiguration:
      Did not match:
         - @ConditionalOnClass did not find required class 'io.rsocket.RSocket' (OnClassCondition)

   RSocketSecurityAutoConfiguration:
      Did not match:
         - @ConditionalOnClass did not find required class 'org.springframework.security.rsocket.core.SecuritySocketAcceptorInterceptor' (OnClassCondition)

   RSocketServerAutoConfiguration:
      Did not match:
         - @ConditionalOnClass did not find required class 'io.rsocket.core.RSocketServer' (OnClassCondition)

   RSocketStrategiesAutoConfiguration:
      Did not match:
         - @ConditionalOnClass did not find required class 'io.netty.buffer.PooledByteBufAllocator' (OnClassCondition)

   RabbitAutoConfiguration:
      Did not match:
         - @ConditionalOnClass did not find required class 'com.rabbitmq.client.Channel' (OnClassCondition)

   ReactiveElasticsearchClientAutoConfiguration:
      Did not match:
         - @ConditionalOnClass did not find required class 'co.elastic.clients.transport.ElasticsearchTransport' (OnClassCondition)

   ReactiveElasticsearchRepositoriesAutoConfiguration:
      Did not match:
         - @ConditionalOnClass did not find required class 'reactor.core.publisher.Mono' (OnClassCondition)

   ReactiveMultipartAutoConfiguration:
      Did not match:
         - @ConditionalOnClass did not find required class 'org.springframework.web.reactive.config.WebFluxConfigurer' (OnClassCondition)

   ReactiveOAuth2ClientAutoConfiguration:
      Did not match:
         - @ConditionalOnClass did not find required class 'reactor.core.publisher.Flux' (OnClassCondition)

   ReactiveOAuth2ResourceServerAutoConfiguration:
      Did not match:
         - @ConditionalOnClass did not find required class 'org.springframework.security.config.annotation.web.reactive.EnableWebFluxSecurity' (OnClassCondition)

   ReactiveSecurityAutoConfiguration:
      Did not match:
         - @ConditionalOnClass did not find required class 'reactor.core.publisher.Flux' (OnClassCondition)

   ReactiveUserDetailsServiceAutoConfiguration:
      Did not match:
         - @ConditionalOnClass did not find required class 'org.springframework.security.authentication.ReactiveAuthenticationManager' (OnClassCondition)

   ReactiveWebServerFactoryAutoConfiguration:
      Did not match:
         - @ConditionalOnWebApplication did not find reactive web application classes (OnWebApplicationCondition)

   ReactorAutoConfiguration:
      Did not match:
         - @ConditionalOnClass did not find required class 'reactor.core.publisher.Hooks' (OnClassCondition)

   RedisAutoConfiguration:
      Did not match:
         - @ConditionalOnClass did not find required class 'org.springframework.data.redis.core.RedisOperations' (OnClassCondition)

   RedisCacheConfiguration:
      Did not match:
         - @ConditionalOnClass did not find required class 'org.springframework.data.redis.connection.RedisConnectionFactory' (OnClassCondition)

   RedisReactiveAutoConfiguration:
      Did not match:
         - @ConditionalOnClass did not find required class 'reactor.core.publisher.Flux' (OnClassCondition)

   RedisRepositoriesAutoConfiguration:
      Did not match:
         - @ConditionalOnClass did not find required class 'org.springframework.data.redis.repository.configuration.EnableRedisRepositories' (OnClassCondition)

   RepositoryRestMvcAutoConfiguration:
      Did not match:
         - @ConditionalOnClass did not find required class 'org.springframework.data.rest.webmvc.config.RepositoryRestMvcConfiguration' (OnClassCondition)

   Saml2RelyingPartyAutoConfiguration:
      Did not match:
         - @ConditionalOnClass did not find required class 'org.springframework.security.saml2.provider.service.registration.RelyingPartyRegistrationRepository' (OnClassCondition)

   SecurityAutoConfiguration:
      Did not match:
         - @ConditionalOnClass did not find required class 'org.springframework.security.authentication.DefaultAuthenticationEventPublisher' (OnClassCondition)

   SecurityFilterAutoConfiguration:
      Did not match:
         - @ConditionalOnClass did not find required class 'org.springframework.security.config.http.SessionCreationPolicy' (OnClassCondition)

   SendGridAutoConfiguration:
      Did not match:
         - @ConditionalOnClass did not find required class 'com.sendgrid.SendGrid' (OnClassCondition)

   ServletWebServerFactoryAutoConfiguration.ForwardedHeaderFilterConfiguration:
      Did not match:
         - @ConditionalOnProperty (server.forward-headers-strategy=framework) did not find property 'server.forward-headers-strategy' (OnPropertyCondition)

   ServletWebServerFactoryConfiguration.EmbeddedJetty:
      Did not match:
         - @ConditionalOnClass did not find required classes 'org.eclipse.jetty.server.Server', 'org.eclipse.jetty.util.Loader', 'org.eclipse.jetty.ee10.webapp.WebAppContext' (OnClassCondition)

   ServletWebServerFactoryConfiguration.EmbeddedUndertow:
      Did not match:
         - @ConditionalOnClass did not find required classes 'io.undertow.Undertow', 'org.xnio.SslClientAuthMode' (OnClassCondition)

   SessionAutoConfiguration:
      Did not match:
         - @ConditionalOnClass did not find required class 'org.springframework.session.Session' (OnClassCondition)

   SpringApplicationAdminJmxAutoConfiguration:
      Did not match:
         - @ConditionalOnProperty (spring.application.admin.enabled=true) did not find property 'enabled' (OnPropertyCondition)

   TaskExecutorConfigurations.SimpleAsyncTaskExecutorBuilderConfiguration#simpleAsyncTaskExecutorBuilderVirtualThreads:
      Did not match:
         - @ConditionalOnMissingBean (types: org.springframework.boot.task.SimpleAsyncTaskExecutorBuilder; SearchStrategy: all) found beans of type 'org.springframework.boot.task.SimpleAsyncTaskExecutorBuilder' simpleAsyncTaskExecutorBuilder (OnBeanCondition)

   TaskExecutorConfigurations.TaskExecutorConfiguration#applicationTaskExecutorVirtualThreads:
      Did not match:
         - @ConditionalOnThreading did not find VIRTUAL (OnThreadingCondition)

   TaskSchedulingAutoConfiguration#scheduledBeanLazyInitializationExcludeFilter:
      Did not match:
         - @ConditionalOnBean (names: org.springframework.context.annotation.internalScheduledAnnotationProcessor; SearchStrategy: all) did not find any beans named org.springframework.context.annotation.internalScheduledAnnotationProcessor (OnBeanCondition)

   TaskSchedulingConfigurations.SimpleAsyncTaskSchedulerBuilderConfiguration#simpleAsyncTaskSchedulerBuilderVirtualThreads:
      Did not match:
         - @ConditionalOnMissingBean (types: org.springframework.boot.task.SimpleAsyncTaskSchedulerBuilder; SearchStrategy: all) found beans of type 'org.springframework.boot.task.SimpleAsyncTaskSchedulerBuilder' simpleAsyncTaskSchedulerBuilder (OnBeanCondition)

   TaskSchedulingConfigurations.TaskSchedulerConfiguration:
      Did not match:
         - @ConditionalOnBean (names: org.springframework.context.annotation.internalScheduledAnnotationProcessor; SearchStrategy: all) did not find any beans named org.springframework.context.annotation.internalScheduledAnnotationProcessor (OnBeanCondition)

   TemplateEngineConfigurations.ReactiveTemplateEngineConfiguration:
      Did not match:
         - did not find reactive web application classes (OnWebApplicationCondition)

   ThymeleafAutoConfiguration.DataAttributeDialectConfiguration:
      Did not match:
         - @ConditionalOnClass did not find required class 'com.github.mxab.thymeleaf.extras.dataattribute.dialect.DataAttributeDialect' (OnClassCondition)

   ThymeleafAutoConfiguration.ThymeleafSecurityDialectConfiguration:
      Did not match:
         - @ConditionalOnClass did not find required classes 'org.thymeleaf.extras.springsecurity6.dialect.SpringSecurityDialect', 'org.springframework.security.web.server.csrf.CsrfToken' (OnClassCondition)

   ThymeleafAutoConfiguration.ThymeleafWebFluxConfiguration:
      Did not match:
         - did not find reactive web application classes (OnWebApplicationCondition)

   ThymeleafAutoConfiguration.ThymeleafWebLayoutConfiguration:
      Did not match:
         - @ConditionalOnClass did not find required class 'nz.net.ultraq.thymeleaf.layoutdialect.LayoutDialect' (OnClassCondition)

   ThymeleafAutoConfiguration.ThymeleafWebMvcConfiguration#resourceUrlEncodingFilter:
      Did not match:
         - @ConditionalOnEnabledResourceChain did not find class org.webjars.WebJarAssetLocator (OnEnabledResourceChainCondition)

   TransactionAutoConfiguration#transactionalOperator:
      Did not match:
         - @ConditionalOnSingleCandidate (types: org.springframework.transaction.ReactiveTransactionManager; SearchStrategy: all) did not find any beans (OnBeanCondition)

   TransactionAutoConfiguration.AspectJTransactionManagementConfiguration:
      Did not match:
         - @ConditionalOnBean (types: org.springframework.transaction.aspectj.AbstractTransactionAspect; SearchStrategy: all) did not find any beans of type org.springframework.transaction.aspectj.AbstractTransactionAspect (OnBeanCondition)

   TransactionAutoConfiguration.EnableTransactionManagementConfiguration.JdkDynamicAutoProxyConfiguration:
      Did not match:
         - @ConditionalOnProperty (spring.aop.proxy-target-class=false) did not find property 'proxy-target-class' (OnPropertyCondition)

   UserDetailsServiceAutoConfiguration:
      Did not match:
         - @ConditionalOnClass did not find required class 'org.springframework.security.authentication.AuthenticationManager' (OnClassCondition)

   WebClientAutoConfiguration:
      Did not match:
         - @ConditionalOnClass did not find required class 'org.springframework.web.reactive.function.client.WebClient' (OnClassCondition)

   WebFluxAutoConfiguration:
      Did not match:
         - @ConditionalOnClass did not find required class 'org.springframework.web.reactive.config.WebFluxConfigurer' (OnClassCondition)

   WebMvcAutoConfiguration#hiddenHttpMethodFilter:
      Did not match:
         - @ConditionalOnProperty (spring.mvc.hiddenmethod.filter.enabled) did not find property 'enabled' (OnPropertyCondition)

   WebMvcAutoConfiguration.ProblemDetailsErrorHandlingConfiguration:
      Did not match:
         - @ConditionalOnProperty (spring.mvc.problemdetails.enabled=true) did not find property 'enabled' (OnPropertyCondition)

   WebMvcAutoConfiguration.ResourceChainCustomizerConfiguration:
      Did not match:
         - @ConditionalOnEnabledResourceChain did not find class org.webjars.WebJarAssetLocator (OnEnabledResourceChainCondition)

   WebMvcAutoConfiguration.WebMvcAutoConfigurationAdapter#beanNameViewResolver:
      Did not match:
         - @ConditionalOnBean (types: org.springframework.web.servlet.View; SearchStrategy: all) did not find any beans of type org.springframework.web.servlet.View (OnBeanCondition)

   WebServiceTemplateAutoConfiguration:
      Did not match:
         - @ConditionalOnClass did not find required class 'org.springframework.oxm.Marshaller' (OnClassCondition)

   WebServicesAutoConfiguration:
      Did not match:
         - @ConditionalOnClass did not find required class 'org.springframework.ws.transport.http.MessageDispatcherServlet' (OnClassCondition)

   WebSessionIdResolverAutoConfiguration:
      Did not match:
         - @ConditionalOnClass did not find required class 'reactor.core.publisher.Mono' (OnClassCondition)

   WebSocketMessagingAutoConfiguration:
      Did not match:
         - @ConditionalOnClass did not find required class 'org.springframework.web.socket.config.annotation.WebSocketMessageBrokerConfigurer' (OnClassCondition)

   WebSocketReactiveAutoConfiguration:
      Did not match:
         - @ConditionalOnWebApplication did not find reactive web application classes (OnWebApplicationCondition)

   WebSocketServletAutoConfiguration.JettyWebSocketConfiguration:
      Did not match:
         - @ConditionalOnClass did not find required class 'org.eclipse.jetty.ee10.websocket.jakarta.server.config.JakartaWebSocketServletContainerInitializer' (OnClassCondition)

   WebSocketServletAutoConfiguration.UndertowWebSocketConfiguration:
      Did not match:
         - @ConditionalOnClass did not find required class 'io.undertow.websockets.jsr.Bootstrap' (OnClassCondition)

   XADataSourceAutoConfiguration:
      Did not match:
         - @ConditionalOnBean (types: org.springframework.boot.jdbc.XADataSourceWrapper; SearchStrategy: all) did not find any beans of type org.springframework.boot.jdbc.XADataSourceWrapper (OnBeanCondition)
      Matched:
         - @ConditionalOnClass found required classes 'javax.sql.DataSource', 'jakarta.transaction.TransactionManager', 'org.springframework.jdbc.datasource.embedded.EmbeddedDatabaseType' (OnClassCondition)


Exclusions:
-----------

    None


Unconditional classes:
----------------------

    org.springframework.boot.autoconfigure.context.ConfigurationPropertiesAutoConfiguration

    org.springframework.boot.autoconfigure.ssl.SslAutoConfiguration

    org.springframework.boot.autoconfigure.context.LifecycleAutoConfiguration

    org.springframework.boot.autoconfigure.context.PropertyPlaceholderAutoConfiguration

    org.springframework.boot.autoconfigure.availability.ApplicationAvailabilityAutoConfiguration

    org.springframework.boot.autoconfigure.info.ProjectInfoAutoConfiguration



2025-04-10T16:28:03.893-03:00  INFO 4852 --- [lojainfo] [           main] iamentoLojaDeInformaticaApplicationTests : Started ProjetoJavaGerenciamentoLojaDeInformaticaApplicationTests in 7.67 seconds (process running for 9.408)
2025-04-10T16:28:03.896-03:00 DEBUG 4852 --- [lojainfo] [           main] o.s.b.a.ApplicationAvailabilityBean      : Application availability state LivenessState changed to CORRECT
2025-04-10T16:28:03.899-03:00 DEBUG 4852 --- [lojainfo] [           main] o.s.b.a.ApplicationAvailabilityBean      : Application availability state ReadinessState changed to ACCEPTING_TRAFFIC
2025-04-10T16:28:03.903-03:00 DEBUG 4852 --- [lojainfo] [           main] org.springframework.test.context.cache   : Spring test ApplicationContext cache statistics: [DefaultContextCache@26edfa34 size = 1, maxSize = 32, parentContextCount = 0, hitCount = 0, missCount = 1, failureCount = 0]
2025-04-10T16:28:03.903-03:00 DEBUG 4852 --- [lojainfo] [           main] o.s.t.c.w.ServletTestExecutionListener   : Setting up MockHttpServletRequest, MockHttpServletResponse, ServletWebRequest, and RequestContextHolder for test class com.senac.Projeto_Java_Gerenciamento_Loja_de_Informatica.ProjetoJavaGerenciamentoLojaDeInformaticaApplicationTests
2025-04-10T16:28:03.923-03:00 DEBUG 4852 --- [lojainfo] [           main] DependencyInjectionTestExecutionListener : Performing dependency injection for test class com.senac.Projeto_Java_Gerenciamento_Loja_de_Informatica.ProjetoJavaGerenciamentoLojaDeInformaticaApplicationTests
2025-04-10T16:28:03.923-03:00 DEBUG 4852 --- [lojainfo] [           main] org.springframework.test.context.cache   : Spring test ApplicationContext cache statistics: [DefaultContextCache@26edfa34 size = 1, maxSize = 32, parentContextCount = 0, hitCount = 1, missCount = 1, failureCount = 0]
2025-04-10T16:28:03.925-03:00 DEBUG 4852 --- [lojainfo] [           main] org.springframework.test.context.cache   : Spring test ApplicationContext cache statistics: [DefaultContextCache@26edfa34 size = 1, maxSize = 32, parentContextCount = 0, hitCount = 2, missCount = 1, failureCount = 0]
2025-04-10T16:28:03.933-03:00 DEBUG 4852 --- [lojainfo] [           main] sContextBeforeModesTestExecutionListener : Before test method: class [ProjetoJavaGerenciamentoLojaDeInformaticaApplicationTests], method [contextLoads], class annotated with @DirtiesContext [false] with mode [null], method annotated with @DirtiesContext [false] with mode [null]
2025-04-10T16:28:03.936-03:00 DEBUG 4852 --- [lojainfo] [           main] org.springframework.test.context.cache   : Spring test ApplicationContext cache statistics: [DefaultContextCache@26edfa34 size = 1, maxSize = 32, parentContextCount = 0, hitCount = 3, missCount = 1, failureCount = 0]
2025-04-10T16:28:03.936-03:00 DEBUG 4852 --- [lojainfo] [           main] org.springframework.test.context.cache   : Spring test ApplicationContext cache statistics: [DefaultContextCache@26edfa34 size = 1, maxSize = 32, parentContextCount = 0, hitCount = 4, missCount = 1, failureCount = 0]
2025-04-10T16:28:04.590-03:00 DEBUG 4852 --- [lojainfo] [           main] org.springframework.test.context.cache   : Spring test ApplicationContext cache statistics: [DefaultContextCache@26edfa34 size = 1, maxSize = 32, parentContextCount = 0, hitCount = 5, missCount = 1, failureCount = 0]
2025-04-10T16:28:04.590-03:00 DEBUG 4852 --- [lojainfo] [           main] org.springframework.test.context.cache   : Spring test ApplicationContext cache statistics: [DefaultContextCache@26edfa34 size = 1, maxSize = 32, parentContextCount = 0, hitCount = 6, missCount = 1, failureCount = 0]
2025-04-10T16:28:04.590-03:00 DEBUG 4852 --- [lojainfo] [           main] org.springframework.test.context.cache   : Spring test ApplicationContext cache statistics: [DefaultContextCache@26edfa34 size = 1, maxSize = 32, parentContextCount = 0, hitCount = 7, missCount = 1, failureCount = 0]
2025-04-10T16:28:04.590-03:00 DEBUG 4852 --- [lojainfo] [           main] org.springframework.test.context.cache   : Spring test ApplicationContext cache statistics: [DefaultContextCache@26edfa34 size = 1, maxSize = 32, parentContextCount = 0, hitCount = 8, missCount = 1, failureCount = 0]
2025-04-10T16:28:04.603-03:00 DEBUG 4852 --- [lojainfo] [           main] org.springframework.test.context.cache   : Spring test ApplicationContext cache statistics: [DefaultContextCache@26edfa34 size = 1, maxSize = 32, parentContextCount = 0, hitCount = 9, missCount = 1, failureCount = 0]
2025-04-10T16:28:04.605-03:00 DEBUG 4852 --- [lojainfo] [           main] org.springframework.test.context.cache   : Spring test ApplicationContext cache statistics: [DefaultContextCache@26edfa34 size = 1, maxSize = 32, parentContextCount = 0, hitCount = 10, missCount = 1, failureCount = 0]
2025-04-10T16:28:04.612-03:00 DEBUG 4852 --- [lojainfo] [           main] org.springframework.test.context.cache   : Spring test ApplicationContext cache statistics: [DefaultContextCache@26edfa34 size = 1, maxSize = 32, parentContextCount = 0, hitCount = 11, missCount = 1, failureCount = 0]
2025-04-10T16:28:04.614-03:00 DEBUG 4852 --- [lojainfo] [           main] .c.s.DirtiesContextTestExecutionListener : After test method: class [ProjetoJavaGerenciamentoLojaDeInformaticaApplicationTests], method [contextLoads], class annotated with @DirtiesContext [false] with mode [null], method annotated with @DirtiesContext [false] with mode [null]
2025-04-10T16:28:04.614-03:00 DEBUG 4852 --- [lojainfo] [           main] o.s.t.c.w.ServletTestExecutionListener   : Resetting RequestContextHolder for test class com.senac.Projeto_Java_Gerenciamento_Loja_de_Informatica.ProjetoJavaGerenciamentoLojaDeInformaticaApplicationTests
]]></system-out>
  </testcase>
</testsuite>